"cm-rfile"
"Iteration" "cm"
("Iteration" "cm")
1 -0.06625482
2 -0.06599605
3 -0.06596713
4 -0.06608123
5 -0.06628223
6 -0.06653736
7 -0.06682456
8 -0.06713296
9 -0.06745274
10 -0.06777931
11 -0.06810861
12 -0.06843916
13 -0.06877109
14 -0.06910352
15 -0.06943471
16 -0.06976432
17 -0.07009004
18 -0.07041118
19 -0.07072882
20 -0.07103809
21 -0.07133757
22 -0.07163169
23 -0.07191554
24 -0.07218624
25 -0.07244472
26 -0.07268934
27 -0.07292233
28 -0.07314281
29 -0.07335045
30 -0.07354463
31 -0.07372539
32 -0.07389297
33 -0.07404702
34 -0.07418858
35 -0.07431629
36 -0.07443087
37 -0.07453259
38 -0.07462152
39 -0.07469787
40 -0.0747619
41 -0.07481459
42 -0.07485462
43 -0.0748831
44 -0.07490025
45 -0.07490675
46 -0.07490304
47 -0.07488905
48 -0.07486507
49 -0.0748315
50 -0.07478803
51 -0.07473549
52 -0.07467396
53 -0.0746035
54 -0.07452483
55 -0.07443825
56 -0.07434404
57 -0.07424229
58 -0.07413368
59 -0.07401758
60 -0.07389533
61 -0.073767
62 -0.07363143
63 -0.07349015
64 -0.07334269
65 -0.07319006
66 -0.07303208
67 -0.07286862
68 -0.07270034
69 -0.07252701
70 -0.0723493
71 -0.07216747
72 -0.07198179
73 -0.07179138
74 -0.07159762
75 -0.07140099
76 -0.07120074
77 -0.07099807
78 -0.07079238
79 -0.07058361
80 -0.07037185
81 -0.07015826
82 -0.06994231
83 -0.06972459
84 -0.06950501
85 -0.06928399
86 -0.06906196
87 -0.06883816
88 -0.06861299
89 -0.06838758
90 -0.06816066
91 -0.06793376
92 -0.06770635
93 -0.06747887
94 -0.06725072
95 -0.0670224
96 -0.0667944
97 -0.06656659
98 -0.06633927
99 -0.06611228
100 -0.0658858
101 -0.06565876
102 -0.06543159
103 -0.06520399
104 -0.06497652
105 -0.0647494
106 -0.06452204
107 -0.06429606
108 -0.06407122
109 -0.06384686
110 -0.06362362
111 -0.0634018
112 -0.06318171
113 -0.0629629
114 -0.06274603
115 -0.06253102
116 -0.06231771
117 -0.06210666
118 -0.0618981
119 -0.06169188
120 -0.06148799
121 -0.06128709
122 -0.0610885
123 -0.06089294
124 -0.06070051
125 -0.06051088
126 -0.06032447
127 -0.060141
128 -0.05996034
129 -0.05978337
130 -0.05960955
131 -0.05943913
132 -0.05927191
133 -0.05910842
134 -0.05894786
135 -0.05879114
136 -0.05863793
137 -0.05848845
138 -0.0583427
139 -0.05820059
140 -0.0580623
141 -0.05792791
142 -0.05779766
143 -0.05767126
144 -0.0575486
145 -0.05743025
146 -0.0573156
147 -0.05720529
148 -0.05709879
149 -0.05699636
150 -0.0568982
151 -0.05680446
152 -0.05671414
153 -0.05662851
154 -0.05654682
155 -0.05646956
156 -0.05639638
157 -0.05632785
158 -0.05626283
159 -0.05620269
160 -0.05614651
161 -0.05609501
162 -0.05604778
163 -0.05600452
164 -0.05596609
165 -0.05593164
166 -0.05590119
167 -0.05587551
168 -0.05585411
169 -0.05583685
170 -0.05582373
171 -0.05581533
172 -0.05581074
173 -0.05581047
174 -0.05581432
175 -0.05582235
176 -0.05583489
177 -0.05585134
178 -0.05587208
179 -0.05589662
180 -0.05592508
181 -0.05595781
182 -0.05599427
183 -0.05603483
184 -0.0560792
185 -0.05612689
186 -0.05617899
187 -0.05623421
188 -0.05629329
189 -0.05635574
190 -0.05642128
191 -0.05649045
192 -0.05656283
193 -0.05663883
194 -0.05671778
195 -0.0567995
196 -0.0568844
197 -0.05697235
198 -0.05706289
199 -0.05715606
200 -0.05725194
201 -0.05735054
202 -0.05745113
203 -0.05755424
204 -0.05765914
205 -0.05776656
206 -0.05787541
207 -0.05798632
208 -0.05809868
209 -0.05821266
210 -0.05832813
211 -0.05844503
212 -0.05856309
213 -0.05868209
214 -0.05880215
215 -0.05892281
216 -0.05904474
217 -0.05916686
218 -0.05928977
219 -0.05941282
220 -0.05953646
221 -0.05965988
222 -0.05978324
223 -0.0599071
224 -0.06003046
225 -0.06015334
226 -0.06027628
227 -0.06039904
228 -0.06052132
229 -0.06064298
230 -0.06076427
231 -0.06088514
232 -0.06100537
233 -0.0611252
234 -0.06124401
235 -0.06136223
236 -0.06147964
237 -0.0615964
238 -0.06171244
239 -0.06182716
240 -0.06194145
241 -0.06205497
242 -0.06216705
243 -0.06227873
244 -0.06238938
245 -0.06249874
246 -0.06260799
247 -0.06271572
248 -0.06282245
249 -0.06292817
250 -0.06303324
251 -0.06313685
252 -0.06323972
253 -0.06334146
254 -0.06344218
255 -0.06354146
256 -0.06363999
257 -0.06373758
258 -0.06383366
259 -0.0639289
260 -0.06402291
261 -0.0641158
262 -0.06420735
263 -0.06429789
264 -0.06438739
265 -0.06447539
266 -0.06456245
267 -0.06464832
268 -0.06473254
269 -0.06481554
270 -0.06489755
271 -0.06497821
272 -0.06505769
273 -0.06513548
274 -0.06521217
275 -0.0652875
276 -0.06536125
277 -0.06543385
278 -0.06550492
279 -0.06557427
280 -0.06564248
281 -0.06570929
282 -0.06577431
283 -0.06583796
284 -0.06589966
285 -0.06596009
286 -0.06601942
287 -0.06607648
288 -0.06613236
289 -0.0661862
290 -0.06623851
291 -0.06628924
292 -0.06633813
293 -0.06638517
294 -0.06643076
295 -0.0664741
296 -0.06651573
297 -0.06655618
298 -0.06659411
299 -0.06663071
300 -0.06666476
301 -0.06669759
302 -0.06672798
303 -0.06675681
304 -0.06678382
305 -0.06680846
306 -0.06683135
307 -0.06685233
308 -0.06687126
309 -0.06688807
310 -0.06690283
311 -0.06691565
312 -0.06692638
313 -0.06693527
314 -0.06694203
315 -0.06694631
316 -0.06694897
317 -0.06694937
318 -0.06694756
319 -0.06694368
320 -0.06693802
321 -0.06692997
322 -0.06692002
323 -0.06690796
324 -0.06689372
325 -0.06687735
326 -0.06685905
327 -0.06683856
328 -0.0668161
329 -0.06679154
330 -0.06676506
331 -0.066722
332 -0.06667513
333 -0.0666241
334 -0.06656878
335 -0.06650946
336 -0.06644651
337 -0.06637966
338 -0.06630903
339 -0.06623453
340 -0.06615644
341 -0.066075
342 -0.06598961
343 -0.06590134
344 -0.06580902
345 -0.06571381
346 -0.06561484
347 -0.06551316
348 -0.06540786
349 -0.0653001
350 -0.06518914
351 -0.06507546
352 -0.0649588
353 -0.06483941
354 -0.06471786
355 -0.06459349
356 -0.06446673
357 -0.06433745
358 -0.0642065
359 -0.0640729
360 -0.06393778
361 -0.06374015
362 -0.06353935
363 -0.06333544
364 -0.06312881
365 -0.0629195
366 -0.0627083
367 -0.06249579
368 -0.062282
369 -0.0620671
370 -0.06185134
371 -0.06163587
372 -0.06142004
373 -0.06120456
374 -0.06098935
375 -0.06077524
376 -0.06056209
377 -0.06034995
378 -0.06013986
379 -0.05993142
380 -0.05972476
381 -0.05952021
382 -0.0593184
383 -0.05911931
384 -0.05892271
385 -0.05872956
386 -0.05853935
387 -0.0583526
388 -0.05816926
389 -0.05798983
390 -0.05781418
391 -0.05761179
392 -0.05741469
393 -0.05722426
394 -0.05703953
395 -0.05686162
396 -0.05668963
397 -0.05652387
398 -0.05636485
399 -0.05621232
400 -0.0560662
401 -0.05592747
402 -0.05579517
403 -0.05566909
404 -0.05555021
405 -0.05543784
406 -0.05533178
407 -0.05523254
408 -0.0551398
409 -0.05505349
410 -0.05497358
411 -0.05489991
412 -0.0548322
413 -0.05477067
414 -0.05471523
415 -0.05466539
416 -0.05462121
417 -0.05458274
418 -0.05454983
419 -0.05452215
420 -0.05449966
421 -0.05447995
422 -0.0544672
423 -0.05446184
424 -0.05446258
425 -0.05446924
426 -0.05448158
427 -0.05449955
428 -0.05452194
429 -0.05454945
430 -0.05458187
431 -0.05461791
432 -0.05465817
433 -0.05470199
434 -0.05474891
435 -0.05479917
436 -0.05485206
437 -0.05490734
438 -0.05496528
439 -0.05502543
440 -0.05508788
441 -0.05515158
442 -0.05521658
443 -0.05528342
444 -0.05535131
445 -0.05541971
446 -0.05548877
447 -0.05555876
448 -0.05562891
449 -0.05569978
450 -0.05577048
451 -0.05587253
452 -0.05597443
453 -0.0560759
454 -0.05617732
455 -0.05627875
456 -0.0563798
457 -0.05648077
458 -0.05658082
459 -0.05668146
460 -0.05678179
461 -0.05688141
462 -0.0569814
463 -0.05708038
464 -0.05717945
465 -0.05727701
466 -0.05737437
467 -0.05747058
468 -0.05756611
469 -0.05766041
470 -0.05775332
471 -0.05784437
472 -0.05793381
473 -0.05802129
474 -0.05810694
475 -0.0581899
476 -0.05826981
477 -0.05834722
478 -0.05842181
479 -0.05849357
480 -0.05856205
481 -0.0586427
482 -0.05871779
483 -0.05878793
484 -0.0588528
485 -0.05891274
486 -0.05896758
487 -0.05901797
488 -0.0590637
489 -0.05910499
490 -0.05914237
491 -0.05917558
492 -0.05920497
493 -0.05923107
494 -0.05925354
495 -0.0592736
496 -0.05929122
497 -0.05930554
498 -0.05931785
499 -0.05932816
500 -0.05933631
501 -0.05934227
502 -0.05934637
503 -0.05934872
504 -0.05934959
505 -0.05934852
506 -0.05934572
507 -0.05934175
508 -0.05933639
509 -0.05933023
510 -0.05932239
511 -0.05930837
512 -0.05929294
513 -0.05927603
514 -0.05925914
515 -0.05924213
516 -0.05922492
517 -0.0592085
518 -0.05919227
519 -0.05917734
520 -0.05916307
521 -0.05914984
522 -0.05913777
523 -0.05912688
524 -0.05911686
525 -0.05910877
526 -0.05910178
527 -0.05909584
528 -0.0590914
529 -0.05908785
530 -0.05908455
531 -0.05908233
532 -0.05908003
533 -0.05907806
534 -0.0590761
535 -0.05907397
536 -0.05907191
537 -0.05906976
538 -0.0590677
539 -0.05906649
540 -0.05906516
541 -0.05906389
542 -0.05906295
543 -0.05906152
544 -0.05905985
545 -0.05905788
546 -0.0590555
547 -0.05905286
548 -0.05904955
549 -0.05904609
550 -0.05904212
551 -0.05903743
552 -0.05903232
553 -0.05902679
554 -0.05902121
555 -0.05901484
556 -0.05900757
557 -0.05900021
558 -0.05899239
559 -0.05898408
560 -0.05897582
561 -0.0589672
562 -0.05895835
563 -0.05894986
564 -0.05894083
565 -0.05893229
566 -0.05892371
567 -0.05891484
568 -0.05890615
569 -0.05889688
570 -0.05888746
571 -0.05887757
572 -0.05886715
573 -0.05885748
574 -0.0588478
575 -0.05883819
576 -0.05882969
577 -0.05882159
578 -0.05881427
579 -0.05880879
580 -0.05880417
581 -0.05880132
582 -0.05880012
583 -0.05880036
584 -0.05880164
585 -0.05880531
586 -0.05881035
587 -0.05881664
588 -0.05882408
589 -0.05883317
590 -0.05884213
591 -0.05885271
592 -0.05886338
593 -0.05887511
594 -0.05888743
595 -0.05890042
596 -0.05891362
597 -0.05892714
598 -0.05894159
599 -0.05895568
600 -0.05897011
601 -0.05898452
602 -0.05899973
603 -0.05901468
604 -0.05903023
605 -0.05904549
606 -0.05906122
607 -0.05907709
608 -0.05909301
609 -0.05910925
610 -0.05912556
611 -0.05914262
612 -0.05915945
613 -0.05917697
614 -0.0591948
615 -0.05921305
616 -0.05923183
617 -0.05925138
618 -0.05927139
619 -0.05929261
620 -0.05931418
621 -0.05933637
622 -0.05935943
623 -0.05938337
624 -0.05940767
625 -0.05943286
626 -0.05945888
627 -0.05948471
628 -0.05951156
629 -0.05953849
630 -0.05956576
631 -0.05959294
632 -0.05961941
633 -0.05964611
634 -0.05967266
635 -0.05969865
636 -0.0597241
637 -0.05974897
638 -0.05977292
639 -0.05979607
640 -0.0598187
641 -0.05984049
642 -0.05986117
643 -0.05988079
644 -0.05989951
645 -0.05991687
646 -0.05993363
647 -0.0599492
648 -0.05996379
649 -0.05997745
650 -0.05999004
651 -0.06000262
652 -0.06001448
653 -0.06002558
654 -0.06003708
655 -0.0600483
656 -0.0600592
657 -0.06007032
658 -0.06008192
659 -0.06009367
660 -0.06010551
661 -0.0601177
662 -0.06013021
663 -0.06014223
664 -0.06015449
665 -0.06016649
666 -0.06017853
667 -0.06019036
668 -0.06020169
669 -0.06021295
670 -0.06022317
671 -0.06023329
672 -0.06024286
673 -0.06024378
674 -0.06024477
675 -0.06024591
676 -0.06024739
677 -0.06024912
678 -0.06025103
679 -0.06025336
680 -0.06025619
681 -0.06025945
682 -0.06026337
683 -0.06026758
684 -0.06027169
685 -0.06027602
686 -0.0602801
687 -0.06028316
688 -0.06028587
689 -0.06028766
690 -0.06028901
691 -0.0602893
692 -0.06028873
693 -0.06028729
694 -0.06028569
695 -0.06028342
696 -0.06028095
697 -0.06027807
698 -0.06027535
699 -0.06027273
700 -0.06026981
701 -0.0602671
702 -0.06026474
703 -0.06026267
704 -0.06026071
705 -0.06025932
706 -0.06025817
707 -0.06025721
708 -0.0602576
709 -0.06025729
710 -0.06025788
711 -0.06025876
712 -0.06025975
713 -0.06026087
714 -0.06026224
715 -0.06026372
716 -0.06026527
717 -0.06026682
718 -0.06026842
719 -0.0602698
720 -0.06027126
721 -0.06027269
722 -0.06027385
723 -0.06027468
724 -0.06027505
725 -0.06027566
726 -0.06027571
727 -0.06027535
728 -0.06027487
729 -0.06027382
730 -0.06027287
731 -0.06027156
732 -0.06027005
733 -0.06026813
734 -0.06026634
735 -0.06026432
736 -0.06026227
737 -0.0602602
738 -0.06025781
739 -0.06025561
740 -0.06025293
741 -0.06025062
742 -0.06024809
743 -0.06024568
744 -0.06024351
745 -0.0602412
746 -0.06023886
747 -0.06023705
748 -0.06023525
749 -0.0602333
750 -0.06023207
751 -0.06023046
752 -0.06022901
753 -0.06022798
754 -0.06022697
755 -0.06022577
756 -0.06022464
757 -0.06022407
758 -0.0602228
759 -0.06022227
760 -0.06022145
761 -0.0602206
762 -0.06021963
763 -0.06021905
764 -0.06021813
765 -0.06021709
766 -0.06021637
767 -0.06021519
768 -0.06021375
769 -0.06021221
770 -0.06021068
771 -0.06020873
772 -0.06020667
773 -0.06020399
774 -0.06020112
775 -0.06019867
776 -0.06019563
777 -0.06019226
778 -0.06018897
779 -0.06018548
780 -0.06018175
781 -0.06017803
782 -0.06017442
783 -0.06017124
784 -0.06016785
785 -0.0601643
786 -0.06016115
787 -0.06015787
788 -0.0601554
789 -0.06015272
790 -0.06015024
791 -0.06014814
792 -0.06014656
793 -0.06014516
794 -0.06014416
795 -0.06014392
796 -0.06014375
797 -0.06014422
798 -0.06014503
799 -0.06014638
800 -0.06014837
801 -0.06015012
802 -0.06015283
803 -0.06015549
804 -0.0601584
805 -0.06016164
806 -0.0601651
807 -0.06016837
808 -0.0601714
809 -0.06017463
810 -0.06017751
811 -0.06018048
812 -0.06018351
813 -0.06018569
814 -0.06018846
815 -0.06019053
816 -0.06019275
817 -0.06019286
818 -0.06019294
819 -0.06019302
820 -0.06019349
821 -0.06019367
822 -0.06019395
823 -0.06019423
824 -0.06019493
825 -0.0601956
826 -0.06019632
827 -0.06019668
828 -0.06019764
829 -0.06019822
830 -0.06019857
831 -0.06019827
832 -0.06019823
833 -0.06019773
834 -0.06019655
835 -0.06019542
836 -0.06019345
837 -0.06019146
838 -0.06018919
839 -0.06018621
840 -0.06018298
841 -0.06017824
842 -0.06017285
843 -0.06016714
844 -0.06016099
845 -0.06015444
846 -0.06014714
847 -0.06014002
848 -0.06013241
849 -0.06012489
850 -0.06011691
851 -0.06010855
852 -0.06010043
853 -0.06009241
854 -0.0600845
855 -0.06007666
856 -0.06006923
857 -0.06006214
858 -0.06005545
859 -0.06004892
860 -0.06004256
861 -0.06003699
862 -0.06003162
863 -0.06002667
864 -0.06002227
865 -0.06001828
866 -0.06001467
867 -0.06001089
868 -0.06000765
869 -0.06000504
870 -0.0600024
871 -0.06000004
872 -0.05999791
873 -0.05999572
874 -0.05999365
875 -0.05999179
876 -0.05998994
877 -0.05998836
878 -0.05998661
879 -0.05998497
880 -0.0599834
881 -0.05998209
882 -0.05998053
883 -0.0599795
884 -0.05997853
885 -0.05997812
886 -0.05997781
887 -0.05997745
888 -0.05997771
889 -0.05997819
890 -0.05997862
891 -0.05997948
892 -0.05998046
893 -0.05998176
894 -0.0599833
895 -0.05998541
896 -0.05998738
897 -0.05999018
898 -0.05999276
899 -0.05999576
900 -0.05999943
901 -0.06000287
902 -0.06000699
903 -0.06001107
904 -0.06001568
905 -0.06002076
906 -0.06002593
907 -0.06003157
908 -0.06003728
909 -0.06004323
910 -0.06004975
911 -0.0600564
912 -0.06006305
913 -0.06007035
914 -0.06007737
915 -0.06008485
916 -0.06009228
917 -0.06010012
918 -0.06010759
919 -0.06011555
920 -0.06012356
921 -0.06013145
922 -0.06013914
923 -0.06014728
924 -0.06015512
925 -0.06016295
926 -0.06017077
927 -0.06017834
928 -0.0601856
929 -0.06019277
930 -0.06019982
931 -0.06020665
932 -0.06021329
933 -0.06021949
934 -0.0602255
935 -0.06023163
936 -0.06023715
937 -0.06024244
938 -0.06024715
939 -0.06025173
940 -0.06025622
941 -0.06026036
942 -0.0602642
943 -0.06026791
944 -0.06027117
945 -0.06027403
946 -0.06027685
947 -0.06027914
948 -0.06028128
949 -0.06028336
950 -0.06028535
951 -0.06028691
952 -0.0602884
953 -0.06028965
954 -0.060291
955 -0.06029182
956 -0.06029263
957 -0.06029349
958 -0.06029459
959 -0.06029546
960 -0.06029631
961 -0.06029698
962 -0.06029771
963 -0.06029849
964 -0.06029962
965 -0.06030064
966 -0.06030179
967 -0.06030329
968 -0.06030422
969 -0.06030579
970 -0.06030735
971 -0.06030903
972 -0.06031088
973 -0.06031267
974 -0.06031477
975 -0.06031705
976 -0.06031965
977 -0.0603221
978 -0.06032481
979 -0.06032778
980 -0.06033067
981 -0.06033399
982 -0.06033736
983 -0.06034092
984 -0.06034455
985 -0.06034845
986 -0.0603524
987 -0.06035637
988 -0.06036059
989 -0.06036489
990 -0.06036937
991 -0.0603741
992 -0.06037882
993 -0.06038376
994 -0.06038861
995 -0.06039358
996 -0.06039879
997 -0.06040415
998 -0.06040931
999 -0.06041458
1000 -0.06041981
1001 -0.06042543
1002 -0.06043096
1003 -0.06043702
1004 -0.06044276
1005 -0.06044883
1006 -0.06045497
1007 -0.06046125
1008 -0.06046782
1009 -0.06047449
1010 -0.06048112
1011 -0.06048751
1012 -0.06049409
1013 -0.06050058
1014 -0.06050678
1015 -0.06051266
1016 -0.06051839
1017 -0.06052362
1018 -0.06052815
1019 -0.06053207
1020 -0.06053557
1021 -0.06053726
1022 -0.06053881
1023 -0.06054009
1024 -0.06054144
1025 -0.06054226
1026 -0.06054272
1027 -0.06054328
1028 -0.06054357
1029 -0.06054347
1030 -0.06054335
1031 -0.06054305
1032 -0.06054195
1033 -0.06054112
1034 -0.06053984
1035 -0.06053819
1036 -0.06053632
1037 -0.06053426
1038 -0.06053191
1039 -0.06052938
1040 -0.06052668
1041 -0.06052382
1042 -0.06052095
1043 -0.06051756
1044 -0.06051416
1045 -0.06051057
1046 -0.06050695
1047 -0.06050312
1048 -0.06049912
1049 -0.06049486
1050 -0.06049072
1051 -0.06048375
1052 -0.06047638
1053 -0.06046876
1054 -0.06046082
1055 -0.06045268
1056 -0.06044408
1057 -0.06043535
1058 -0.06042653
1059 -0.06041717
1060 -0.06040774
1061 -0.06039804
1062 -0.06038839
1063 -0.0603784
1064 -0.06036826
1065 -0.06035811
1066 -0.06034755
1067 -0.06033729
1068 -0.06032676
1069 -0.06031636
1070 -0.06030581
1071 -0.06029546
1072 -0.06028527
1073 -0.06027495
1074 -0.060265
1075 -0.06025502
1076 -0.06024508
1077 -0.06023545
1078 -0.06022592
1079 -0.06021662
1080 -0.06020759
1081 -0.06019884
1082 -0.0601903
1083 -0.06018197
1084 -0.06017409
1085 -0.06016615
1086 -0.06015843
1087 -0.06015144
1088 -0.0601447
1089 -0.06013803
1090 -0.06013175
1091 -0.06012553
1092 -0.06011985
1093 -0.06011441
1094 -0.06010948
1095 -0.06010476
1096 -0.06010051
1097 -0.06009635
1098 -0.06009255
1099 -0.06008904
1100 -0.06008612
1101 -0.06008288
1102 -0.06008014
1103 -0.06007745
1104 -0.06007513
1105 -0.06007301
1106 -0.06007117
1107 -0.06006928
1108 -0.06006759
1109 -0.06006602
1110 -0.06006458
1111 -0.06006274
1112 -0.06006083
1113 -0.06005912
1114 -0.06005726
1115 -0.06005584
1116 -0.06005416
1117 -0.06005201
1118 -0.06005016
1119 -0.06004831
1120 -0.06004638
1121 -0.06004442
1122 -0.06004261
1123 -0.06004072
1124 -0.06003906
1125 -0.06003733
1126 -0.06003558
1127 -0.06003399
1128 -0.06003247
1129 -0.0600316
1130 -0.06003087
1131 -0.0600301
1132 -0.06002972
1133 -0.06002953
1134 -0.06002974
1135 -0.06003006
1136 -0.06003062
1137 -0.06003133
1138 -0.06003254
1139 -0.06003401
1140 -0.06003587
1141 -0.06003802
1142 -0.06004076
1143 -0.06004333
1144 -0.06004621
1145 -0.06004956
1146 -0.06005294
1147 -0.06005707
1148 -0.06006119
1149 -0.06006565
1150 -0.06007018
1151 -0.06007507
1152 -0.06008034
1153 -0.06008558
1154 -0.06009101
1155 -0.06009664
1156 -0.06010251
1157 -0.06010864
1158 -0.06011458
1159 -0.06012086
1160 -0.06012729
1161 -0.06013373
1162 -0.06014031
1163 -0.06014676
1164 -0.06015332
1165 -0.06015988
1166 -0.0601667
1167 -0.06017336
1168 -0.06018005
1169 -0.06018662
1170 -0.060193
1171 -0.06019946
1172 -0.06020587
1173 -0.06021209
1174 -0.0602183
1175 -0.06022458
1176 -0.06023043
1177 -0.06023619
1178 -0.06024194
1179 -0.06024754
1180 -0.06025286
1181 -0.06025846
1182 -0.06026393
1183 -0.0602692
1184 -0.06027435
1185 -0.06027951
1186 -0.06028526
1187 -0.06029034
1188 -0.06029547
1189 -0.06030089
1190 -0.06030605
1191 -0.06031138
1192 -0.06031663
1193 -0.06032215
1194 -0.06032771
1195 -0.06033297
1196 -0.06033858
1197 -0.06034391
1198 -0.06034917
1199 -0.06035472
1200 -0.06035996
1201 -0.06036519
1202 -0.06037056
1203 -0.06037601
1204 -0.06038113
1205 -0.06038616
1206 -0.06039077
1207 -0.06039537
1208 -0.06039963
1209 -0.0604035
1210 -0.06040707
1211 -0.06041066
1212 -0.0604139
1213 -0.06041669
1214 -0.06041909
1215 -0.06042152
1216 -0.0604236
1217 -0.06042565
1218 -0.06042737
1219 -0.0604286
1220 -0.06042977
1221 -0.06043113
1222 -0.06043257
1223 -0.06043348
1224 -0.06043468
1225 -0.06043603
1226 -0.06043686
1227 -0.06043799
1228 -0.06043885
1229 -0.06043955
1230 -0.06044042
1231 -0.06044122
1232 -0.06044222
1233 -0.06044324
1234 -0.06044389
1235 -0.06044437
1236 -0.06044476
1237 -0.06044513
1238 -0.06044536
1239 -0.06044526
1240 -0.06044507
1241 -0.06044472
1242 -0.0604441
1243 -0.06044341
1244 -0.06044237
1245 -0.06044129
1246 -0.06044006
1247 -0.06043864
1248 -0.06043721
1249 -0.06043555
1250 -0.0604341
1251 -0.06043232
1252 -0.06043063
1253 -0.06042897
1254 -0.06042737
1255 -0.06042559
1256 -0.06042365
1257 -0.06042223
1258 -0.06042042
1259 -0.06041907
1260 -0.06041766
1261 -0.06041629
1262 -0.06041526
1263 -0.06041434
1264 -0.06041361
1265 -0.06041296
1266 -0.06041274
1267 -0.0604127
1268 -0.06041259
1269 -0.06041289
1270 -0.06041323
1271 -0.06041395
1272 -0.06041493
1273 -0.06041609
1274 -0.06041724
1275 -0.06041868
1276 -0.06042014
1277 -0.06042217
1278 -0.06042428
1279 -0.06042657
1280 -0.06042882
1281 -0.06043121
1282 -0.0604337
1283 -0.06043645
1284 -0.06043915
1285 -0.06044218
1286 -0.06044494
1287 -0.06044794
1288 -0.06045089
1289 -0.06045382
1290 -0.06045689
1291 -0.06046018
1292 -0.06046331
1293 -0.06046634
1294 -0.06046953
1295 -0.06047294
1296 -0.06047617
1297 -0.0604796
1298 -0.06048279
1299 -0.0604861
1300 -0.06048948
1301 -0.06049265
1302 -0.06049585
1303 -0.06049886
1304 -0.06050196
1305 -0.06050502
1306 -0.0605079
1307 -0.06051073
1308 -0.06051369
1309 -0.0605166
1310 -0.06051937
1311 -0.06052224
1312 -0.06052504
1313 -0.06052764
1314 -0.06053053
1315 -0.06053313
1316 -0.06053586
1317 -0.06053867
1318 -0.06054131
1319 -0.06054427
1320 -0.06054692
1321 -0.06054969
1322 -0.06055241
1323 -0.06055542
1324 -0.06055787
1325 -0.06056067
1326 -0.06056334
1327 -0.06056601
1328 -0.06056867
1329 -0.06057131
1330 -0.06057404
1331 -0.06057694
1332 -0.06057938
1333 -0.06058209
1334 -0.06058484
1335 -0.06058719
1336 -0.06058951
1337 -0.06059144
1338 -0.06059351
1339 -0.06059495
1340 -0.06059606
1341 -0.06059696
1342 -0.06059722
1343 -0.06059685
1344 -0.06059588
1345 -0.06059476
1346 -0.06059299
1347 -0.06059054
1348 -0.06058752
1349 -0.06058371
1350 -0.06057926
1351 -0.06057436
1352 -0.06056888
1353 -0.06056254
1354 -0.06055582
1355 -0.0605486
1356 -0.06054063
1357 -0.06053214
1358 -0.06052358
1359 -0.06051446
1360 -0.06050539
1361 -0.0604959
1362 -0.06048652
1363 -0.0604771
1364 -0.06046752
1365 -0.0604573
1366 -0.0604473
1367 -0.0604373
1368 -0.06042714
1369 -0.06041713
1370 -0.06040728
1371 -0.06039747
1372 -0.06038789
1373 -0.06037832
1374 -0.06036882
1375 -0.06035971
1376 -0.06035065
1377 -0.06034195
1378 -0.06033329
1379 -0.06032522
1380 -0.06031727
1381 -0.06030953
1382 -0.06030244
1383 -0.06029534
1384 -0.06028879
1385 -0.06028252
1386 -0.06027688
1387 -0.06027153
1388 -0.06026665
1389 -0.06026169
1390 -0.06025739
1391 -0.06025334
1392 -0.0602497
1393 -0.06024638
1394 -0.06024334
1395 -0.0602408
1396 -0.06023845
1397 -0.06023626
1398 -0.06023433
1399 -0.0602328
1400 -0.06023151
1401 -0.06023067
1402 -0.06022994
1403 -0.06022938
1404 -0.06022903
1405 -0.06022888
1406 -0.06022909
1407 -0.06022941
1408 -0.06022994
1409 -0.06023058
1410 -0.06023185
1411 -0.06023256
1412 -0.06023373
1413 -0.06023505
1414 -0.06023631
1415 -0.06023777
1416 -0.06023926
1417 -0.06024069
1418 -0.06024263
1419 -0.06024419
1420 -0.0602458
1421 -0.06024763
1422 -0.06024932
1423 -0.06025107
1424 -0.06025268
1425 -0.06025423
1426 -0.060256
1427 -0.06025758
1428 -0.06025923
1429 -0.0602611
1430 -0.06026267
1431 -0.06026438
1432 -0.06026612
1433 -0.06026779
1434 -0.0602693
1435 -0.06027112
1436 -0.06027286
1437 -0.06027449
1438 -0.06027636
1439 -0.06027823
1440 -0.06028038
1441 -0.06028251
1442 -0.06028481
1443 -0.06028721
1444 -0.06028978
1445 -0.06029256
1446 -0.06029537
1447 -0.06029858
1448 -0.0603019
1449 -0.06030526
1450 -0.06030858
1451 -0.06031194
1452 -0.06031542
1453 -0.06031902
1454 -0.06032273
1455 -0.06032643
1456 -0.06032984
1457 -0.06033327
1458 -0.06033693
1459 -0.06034033
1460 -0.06034336
1461 -0.06034652
1462 -0.06034942
1463 -0.06035236
1464 -0.06035488
1465 -0.06035736
1466 -0.06035968
1467 -0.060362
1468 -0.06036415
1469 -0.06036625
1470 -0.06036819
1471 -0.0603698
1472 -0.06037167
1473 -0.06037322
1474 -0.06037479
1475 -0.06037612
1476 -0.0603772
1477 -0.06037864
1478 -0.06037993
1479 -0.06038079
1480 -0.06038208
1481 -0.0603831
1482 -0.06038407
1483 -0.06038503
1484 -0.06038604
1485 -0.06038693
1486 -0.06038808
1487 -0.06038926
1488 -0.06039038
1489 -0.06039159
1490 -0.06039278
1491 -0.06039399
1492 -0.06039549
1493 -0.06039683
1494 -0.06039833
1495 -0.06039977
1496 -0.06040142
1497 -0.06040306
1498 -0.06040498
1499 -0.06040664
1500 -0.06040848
1501 -0.06041019
1502 -0.06041195
1503 -0.06041379
1504 -0.06041576
1505 -0.06041763
1506 -0.0604196
1507 -0.0604215
1508 -0.0604233
1509 -0.06042517
1510 -0.0604266
1511 -0.06042803
1512 -0.06042942
1513 -0.06043073
1514 -0.06043186
1515 -0.06043275
1516 -0.0604335
1517 -0.06043408
1518 -0.06043477
1519 -0.06043499
1520 -0.06043483
1521 -0.0604347
1522 -0.06043424
1523 -0.06043366
1524 -0.06043322
1525 -0.0604324
1526 -0.06043198
1527 -0.06043113
1528 -0.06043039
1529 -0.0604296
1530 -0.06042913
1531 -0.06042848
1532 -0.06042799
1533 -0.06042739
1534 -0.06042666
1535 -0.06042633
1536 -0.06042609
1537 -0.06042593
1538 -0.06042597
1539 -0.06042597
1540 -0.06042618
1541 -0.06042642
1542 -0.06042698
1543 -0.06042765
1544 -0.06042837
1545 -0.0604293
1546 -0.06043037
1547 -0.06043153
1548 -0.060433
1549 -0.06043428
1550 -0.06043592
1551 -0.06043768
1552 -0.06043951
1553 -0.06044113
1554 -0.06044327
1555 -0.06044526
1556 -0.06044768
1557 -0.06045009
1558 -0.06045258
1559 -0.06045521
1560 -0.06045803
1561 -0.06046099
1562 -0.060464
1563 -0.06046701
1564 -0.06047016
1565 -0.06047348
1566 -0.0604769
1567 -0.06048039
1568 -0.06048413
1569 -0.06048759
1570 -0.0604913
1571 -0.06049521
1572 -0.06049881
1573 -0.06050284
1574 -0.0605065
1575 -0.06051043
1576 -0.06051448
1577 -0.06051841
1578 -0.06052225
1579 -0.06052621
1580 -0.06053012
1581 -0.06053377
1582 -0.06053799
1583 -0.06054195
1584 -0.06054593
1585 -0.06054978
1586 -0.06055365
1587 -0.06055728
1588 -0.06056099
1589 -0.06056447
1590 -0.06056818
1591 -0.06057145
1592 -0.06057479
1593 -0.0605778
1594 -0.06058068
1595 -0.06058323
1596 -0.06058587
1597 -0.06058824
1598 -0.06059038
1599 -0.06059253
1600 -0.0605945
1601 -0.06059634
1602 -0.06059804
1603 -0.06059953
1604 -0.0606008
1605 -0.0606019
1606 -0.0606028
1607 -0.06060372
1608 -0.06060448
1609 -0.06060472
1610 -0.06060508
1611 -0.06060518
1612 -0.06060517
1613 -0.06060492
1614 -0.06060472
1615 -0.06060442
1616 -0.06060405
1617 -0.06060367
1618 -0.06060302
1619 -0.06060221
1620 -0.06060126
1621 -0.06060103
1622 -0.0606006
1623 -0.06060016
1624 -0.0605997
1625 -0.06059909
1626 -0.06059839
1627 -0.06059758
1628 -0.06059678
1629 -0.06059588
1630 -0.06059493
1631 -0.0605938
1632 -0.06059237
1633 -0.06059102
1634 -0.06058955
1635 -0.06058779
1636 -0.06058599
1637 -0.06058405
1638 -0.06058228
1639 -0.06057997
1640 -0.06057741
1641 -0.06057498
1642 -0.0605724
1643 -0.06056957
1644 -0.06056668
1645 -0.06056365
1646 -0.06056051
1647 -0.06055731
1648 -0.06055395
1649 -0.06055064
1650 -0.06054735
1651 -0.06054371
1652 -0.06054025
1653 -0.0605364
1654 -0.06053286
1655 -0.06052935
1656 -0.06052557
1657 -0.06052196
1658 -0.06051814
1659 -0.0605143
1660 -0.06051048
1661 -0.06050669
1662 -0.06050292
1663 -0.06049917
1664 -0.0604954
1665 -0.06049189
1666 -0.06048818
1667 -0.06048458
1668 -0.06048083
1669 -0.06047741
1670 -0.06047391
1671 -0.0604705
1672 -0.06046706
1673 -0.06046404
1674 -0.06046043
1675 -0.06045706
1676 -0.0604537
1677 -0.06045021
1678 -0.0604469
1679 -0.06044352
1680 -0.06044007
1681 -0.06043502
1682 -0.06042943
1683 -0.06042378
1684 -0.06041834
1685 -0.06041268
1686 -0.06040672
1687 -0.06040077
1688 -0.06039476
1689 -0.0603884
1690 -0.06038205
1691 -0.06037547
1692 -0.06036906
1693 -0.06036228
1694 -0.0603556
1695 -0.06034881
1696 -0.06034202
1697 -0.06033529
1698 -0.06032854
1699 -0.06032163
1700 -0.06031522
1701 -0.0603083
1702 -0.06030157
1703 -0.06029493
1704 -0.06028804
1705 -0.06028124
1706 -0.06027494
1707 -0.06026823
1708 -0.06026181
1709 -0.06025561
1710 -0.060249
1711 -0.06024155
1712 -0.0602342
1713 -0.06022682
1714 -0.06021957
1715 -0.06021263
1716 -0.0602056
1717 -0.06019892
1718 -0.06019222
1719 -0.06018558
1720 -0.06017921
1721 -0.06017288
1722 -0.06016695
1723 -0.06016102
1724 -0.06015543
1725 -0.06015004
1726 -0.06014496
1727 -0.06013988
1728 -0.06013543
1729 -0.06013099
1730 -0.06012679
1731 -0.06012292
1732 -0.06011929
1733 -0.06011594
1734 -0.06011275
1735 -0.06010975
1736 -0.06010718
1737 -0.06010479
1738 -0.06010254
1739 -0.06010076
1740 -0.06009921
1741 -0.06009782
1742 -0.0600969
1743 -0.06009631
1744 -0.06009597
1745 -0.06009619
1746 -0.06009651
1747 -0.06009718
1748 -0.06009853
1749 -0.06009996
1750 -0.06010225
1751 -0.06010468
1752 -0.06010769
1753 -0.06011098
1754 -0.06011451
1755 -0.0601185
1756 -0.06012263
1757 -0.0601271
1758 -0.06013187
1759 -0.06013678
1760 -0.06014176
1761 -0.06014705
1762 -0.06015241
1763 -0.06015778
1764 -0.06016344
1765 -0.06016921
1766 -0.06017489
1767 -0.06018062
1768 -0.06018611
1769 -0.06019197
1770 -0.06019782
1771 -0.06020351
1772 -0.06020908
1773 -0.06021468
1774 -0.06022019
1775 -0.0602254
1776 -0.06023058
1777 -0.06023524
1778 -0.06023981
1779 -0.06024436
1780 -0.06024863
1781 -0.06025252
1782 -0.06025635
1783 -0.06026
1784 -0.06026383
1785 -0.06026739
1786 -0.06027072
1787 -0.06027402
1788 -0.06027712
1789 -0.06028034
1790 -0.06028335
1791 -0.06028653
1792 -0.06028942
1793 -0.06029234
1794 -0.06029536
1795 -0.06029818
1796 -0.06030135
1797 -0.06030417
1798 -0.0603071
1799 -0.06031003
1800 -0.06031295
1801 -0.06031572
1802 -0.06031824
1803 -0.06032079
1804 -0.06032344
1805 -0.06032567
1806 -0.06032757
1807 -0.0603295
1808 -0.06033121
1809 -0.06033284
1810 -0.06033432
1811 -0.0603353
1812 -0.06033598
1813 -0.06033659
1814 -0.06033698
1815 -0.06033705
1816 -0.06033695
1817 -0.0603364
1818 -0.06033559
1819 -0.06033452
1820 -0.06033352
1821 -0.06033232
1822 -0.06033081
1823 -0.06032917
1824 -0.06032755
1825 -0.06032569
1826 -0.06032409
1827 -0.0603222
1828 -0.06032064
1829 -0.06031886
1830 -0.06031707
1831 -0.06031562
1832 -0.06031407
1833 -0.06031283
1834 -0.06031187
1835 -0.0603108
1836 -0.06031001
1837 -0.06030903
1838 -0.06030867
1839 -0.0603085
1840 -0.06030839
1841 -0.06030852
1842 -0.06030846
1843 -0.06030883
1844 -0.06030949
1845 -0.06031011
1846 -0.06031081
1847 -0.06031178
1848 -0.06031298
1849 -0.06031428
1850 -0.06031574
1851 -0.06031705
1852 -0.06031859
1853 -0.06032001
1854 -0.0603218
1855 -0.06032379
1856 -0.06032578
1857 -0.0603274
1858 -0.06032926
1859 -0.06033105
1860 -0.06033289
1861 -0.06033487
1862 -0.06033681
1863 -0.06033873
1864 -0.06034039
1865 -0.06034215
1866 -0.06034382
1867 -0.06034539
1868 -0.06034702
1869 -0.06034851
1870 -0.06035013
1871 -0.06035126
1872 -0.06035262
1873 -0.06035362
1874 -0.0603548
1875 -0.06035579
1876 -0.06035647
1877 -0.06035712
1878 -0.06035757
1879 -0.06035814
1880 -0.06035833
1881 -0.06035857
1882 -0.06035866
1883 -0.06035877
1884 -0.06035874
1885 -0.06035841
1886 -0.06035815
1887 -0.06035761
1888 -0.06035696
1889 -0.06035637
1890 -0.06035544
1891 -0.06035452
1892 -0.06035355
1893 -0.06035249
1894 -0.06035113
1895 -0.06034997
1896 -0.0603488
1897 -0.06034746
1898 -0.06034612
1899 -0.06034445
1900 -0.06034315
1901 -0.06034146
1902 -0.06033976
1903 -0.06033801
1904 -0.06033621
1905 -0.06033463
1906 -0.06033267
1907 -0.06033077
1908 -0.06032871
1909 -0.06032686
1910 -0.06032501
1911 -0.06032291
1912 -0.06032093
1913 -0.06031897
1914 -0.06031696
1915 -0.06031482
1916 -0.06031278
1917 -0.06031088
1918 -0.06030851
1919 -0.06030649
1920 -0.06030453
1921 -0.06030247
1922 -0.06030034
1923 -0.06029835
1924 -0.06029636
1925 -0.06029405
1926 -0.06029171
1927 -0.06028963
1928 -0.06028742
1929 -0.06028535
1930 -0.06028305
1931 -0.06028088
1932 -0.06027883
1933 -0.06027672
1934 -0.06027466
1935 -0.06027272
1936 -0.06027069
1937 -0.06026851
1938 -0.06026653
1939 -0.06026439
1940 -0.06026256
1941 -0.06026049
1942 -0.06025857
1943 -0.06025661
1944 -0.06025457
1945 -0.06025246
1946 -0.06025061
1947 -0.06024878
1948 -0.06024683
1949 -0.06024491
1950 -0.06024306
1951 -0.0602414
1952 -0.06023965
1953 -0.06023796
1954 -0.06023636
1955 -0.06023487
1956 -0.06023336
1957 -0.06023205
1958 -0.06023076
1959 -0.0602294
1960 -0.06022817
1961 -0.060227
1962 -0.06022575
1963 -0.06022444
1964 -0.0602234
1965 -0.06022229
1966 -0.06022125
1967 -0.06022024
1968 -0.06021916
1969 -0.06021804
1970 -0.06021691
1971 -0.0602159
1972 -0.06021475
1973 -0.06021378
1974 -0.06021253
1975 -0.06021138
1976 -0.06021038
1977 -0.06020954
1978 -0.06020848
1979 -0.06020735
1980 -0.06020653
1981 -0.06020546
1982 -0.06020471
1983 -0.06020417
1984 -0.06020359
1985 -0.06020321
1986 -0.06020278
1987 -0.06020267
1988 -0.06020255
1989 -0.06020236
1990 -0.06020264
1991 -0.06020282
1992 -0.0602033
1993 -0.0602037
1994 -0.06020426
1995 -0.06020512
1996 -0.06020609
1997 -0.06020697
1998 -0.06020807
1999 -0.06020931
2000 -0.06021066
2001 -0.06021212
