"p_max-rfile"
"Iteration" "p_max"
("Iteration" "p_max")
1 193334.1
2 205282.6
3 218505.8
4 230265.5
5 241048.9
6 251138.6
7 260540
8 269194.8
9 277041.7
10 284032.5
11 290136.1
12 295337.7
13 299680.6
14 303122.3
15 305689.3
16 307417.1
17 308348.4
18 308531.5
19 308019.4
20 306868.7
21 305137.9
22 302811.3
23 300042.6
24 296909.4
25 293477.5
26 289806.4
27 285949.2
28 281953.4
29 277860.8
30 273707.9
31 269526.3
32 265344.4
33 261187.2
34 257076
35 253041.6
36 249085
37 245217.8
38 241449.4
39 237787.5
40 234238.4
41 232585.4
42 231604.5
43 230592.7
44 229553.4
45 228488.5
46 227399.7
47 226287.7
48 225153.6
49 223998
50 222821.2
51 221623.5
52 220411.9
53 220048.2
54 219740.9
55 219491.2
56 219292.2
57 219141.3
58 219036.6
59 218976
60 218957.9
61 218980.5
62 219042.4
63 219142.2
64 219278.5
65 219453
66 219663.9
67 219909.2
68 220185.3
69 220490.7
70 220824.1
71 221184.4
72 221569.4
73 221975
74 222396.4
75 222830.6
76 223274.7
77 223725.9
78 224181.4
79 224638.5
80 225094.8
81 225547.6
82 225994.5
83 226432.9
84 226860.5
85 227274.9
86 227673.5
87 228131.5
88 228609.7
89 229043.8
90 229432.8
91 229775.2
92 230069.1
93 230314.3
94 230511.7
95 230661.8
96 230764.7
97 231206.2
98 232158.4
99 233105.3
100 234057.3
101 235005.5
102 235931.6
103 236839.2
104 237724.7
105 238584.6
106 239415.7
107 240198.4
108 240930.8
109 241614.8
110 242252.5
111 242841.6
112 243381.8
113 243874
114 244319
115 244717.6
116 245070.6
117 245378.6
118 245642.3
119 245862.3
120 246039
121 246173.2
122 246265.4
123 246316.3
124 246326.7
125 246297.4
126 246229.2
127 246122.9
128 245979.4
129 245799.7
130 245584.3
131 245334.2
132 245050.4
133 244733.6
134 244384.8
135 244004.9
136 243594.9
137 243155.6
138 242687.9
139 242192.6
140 241670.8
141 241123.2
142 240550.7
143 239954.2
144 239334.5
145 238692.3
146 238028.6
147 237344.1
148 236639.5
149 235915.6
150 235172.9
151 234412.2
152 233634
153 232838.8
154 232027.4
155 231200.3
156 230358.1
157 229501.2
158 228630.2
159 227745.5
160 226847.7
161 225937.2
162 225014.5
163 224080
164 223134.2
165 222177.6
166 221210.6
167 220233.8
168 219247.4
169 218252.2
170 217248.5
171 216236.9
172 215217.9
173 214192.1
174 213160
175 212122.1
176 211079
177 210031.3
178 208979.6
179 207924.5
180 206866.5
181 205806.4
182 204744.6
183 203682
184 202619
185 201556.5
186 200494.9
187 199434.9
188 198377.2
189 197322.3
190 196270.7
191 195223.1
192 194179.9
193 193141.7
194 192109
195 191082.4
196 190062.5
197 189049.6
198 188276.6
199 187917.1
200 187553.3
201 187185.8
202 186814.9
203 186441.2
204 186065.7
205 185689.4
206 185312.3
207 184933.8
208 184554.6
209 184175.4
210 183796.8
211 183419.3
212 183043.4
213 182669.3
214 182297.2
215 181927.4
216 181560
217 181195.2
218 180833.1
219 180473.8
220 180117.4
221 179764
222 179413.8
223 179066.8
224 178723.4
225 178378.9
226 178038.3
227 177701.3
228 177366.1
229 177030.8
230 176695.6
231 176360.8
232 176026.7
233 175693.6
234 175361.4
235 175030.5
236 174700.8
237 174372.5
238 174045.6
239 173824.3
240 173779.6
241 173730.8
242 173678.1
243 173621.7
244 173561.6
245 173498.1
246 173431.3
247 173361.4
248 173288.5
249 173212.7
250 173134.3
251 173053.3
252 172969.9
253 172884.2
254 172796.5
255 172706.6
256 172614.9
257 172521.3
258 172426.3
259 172329.8
260 172238.3
261 172296.9
262 172353.2
263 172407.2
264 172459.1
265 172508.8
266 172556.4
267 172601.9
268 172645.2
269 172686.4
270 172725.5
271 172762.5
272 172797.3
273 172830
274 172860.6
275 172889
276 172915.4
277 172939.6
278 172961.7
279 172981.8
280 172999.7
281 173015.5
282 173029.2
283 173040.9
284 173050.4
285 173057.8
286 173063
287 173066.1
288 173066.9
289 173065.6
290 173062
291 173056.2
292 173048.2
293 173037.9
294 173025.4
295 173010.7
296 172993.6
297 172974.2
298 173175
299 173467.7
300 173762.8
301 174060.5
302 174360.9
303 174664
304 174969.6
305 175277.7
306 175588.4
307 175901.9
308 176218
309 176536.9
310 176858.5
311 177182.6
312 177509.2
313 177838.1
314 178169.3
315 178502.5
316 178837.6
317 179174.2
318 179512
319 179851.2
320 180191.5
321 180532.8
322 180874.9
323 181217.6
324 181560.8
325 181904.3
326 182248
327 182591.7
328 182935.2
329 183278.4
330 183621
331 183962.9
332 184396
333 184825
334 185248.9
335 185666.7
336 186075.6
337 186473.8
338 186859.8
339 187232.2
340 187589.4
341 187930
342 188259
343 188576.6
344 188882.7
345 189176.9
346 189458.9
347 189723.1
348 189967.9
349 190192.6
350 190396.6
351 190579.8
352 190741.9
353 190883.3
354 191004.2
355 191105.3
356 191187.5
357 191251.6
358 191298.5
359 191329.1
360 191344.3
361 191345
362 191322.8
363 191282.7
364 191225.9
365 191153.5
366 191066
367 190964.1
368 190848.7
369 190720.3
370 190579
371 190424.5
372 190256.2
373 190073.6
374 189876.4
375 189663.9
376 189435.7
377 189191.9
378 188932.8
379 188659
380 188371.2
381 188070.4
382 187757.3
383 187433.1
384 187098.8
385 186755.2
386 186403.4
387 186043.9
388 185676.7
389 185302
390 185230.7
391 185598.5
392 186014.8
393 186421.3
394 186817.3
395 187201.8
396 187573.9
397 187932.6
398 188276.6
399 188604.6
400 188915.5
401 189210.5
402 189490.3
403 189754.6
404 190002.5
405 190233.4
406 190446.4
407 190641.4
408 190817.7
409 190974.8
410 191112.3
411 191229.4
412 191325.9
413 191401.5
414 191456
415 191489
416 191500.4
417 191490.3
418 191459.1
419 191407.5
420 191336.2
421 191245.9
422 191077.2
423 190876.1
424 190645
425 190386.4
426 190102.4
427 189795.3
428 189467.7
429 189122.1
430 188760.8
431 188386.1
432 188000.2
433 187605.1
434 187202.5
435 186793.7
436 186380.2
437 185963.5
438 185545.3
439 185126.5
440 184707.8
441 184289.9
442 183873.5
443 183459.2
444 183047.6
445 182639
446 182234.3
447 182005.8
448 181768.7
449 181523.9
450 181271.9
451 181012.7
452 180573.2
453 180111.2
454 179624.3
455 179110.3
456 178567.8
457 177995.1
458 177390.6
459 176753.8
460 176084.5
461 175383.6
462 174653.1
463 173895.8
464 173115
465 172315.5
466 171566
467 171191.1
468 170828.9
469 170790.2
470 170751.6
471 170703.9
472 170644.9
473 170572
474 170482.2
475 170372
476 170237.1
477 170073
478 169875.3
479 169657.3
480 169429.8
481 169212.8
482 169006.9
483 168812.5
484 168630.1
485 168460.1
486 168302.9
487 168158.9
488 168028.4
489 167911.8
490 167809.3
491 167721.4
492 167648.3
493 167590.3
494 167547.5
495 167520.3
496 167508.7
497 167512.8
498 167532.9
499 167568.8
500 167620.6
501 167688.2
502 167771.5
503 167870.3
504 167984.3
505 168113.3
506 168256.9
507 168414.5
508 168585.7
509 168769.6
510 168965.6
511 169172.7
512 169468.4
513 169777.8
514 170098.5
515 170427.6
516 170762.3
517 171100
518 171438
519 171773.9
520 172105.5
521 172431
522 172748.7
523 173057.3
524 173355.6
525 173642.8
526 173917.9
527 174180.3
528 174429.5
529 174665.1
530 174886.5
531 175093.6
532 175285.8
533 175462.9
534 175624.6
535 175770.7
536 175900.9
537 176015
538 176112.8
539 176194
540 176258.5
541 176305.9
542 176318.4
543 176290.8
544 176221.7
545 176112.5
546 175964.6
547 175779.7
548 175560.5
549 175310
550 175031.8
551 174729.8
552 174408
553 174070.9
554 173722.9
555 173368.9
556 173013.9
557 172662.4
558 172318.9
559 171987.5
560 171672.2
561 171376.3
562 171102.9
563 170854.6
564 170633.7
565 170442.1
566 170281.5
567 170153.4
568 170137.1
569 170121.3
570 170102.4
571 170080
572 170058.5
573 170033.4
574 170004.3
575 169971.7
576 169936.5
577 169902.5
578 169873.7
579 169854.1
580 169848
581 169860.1
582 169894.8
583 169971.4
584 170071.3
585 170190.5
586 170324.1
587 170467
588 170614.7
589 170762.8
590 170908.3
591 171048.3
592 171181
593 171304.9
594 171419.5
595 171524.3
596 171619.5
597 171705.7
598 171783.4
599 171853.5
600 171914.6
601 171968.7
602 172038.5
603 172086.8
604 169797.3
605 169756.2
606 169722
607 169694.2
608 169682.6
609 169689.6
610 169735.1
611 169848.2
612 170072.2
613 170462.1
614 171034.4
615 171756.8
616 172581.1
617 173434.5
618 174233
619 174882.9
620 175347.5
621 175633
622 175755.4
623 175736.9
624 175602.7
625 175379.4
626 175091.8
627 174762.5
628 174411.8
629 174056.1
630 173708.2
631 173378
632 173327.3
633 173276.6
634 173214.1
635 173137.4
636 173061.3
637 172968.7
638 172857
639 172724.6
640 172571.4
641 172407.3
642 172244
643 172088.6
644 171947
645 171823.7
646 171721
647 171646.5
648 171593.3
649 171557.6
650 171535
651 171523.3
652 171519.9
653 171522.7
654 171529.9
655 171539.9
656 171551.5
657 171563.7
658 171576.6
659 171589
660 171600.1
661 171609.2
662 171612.4
663 171611.5
664 171606.6
665 171598
666 171586
667 171570.6
668 171552.2
669 171531.2
670 171508.1
671 171483.2
672 171456.9
673 171429.4
674 171401
675 171372.1
676 171343.1
677 171591.4
678 169982.3
679 171109.8
680 171126.7
681 171144.9
682 171169.8
683 171204
684 171240.6
685 171290.1
686 171356.3
687 171443
688 171551.7
689 171673.2
690 171792.8
691 171897.8
692 171976.1
693 172018.7
694 172022.9
695 172028.2
696 172032.5
697 172036.1
698 172037.8
699 172037.2
700 172032.2
701 172019.9
702 171995.6
703 171953.9
704 171892.7
705 171814
706 171720.7
707 171617.4
708 171605
709 171592.4
710 171576.6
711 171556.7
712 171531.8
713 171500.5
714 171461.8
715 171414.5
716 171358.1
717 171292.9
718 171225.4
719 171160
720 171102.1
721 171051.6
722 171007.1
723 170966.2
724 170934.5
725 170910.2
726 170891.8
727 170878.5
728 170869.2
729 170863
730 170859.4
731 170857.8
732 170857.7
733 170858.6
734 170860.3
735 170862.4
736 170864.8
737 170867.4
738 170869.8
739 170872.1
740 170874.2
741 170876.1
742 170877.6
743 170878.7
744 170879.5
745 170880
746 170880.1
747 170879.8
748 170879.3
749 170878.4
750 170877.1
751 170875.6
752 170875.5
753 170875.4
754 170875.2
755 170875
756 170874.8
757 170874.6
758 170874.7
759 170874.8
760 170875.3
761 170876
762 170877
763 170878.3
764 170879.6
765 170880.8
766 170881.8
767 170882.1
768 170881.9
769 170881
770 170879.3
771 170876.8
772 170873.6
773 170869.5
774 170864.5
775 170858.6
776 170851.9
777 170844.3
778 170836
779 170826.8
780 170816.9
781 170806.2
782 170794.8
783 170782.8
784 170770
785 170756.6
786 170742.5
787 170727.9
788 170712.7
789 170697.1
790 170681.1
791 170710
792 170619.7
793 170853
794 170633.6
795 170626.9
796 170619.9
797 170610.8
798 170598.9
799 170586.6
800 170571
801 170551.5
802 170527.8
803 170500.4
804 170471.9
805 170445
806 170421.4
807 170402.1
808 170387.6
809 170385.1
810 170377.8
811 170373.7
812 170366.5
813 170354.1
814 170339.3
815 170322.2
816 170303.4
817 170283.5
818 170262.9
819 170242.2
820 170239.8
821 170237.3
822 170234.2
823 170230.2
824 170226.1
825 170221
826 170214.7
827 170206.8
828 170197.4
829 170186.5
830 170174.8
831 170162.6
832 170150.1
833 170138.1
834 170127.1
835 170116.7
836 170107.5
837 170099.7
838 170093.2
839 170087.8
840 170083.7
841 170080.6
842 170115.3
843 170093.9
844 170109.6
845 170097.8
846 170102.5
847 170095.3
848 170095
849 170090.7
850 170089.3
851 170087.5
852 170087.5
853 170088.4
854 170090.8
855 170094.7
856 170100
857 170106.7
858 170114.6
859 170123.6
860 170133.8
861 170144.9
862 170156.9
863 170169.5
864 170182.7
865 170196.1
866 170209.7
867 170223.3
868 170236.7
869 170249.9
870 170262.8
871 170275.2
872 170869.4
873 170888
874 170906
875 170926.8
876 170950.4
877 170976.2
878 171002.3
879 171025.8
880 171040.8
881 171039.2
882 171011.3
883 170956.5
884 170880.2
885 170796
886 170709.8
887 170625.9
888 170547.9
889 170478.1
890 170417.7
891 170367.2
892 170326.5
893 170295
894 170271.7
895 170255.6
896 170245.5
897 170240.2
898 170238.6
899 170239.7
900 170242.6
901 170246.5
902 170252.5
903 170256.9
904 170260.1
905 170261.9
906 170262.2
907 170260.8
908 170258
909 170253.8
910 170248.4
911 170241.8
912 170234.4
913 170226.2
914 170217.4
915 170208.2
916 170198.6
917 170188.9
918 170179.5
919 170170.7
920 170162.5
921 170155
922 170147.9
923 170141.3
924 170135.2
925 170129.6
926 170124.4
927 170119.8
928 170115.7
929 170112
930 170108.9
931 170106.3
932 170107
933 170097.9
934 170108.7
935 170087
936 170173.7
937 170174.6
938 170175.1
939 170175
940 170173.5
941 170169.4
942 170160.9
943 170145.3
944 170119.1
945 170078.9
946 170024.5
947 169965.7
948 169912.1
949 169867.2
950 169832.8
951 169809.9
952 169798.6
953 169798.1
954 169807
955 169823.2
956 169844
957 169867.9
958 169879.1
959 170305.7
960 170321.7
961 170337.7
962 170357.2
963 170380.9
964 170409.2
965 170442.3
966 170479.3
967 170517.9
968 170552.7
969 170575
970 170576.9
971 170556.5
972 170507.8
973 170445.4
974 170376.5
975 170306.5
976 170239.3
977 170177.7
978 170123.7
979 170078
980 170040.8
981 170011.9
982 169990.5
983 169975.8
984 169966.6
985 169962.1
986 169961.3
987 169963.1
988 169966.9
989 169971.9
990 169977.6
991 169983.5
992 169992.1
993 169998.3
994 170003.6
995 170007.8
996 170010.9
997 170013.1
998 170014.5
999 170015.3
1000 170015.4
1001 170015.2
1002 170014.6
1003 170013.9
1004 170012.9
1005 170011.9
1006 170010.9
1007 170009.8
1008 170008.7
1009 170007.6
1010 170006.5
1011 170005.4
1012 170004.4
1013 170003.3
1014 170002.3
1015 170001.2
1016 170000.1
1017 169999.1
1018 169998
1019 169996.9
1020 169995.8
1021 169994.7
1022 169993.6
1023 169992.5
1024 169991.4
1025 169990.3
1026 169989.3
1027 169988.2
1028 169987.2
1029 169986.2
1030 169985.2
1031 169984.3
1032 169983.3
1033 169982.5
1034 169981.6
1035 169980.7
1036 169979.9
1037 169979.1
1038 169978.3
1039 169977.6
1040 169976.9
1041 169976.2
1042 169975.5
1043 169974.8
1044 169974.1
1045 169973.4
1046 169972.7
1047 169972
1048 169971.3
1049 169970.5
1050 169969.7
1051 169968.9
1052 169968.2
1053 169966.4
1054 169965.9
1055 169963.5
1056 169964.1
1057 169960.4
1058 169963.6
1059 169957
1060 169965.9
1061 169953.5
1062 169976.6
1063 169955
1064 169992.3
1065 170003.2
1066 170033.4
1067 170036
1068 170087.7
1069 170082.1
1070 170101.7
1071 170088.9
1072 170125.1
1073 170104.4
1074 170121.8
1075 170077.1
1076 170054.2
1077 170007.3
1078 169994.3
1079 169939.9
1080 169958.6
1081 169909.7
1082 169883.3
1083 169838
1084 169801.6
1085 169797.3
1086 169792.9
1087 169787.5
1088 169780.6
1089 169773.8
1090 169765.3
1091 169755
1092 169742.6
1093 169728.6
1094 169714.5
1095 169702.2
1096 169693.4
1097 169689.4
1098 169691.3
1099 170131.3
1100 170146.2
1101 170160.9
1102 170179
1103 170200.8
1104 170226.8
1105 170256.8
1106 170289.8
1107 170322.5
1108 170348.8
1109 170358.7
1110 170345.1
1111 170307.4
1112 170243.2
1113 170168.5
1114 170089.8
1115 170012
1116 169939.1
1117 169873.8
1118 169817.6
1119 169771.1
1120 169734.4
1121 169706.9
1122 169687.8
1123 169675.8
1124 169669.9
1125 169668.8
1126 169671.5
1127 169676.9
1128 169684.1
1129 169692.4
1130 169701.3
1131 169710.2
1132 169718.8
1133 169726.9
1134 169734.3
1135 169740.9
1136 169746.8
1137 169752
1138 169756.5
1139 169760.4
1140 169763.8
1141 169766.8
1142 169771.3
1143 169774.1
1144 169774.4
1145 169774.7
1146 169775.1
1147 169775.6
1148 169776.1
1149 169776.8
1150 169777.6
1151 169778.7
1152 169779.9
1153 169781.6
1154 169783.3
1155 169785.1
1156 169787
1157 169789
1158 169791.2
1159 169793.7
1160 169796.3
1161 169799.3
1162 169802.4
1163 169805.8
1164 169809.3
1165 169812.9
1166 169816.6
1167 169820.2
1168 169823.9
1169 169827.5
1170 169831
1171 169834.5
1172 169838.1
1173 169842.3
1174 169846.5
1175 169850.5
1176 169854.3
1177 169857.9
1178 169861
1179 169863.9
1180 169866.3
1181 169868.5
1182 169870.2
1183 169871.6
1184 169872.6
1185 169873.3
1186 169873.7
1187 169873.9
1188 169873.8
1189 169873.5
1190 169873
1191 169872.2
1192 169871.4
1193 169870.4
1194 169869.2
1195 169868
1196 169866.6
1197 169865.2
1198 169863.8
1199 169862.3
1200 169860.7
1201 169859.1
1202 169857.3
1203 169855.6
1204 169853.9
1205 169852.2
1206 169850.5
1207 169848.9
1208 169848.8
1209 169848.6
1210 169848.4
1211 169848.1
1212 169847.7
1213 169847.3
1214 169846.8
1215 169846.1
1216 169845.3
1217 169844.3
1218 169843.3
1219 169842.3
1220 169841.4
1221 169840.4
1222 169839.4
1223 169838.5
1224 169837.5
1225 169836.5
1226 169835.5
1227 169834.6
1228 169833.6
1229 169832.6
1230 169831.7
1231 169830.7
1232 169829.6
1233 169828.6
1234 169827.6
1235 169826.6
1236 169825.5
1237 169824.5
1238 169823.4
1239 169822.3
1240 169821.3
1241 169820.1
1242 169819
1243 169817.9
1244 169816.8
1245 169815.6
1246 169814.4
1247 169813.2
1248 169812
1249 169810.2
1250 169808.5
1251 169806.9
1252 169806.7
1253 169806.5
1254 169806.3
1255 169806
1256 169805.7
1257 169805.3
1258 169804.8
1259 169804.2
1260 169803.5
1261 169802.7
1262 169801.8
1263 169800.9
1264 169802.2
1265 169801.1
1266 169800.3
1267 169799.7
1268 169799
1269 169798.3
1270 169797.6
1271 169796.8
1272 169796
1273 169795.3
1274 169794.5
1275 169793.8
1276 169793.2
1277 169792.6
1278 169792
1279 169791.6
1280 169791.2
1281 169790.9
1282 169790.7
1283 169790.5
1284 169790.5
1285 169790.5
1286 169790.6
1287 169790.8
1288 169791
1289 169791.3
1290 169791.6
1291 169791.9
1292 169792.4
1293 169792.8
1294 169792.9
1295 169793
1296 169793
1297 169793
1298 169793
1299 169793
1300 169793
1301 169793
1302 169793
1303 169793.1
1304 169793.1
1305 169793.1
1306 169793.2
1307 169793.3
1308 169793.3
1309 169793.4
1310 169793.4
1311 169793.5
1312 169793.6
1313 169793.6
1314 169793.7
1315 169793.8
1316 169793.9
1317 169794
1318 169794
1319 169794.1
1320 169794.2
1321 169794.3
1322 169794.4
1323 169794.5
1324 169794.6
1325 169794.8
1326 169794.9
1327 169795
1328 169795.1
1329 169795.3
1330 169795.4
1331 169795.5
1332 169795.7
1333 169795.8
1334 169795.8
1335 169795.8
1336 169795.9
1337 169795.9
1338 169795.9
1339 169795.9
1340 169796
1341 169796
1342 169796.1
1343 169796.2
1344 169796.3
1345 169796.4
1346 169796.5
1347 169796.6
1348 169796.7
1349 169796.8
1350 169796.9
1351 169797
1352 169797.2
1353 169797.4
1354 169797.5
1355 169797.7
1356 169797.9
1357 169798
1358 169798.2
1359 169798.4
1360 169798.5
1361 169798.7
1362 169798.9
1363 169799
1364 169799.2
1365 169799.3
1366 169799.5
1367 169799.6
1368 169799.8
1369 169799.9
1370 169800.1
1371 169800.2
1372 169800.4
1373 169800.5
1374 169800.7
1375 169800.8
1376 169800.9
1377 169801
1378 169801.2
1379 169801.3
1380 169801.4
1381 169801.5
1382 169801.6
1383 169801.7
1384 169801.9
1385 169802
1386 169802.1
1387 169802.2
1388 169802.3
1389 169802.4
1390 169802.5
1391 169802.6
1392 169802.7
1393 169802.8
1394 169802.9
1395 169803
1396 169803.1
1397 169803.1
1398 169803.2
1399 169803.3
1400 169803.4
1401 169803.4
1402 169803.5
1403 169803.6
1404 169803.7
1405 169803.7
1406 169803.8
1407 169803.9
1408 169803.9
1409 169804
1410 169804
1411 169804.1
1412 169804.2
1413 169804.2
1414 169804.3
1415 169804.4
1416 169804.4
1417 169804.5
1418 169804.5
1419 169804.6
1420 169804.7
1421 169804.7
1422 169804.8
1423 169804.9
1424 169804.9
1425 169805
1426 169805
1427 169805.1
1428 169805.1
1429 169805.2
1430 169805.2
1431 169805.2
1432 169805.3
1433 169805.3
1434 169805.3
1435 169805.4
1436 169805.4
1437 169805.4
1438 169805.4
1439 169805.4
1440 169805.4
1441 169805.4
1442 169805.4
1443 169805.4
1444 169805.4
1445 169805.4
1446 169805.3
1447 169805.3
1448 169805.3
1449 169805.3
1450 169805.2
1451 169805.2
1452 169805.1
1453 169805.1
1454 169805
1455 169805
1456 169804.9
1457 169804.9
1458 169804.8
1459 169804.8
1460 169804.7
1461 169804.6
1462 169804.5
1463 169804.4
1464 169804.4
1465 169804.3
1466 169804.2
1467 169804.1
1468 169804
1469 169803.9
1470 169803.8
1471 169803.7
1472 169803.5
1473 169803.4
1474 169803.3
1475 169803.2
1476 169803.1
1477 169802.9
1478 169802.8
1479 169802.7
1480 169802.5
1481 169802.4
1482 169802.3
1483 169802.1
1484 169802
1485 169801.8
1486 169801.7
1487 169801.5
1488 169801.4
1489 169801.2
1490 169801.1
1491 169800.9
1492 169800.8
1493 169800.6
1494 169800.4
1495 169800.3
1496 169800.1
1497 169799.9
1498 169799.8
1499 169799.6
1500 169799.4
1501 169799.2
1502 169799
1503 169798.8
1504 169798.6
1505 169798.5
1506 169798.3
1507 169798
1508 169797.8
1509 169797.6
1510 169797.4
1511 169797.2
1512 169797
1513 169796.8
1514 169796.6
1515 169796.4
1516 169796.2
1517 169795.9
1518 169795.7
1519 169795.5
1520 169795.3
1521 169795
1522 169794.8
1523 169794.6
1524 169794.3
1525 169794.1
1526 169793.9
1527 169793.6
1528 169793.4
1529 169793.1
1530 169792.9
1531 169792.6
1532 169792.4
1533 169792.1
1534 169791.9
1535 169791.6
1536 169791.4
1537 169791.1
1538 169790.9
1539 169790.6
1540 169790.3
1541 169790.1
1542 169789.8
1543 169789.5
1544 169789.3
1545 169789
1546 169788.8
1547 169788.5
1548 169788.2
1549 169788
1550 169787.7
1551 169787.4
1552 169787.1
1553 169786.8
1554 169786.5
1555 169786.3
1556 169786
1557 169785.7
1558 169785.4
1559 169785.1
1560 169784.9
1561 169784.6
1562 169784.3
1563 169784
1564 169783.7
1565 169783.5
1566 169783.2
1567 169782.9
1568 169782.6
1569 169782.3
1570 169782
1571 169781.8
1572 169781.5
1573 169781.2
1574 169780.9
1575 169780.7
1576 169780.4
1577 169780.1
1578 169779.9
1579 169779.6
1580 169779.3
1581 169779.1
1582 169778.8
1583 169778.5
1584 169778.3
1585 169778
1586 169777.8
1587 169777.5
1588 169777.2
1589 169777
1590 169776.7
1591 169776.4
1592 169776.2
1593 169775.9
1594 169775.6
1595 169775.4
1596 169775.1
1597 169774.9
1598 169774.6
1599 169774.4
1600 169774.1
1601 169773.9
1602 169773.6
1603 169773.4
1604 169773.1
1605 169772.9
1606 169772.7
1607 169772.4
1608 169772.2
1609 169772
1610 169771.8
1611 169771.5
1612 169771.3
1613 169771.1
1614 169770.9
1615 169770.7
1616 169770.4
1617 169770.2
1618 169770
1619 169769.8
1620 169769.6
1621 169769.4
1622 169769.2
1623 169769
1624 169768.8
1625 169768.7
1626 169768.5
1627 169768.3
1628 169768.1
1629 169767.9
1630 169767.8
1631 169767.6
1632 169767.4
1633 169767.3
1634 169767.1
1635 169767
1636 169766.8
1637 169766.7
1638 169766.5
1639 169766.4
1640 169766.3
1641 169766.1
1642 169766
1643 169765.9
1644 169765.7
1645 169765.6
1646 169765.5
1647 169765.4
1648 169765.3
1649 169765.2
1650 169765.1
1651 169765
1652 169764.9
1653 169764.8
1654 169764.7
1655 169764.6
1656 169764.6
1657 169764.5
1658 169764.4
1659 169764.3
1660 169764.3
1661 169764.2
1662 169764.2
1663 169764.1
1664 169764.1
1665 169764
1666 169764
1667 169764
1668 169763.9
1669 169763.9
1670 169763.9
1671 169763.9
1672 169763.8
1673 169763.8
1674 169763.8
1675 169763.8
1676 169763.8
1677 169763.8
1678 169763.8
1679 169763.8
1680 169763.9
1681 169763.9
1682 169763.9
1683 169764
1684 169764
1685 169764
1686 169764
1687 169764.1
1688 169764.1
1689 169764.2
1690 169764.2
1691 169764.3
1692 169764.4
1693 169764.4
1694 169764.5
1695 169764.6
1696 169764.6
1697 169764.7
1698 169764.8
1699 169764.9
1700 169765
1701 169765.1
1702 169765.2
1703 169765.3
1704 169765.4
1705 169765.5
1706 169765.6
1707 169765.7
1708 169765.9
1709 169766
1710 169766.1
1711 169766.2
1712 169766.4
1713 169766.5
1714 169766.7
1715 169766.8
1716 169766.9
1717 169767.1
1718 169767.3
1719 169767.4
1720 169767.6
1721 169767.7
1722 169767.9
1723 169768.1
1724 169768.2
1725 169768.4
1726 169768.6
1727 169768.8
1728 169768.9
1729 169769.1
1730 169769.3
1731 169769.5
1732 169769.7
1733 169769.9
1734 169770
1735 169770.2
1736 169770.4
1737 169770.6
1738 169770.8
1739 169771
1740 169771.3
1741 169771.5
1742 169771.7
1743 169771.9
1744 169772.1
1745 169772.3
1746 169772.5
1747 169772.7
1748 169772.9
1749 169773.2
1750 169773.4
1751 169773.6
1752 169773.8
1753 169774
1754 169774.3
1755 169774.5
1756 169774.7
1757 169775
1758 169775.2
1759 169775.4
1760 169775.7
1761 169775.9
1762 169776.1
1763 169776.4
1764 169776.6
1765 169776.8
1766 169777.1
1767 169777.3
1768 169777.5
1769 169777.8
1770 169778
1771 169778.3
1772 169778.5
1773 169778.7
1774 169779
1775 169779.2
1776 169779.4
1777 169779.7
1778 169779.9
1779 169780.1
1780 169780.4
1781 169780.6
1782 169780.8
1783 169781.1
1784 169781.3
1785 169781.5
1786 169781.8
1787 169782
1788 169782.2
1789 169782.4
1790 169782.7
1791 169782.9
1792 169783.1
1793 169783.3
1794 169783.5
1795 169783.8
1796 169784
1797 169784.2
1798 169784.4
1799 169784.6
1800 169784.8
1801 169785
1802 169785.3
1803 169785.5
1804 169785.7
1805 169785.9
1806 169786.1
1807 169786.3
1808 169786.6
1809 169786.8
1810 169787
1811 169787.2
1812 169787.4
1813 169787.6
1814 169787.8
1815 169788
1816 169788.2
1817 169788.4
1818 169788.5
1819 169788.7
1820 169788.9
1821 169789.1
1822 169789.2
1823 169789.4
1824 169789.6
1825 169789.7
1826 169789.9
1827 169790
1828 169790.2
1829 169790.3
1830 169790.5
1831 169790.6
1832 169790.7
1833 169790.8
1834 169790.9
1835 169791
1836 169791.2
1837 169791.3
1838 169791.4
1839 169791.5
1840 169791.5
1841 169791.6
1842 169791.7
1843 169791.8
1844 169791.8
1845 169791.9
1846 169792
1847 169792
1848 169792
1849 169792.1
1850 169792.1
1851 169792.2
1852 169792.2
1853 169792.2
1854 169792.2
1855 169792.2
1856 169792.2
1857 169792.2
1858 169792.2
1859 169792.2
1860 169792.1
1861 169792.1
1862 169792.1
1863 169792
1864 169792
1865 169792
1866 169791.9
1867 169791.8
1868 169791.8
1869 169791.7
1870 169791.6
1871 169791.5
1872 169791.4
1873 169791.3
1874 169791.2
1875 169791.1
1876 169791
1877 169790.9
1878 169790.8
1879 169790.6
1880 169790.5
1881 169790.4
1882 169790.2
1883 169790.1
1884 169789.9
1885 169789.8
1886 169789.6
1887 169789.4
1888 169789.3
1889 169789.1
1890 169788.9
1891 169788.7
1892 169788.5
1893 169788.3
1894 169788.1
1895 169787.9
1896 169787.6
1897 169787.4
1898 169787.2
1899 169787
1900 169786.7
1901 169786.5
1902 169786.2
1903 169786
1904 169785.7
1905 169785.4
1906 169785.2
1907 169784.9
1908 169784.6
1909 169784.3
1910 169784.1
1911 169783.8
1912 169783.5
1913 169783.2
1914 169782.9
1915 169782.5
1916 169782.2
1917 169781.9
1918 169781.6
1919 169781.3
1920 169780.9
1921 169780.6
1922 169780.3
1923 169779.9
1924 169779.6
1925 169779.3
1926 169778.9
1927 169778.6
1928 169778.2
1929 169777.8
1930 169777.5
1931 169777.1
1932 169776.8
1933 169776.4
1934 169776
1935 169775.6
1936 169775.3
1937 169774.9
1938 169774.5
1939 169774.1
1940 169773.8
1941 169773.4
1942 169773
1943 169772.6
1944 169772.2
1945 169771.8
1946 169771.4
1947 169771
1948 169770.6
1949 169770.2
1950 169769.8
1951 169769.5
1952 169769.1
1953 169768.7
1954 169768.3
1955 169767.9
1956 169767.5
1957 169767.1
1958 169766.7
1959 169766.3
1960 169765.9
1961 169765.5
1962 169765.1
1963 169764.7
1964 169764.3
1965 169763.9
1966 169763.5
1967 169763.2
1968 169762.8
1969 169762.4
1970 169762
1971 169761.6
1972 169761.2
1973 169760.8
1974 169760.5
1975 169760.1
1976 169759.7
1977 169759.3
1978 169759
1979 169758.6
1980 169758.2
1981 169757.9
1982 169757.5
1983 169757.1
1984 169756.8
1985 169756.4
1986 169756.1
1987 169755.7
1988 169755.4
1989 169755
1990 169754.7
1991 169754.3
1992 169754
1993 169753.7
1994 169753.4
1995 169753
1996 169752.7
1997 169752.4
1998 169752.1
1999 169751.8
2000 169751.5
2001 169751.2
