"p_max-rfile"
"Iteration" "p_max"
("Iteration" "p_max")
3000 165779.9
3001 165763.6
3002 165746.9
3003 165729.9
3004 165712.4
3005 165694.5
3006 165676.1
3007 165657.2
3008 165637.5
3009 165617.2
3010 165596
3011 165574
3012 165551.1
3013 165527.2
3014 165502.1
3015 165475.8
3016 165448.3
3017 165419.4
3018 165389
3019 165357.1
3020 165323.6
3021 165288.3
3022 165251.2
3023 165212.2
3024 165171.1
3025 165127.8
3026 165082.4
3027 165034.5
3028 164984.2
3029 164931.4
3030 164875.9
3031 164817.6
3032 164756.6
3033 164692.6
3034 164625.7
3035 164555.7
3036 164482.8
3037 164406.8
3038 164327.7
3039 164245.6
3040 164160.4
3041 164072.3
3042 164085.7
3043 164115.5
3044 164144
3045 164171.2
3046 164196.6
3047 164218.2
3048 164238.4
3049 164257
3050 164273.9
3051 164296.7
3052 164353.1
3053 164408.8
3054 164463.6
3055 164517.4
3056 164570.2
3057 164621.7
3058 164671.8
3059 164720.4
3060 164767.3
3061 164812.4
3062 164855.5
3063 164896.4
3064 164934.4
3065 164967.2
3066 164997.5
3067 165032.1
3068 165115.4
3069 165197.8
3070 165279.2
3071 165359.5
3072 165438.4
3073 165515.9
3074 165591.8
3075 165665.9
3076 165738.1
3077 165808.2
3078 165876.1
3079 165941.6
3080 166004.5
3081 166064.7
3082 166122
3083 166176.4
3084 166227.6
3085 166275.7
3086 166320.3
3087 166361.5
3088 166399.3
3089 166433.4
3090 166463.9
3091 166490.7
3092 166513.9
3093 166532.7
3094 166545.6
3095 166555.3
3096 166562
3097 166565.4
3098 166565.6
3099 166562.6
3100 166556.4
3101 166547
3102 166534.6
3103 166519.2
3104 166501.1
3105 166480.3
3106 166457.2
3107 166431.7
3108 166404.4
3109 166375.2
3110 166344.5
3111 166312.4
3112 166279.3
3113 166245.2
3114 166210.5
3115 166175.4
3116 166140.1
3117 166104.8
3118 166069.8
3119 166035.2
3120 166001.2
3121 165968
3122 165935.9
3123 165905
3124 165875.3
3125 165847.2
3126 165820.8
3127 165796
3128 165773.2
3129 165752.3
3130 165733.5
3131 165716.8
3132 165702.3
3133 165690
3134 165679.9
3135 165672.2
3136 165666.7
3137 165663.4
3138 165662.4
3139 165663.6
3140 165667
3141 165672.5
3142 165680
3143 165689.5
3144 165700.8
3145 165714
3146 165728.8
3147 165745.2
3148 165763
3149 165782.2
3150 165802.5
3151 165824
3152 165846.4
3153 165869.6
3154 165893.5
3155 165918
3156 165943
3157 165968.3
3158 165993.9
3159 166019.5
3160 166045.2
3161 166070.9
3162 166096.4
3163 166121.8
3164 166146.9
3165 166171.7
3166 166196.2
3167 166220.4
3168 166244.2
3169 166267.7
3170 166290.7
3171 166319.3
3172 166355.3
3173 166391.5
3174 166427.9
3175 166464.3
3176 166500.9
3177 166537.5
3178 166574.2
3179 166610.9
3180 166647.6
3181 166684.4
3182 166721
3183 166757.6
3184 166794.1
3185 166830.3
3186 166866.3
3187 166902.1
3188 166937.4
3189 166972.3
3190 167006.7
3191 167040.5
3192 167073.8
3193 167106.3
3194 167138
3195 167169
3196 167199.1
3197 167227.6
3198 167255.1
3199 167281.8
3200 167307.4
3201 167332.1
3202 167355.6
3203 167378
3204 167399.2
3205 167419.1
3206 167437.6
3207 167454.8
3208 167470.6
3209 167484.8
3210 167497.5
3211 167508.6
3212 167518.1
3213 167525.8
3214 167531.7
3215 167535.8
3216 167538
3217 167538.2
3218 167536.3
3219 167532.3
3220 167533.8
3221 167536.2
3222 167536.2
3223 167533.7
3224 167528.7
3225 167521.1
3226 167510.8
3227 167497.9
3228 167482.3
3229 167463.9
3230 167442.8
3231 167418.9
3232 167392.3
3233 167362.9
3234 167330.8
3235 167296.1
3236 167258.8
3237 167219
3238 167176.8
3239 167132.3
3240 167085.7
3241 167037
3242 166986.5
3243 166934.3
3244 166880.6
3245 166825.6
3246 166769.5
3247 166712.4
3248 166654.6
3249 166596.3
3250 166537.7
3251 166478.9
3252 166420.2
3253 166361.8
3254 166303.7
3255 166246.2
3256 166189.4
3257 166133
3258 166077.6
3259 166023.4
3260 165970.5
3261 165919.1
3262 165869
3263 165820.5
3264 165773.6
3265 165728.3
3266 165684.6
3267 165642.7
3268 165602.4
3269 165564
3270 165527.3
3271 165492.6
3272 165468.3
3273 165445.5
3274 165424.3
3275 165404.5
3276 165386.2
3277 165369.5
3278 165354.2
3279 165340.5
3280 165328.2
3281 165317.3
3282 165307.9
3283 165299.9
3284 165293.3
3285 165288
3286 165283.9
3287 165281.1
3288 165279.4
3289 165278.8
3290 165279.2
3291 165280.6
3292 165282.8
3293 165285.8
3294 165289.6
3295 165293.9
3296 165298.8
3297 165304.2
3298 165309.9
3299 165315.8
3300 165322
3301 165328.2
3302 165334.4
3303 165340.6
3304 165346.5
3305 165352.3
3306 165357.7
3307 165362.6
3308 165367.2
3309 165371.2
3310 165374.7
3311 165377.5
3312 165379.6
3313 165381
3314 165381.6
3315 165381.4
3316 165380.5
3317 165378.7
3318 165376.1
3319 165372.7
3320 165368.5
3321 165363.5
3322 165357.6
3323 165351.1
3324 165343.8
3325 165335.9
3326 165327.2
3327 165318
3328 165308.2
3329 165297.9
3330 165287.1
3331 165275.9
3332 165264.3
3333 165252.4
3334 165240.2
3335 165227.7
3336 165215
3337 165202.2
3338 165189.2
3339 165176.2
3340 165163.1
3341 165150
3342 165137
3343 165124.1
3344 165111.3
3345 165098.7
3346 165086.3
3347 165074.2
3348 165062.4
3349 165050.9
3350 165039.9
3351 165029.3
3352 165019.3
3353 165009.8
3354 165000.9
3355 164992.6
3356 164985
3357 164978.2
3358 164972.2
3359 164966.9
3360 164962.4
3361 164958.8
3362 164956
3363 164954
3364 164952.9
3365 164952.6
3366 164953.1
3367 164954.5
3368 164956.6
3369 164959.4
3370 164963
3371 164967.2
3372 164972
3373 164977.5
3374 164983.4
3375 164989.9
3376 164996.8
3377 165004.1
3378 165011.7
3379 165019.7
3380 165027.9
3381 165036.3
3382 165044.8
3383 165053.5
3384 165062.3
3385 165071.1
3386 165080
3387 165088.7
3388 165097.5
3389 165106
3390 165114.5
3391 165122.8
3392 165130.9
3393 165138.8
3394 165146.5
3395 165153.8
3396 165160.9
3397 165167.7
3398 165174
3399 165180.1
3400 165185.8
3401 165191.1
3402 165196
3403 165200.5
3404 165204.6
3405 165208.4
3406 165211.7
3407 165214.7
3408 165217.3
3409 165219.5
3410 165221.4
3411 165223
3412 165224.2
3413 165225.2
3414 165225.9
3415 165226.4
3416 165226.6
3417 165226.7
3418 165226.5
3419 165226.3
3420 165225.9
3421 165225.4
3422 165224.8
3423 165224.1
3424 165223.4
3425 165222.7
3426 165221.9
3427 165221
3428 165220.2
3429 165219.4
3430 165218.6
3431 165217.8
3432 165216.9
3433 165216.1
3434 165215.3
3435 165214.4
3436 165213.6
3437 165212.7
3438 165211.8
3439 165210.8
3440 165209.8
3441 165208.7
3442 165207.5
3443 165206.3
3444 165204.9
3445 165203.4
3446 165201.8
3447 165199.9
3448 165197.9
3449 165195.7
3450 165193.3
3451 165190.7
3452 165187.8
3453 165184.7
3454 165181.4
3455 165177.9
3456 165174.1
3457 165170.1
3458 165165.9
3459 165161.5
3460 165156.9
3461 165152.1
3462 165147.2
3463 165142.1
3464 165136.9
3465 165131.6
3466 165126.2
3467 165120.7
3468 165115.1
3469 165109.5
3470 165103.9
3471 165098.3
3472 165092.7
3473 165087.2
3474 165081.8
3475 165076.4
3476 165071.2
3477 165066.1
3478 165061.2
3479 165056.5
3480 165052
3481 165047.8
3482 165043.9
3483 165040.3
3484 165037.1
3485 165034.2
3486 165031.8
3487 165029.8
3488 165028.2
3489 165027.1
3490 165026.5
3491 165026.4
3492 165026.8
3493 165027.8
3494 165029.3
3495 165031.3
3496 165033.8
3497 165036.9
3498 165040.5
3499 165044.7
3500 165049.5
3501 165054.7
3502 165060.5
3503 165066.8
3504 165073.5
3505 165080.8
3506 165088.6
3507 165096.8
3508 165105.4
3509 165114.5
3510 165123.9
3511 165133.8
3512 165144
3513 165154.6
3514 165165.4
3515 165176.6
3516 165188
3517 165199.7
3518 165211.6
3519 165223.7
3520 165236
3521 165248.3
3522 165260.8
3523 165273.3
3524 165285.8
3525 165298.2
3526 165310.7
3527 165323
3528 165335.2
3529 165347.2
3530 165359
3531 165370.5
3532 165381.8
3533 165392.9
3534 165403.6
3535 165414
3536 165424
3537 165433.7
3538 165443
3539 165452
3540 165460.5
3541 165468.7
3542 165476.5
3543 165483.9
3544 165490.8
3545 165497.4
3546 165503.6
3547 165509.5
3548 165514.9
3549 165519.9
3550 165524.5
3551 165528.8
3552 165532.6
3553 165536.1
3554 165539.2
3555 165541.9
3556 165544.3
3557 165546.3
3558 165547.9
3559 165549.2
3560 165550.2
3561 165550.8
3562 165551.1
3563 165551.2
3564 165550.9
3565 165550.4
3566 165549.6
3567 165548.6
3568 165547.3
3569 165545.9
3570 165544.3
3571 165542.4
3572 165540.4
3573 165538.3
3574 165536
3575 165533.7
3576 165531.2
3577 165528.7
3578 165526
3579 165523.4
3580 165520.6
3581 165517.9
3582 165515.1
3583 165512.3
3584 165509.5
3585 165506.6
3586 165503.8
3587 165501
3588 165498.1
3589 165495.3
3590 165492.5
3591 165489.6
3592 165486.8
3593 165483.9
3594 165481.1
3595 165478.2
3596 165475.3
3597 165472.3
3598 165469.3
3599 165466.3
3600 165463.2
3601 165460.1
3602 165457
3603 165453.7
3604 165450.5
3605 165447.2
3606 165443.9
3607 165440.5
3608 165437.1
3609 165433.6
3610 165430.2
3611 165426.7
3612 165423.3
3613 165419.8
3614 165416.4
3615 165413
3616 165409.6
3617 165406.3
3618 165403.1
3619 165399.9
3620 165396.9
3621 165393.9
3622 165391.1
3623 165388.5
3624 165386
3625 165383.7
3626 165381.7
3627 165379.8
3628 165378.2
3629 165376.9
3630 165375.9
3631 165375.1
3632 165374.7
3633 165374.6
3634 165374.8
3635 165375.3
3636 165376.1
3637 165377.3
3638 165378.8
3639 165380.6
3640 165382.6
3641 165385
3642 165387.6
3643 165390.4
3644 165393.5
3645 165396.8
3646 165400.3
3647 165403.9
3648 165407.7
3649 165411.7
3650 165415.8
3651 165420
3652 165424.3
3653 165428.7
3654 165433.2
3655 165437.8
3656 165442.5
3657 165447.2
3658 165452
3659 165456.9
3660 165461.9
3661 165466.9
3662 165472
3663 165477.2
3664 165482.5
3665 165487.9
3666 165493.4
3667 165499
3668 165504.8
3669 165510.6
3670 165516.7
3671 165522.8
3672 165529.2
3673 165535.7
3674 165542.3
3675 165549.1
3676 165556.1
3677 165563.2
3678 165570.4
3679 165577.7
3680 165585
3681 165592.4
3682 165599.8
3683 165607.3
3684 165614.6
3685 165621.9
3686 165629
3687 165636
3688 165642.8
3689 165649.3
3690 165655.6
3691 165661.7
3692 165667.4
3693 165672.8
3694 165677.8
3695 165682.5
3696 165686.9
3697 165690.9
3698 165694.6
3699 165697.8
3700 165700.8
3701 165703.4
3702 165705.8
3703 165707.8
3704 165709.5
3705 165710.9
3706 165712.1
3707 165713
3708 165713.6
3709 165714.1
3710 165714.3
3711 165714.3
3712 165714.1
3713 165713.8
3714 165713.2
3715 165712.5
3716 165711.6
3717 165710.6
3718 165709.3
3719 165708
3720 165706.5
3721 165704.9
3722 165703.1
3723 165701.3
3724 165699.3
3725 165697.3
3726 165695.2
3727 165693
3728 165690.8
3729 165688.6
3730 165686.4
3731 165684.2
3732 165682.1
3733 165680
3734 165678
3735 165676
3736 165674.2
3737 165672.4
3738 165670.8
3739 165669.3
3740 165668
3741 165666.9
3742 165665.9
3743 165665.1
3744 165664.4
3745 165664
3746 165663.7
3747 165663.6
3748 165663.6
3749 165663.9
3750 165664.4
3751 165665
3752 165665.8
3753 165666.8
3754 165668
3755 165669.3
3756 165670.8
3757 165672.4
3758 165674.2
3759 165676.1
3760 165678.1
3761 165680.1
3762 165682.3
3763 165684.5
3764 165686.7
3765 165688.9
3766 165691.2
3767 165693.4
3768 165695.6
3769 165697.7
3770 165699.7
3771 165701.7
3772 165703.6
3773 165705.5
3774 165707.2
3775 165708.9
3776 165710.4
3777 165711.9
3778 165713.3
3779 165714.7
3780 165716
3781 165717.2
3782 165718.4
3783 165719.6
3784 165720.8
3785 165722
3786 165723.2
3787 165724.4
3788 165725.6
3789 165726.8
3790 165728.1
3791 165729.5
3792 165730.8
3793 165732.2
3794 165733.7
3795 165735.1
3796 165736.6
3797 165738.1
3798 165739.7
3799 165741.2
3800 165742.7
3801 165744.3
3802 165745.7
3803 165747.2
3804 165748.5
3805 165749.8
3806 165751.1
3807 165752.3
3808 165753.3
3809 165754.3
3810 165755.1
3811 165755.8
3812 165756.4
3813 165756.9
3814 165757.2
3815 165757.4
3816 165757.5
3817 165757.4
3818 165757.2
3819 165756.8
3820 165756.3
3821 165755.7
3822 165755.1
3823 165754.3
3824 165753.5
3825 165752.6
3826 165751.7
3827 165750.8
3828 165749.8
3829 165748.8
3830 165747.9
3831 165747
3832 165746.1
3833 165745.3
3834 165744.5
3835 165743.8
3836 165743.2
3837 165742.6
3838 165742.2
3839 165741.9
3840 165741.7
3841 165741.6
3842 165741.6
3843 165741.7
3844 165742
3845 165742.4
3846 165742.9
3847 165743.5
3848 165744.3
3849 165745.2
3850 165746.1
3851 165747.2
3852 165748.3
3853 165749.5
3854 165750.7
3855 165752
3856 165753.2
3857 165754.5
3858 165755.6
3859 165756.8
3860 165757.8
3861 165758.8
3862 165759.6
3863 165760.4
3864 165761
3865 165761.4
3866 165761.7
3867 165761.9
3868 165761.9
3869 165761.7
3870 165761.5
3871 165761.1
3872 165760.6
3873 165760
3874 165759.3
3875 165758.6
3876 165757.8
3877 165756.9
3878 165756.1
3879 165755.2
3880 165754.4
3881 165753.5
3882 165752.7
3883 165751.9
3884 165751.1
3885 165750.4
3886 165749.7
3887 165749.1
3888 165748.4
3889 165747.8
3890 165747.3
3891 165746.8
3892 165746.2
3893 165745.7
3894 165745.2
3895 165744.7
3896 165744.3
3897 165743.8
3898 165743.3
3899 165742.8
3900 165742.3
3901 165741.8
3902 165741.3
3903 165740.8
3904 165740.3
3905 165739.8
3906 165739.3
3907 165738.8
3908 165738.3
3909 165737.8
3910 165737.4
3911 165736.9
3912 165736.5
3913 165736.1
3914 165735.8
3915 165735.4
3916 165735.2
3917 165734.9
3918 165734.8
3919 165734.7
3920 165734.7
3921 165734.7
3922 165734.9
3923 165735.1
3924 165735.4
3925 165735.7
3926 165736.2
3927 165736.7
3928 165737.3
3929 165738
3930 165738.7
3931 165739.5
3932 165740.4
3933 165741.3
3934 165742.2
3935 165743.1
3936 165744.1
3937 165745.2
3938 165746.3
3939 165747.3
3940 165748.5
3941 165749.6
3942 165750.8
3943 165752.1
3944 165753.3
3945 165754.6
3946 165756
3947 165757.4
3948 165758.8
3949 165760.3
3950 165761.9
3951 165763.5
3952 165765.1
3953 165766.7
3954 165768.4
3955 165770.1
3956 165771.8
3957 165773.5
3958 165775.2
3959 165776.9
3960 165778.6
3961 165780.2
3962 165781.8
3963 165783.3
3964 165784.8
3965 165786.2
3966 165787.6
3967 165788.9
3968 165790.1
3969 165791.3
3970 165792.4
3971 165793.4
3972 165794.3
3973 165795.2
3974 165796
3975 165796.7
3976 165797.3
3977 165797.8
3978 165798.2
3979 165798.5
3980 165798.8
3981 165798.9
3982 165798.8
3983 165798.7
3984 165798.5
3985 165798.1
3986 165797.6
3987 165797
3988 165796.3
3989 165795.5
3990 165794.6
3991 165793.7
3992 165792.6
3993 165791.5
3994 165790.4
3995 165789.2
3996 165787.9
3997 165786.7
3998 165785.4
3999 165784.2
4000 165782.9
4001 165781.7
4002 165780.5
4003 165779.4
4004 165778.2
4005 165777.1
4006 165776
4007 165775
4008 165773.9
4009 165772.9
4010 165771.8
4011 165770.8
4012 165769.7
4013 165768.6
4014 165767.5
4015 165766.3
4016 165765.1
4017 165763.8
4018 165762.4
4019 165760.9
4020 165759.3
4021 165757.7
4022 165755.9
4023 165754.1
4024 165752.1
4025 165750.1
4026 165748
4027 165745.8
4028 165743.6
4029 165741.4
4030 165739.1
4031 165736.8
4032 165734.5
4033 165732.2
4034 165729.9
4035 165727.7
4036 165725.5
4037 165723.3
4038 165721.2
4039 165719.2
4040 165717.2
4041 165715.3
4042 165713.5
4043 165711.6
4044 165709.9
4045 165708.2
4046 165706.5
4047 165704.8
4048 165703.2
4049 165701.5
4050 165699.9
4051 165698.3
4052 165696.7
4053 165695
4054 165693.4
4055 165691.8
4056 165690.2
4057 165688.6
4058 165687.1
4059 165685.6
4060 165684.2
4061 165682.8
4062 165681.6
4063 165680.4
4064 165679.4
4065 165678.5
4066 165677.7
4067 165677
4068 165676.5
4069 165676.2
4070 165676
4071 165676
4072 165676
4073 165676.3
4074 165676.6
4075 165677.1
4076 165677.7
4077 165678.3
4078 165679.1
4079 165680
4080 165680.9
4081 165681.8
4082 165682.8
4083 165683.9
4084 165685
4085 165686.2
4086 165687.3
4087 165688.5
4088 165689.7
4089 165690.9
4090 165692.1
4091 165693.4
4092 165694.6
4093 165695.9
4094 165697.2
4095 165698.5
4096 165699.9
4097 165701.3
4098 165702.6
4099 165704
4100 165705.4
4101 165706.8
4102 165708.3
4103 165709.8
4104 165711.3
4105 165712.8
4106 165714.3
4107 165715.9
4108 165717.4
4109 165719
4110 165720.6
4111 165722.2
4112 165723.8
4113 165725.4
4114 165727
4115 165728.5
4116 165730
4117 165731.5
4118 165733
4119 165734.4
4120 165735.8
4121 165737
4122 165738.3
4123 165739.4
4124 165740.5
4125 165741.5
4126 165742.5
4127 165743.4
4128 165744.2
4129 165744.9
4130 165745.5
4131 165746.1
4132 165746.7
4133 165747.2
4134 165747.6
4135 165748
4136 165748.4
4137 165748.8
4138 165749.1
4139 165749.3
4140 165749.6
4141 165749.9
4142 165750.1
4143 165750.4
4144 165750.6
4145 165750.8
4146 165751.1
4147 165751.3
4148 165751.6
4149 165751.9
4150 165752.2
4151 165752.5
4152 165752.8
4153 165753.1
4154 165753.5
4155 165753.8
4156 165754.2
4157 165754.5
4158 165754.8
4159 165755.2
4160 165755.5
4161 165755.8
4162 165756.1
4163 165756.3
4164 165756.6
4165 165756.8
4166 165756.9
4167 165757
4168 165757
4169 165757
4170 165757
4171 165756.8
4172 165756.7
4173 165756.5
4174 165756.2
4175 165755.9
4176 165755.5
4177 165755.1
4178 165754.7
4179 165754.2
4180 165753.6
4181 165753
4182 165752.4
4183 165751.8
4184 165751.1
4185 165750.4
4186 165749.7
4187 165748.9
4188 165748.1
4189 165747.2
4190 165746.4
4191 165745.4
4192 165744.5
4193 165743.5
4194 165742.5
4195 165741.5
4196 165740.4
4197 165739.3
4198 165738.3
4199 165737.1
4200 165736
4201 165734.9
4202 165733.8
4203 165732.7
4204 165731.6
4205 165730.5
4206 165729.5
4207 165728.5
4208 165727.5
4209 165726.5
4210 165725.6
4211 165724.8
4212 165724
4213 165723.2
4214 165722.4
4215 165721.8
4216 165721.1
4217 165720.5
4218 165719.9
4219 165719.4
4220 165718.8
4221 165718.3
4222 165717.8
4223 165717.4
4224 165716.9
4225 165716.4
4226 165715.9
4227 165715.4
4228 165714.9
4229 165714.4
4230 165713.8
4231 165713.2
4232 165712.6
4233 165712
4234 165711.4
4235 165710.8
4236 165710.3
4237 165709.7
4238 165709.2
4239 165708.7
4240 165708.3
4241 165707.9
4242 165707.5
4243 165707.3
4244 165707.1
4245 165707
4246 165707
4247 165707
4248 165707.2
4249 165707.5
4250 165707.8
4251 165708.3
4252 165708.8
4253 165709.4
4254 165710.1
4255 165710.8
4256 165711.6
4257 165712.4
4258 165713.3
4259 165714.2
4260 165715
4261 165715.9
4262 165716.8
4263 165717.6
4264 165718.5
4265 165719.3
4266 165720
4267 165720.8
4268 165721.5
4269 165722.1
4270 165722.8
4271 165723.4
4272 165723.9
4273 165724.5
4274 165725
4275 165725.5
4276 165726
4277 165726.5
4278 165727
4279 165727.4
4280 165727.8
4281 165728.3
4282 165728.7
4283 165729
4284 165729.4
4285 165729.8
4286 165730.1
4287 165730.4
4288 165730.6
4289 165730.8
4290 165731
4291 165731.1
4292 165731.1
4293 165731.1
4294 165731
4295 165730.9
4296 165730.7
4297 165730.4
4298 165730.1
4299 165729.7
4300 165729.2
4301 165728.6
4302 165728.1
4303 165727.5
4304 165726.8
4305 165726.1
4306 165725.4
4307 165724.7
4308 165724.1
4309 165723.4
4310 165722.8
4311 165722.2
4312 165721.7
4313 165721.3
4314 165720.9
4315 165720.5
4316 165720.3
4317 165720.2
4318 165720.1
4319 165720.1
4320 165720.1
4321 165720.2
4322 165720.4
4323 165720.6
4324 165720.8
4325 165721
4326 165721.2
4327 165721.5
4328 165721.7
4329 165721.9
4330 165722.1
4331 165722.3
4332 165722.5
4333 165722.7
4334 165722.9
4335 165723.1
4336 165723.4
4337 165723.7
4338 165724
4339 165724.4
4340 165724.8
4341 165725.3
4342 165725.8
4343 165726.5
4344 165727.2
4345 165728
4346 165728.8
4347 165729.7
4348 165730.7
4349 165731.7
4350 165732.8
4351 165733.8
4352 165735
4353 165736.1
4354 165737.2
4355 165738.3
4356 165739.4
4357 165740.5
4358 165741.5
4359 165742.5
4360 165743.5
4361 165744.4
4362 165745.2
4363 165746
4364 165746.7
4365 165747.3
4366 165747.9
4367 165748.4
4368 165748.9
4369 165749.3
4370 165749.6
4371 165749.8
4372 165750
4373 165750.1
4374 165750.3
4375 165750.3
4376 165750.4
4377 165750.5
4378 165750.5
4379 165750.6
4380 165750.7
4381 165750.8
4382 165751
4383 165751.3
4384 165751.6
4385 165751.9
4386 165752.4
4387 165752.9
4388 165753.5
4389 165754.1
4390 165754.8
4391 165755.5
4392 165756.3
4393 165757
4394 165757.8
4395 165758.5
4396 165759.3
4397 165759.9
4398 165760.5
4399 165761.1
4400 165761.6
4401 165762
4402 165762.3
4403 165762.6
4404 165762.8
4405 165762.9
4406 165762.9
4407 165762.9
4408 165762.9
4409 165762.8
4410 165762.7
4411 165762.6
4412 165762.5
4413 165762.4
4414 165762.3
4415 165762.3
4416 165762.3
4417 165762.3
4418 165762.4
4419 165762.6
4420 165762.8
4421 165763.1
4422 165763.4
4423 165763.8
4424 165764.2
4425 165764.6
4426 165765.1
4427 165765.5
4428 165766
4429 165766.5
4430 165766.9
4431 165767.3
4432 165767.7
4433 165768
4434 165768.2
4435 165768.4
4436 165768.5
4437 165768.5
4438 165768.4
4439 165768.2
4440 165768
4441 165767.6
4442 165767.2
4443 165766.6
4444 165766
4445 165765.3
4446 165764.5
4447 165763.6
4448 165762.6
4449 165761.6
4450 165760.5
4451 165759.3
4452 165758
4453 165756.7
4454 165755.4
4455 165754
4456 165752.5
4457 165751
4458 165749.5
4459 165748
4460 165746.5
4461 165745
4462 165743.5
4463 165742
4464 165740.6
4465 165739.3
4466 165737.9
4467 165736.7
4468 165735.5
4469 165734.4
4470 165733.3
4471 165732.3
4472 165731.4
4473 165730.6
4474 165729.8
4475 165729
4476 165728.3
4477 165727.7
4478 165727
4479 165726.4
4480 165725.8
4481 165725.1
4482 165724.5
4483 165723.9
4484 165723.3
4485 165722.6
4486 165721.9
4487 165721.2
4488 165720.5
4489 165719.8
4490 165719
4491 165718.3
4492 165717.6
4493 165716.9
4494 165716.2
4495 165715.6
4496 165715
4497 165714.4
4498 165713.9
4499 165713.4
4500 165713
4501 165712.6
4502 165712.3
4503 165712
4504 165711.8
4505 165711.7
4506 165711.7
4507 165711.7
4508 165711.8
4509 165711.9
4510 165712
4511 165712.3
4512 165712.5
4513 165712.8
4514 165713.1
4515 165713.5
4516 165713.8
4517 165714.2
4518 165714.5
4519 165714.8
4520 165715.1
4521 165715.4
4522 165715.6
4523 165715.7
4524 165715.9
4525 165715.9
4526 165715.9
4527 165715.9
4528 165715.8
4529 165715.6
4530 165715.4
4531 165715.1
4532 165714.8
4533 165714.5
4534 165714.2
4535 165713.8
4536 165713.5
4537 165713.2
4538 165713
4539 165712.8
4540 165712.7
4541 165712.7
4542 165712.7
4543 165712.9
4544 165713.2
4545 165713.6
4546 165714.1
4547 165714.7
4548 165715.4
4549 165716.2
4550 165717.1
4551 165718.1
4552 165719.1
4553 165720.2
4554 165721.3
4555 165722.5
4556 165723.5
4557 165724.6
4558 165725.6
4559 165726.6
4560 165727.5
4561 165728.3
4562 165729.1
4563 165729.7
4564 165730.3
4565 165730.8
4566 165731.2
4567 165731.5
4568 165731.8
4569 165732
4570 165732.1
4571 165732.2
4572 165732.3
4573 165732.5
4574 165732.6
4575 165732.7
4576 165732.9
4577 165733.1
4578 165733.4
4579 165733.7
4580 165734
4581 165734.4
4582 165734.9
4583 165735.3
4584 165735.8
4585 165736.4
4586 165736.9
4587 165737.4
4588 165738
4589 165738.5
4590 165739
4591 165739.4
4592 165739.8
4593 165740.2
4594 165740.5
4595 165740.7
4596 165740.9
4597 165741
4598 165741
4599 165741
4600 165740.8
4601 165740.7
4602 165740.5
4603 165740.2
4604 165739.9
4605 165739.5
4606 165739.2
4607 165738.8
4608 165738.3
4609 165737.9
4610 165737.5
4611 165737.1
4612 165736.7
4613 165736.3
4614 165736
4615 165735.7
4616 165735.5
4617 165735.2
4618 165735.1
4619 165734.9
4620 165734.8
4621 165734.8
4622 165734.8
4623 165734.8
4624 165734.9
4625 165735
4626 165735.1
4627 165735.3
4628 165735.5
4629 165735.7
4630 165735.9
4631 165736.2
4632 165736.5
4633 165736.8
4634 165737.1
4635 165737.4
4636 165737.7
4637 165738
4638 165738.4
4639 165738.7
4640 165739.1
4641 165739.5
4642 165739.9
4643 165740.3
4644 165740.8
4645 165741.2
4646 165741.7
4647 165742.1
4648 165742.6
4649 165743
4650 165743.5
4651 165743.9
4652 165744.4
4653 165744.8
4654 165745.2
4655 165745.5
4656 165745.9
4657 165746.2
4658 165746.4
4659 165746.7
4660 165746.9
4661 165747
4662 165747.1
4663 165747.2
4664 165747.3
4665 165747.3
4666 165747.3
4667 165747.3
4668 165747.2
4669 165747.2
4670 165747.1
4671 165747
4672 165746.9
4673 165746.8
4674 165746.7
4675 165746.5
4676 165746.4
4677 165746.2
4678 165746
4679 165745.8
4680 165745.5
4681 165745.2
4682 165744.9
4683 165744.5
4684 165744.1
4685 165743.6
4686 165743.1
4687 165742.5
4688 165741.9
4689 165741.2
4690 165740.5
4691 165739.8
4692 165739.1
4693 165738.3
4694 165737.5
4695 165736.7
4696 165736
4697 165735.2
4698 165734.5
4699 165733.8
4700 165733.1
4701 165732.5
4702 165731.9
4703 165731.4
4704 165730.8
4705 165730.4
4706 165729.9
4707 165729.5
4708 165729.1
4709 165728.7
4710 165728.3
4711 165728
4712 165727.7
4713 165727.3
4714 165727
4715 165726.8
4716 165726.5
4717 165726.3
4718 165726.1
4719 165725.9
4720 165725.8
4721 165725.7
4722 165725.6
4723 165725.7
4724 165725.7
4725 165725.9
4726 165726.1
4727 165726.3
4728 165726.7
4729 165727
4730 165727.4
4731 165727.9
4732 165728.5
4733 165729
4734 165729.6
4735 165730.3
4736 165730.9
4737 165731.6
4738 165732.3
4739 165733
4740 165733.7
4741 165734.4
4742 165735.1
4743 165735.8
4744 165736.5
4745 165737.2
4746 165737.8
4747 165738.4
4748 165739
4749 165739.6
4750 165740.1
4751 165740.7
4752 165741.1
4753 165741.6
4754 165742
4755 165742.4
4756 165742.7
4757 165743
4758 165743.3
4759 165743.6
4760 165743.8
4761 165744
4762 165744.1
4763 165744.2
4764 165744.3
4765 165744.4
4766 165744.5
4767 165744.5
4768 165744.5
4769 165744.6
4770 165744.6
4771 165744.7
4772 165744.8
4773 165744.9
4774 165745.1
4775 165745.3
4776 165745.5
4777 165745.9
4778 165746.2
4779 165746.6
4780 165747.1
4781 165747.6
4782 165748.1
4783 165748.7
4784 165749.3
4785 165749.9
4786 165750.5
4787 165751.1
4788 165751.6
4789 165752.1
4790 165752.6
4791 165753
4792 165753.3
4793 165753.6
4794 165753.7
4795 165753.8
4796 165753.7
4797 165753.5
4798 165753.3
4799 165752.9
4800 165752.4
4801 165751.9
4802 165751.2
4803 165750.5
4804 165749.8
4805 165749
4806 165748.2
4807 165747.3
4808 165746.5
4809 165745.8
4810 165745
4811 165744.4
4812 165743.8
4813 165743.3
4814 165742.9
4815 165742.6
4816 165742.4
4817 165742.4
4818 165742.4
4819 165742.5
4820 165742.7
4821 165743
4822 165743.3
4823 165743.7
4824 165744.1
4825 165744.5
4826 165744.9
4827 165745.3
4828 165745.6
4829 165745.8
4830 165746
4831 165746
4832 165746
4833 165745.8
4834 165745.5
4835 165745.2
4836 165744.7
4837 165744.2
4838 165743.5
4839 165742.8
4840 165742
4841 165741.1
4842 165740.2
4843 165739.3
4844 165738.4
4845 165737.5
4846 165736.5
4847 165735.7
4848 165734.9
4849 165734.1
4850 165733.5
4851 165732.9
4852 165732.3
4853 165731.9
4854 165731.6
4855 165731.4
4856 165731.3
4857 165731.2
4858 165731.3
4859 165731.4
4860 165731.7
4861 165732
4862 165732.3
4863 165732.7
4864 165733.2
4865 165733.7
4866 165734.1
4867 165734.6
4868 165735.1
4869 165735.5
4870 165736
4871 165736.3
4872 165736.7
4873 165736.9
4874 165737.2
4875 165737.3
4876 165737.5
4877 165737.5
4878 165737.6
4879 165737.5
4880 165737.5
4881 165737.5
4882 165737.4
4883 165737.3
4884 165737.1
4885 165737
4886 165736.9
4887 165736.8
4888 165736.6
4889 165736.5
4890 165736.4
4891 165736.2
4892 165736.1
4893 165735.9
4894 165735.8
4895 165735.6
4896 165735.4
4897 165735.3
4898 165735
4899 165734.8
4900 165734.5
4901 165734.3
4902 165733.9
4903 165733.6
4904 165733.2
4905 165732.8
4906 165732.4
4907 165732
4908 165731.5
4909 165731.1
4910 165730.6
4911 165730.1
4912 165729.6
4913 165729
4914 165728.5
4915 165727.9
4916 165727.4
4917 165726.8
4918 165726.3
4919 165725.7
4920 165725.1
4921 165724.6
4922 165724
4923 165723.5
4924 165722.9
4925 165722.4
4926 165722
4927 165721.5
4928 165721.1
4929 165720.7
4930 165720.3
4931 165720
4932 165719.7
4933 165719.5
4934 165719.4
4935 165719.3
4936 165719.3
4937 165719.3
4938 165719.5
4939 165719.6
4940 165719.9
4941 165720.2
4942 165720.5
4943 165720.9
4944 165721.3
4945 165721.8
4946 165722.3
4947 165722.8
4948 165723.2
4949 165723.7
4950 165724.2
4951 165724.6
4952 165725
4953 165725.4
4954 165725.7
4955 165726
4956 165726.3
4957 165726.5
4958 165726.7
4959 165726.8
4960 165726.9
4961 165727
4962 165727.1
4963 165727.2
4964 165727.3
4965 165727.4
4966 165727.5
4967 165727.6
4968 165727.8
4969 165727.9
4970 165728.2
4971 165728.4
4972 165728.7
4973 165729
4974 165729.3
4975 165729.7
4976 165730.2
4977 165730.6
4978 165731
4979 165731.5
4980 165731.9
4981 165732.4
4982 165732.8
4983 165733.2
4984 165733.6
4985 165734
4986 165734.4
4987 165734.7
4988 165735
4989 165735.3
4990 165735.6
4991 165735.9
4992 165736.2
4993 165736.5
4994 165736.8
4995 165737.1
4996 165737.5
4997 165737.8
4998 165738.2
4999 165738.5
5000 165738.9
