"cm-rfile"
"Iteration" "cm"
("Iteration" "cm")
1 -0.06219668
2 -0.06146277
3 -0.06063024
4 -0.06002938
5 -0.05951931
6 -0.05910765
7 -0.05879546
8 -0.05856644
9 -0.05840359
10 -0.05829223
11 -0.05822412
12 -0.0581904
13 -0.05818316
14 -0.05819506
15 -0.05822577
16 -0.05826637
17 -0.05831107
18 -0.05836005
19 -0.05841161
20 -0.05846396
21 -0.05851838
22 -0.0585742
23 -0.058631
24 -0.05869116
25 -0.05875697
26 -0.0588264
27 -0.05889551
28 -0.05896446
29 -0.05903207
30 -0.05909665
31 -0.05915987
32 -0.05922037
33 -0.05927773
34 -0.05933071
35 -0.05937991
36 -0.05942332
37 -0.05946079
38 -0.05949303
39 -0.05951902
40 -0.05953901
41 -0.05955282
42 -0.05955948
43 -0.05955974
44 -0.05955314
45 -0.05953907
46 -0.05951802
47 -0.05949062
48 -0.05945626
49 -0.05941516
50 -0.05936728
51 -0.05931277
52 -0.05925203
53 -0.05918482
54 -0.059112
55 -0.05903321
56 -0.0589484
57 -0.0588583
58 -0.05876305
59 -0.05866251
60 -0.05855759
61 -0.05844733
62 -0.05833361
63 -0.05821519
64 -0.05809264
65 -0.05796741
66 -0.05783793
67 -0.05770526
68 -0.05756985
69 -0.05743194
70 -0.0572908
71 -0.05714749
72 -0.05700201
73 -0.05685451
74 -0.05670606
75 -0.056555
76 -0.0564031
77 -0.05624926
78 -0.05609478
79 -0.05593904
80 -0.05578231
81 -0.05562491
82 -0.05546658
83 -0.05530811
84 -0.05514957
85 -0.05499077
86 -0.0548318
87 -0.05467269
88 -0.05451349
89 -0.05435402
90 -0.05419493
91 -0.05403624
92 -0.05387763
93 -0.05371954
94 -0.05356167
95 -0.05340415
96 -0.05324695
97 -0.05309052
98 -0.05293447
99 -0.05277901
100 -0.0526241
101 -0.05247027
102 -0.05231636
103 -0.05216253
104 -0.05200899
105 -0.05185637
106 -0.05170393
107 -0.05155167
108 -0.05139989
109 -0.05124947
110 -0.05110006
111 -0.05095123
112 -0.05080368
113 -0.0506567
114 -0.05051116
115 -0.05036681
116 -0.05022298
117 -0.05008168
118 -0.04994122
119 -0.04980202
120 -0.04966458
121 -0.04952876
122 -0.04939422
123 -0.04926141
124 -0.04913094
125 -0.0490017
126 -0.04887487
127 -0.04874961
128 -0.04862667
129 -0.04850566
130 -0.04838747
131 -0.04827107
132 -0.04815648
133 -0.04804466
134 -0.04793482
135 -0.0478273
136 -0.04772305
137 -0.04762107
138 -0.04752142
139 -0.04742444
140 -0.04733071
141 -0.04723914
142 -0.04715054
143 -0.04706474
144 -0.04698255
145 -0.04690293
146 -0.04682625
147 -0.04675368
148 -0.04668424
149 -0.04661845
150 -0.04655619
151 -0.04649757
152 -0.04644308
153 -0.04639223
154 -0.04634516
155 -0.04630277
156 -0.04626418
157 -0.04623045
158 -0.0462003
159 -0.04617469
160 -0.04615437
161 -0.04613834
162 -0.0461272
163 -0.04612033
164 -0.04611887
165 -0.04612222
166 -0.04613037
167 -0.04614354
168 -0.0461621
169 -0.04618548
170 -0.04621451
171 -0.04624867
172 -0.04628831
173 -0.04633391
174 -0.04638451
175 -0.04644115
176 -0.04650321
177 -0.04657035
178 -0.0466437
179 -0.04672272
180 -0.04680758
181 -0.04689807
182 -0.04699429
183 -0.04709633
184 -0.04720475
185 -0.04731848
186 -0.04743833
187 -0.04756369
188 -0.04769547
189 -0.04783277
190 -0.04797548
191 -0.04812438
192 -0.04827864
193 -0.04843832
194 -0.04860372
195 -0.04877408
196 -0.04894989
197 -0.0491315
198 -0.04931718
199 -0.04950844
200 -0.04970475
201 -0.0499053
202 -0.05011091
203 -0.05032087
204 -0.05053493
205 -0.05075346
206 -0.05097508
207 -0.05120092
208 -0.05143062
209 -0.05166292
210 -0.05189854
211 -0.05213754
212 -0.05237899
213 -0.05262287
214 -0.0528697
215 -0.05311864
216 -0.05336883
217 -0.05362165
218 -0.05387521
219 -0.05413092
220 -0.05438749
221 -0.0546451
222 -0.05490322
223 -0.05516193
224 -0.05542133
225 -0.05568103
226 -0.05594041
227 -0.05619958
228 -0.05645922
229 -0.05671779
230 -0.05697586
231 -0.05723273
232 -0.05748889
233 -0.05774333
234 -0.05799673
235 -0.0582484
236 -0.05849835
237 -0.05874627
238 -0.05899212
239 -0.05923598
240 -0.05947753
241 -0.05971661
242 -0.05995273
243 -0.06018618
244 -0.06041723
245 -0.06064504
246 -0.06087
247 -0.06109168
248 -0.06131008
249 -0.06152495
250 -0.06173657
251 -0.06194414
252 -0.06214866
253 -0.06234911
254 -0.06254552
255 -0.06273813
256 -0.06292688
257 -0.0631115
258 -0.06329217
259 -0.06346811
260 -0.06364018
261 -0.06380785
262 -0.06397172
263 -0.06413124
264 -0.06428599
265 -0.06443675
266 -0.06458283
267 -0.06472482
268 -0.06486209
269 -0.06499488
270 -0.06512327
271 -0.06524681
272 -0.06536628
273 -0.06548066
274 -0.06559046
275 -0.06569599
276 -0.06579682
277 -0.06589292
278 -0.06598446
279 -0.06607074
280 -0.06615325
281 -0.06623066
282 -0.06630381
283 -0.0663722
284 -0.0664359
285 -0.06649451
286 -0.06654897
287 -0.0665986
288 -0.06664424
289 -0.06668524
290 -0.06672116
291 -0.06675282
292 -0.06678028
293 -0.06680284
294 -0.06682111
295 -0.06683462
296 -0.06684459
297 -0.06684984
298 -0.06685099
299 -0.06684788
300 -0.06684031
301 -0.0668286
302 -0.06681295
303 -0.06679298
304 -0.06676872
305 -0.06674109
306 -0.06670918
307 -0.06667318
308 -0.06663357
309 -0.06659027
310 -0.06654333
311 -0.06649221
312 -0.066438
313 -0.06638026
314 -0.06631851
315 -0.06625368
316 -0.06618562
317 -0.0661141
318 -0.06603954
319 -0.06596157
320 -0.06588115
321 -0.06579728
322 -0.0657104
323 -0.06562114
324 -0.06552836
325 -0.06543321
326 -0.06533553
327 -0.06523503
328 -0.06513249
329 -0.06502666
330 -0.06491914
331 -0.06475557
332 -0.06458691
333 -0.06441399
334 -0.06423643
335 -0.06405529
336 -0.06386983
337 -0.06368078
338 -0.06348798
339 -0.06329306
340 -0.06309456
341 -0.06289291
342 -0.06268933
343 -0.06248352
344 -0.06227548
345 -0.06206568
346 -0.06185369
347 -0.06164019
348 -0.06142554
349 -0.06120944
350 -0.06099243
351 -0.06077467
352 -0.06055566
353 -0.06033618
354 -0.06011687
355 -0.05989711
356 -0.05967706
357 -0.05945724
358 -0.05923736
359 -0.05901782
360 -0.0587992
361 -0.05855372
362 -0.05830972
363 -0.05806677
364 -0.0578257
365 -0.05758571
366 -0.05734747
367 -0.05711164
368 -0.0568776
369 -0.05664608
370 -0.05641681
371 -0.05618995
372 -0.05596654
373 -0.05574573
374 -0.05552838
375 -0.05531376
376 -0.05510294
377 -0.05489507
378 -0.05469118
379 -0.05449117
380 -0.054295
381 -0.0541022
382 -0.05391358
383 -0.05372897
384 -0.05354854
385 -0.05337219
386 -0.05319964
387 -0.05303194
388 -0.0528677
389 -0.05270844
390 -0.05255315
391 -0.05237535
392 -0.05220409
393 -0.05203846
394 -0.05187997
395 -0.05172795
396 -0.05158192
397 -0.05144302
398 -0.05131032
399 -0.05118395
400 -0.05106399
401 -0.0509511
402 -0.05084412
403 -0.05074394
404 -0.05064987
405 -0.05056258
406 -0.0504813
407 -0.05040617
408 -0.05033698
409 -0.05027399
410 -0.05021761
411 -0.0501668
412 -0.05012187
413 -0.05008299
414 -0.05004976
415 -0.05002154
416 -0.04999918
417 -0.0499823
418 -0.04997045
419 -0.04996331
420 -0.04996073
421 -0.04996813
422 -0.04998367
423 -0.05000681
424 -0.05003737
425 -0.05007485
426 -0.0501186
427 -0.05016758
428 -0.05022241
429 -0.05028162
430 -0.05034532
431 -0.0504126
432 -0.05048333
433 -0.05055726
434 -0.05063283
435 -0.05071107
436 -0.05079087
437 -0.05087197
438 -0.05095368
439 -0.05103584
440 -0.0511197
441 -0.05120343
442 -0.05128692
443 -0.05137058
444 -0.05145374
445 -0.05153589
446 -0.05161738
447 -0.05169763
448 -0.05177666
449 -0.05185418
450 -0.05193003
451 -0.05203381
452 -0.0521333
453 -0.05222718
454 -0.05231617
455 -0.05239958
456 -0.05247691
457 -0.05254824
458 -0.05261417
459 -0.0526736
460 -0.05272708
461 -0.05277444
462 -0.05281594
463 -0.05285201
464 -0.0528822
465 -0.05290691
466 -0.05292616
467 -0.05294048
468 -0.05294982
469 -0.05295455
470 -0.05295482
471 -0.0529508
472 -0.05294308
473 -0.05293137
474 -0.05291603
475 -0.05289767
476 -0.0528754
477 -0.05285
478 -0.05282189
479 -0.052791
480 -0.05275717
481 -0.05270226
482 -0.05264274
483 -0.05258064
484 -0.0525151
485 -0.05244759
486 -0.05237826
487 -0.05230805
488 -0.05223704
489 -0.05216593
490 -0.05209561
491 -0.05202519
492 -0.05195609
493 -0.05188802
494 -0.05182071
495 -0.05175371
496 -0.05168876
497 -0.05162469
498 -0.05156203
499 -0.0515014
500 -0.051442
501 -0.05138377
502 -0.05132755
503 -0.05127284
504 -0.05121977
505 -0.05116837
506 -0.05111867
507 -0.05107116
508 -0.05102552
509 -0.05098144
510 -0.05093937
511 -0.05088513
512 -0.05083325
513 -0.05078494
514 -0.05073967
515 -0.05069686
516 -0.05065654
517 -0.05061862
518 -0.05058257
519 -0.05054872
520 -0.05051718
521 -0.0504878
522 -0.05045953
523 -0.05043365
524 -0.0504104
525 -0.05038888
526 -0.05037061
527 -0.05035542
528 -0.05034317
529 -0.05033444
530 -0.05032965
531 -0.05032781
532 -0.05033016
533 -0.05033545
534 -0.05034473
535 -0.0503578
536 -0.05037491
537 -0.05039585
538 -0.05042046
539 -0.05044891
540 -0.05047973
541 -0.05051528
542 -0.05055346
543 -0.05059444
544 -0.05063749
545 -0.05068333
546 -0.05073065
547 -0.05078007
548 -0.05083052
549 -0.05088158
550 -0.05093399
551 -0.05098689
552 -0.05103979
553 -0.05109315
554 -0.05114624
555 -0.05119866
556 -0.05125013
557 -0.05130096
558 -0.05135085
559 -0.05139908
560 -0.05144593
561 -0.0514916
562 -0.05153522
563 -0.05157708
564 -0.05161781
565 -0.05165627
566 -0.05169308
567 -0.0517276
568 -0.05176083
569 -0.05179264
570 -0.05182274
571 -0.05185179
572 -0.05187977
573 -0.05190637
574 -0.0519314
575 -0.05195614
576 -0.05198001
577 -0.0520031
578 -0.05202539
579 -0.052047
580 -0.0520679
581 -0.05208902
582 -0.05210945
583 -0.05212937
584 -0.05214902
585 -0.05216841
586 -0.05218747
587 -0.0522068
588 -0.05222559
589 -0.0522439
590 -0.05224586
591 -0.05224777
592 -0.05225013
593 -0.05225346
594 -0.05225656
595 -0.05225979
596 -0.0522648
597 -0.05227094
598 -0.05227817
599 -0.05228632
600 -0.05229585
601 -0.05230645
602 -0.05231723
603 -0.05232891
604 -0.05234078
605 -0.05235381
606 -0.05236581
607 -0.05237663
608 -0.05238636
609 -0.05239467
610 -0.05240198
611 -0.05240794
612 -0.05241274
613 -0.05241686
614 -0.05241959
615 -0.05242103
616 -0.05242119
617 -0.05242046
618 -0.05241874
619 -0.05241638
620 -0.05241318
621 -0.05240905
622 -0.05240497
623 -0.05240002
624 -0.05239448
625 -0.05238894
626 -0.0523831
627 -0.05237721
628 -0.05237093
629 -0.05236506
630 -0.05235988
631 -0.05235337
632 -0.05234832
633 -0.05234315
634 -0.05233898
635 -0.05233567
636 -0.0523329
637 -0.05233127
638 -0.05233029
639 -0.05233097
640 -0.05233195
641 -0.05233322
642 -0.05233577
643 -0.05233831
644 -0.05234236
645 -0.05234651
646 -0.05235147
647 -0.05235717
648 -0.05236306
649 -0.05236971
650 -0.05237706
651 -0.05238507
652 -0.05239371
653 -0.05240281
654 -0.05241197
655 -0.05242223
656 -0.05243288
657 -0.05244423
658 -0.05245574
659 -0.05246801
660 -0.05248022
661 -0.05249262
662 -0.05250589
663 -0.05251921
664 -0.05253249
665 -0.05254588
666 -0.05255945
667 -0.0525734
668 -0.05258684
669 -0.05260036
670 -0.05261361
671 -0.05262716
672 -0.05263957
673 -0.0526524
674 -0.05265336
675 -0.0526545
676 -0.05265585
677 -0.0526576
678 -0.05265994
679 -0.05266235
680 -0.05266529
681 -0.05266902
682 -0.05267375
683 -0.05267937
684 -0.05268514
685 -0.05269198
686 -0.05269896
687 -0.05270658
688 -0.0527152
689 -0.05272299
690 -0.05273108
691 -0.05274199
692 -0.05275277
693 -0.0527638
694 -0.05277502
695 -0.05278634
696 -0.05279817
697 -0.05281074
698 -0.05282328
699 -0.05283647
700 -0.05285024
701 -0.05286419
702 -0.05287866
703 -0.05289382
704 -0.05290914
705 -0.05292473
706 -0.0529403
707 -0.05295594
708 -0.05297155
709 -0.05298707
710 -0.05300197
711 -0.05301631
712 -0.05303057
713 -0.05304401
714 -0.05305693
715 -0.0530691
716 -0.05308047
717 -0.05309109
718 -0.05310121
719 -0.05311023
720 -0.05311885
721 -0.0531265
722 -0.05313369
723 -0.05313958
724 -0.05314492
725 -0.05315015
726 -0.05315369
727 -0.05315702
728 -0.05315975
729 -0.0531619
730 -0.05316282
731 -0.05316336
732 -0.0531638
733 -0.05316264
734 -0.05316094
735 -0.05315835
736 -0.05315541
737 -0.05315122
738 -0.05314583
739 -0.05313984
740 -0.05313299
741 -0.05312496
742 -0.05311649
743 -0.053107
744 -0.05309704
745 -0.05308547
746 -0.05307347
747 -0.05306064
748 -0.05304714
749 -0.05303277
750 -0.05301797
751 -0.05300216
752 -0.05298563
753 -0.05296895
754 -0.05295159
755 -0.05293381
756 -0.0529155
757 -0.052897
758 -0.05287831
759 -0.05285946
760 -0.05284005
761 -0.05282069
762 -0.05280116
763 -0.05278169
764 -0.05276202
765 -0.05274234
766 -0.0527227
767 -0.05270323
768 -0.05268354
769 -0.05266419
770 -0.05264479
771 -0.05262552
772 -0.05260644
773 -0.05258738
774 -0.05256879
775 -0.05255038
776 -0.05253223
777 -0.05251434
778 -0.05249682
779 -0.05247973
780 -0.0524633
781 -0.05244741
782 -0.05243132
783 -0.05241607
784 -0.05240185
785 -0.05238736
786 -0.05237364
787 -0.05236015
788 -0.05234753
789 -0.0523354
790 -0.0523239
791 -0.05231301
792 -0.05230302
793 -0.05229346
794 -0.05228439
795 -0.05227585
796 -0.052268
797 -0.05226103
798 -0.05225429
799 -0.05224855
800 -0.05224325
801 -0.05223836
802 -0.05223409
803 -0.05223032
804 -0.05222709
805 -0.05222448
806 -0.05222207
807 -0.05222001
808 -0.05221803
809 -0.05221654
810 -0.05221558
811 -0.05221414
812 -0.05221272
813 -0.0522117
814 -0.05221044
815 -0.05220871
816 -0.05220706
817 -0.05220518
818 -0.05220315
819 -0.05220109
820 -0.05219805
821 -0.0521948
822 -0.05219121
823 -0.05218675
824 -0.05218166
825 -0.05217667
826 -0.0521709
827 -0.05216475
828 -0.05215787
829 -0.05215084
830 -0.05214331
831 -0.05213521
832 -0.05212682
833 -0.05211798
834 -0.05210858
835 -0.05209926
836 -0.0520895
837 -0.05207933
838 -0.05206865
839 -0.05205795
840 -0.0520473
841 -0.05203612
842 -0.05202513
843 -0.05201397
844 -0.05200287
845 -0.05199198
846 -0.05198124
847 -0.05197054
848 -0.05196035
849 -0.05195016
850 -0.05194036
851 -0.05193102
852 -0.05192244
853 -0.05191422
854 -0.05190631
855 -0.051899
856 -0.05189189
857 -0.05188595
858 -0.0518801
859 -0.05187482
860 -0.05187042
861 -0.05186651
862 -0.05186348
863 -0.05186068
864 -0.05185879
865 -0.05185742
866 -0.05185667
867 -0.05185674
868 -0.0518575
869 -0.05185894
870 -0.05186135
871 -0.05186414
872 -0.05186805
873 -0.05187269
874 -0.05187804
875 -0.05188415
876 -0.05189162
877 -0.05189981
878 -0.05190893
879 -0.05191913
880 -0.05192992
881 -0.05194177
882 -0.05195453
883 -0.05196814
884 -0.05198249
885 -0.05199767
886 -0.0520134
887 -0.05202991
888 -0.05204719
889 -0.05206427
890 -0.05208184
891 -0.05209976
892 -0.05211748
893 -0.05213553
894 -0.05215348
895 -0.05217145
896 -0.05218929
897 -0.05220702
898 -0.05222449
899 -0.05224149
900 -0.05225835
901 -0.05227531
902 -0.0522919
903 -0.05230829
904 -0.05232447
905 -0.05234048
906 -0.05235598
907 -0.05237124
908 -0.05238623
909 -0.05240142
910 -0.05241646
911 -0.0524312
912 -0.05244598
913 -0.05246067
914 -0.05247522
915 -0.05248978
916 -0.05250457
917 -0.0525193
918 -0.05253401
919 -0.05254872
920 -0.05256336
921 -0.0525784
922 -0.05259285
923 -0.05260747
924 -0.05262228
925 -0.05263645
926 -0.05265095
927 -0.05266498
928 -0.05267889
929 -0.05269242
930 -0.05270553
931 -0.05271833
932 -0.05273046
933 -0.05274192
934 -0.05275266
935 -0.05276269
936 -0.05277197
937 -0.05278056
938 -0.05278847
939 -0.05279582
940 -0.05280223
941 -0.05280824
942 -0.0528135
943 -0.05281842
944 -0.05282317
945 -0.05282765
946 -0.05283165
947 -0.05283605
948 -0.05284017
949 -0.05284444
950 -0.05284884
951 -0.05285349
952 -0.05285792
953 -0.05286272
954 -0.05286817
955 -0.05287386
956 -0.05287919
957 -0.05288545
958 -0.05289179
959 -0.05289792
960 -0.05290437
961 -0.0529114
962 -0.05291829
963 -0.05292515
964 -0.05293232
965 -0.05293961
966 -0.05294693
967 -0.05295393
968 -0.05296107
969 -0.05296832
970 -0.05297559
971 -0.05298235
972 -0.05298957
973 -0.05299652
974 -0.05300376
975 -0.05301039
976 -0.05301738
977 -0.05302421
978 -0.05303036
979 -0.05303666
980 -0.05304279
981 -0.05304864
982 -0.0530545
983 -0.0530594
984 -0.05306436
985 -0.0530692
986 -0.05307343
987 -0.0530774
988 -0.05308085
989 -0.05308409
990 -0.05308689
991 -0.05308924
992 -0.0530913
993 -0.05309289
994 -0.05309421
995 -0.05309539
996 -0.05309606
997 -0.05309629
998 -0.05309678
999 -0.0530967
1000 -0.0530966
1001 -0.05309656
1002 -0.05309611
1003 -0.05309543
1004 -0.05309458
1005 -0.0530941
1006 -0.05309316
1007 -0.05309221
1008 -0.05309131
1009 -0.05309032
1010 -0.05308923
1011 -0.05308806
1012 -0.05308719
1013 -0.05308542
1014 -0.05308443
1015 -0.05308342
1016 -0.05308177
1017 -0.05307996
1018 -0.0530786
1019 -0.05307676
1020 -0.05307494
1021 -0.05307268
1022 -0.05307022
1023 -0.05306804
1024 -0.05306553
1025 -0.05306271
1026 -0.05305989
1027 -0.05305693
1028 -0.05305338
1029 -0.05304998
1030 -0.05304611
1031 -0.0530421
1032 -0.05303803
1033 -0.05303334
1034 -0.05302867
1035 -0.05302384
1036 -0.05301865
1037 -0.0530132
1038 -0.05300767
1039 -0.05300227
1040 -0.05299675
1041 -0.05299126
1042 -0.05298552
1043 -0.05298013
1044 -0.05297448
1045 -0.05296877
1046 -0.0529631
1047 -0.05295767
1048 -0.05295205
1049 -0.05294695
1050 -0.05294171
1051 -0.05293667
1052 -0.05293199
1053 -0.05292749
1054 -0.05292304
1055 -0.05291876
1056 -0.05291474
1057 -0.05291105
1058 -0.05290749
1059 -0.05290404
1060 -0.05290082
1061 -0.05289791
1062 -0.05289499
1063 -0.05289232
1064 -0.05289004
1065 -0.05288776
1066 -0.05288582
1067 -0.05288415
1068 -0.05288208
1069 -0.05288065
1070 -0.05287942
1071 -0.05287819
1072 -0.0528771
1073 -0.05287591
1074 -0.05287522
1075 -0.05287456
1076 -0.05287388
1077 -0.05287354
1078 -0.0528729
1079 -0.05287239
1080 -0.05287211
1081 -0.05287177
1082 -0.05287184
1083 -0.05287183
1084 -0.05287183
1085 -0.0528721
1086 -0.05287194
1087 -0.05287208
1088 -0.05287249
1089 -0.05287255
1090 -0.05287304
1091 -0.05287367
1092 -0.0528743
1093 -0.05287459
1094 -0.05287518
1095 -0.05287592
1096 -0.05287644
1097 -0.05287704
1098 -0.05287774
1099 -0.05287839
1100 -0.05287892
1101 -0.05287949
1102 -0.05287998
1103 -0.05288057
1104 -0.05288089
1105 -0.05288111
1106 -0.05288125
1107 -0.05288145
1108 -0.05288166
1109 -0.0528817
1110 -0.05288176
1111 -0.05288169
1112 -0.05288155
1113 -0.0528813
1114 -0.0528811
1115 -0.05288082
1116 -0.05288051
1117 -0.05288
1118 -0.05287966
1119 -0.05287911
1120 -0.05287884
1121 -0.05287832
1122 -0.05287787
1123 -0.05287734
1124 -0.05287679
1125 -0.05287629
1126 -0.0528758
1127 -0.05287545
1128 -0.05287502
1129 -0.05287462
1130 -0.05287401
1131 -0.0528735
1132 -0.05287303
1133 -0.05287244
1134 -0.05287197
1135 -0.05287132
1136 -0.05287069
1137 -0.05287027
1138 -0.05286959
1139 -0.05286887
1140 -0.0528679
1141 -0.0528669
1142 -0.05286588
1143 -0.05286489
1144 -0.05286392
1145 -0.05286259
1146 -0.05286125
1147 -0.05285966
1148 -0.05285824
1149 -0.05285648
1150 -0.05285465
1151 -0.05285297
1152 -0.05285109
1153 -0.05284934
1154 -0.05284759
1155 -0.05284593
1156 -0.05284436
1157 -0.05284277
1158 -0.05284139
1159 -0.05284011
1160 -0.05283885
1161 -0.052838
1162 -0.0528371
1163 -0.05283656
1164 -0.05283596
1165 -0.05283586
1166 -0.05283583
1167 -0.05283575
1168 -0.0528357
1169 -0.05283573
1170 -0.05283619
1171 -0.05283655
1172 -0.05283661
1173 -0.05283671
1174 -0.05283667
1175 -0.05283654
1176 -0.05283651
1177 -0.05283644
1178 -0.05283599
1179 -0.05283572
1180 -0.05283512
1181 -0.05283466
1182 -0.05283419
1183 -0.05283347
1184 -0.05283256
1185 -0.05283173
1186 -0.05283092
1187 -0.05283009
1188 -0.05282926
1189 -0.05282858
1190 -0.05282834
1191 -0.052828
1192 -0.05282807
1193 -0.05282847
1194 -0.05282902
1195 -0.05283003
1196 -0.05283158
1197 -0.05283358
1198 -0.05283574
1199 -0.05283849
1200 -0.05284173
1201 -0.05284502
1202 -0.052849
1203 -0.05285329
1204 -0.05285794
1205 -0.0528629
1206 -0.05286812
1207 -0.05287359
1208 -0.05287928
1209 -0.05288542
1210 -0.05289156
1211 -0.05289818
1212 -0.052905
1213 -0.05291211
1214 -0.05291936
1215 -0.05292672
1216 -0.05293413
1217 -0.05294153
1218 -0.05294918
1219 -0.05295704
1220 -0.05296472
1221 -0.05297247
1222 -0.05297996
1223 -0.05298727
1224 -0.05299451
1225 -0.05300182
1226 -0.05300839
1227 -0.05301464
1228 -0.05302071
1229 -0.05302666
1230 -0.05303156
1231 -0.05303434
1232 -0.05303692
1233 -0.05303946
1234 -0.05304171
1235 -0.05304391
1236 -0.05304587
1237 -0.05304761
1238 -0.05304924
1239 -0.05305096
1240 -0.05305232
1241 -0.05305345
1242 -0.05305449
1243 -0.05305553
1244 -0.05305604
1245 -0.05305669
1246 -0.05305701
1247 -0.05305738
1248 -0.05305742
1249 -0.05305735
1250 -0.0530571
1251 -0.05305689
1252 -0.05305647
1253 -0.05305576
1254 -0.05305512
1255 -0.05305433
1256 -0.05305341
1257 -0.05305205
1258 -0.05305044
1259 -0.05304883
1260 -0.05304712
1261 -0.05304527
1262 -0.05304302
1263 -0.05304067
1264 -0.05303825
1265 -0.05303564
1266 -0.05303258
1267 -0.05302956
1268 -0.05302591
1269 -0.05302225
1270 -0.05301823
1271 -0.05301435
1272 -0.05300997
1273 -0.05300514
1274 -0.05300015
1275 -0.05299508
1276 -0.05298975
1277 -0.05298411
1278 -0.05297843
1279 -0.05297244
1280 -0.05296614
1281 -0.05296013
1282 -0.05295364
1283 -0.05294694
1284 -0.05294013
1285 -0.05293329
1286 -0.05292646
1287 -0.05291952
1288 -0.05291268
1289 -0.05290583
1290 -0.05289873
1291 -0.05289181
1292 -0.05288491
1293 -0.05287799
1294 -0.05287129
1295 -0.05286466
1296 -0.05285796
1297 -0.0528517
1298 -0.05284523
1299 -0.05283902
1300 -0.05283261
1301 -0.05282644
1302 -0.05281997
1303 -0.05281411
1304 -0.05280805
1305 -0.05280225
1306 -0.05279645
1307 -0.05279082
1308 -0.05278523
1309 -0.05277982
1310 -0.05277466
1311 -0.05276951
1312 -0.05276463
1313 -0.05275991
1314 -0.05275537
1315 -0.05275066
1316 -0.05274641
1317 -0.05274212
1318 -0.05273812
1319 -0.05273416
1320 -0.05273033
1321 -0.05272658
1322 -0.05272304
1323 -0.05271959
1324 -0.05271639
1325 -0.05271345
1326 -0.05271067
1327 -0.0527085
1328 -0.05270657
1329 -0.05270496
1330 -0.05270401
1331 -0.0527034
1332 -0.05270289
1333 -0.05270306
1334 -0.05270363
1335 -0.0527047
1336 -0.05270644
1337 -0.05270849
1338 -0.05271123
1339 -0.05271434
1340 -0.05271813
1341 -0.05272242
1342 -0.05272739
1343 -0.05273276
1344 -0.05273856
1345 -0.05274511
1346 -0.0527524
1347 -0.05276021
1348 -0.05276816
1349 -0.05277707
1350 -0.05278629
1351 -0.05279949
1352 -0.05281336
1353 -0.05282805
1354 -0.05284315
1355 -0.05285911
1356 -0.05287537
1357 -0.05289242
1358 -0.05290953
1359 -0.05292748
1360 -0.05294551
1361 -0.05296396
1362 -0.05298261
1363 -0.05300154
1364 -0.05302053
1365 -0.05303971
1366 -0.05305905
1367 -0.05307795
1368 -0.05309643
1369 -0.05311495
1370 -0.05313319
1371 -0.05315149
1372 -0.05316908
1373 -0.05318638
1374 -0.05320321
1375 -0.05321984
1376 -0.0532351
1377 -0.05325054
1378 -0.05326505
1379 -0.0532789
1380 -0.05329194
1381 -0.05330401
1382 -0.05331594
1383 -0.05332695
1384 -0.05333748
1385 -0.05334767
1386 -0.05335703
1387 -0.05336602
1388 -0.05337419
1389 -0.05338258
1390 -0.05339023
1391 -0.05339755
1392 -0.05340448
1393 -0.05341177
1394 -0.05341883
1395 -0.05342562
1396 -0.0534326
1397 -0.05343961
1398 -0.05344692
1399 -0.05345413
1400 -0.0534615
1401 -0.05346869
1402 -0.05347602
1403 -0.0534833
1404 -0.05349087
1405 -0.05349883
1406 -0.0535062
1407 -0.05351422
1408 -0.05352174
1409 -0.05352975
1410 -0.05353706
1411 -0.05354648
1412 -0.05355529
1413 -0.0535639
1414 -0.05357165
1415 -0.05357843
1416 -0.05358458
1417 -0.05358997
1418 -0.0535945
1419 -0.05359773
1420 -0.05360048
1421 -0.05360151
1422 -0.05360213
1423 -0.05360164
1424 -0.05360046
1425 -0.05359862
1426 -0.05359565
1427 -0.05359234
1428 -0.05358807
1429 -0.05358364
1430 -0.05357882
1431 -0.05357362
1432 -0.05356816
1433 -0.05356262
1434 -0.05355636
1435 -0.0535503
1436 -0.05354294
1437 -0.05353536
1438 -0.05352785
1439 -0.05351988
1440 -0.05351129
1441 -0.05350282
1442 -0.05349388
1443 -0.05348479
1444 -0.05347554
1445 -0.05346673
1446 -0.05345784
1447 -0.05344901
1448 -0.05344064
1449 -0.05343215
1450 -0.0534242
1451 -0.05341627
1452 -0.0534087
1453 -0.05340179
1454 -0.05339476
1455 -0.05338842
1456 -0.05338257
1457 -0.05337675
1458 -0.05337174
1459 -0.05336649
1460 -0.05336116
1461 -0.0533567
1462 -0.05335208
1463 -0.05334753
1464 -0.05334332
1465 -0.05333895
1466 -0.05333493
1467 -0.05333073
1468 -0.05332677
1469 -0.05332319
1470 -0.0533201
1471 -0.05331715
1472 -0.05331442
1473 -0.05331225
1474 -0.05331012
1475 -0.05330849
1476 -0.05330754
1477 -0.05330639
1478 -0.0533059
1479 -0.05330553
1480 -0.0533055
1481 -0.05330561
1482 -0.05330602
1483 -0.05330695
1484 -0.05330783
1485 -0.0533087
1486 -0.05331022
1487 -0.05331222
1488 -0.0533138
1489 -0.05331571
1490 -0.05331726
1491 -0.05331921
1492 -0.05332097
1493 -0.05332283
1494 -0.0533246
1495 -0.05332661
1496 -0.05332802
1497 -0.0533299
1498 -0.05333116
1499 -0.05333291
1500 -0.05333465
1501 -0.05333641
1502 -0.05333812
1503 -0.05333956
1504 -0.05334109
1505 -0.05334268
1506 -0.05334514
1507 -0.05334695
1508 -0.05334927
1509 -0.05335112
1510 -0.05335343
1511 -0.05335576
1512 -0.05335835
1513 -0.05336057
1514 -0.05336333
1515 -0.05336586
1516 -0.05336859
1517 -0.05337132
1518 -0.05337373
1519 -0.0533765
1520 -0.05337898
1521 -0.05338123
1522 -0.05338337
1523 -0.05338556
1524 -0.05338746
1525 -0.05338909
1526 -0.05339064
1527 -0.05339159
1528 -0.05339271
1529 -0.05339327
1530 -0.0533931
1531 -0.05339285
1532 -0.0533923
1533 -0.05339146
1534 -0.05338983
1535 -0.05338795
1536 -0.05338523
1537 -0.05338247
1538 -0.05337939
1539 -0.0533751
1540 -0.05337098
1541 -0.05336605
1542 -0.05336101
1543 -0.05335557
1544 -0.05334927
1545 -0.05334316
1546 -0.05333605
1547 -0.05332851
1548 -0.05332116
1549 -0.05331342
1550 -0.053305
1551 -0.05329647
1552 -0.05328785
1553 -0.0532789
1554 -0.05327021
1555 -0.05326083
1556 -0.05325154
1557 -0.05324173
1558 -0.05323227
1559 -0.05322262
1560 -0.05321306
1561 -0.05320325
1562 -0.05319412
1563 -0.05318483
1564 -0.05317544
1565 -0.05316662
1566 -0.0531577
1567 -0.05314957
1568 -0.0531412
1569 -0.05313335
1570 -0.05312582
1571 -0.05311911
1572 -0.05311265
1573 -0.05310677
1574 -0.05310113
1575 -0.05309622
1576 -0.05309175
1577 -0.05308774
1578 -0.05308454
1579 -0.0530815
1580 -0.05307933
1581 -0.05307795
1582 -0.05307678
1583 -0.05307601
1584 -0.05307607
1585 -0.05307697
1586 -0.05307806
1587 -0.05307994
1588 -0.05308227
1589 -0.05308557
1590 -0.05308928
1591 -0.0530931
1592 -0.05309733
1593 -0.05310226
1594 -0.05310787
1595 -0.05311362
1596 -0.0531198
1597 -0.05312687
1598 -0.05313391
1599 -0.05314155
1600 -0.05314917
1601 -0.05315705
1602 -0.05316549
1603 -0.05317375
1604 -0.05318239
1605 -0.05319073
1606 -0.05319975
1607 -0.0532086
1608 -0.05321774
1609 -0.05322674
1610 -0.0532356
1611 -0.05324475
1612 -0.05325388
1613 -0.05326298
1614 -0.05327221
1615 -0.05328107
1616 -0.05329006
1617 -0.05329917
1618 -0.05330798
1619 -0.05331665
1620 -0.05332576
1621 -0.05333433
1622 -0.05334268
1623 -0.05335112
1624 -0.05335937
1625 -0.05336739
1626 -0.05337517
1627 -0.05338254
1628 -0.05339013
1629 -0.05339715
1630 -0.05340413
1631 -0.05341041
1632 -0.05341639
1633 -0.05342194
1634 -0.05342716
1635 -0.0534317
1636 -0.05343571
1637 -0.05343917
1638 -0.05344204
1639 -0.05344476
1640 -0.05344649
1641 -0.05344763
1642 -0.05344816
1643 -0.05344839
1644 -0.05344732
1645 -0.05344611
1646 -0.05344469
1647 -0.05344221
1648 -0.0534391
1649 -0.05343589
1650 -0.05343192
1651 -0.05342792
1652 -0.05342293
1653 -0.05341758
1654 -0.05341244
1655 -0.05340688
1656 -0.05340105
1657 -0.05339485
1658 -0.053388
1659 -0.05338144
1660 -0.05337498
1661 -0.05336784
1662 -0.05336053
1663 -0.05335324
1664 -0.05334593
1665 -0.05333844
1666 -0.05333063
1667 -0.05332332
1668 -0.05331549
1669 -0.05330785
1670 -0.05330013
1671 -0.05329293
1672 -0.05328543
1673 -0.05327827
1674 -0.05327104
1675 -0.0532639
1676 -0.05325711
1677 -0.05325076
1678 -0.05324466
1679 -0.05323838
1680 -0.05323283
1681 -0.05322762
1682 -0.05322238
1683 -0.05321795
1684 -0.05321365
1685 -0.05320996
1686 -0.0532066
1687 -0.05320366
1688 -0.05320112
1689 -0.053199
1690 -0.05319716
1691 -0.05319595
1692 -0.05319531
1693 -0.05319484
1694 -0.05319479
1695 -0.05319561
1696 -0.05319642
1697 -0.05319754
1698 -0.05319937
1699 -0.05320145
1700 -0.05320409
1701 -0.05320662
1702 -0.0532097
1703 -0.05321359
1704 -0.05321692
1705 -0.053221
1706 -0.05322521
1707 -0.05322992
1708 -0.05323452
1709 -0.05323938
1710 -0.05324437
1711 -0.05324992
1712 -0.05325521
1713 -0.05326042
1714 -0.05326618
1715 -0.05327178
1716 -0.05327758
1717 -0.05328314
1718 -0.05328871
1719 -0.05329448
1720 -0.05330026
1721 -0.05330594
1722 -0.05331153
1723 -0.05331743
1724 -0.05332317
1725 -0.05332894
1726 -0.05333473
1727 -0.05334003
1728 -0.05334593
1729 -0.0533513
1730 -0.05335681
1731 -0.05336222
1732 -0.05336756
1733 -0.05337283
1734 -0.05337784
1735 -0.05338275
1736 -0.05338758
1737 -0.05339226
1738 -0.05339617
1739 -0.05340003
1740 -0.05340366
1741 -0.05340711
1742 -0.05341003
1743 -0.05341262
1744 -0.05341503
1745 -0.05341681
1746 -0.05341812
1747 -0.05341946
1748 -0.0534198
1749 -0.05341969
1750 -0.05341894
1751 -0.05341776
1752 -0.05341603
1753 -0.0534141
1754 -0.0534113
1755 -0.05340798
1756 -0.05340429
1757 -0.05340056
1758 -0.05339611
1759 -0.05339128
1760 -0.05338591
1761 -0.05338054
1762 -0.05337471
1763 -0.05336848
1764 -0.05336225
1765 -0.05335583
1766 -0.05334873
1767 -0.05334185
1768 -0.05333483
1769 -0.05332794
1770 -0.05332042
1771 -0.05331305
1772 -0.05330563
1773 -0.05329825
1774 -0.05329068
1775 -0.05328325
1776 -0.05327597
1777 -0.05326853
1778 -0.05326124
1779 -0.05325407
1780 -0.05324702
1781 -0.05324036
1782 -0.05323388
1783 -0.0532277
1784 -0.05322187
1785 -0.05321634
1786 -0.0532111
1787 -0.0532061
1788 -0.05320162
1789 -0.05319744
1790 -0.05319382
1791 -0.05319095
1792 -0.0531878
1793 -0.05318584
1794 -0.05318388
1795 -0.05318258
1796 -0.05318165
1797 -0.05318131
1798 -0.05318123
1799 -0.0531815
1800 -0.05318259
1801 -0.05318373
1802 -0.05318567
1803 -0.05318784
1804 -0.05319044
1805 -0.05319344
1806 -0.05319682
1807 -0.05320049
1808 -0.05320442
1809 -0.05320886
1810 -0.0532134
1811 -0.05321823
1812 -0.05322341
1813 -0.05322871
1814 -0.05323402
1815 -0.05323987
1816 -0.0532457
1817 -0.05325171
1818 -0.05325776
1819 -0.05326411
1820 -0.05327044
1821 -0.05327676
1822 -0.05328359
1823 -0.05329004
1824 -0.05329676
1825 -0.05330322
1826 -0.05330981
1827 -0.0533168
1828 -0.05332341
1829 -0.05333035
1830 -0.05333697
1831 -0.0533437
1832 -0.05335049
1833 -0.05335702
1834 -0.05336361
1835 -0.05337024
1836 -0.05337666
1837 -0.05338302
1838 -0.05338922
1839 -0.05339489
1840 -0.05340052
1841 -0.0534062
1842 -0.05341144
1843 -0.05341673
1844 -0.05342128
1845 -0.05342588
1846 -0.05342993
1847 -0.05343341
1848 -0.05343694
1849 -0.05343963
1850 -0.05344207
1851 -0.05344398
1852 -0.05344542
1853 -0.0534462
1854 -0.05344659
1855 -0.05344621
1856 -0.05344533
1857 -0.0534441
1858 -0.05344208
1859 -0.05343957
1860 -0.05343643
1861 -0.05343264
1862 -0.05342861
1863 -0.05342402
1864 -0.05341902
1865 -0.05341368
1866 -0.05340799
1867 -0.05340166
1868 -0.05339502
1869 -0.0533879
1870 -0.05338085
1871 -0.05337361
1872 -0.05336583
1873 -0.05335851
1874 -0.05335064
1875 -0.05334255
1876 -0.05333493
1877 -0.05332649
1878 -0.05331823
1879 -0.0533099
1880 -0.05330196
1881 -0.05329406
1882 -0.05328551
1883 -0.0532778
1884 -0.05326972
1885 -0.05326207
1886 -0.05325466
1887 -0.05324743
1888 -0.05324023
1889 -0.05323343
1890 -0.05322705
1891 -0.05322044
1892 -0.05321473
1893 -0.0532093
1894 -0.05320429
1895 -0.05319968
1896 -0.05319532
1897 -0.05319133
1898 -0.0531878
1899 -0.05318493
1900 -0.05318243
1901 -0.05318031
1902 -0.05317868
1903 -0.05317742
1904 -0.05317703
1905 -0.05317653
1906 -0.05317659
1907 -0.05317728
1908 -0.0531783
1909 -0.05317973
1910 -0.05318162
1911 -0.05318416
1912 -0.05318679
1913 -0.05319
1914 -0.05319374
1915 -0.05319769
1916 -0.0532016
1917 -0.053206
1918 -0.05321086
1919 -0.05321589
1920 -0.05322086
1921 -0.05322617
1922 -0.05323183
1923 -0.05323743
1924 -0.05324317
1925 -0.05324899
1926 -0.05325526
1927 -0.05326138
1928 -0.05326763
1929 -0.05327394
1930 -0.05328026
1931 -0.05328657
1932 -0.05329305
1933 -0.05329924
1934 -0.0533058
1935 -0.05331245
1936 -0.05331892
1937 -0.0533253
1938 -0.05333141
1939 -0.05333794
1940 -0.05334422
1941 -0.05335017
1942 -0.05335638
1943 -0.05336236
1944 -0.05336804
1945 -0.05337358
1946 -0.05337903
1947 -0.0533844
1948 -0.05338935
1949 -0.05339434
1950 -0.05339928
1951 -0.05340344
1952 -0.05340759
1953 -0.05341127
1954 -0.05341458
1955 -0.05341735
1956 -0.05342022
1957 -0.0534224
1958 -0.05342427
1959 -0.05342527
1960 -0.05342612
1961 -0.05342638
1962 -0.05342622
1963 -0.05342519
1964 -0.05342437
1965 -0.05342275
1966 -0.05342019
1967 -0.0534174
1968 -0.05341421
1969 -0.05341036
1970 -0.0534063
1971 -0.05340181
1972 -0.05339662
1973 -0.05339101
1974 -0.05338543
1975 -0.05337912
1976 -0.05337277
1977 -0.05336559
1978 -0.05335895
1979 -0.05335159
1980 -0.05334434
1981 -0.05333682
1982 -0.0533291
1983 -0.05332113
1984 -0.05331314
1985 -0.05330507
1986 -0.05329704
1987 -0.05328896
1988 -0.05328065
1989 -0.05327247
1990 -0.05326466
1991 -0.05325698
1992 -0.05324915
1993 -0.05324159
1994 -0.05323416
1995 -0.05322718
1996 -0.05322069
1997 -0.05321423
1998 -0.05320792
1999 -0.05320247
2000 -0.0531969
