"cm-rfile"
"Iteration" "cm"
("Iteration" "cm")
1 -0.05736684
2 -0.06013379
3 -0.06153918
4 -0.06222344
5 -0.06254615
6 -0.06268845
7 -0.06276239
8 -0.06279466
9 -0.06281336
10 -0.06283558
11 -0.0628692
12 -0.06291609
13 -0.06297951
14 -0.06306124
15 -0.06316642
16 -0.06328623
17 -0.06340862
18 -0.06354012
19 -0.06367545
20 -0.06381227
21 -0.06394907
22 -0.06408815
23 -0.06422967
24 -0.06437199
25 -0.06451145
26 -0.06464851
27 -0.06478392
28 -0.06491643
29 -0.06504499
30 -0.06516778
31 -0.06528464
32 -0.06539533
33 -0.06549906
34 -0.06559502
35 -0.06568433
36 -0.06576549
37 -0.06583843
38 -0.06590296
39 -0.06595831
40 -0.06600484
41 -0.06604157
42 -0.06606933
43 -0.06608935
44 -0.06610074
45 -0.06610285
46 -0.0660956
47 -0.0660798
48 -0.06605511
49 -0.06602191
50 -0.06598069
51 -0.06593129
52 -0.06587406
53 -0.06580932
54 -0.06573743
55 -0.06565851
56 -0.06557288
57 -0.06548116
58 -0.06538326
59 -0.06528007
60 -0.06517101
61 -0.06505708
62 -0.06493805
63 -0.06481447
64 -0.0646864
65 -0.06455431
66 -0.06441843
67 -0.06427901
68 -0.06413601
69 -0.06398997
70 -0.06384075
71 -0.06368871
72 -0.06353434
73 -0.06337751
74 -0.06321881
75 -0.06305812
76 -0.06289587
77 -0.06273187
78 -0.06256668
79 -0.06240043
80 -0.062233
81 -0.06206478
82 -0.06189589
83 -0.06172648
84 -0.0615564
85 -0.06138597
86 -0.06121572
87 -0.06104495
88 -0.0608745
89 -0.06070439
90 -0.06053459
91 -0.06036488
92 -0.06019578
93 -0.06002717
94 -0.05985918
95 -0.05969222
96 -0.05952626
97 -0.05936144
98 -0.05919778
99 -0.05903554
100 -0.05887459
101 -0.05871516
102 -0.05855628
103 -0.05839865
104 -0.058242
105 -0.05808689
106 -0.05793307
107 -0.05778136
108 -0.05763136
109 -0.05748346
110 -0.05733797
111 -0.05719508
112 -0.05705441
113 -0.0569168
114 -0.05678187
115 -0.0566503
116 -0.05652173
117 -0.05639663
118 -0.05627516
119 -0.0561571
120 -0.05604291
121 -0.05593255
122 -0.05582598
123 -0.05572324
124 -0.05562484
125 -0.05553066
126 -0.05544065
127 -0.05535516
128 -0.05527429
129 -0.05519775
130 -0.05512613
131 -0.05505906
132 -0.05499674
133 -0.05493895
134 -0.05488617
135 -0.05483825
136 -0.05479489
137 -0.05475677
138 -0.05472321
139 -0.05469455
140 -0.05467083
141 -0.05465197
142 -0.05463779
143 -0.05462812
144 -0.0546234
145 -0.05462318
146 -0.05462792
147 -0.05463712
148 -0.05465112
149 -0.05466958
150 -0.05469243
151 -0.05471984
152 -0.05475149
153 -0.05478761
154 -0.05482792
155 -0.05487236
156 -0.05492064
157 -0.05497319
158 -0.05502952
159 -0.05508982
160 -0.05515379
161 -0.05522171
162 -0.05529292
163 -0.05536786
164 -0.05544615
165 -0.05552774
166 -0.05561248
167 -0.0557009
168 -0.05579222
169 -0.05588676
170 -0.05598425
171 -0.05608467
172 -0.05618773
173 -0.05629357
174 -0.05640197
175 -0.05651303
176 -0.05662648
177 -0.05674229
178 -0.05686044
179 -0.05698057
180 -0.05710311
181 -0.05722762
182 -0.05735399
183 -0.05748228
184 -0.05761208
185 -0.05774381
186 -0.05787697
187 -0.0580117
188 -0.05814768
189 -0.05828492
190 -0.05842342
191 -0.05856282
192 -0.05870307
193 -0.05884435
194 -0.05898621
195 -0.0591289
196 -0.0592722
197 -0.05941584
198 -0.05956008
199 -0.05970468
200 -0.0598495
201 -0.05999466
202 -0.06013968
203 -0.06028474
204 -0.06042984
205 -0.06057477
206 -0.06071936
207 -0.06086345
208 -0.06100748
209 -0.0611509
210 -0.06129361
211 -0.06143583
212 -0.06157717
213 -0.06171795
214 -0.06185779
215 -0.06199662
216 -0.06213466
217 -0.06227156
218 -0.06240741
219 -0.06254216
220 -0.06267582
221 -0.06280824
222 -0.06293938
223 -0.06306909
224 -0.0631973
225 -0.06332406
226 -0.06344944
227 -0.06357323
228 -0.06369527
229 -0.06381585
230 -0.06393438
231 -0.06405143
232 -0.06416672
233 -0.06428015
234 -0.06439185
235 -0.06450149
236 -0.06460949
237 -0.06471557
238 -0.06481948
239 -0.06492161
240 -0.06502162
241 -0.06511962
242 -0.06521562
243 -0.06530944
244 -0.06540109
245 -0.06549074
246 -0.0655783
247 -0.06566358
248 -0.06574674
249 -0.06582782
250 -0.06590658
251 -0.06598327
252 -0.06605776
253 -0.06613007
254 -0.06620008
255 -0.06626809
256 -0.06633386
257 -0.06639733
258 -0.06645861
259 -0.06651793
260 -0.06657482
261 -0.06662954
262 -0.06668214
263 -0.0667326
264 -0.06678088
265 -0.06682711
266 -0.06687097
267 -0.06691293
268 -0.06695281
269 -0.06699047
270 -0.06702603
271 -0.06705947
272 -0.06709085
273 -0.06712028
274 -0.06714744
275 -0.06717268
276 -0.06719596
277 -0.0672172
278 -0.06723657
279 -0.06725404
280 -0.06726938
281 -0.06728309
282 -0.06729476
283 -0.06730466
284 -0.06731281
285 -0.06731898
286 -0.06732358
287 -0.06732642
288 -0.06732729
289 -0.06732664
290 -0.06732439
291 -0.06732012
292 -0.06731452
293 -0.06730734
294 -0.06729844
295 -0.06728796
296 -0.06727633
297 -0.06726284
298 -0.06724793
299 -0.06723161
300 -0.06721368
301 -0.06719455
302 -0.0671739
303 -0.0671519
304 -0.06712852
305 -0.06710383
306 -0.06707783
307 -0.06705056
308 -0.06702204
309 -0.06699224
310 -0.06696125
311 -0.06692931
312 -0.0668959
313 -0.06686147
314 -0.0668259
315 -0.06678919
316 -0.06675154
317 -0.06671283
318 -0.06667309
319 -0.06663243
320 -0.06659068
321 -0.06654799
322 -0.06650448
323 -0.06645985
324 -0.06641453
325 -0.06636856
326 -0.06632127
327 -0.0662735
328 -0.06622488
329 -0.06617533
330 -0.06612527
331 -0.06605484
332 -0.0659829
333 -0.06590983
334 -0.06583545
335 -0.0657599
336 -0.06568349
337 -0.06560598
338 -0.06552753
339 -0.06544819
340 -0.06536798
341 -0.06528725
342 -0.0652056
343 -0.06512342
344 -0.06504066
345 -0.06495738
346 -0.06487371
347 -0.06478958
348 -0.06470508
349 -0.06462044
350 -0.0645355
351 -0.06445034
352 -0.06436489
353 -0.06427947
354 -0.06419408
355 -0.06410868
356 -0.06402346
357 -0.06393827
358 -0.06385328
359 -0.06376821
360 -0.06368359
361 -0.06357034
362 -0.0634579
363 -0.06334615
364 -0.06323506
365 -0.0631253
366 -0.06301639
367 -0.06290841
368 -0.06280182
369 -0.06269657
370 -0.06259249
371 -0.06248995
372 -0.06238882
373 -0.06228939
374 -0.06219139
375 -0.06209533
376 -0.06200084
377 -0.06190804
378 -0.06181734
379 -0.06172839
380 -0.06164118
381 -0.06155597
382 -0.06147283
383 -0.06139183
384 -0.06131285
385 -0.06123582
386 -0.0611609
387 -0.06108809
388 -0.0610174
389 -0.06094893
390 -0.06088238
391 -0.06079519
392 -0.06071245
393 -0.06063377
394 -0.06055937
395 -0.06048872
396 -0.06042213
397 -0.06035932
398 -0.06030032
399 -0.06024504
400 -0.06019316
401 -0.06014495
402 -0.06010002
403 -0.06005827
404 -0.06001989
405 -0.05998426
406 -0.0599516
407 -0.05992163
408 -0.05989455
409 -0.0598697
410 -0.05984716
411 -0.05982687
412 -0.05980894
413 -0.059793
414 -0.05977875
415 -0.05976634
416 -0.05975559
417 -0.05974622
418 -0.05973851
419 -0.05973191
420 -0.05972646
421 -0.05972109
422 -0.05971712
423 -0.05971469
424 -0.05971343
425 -0.05971286
426 -0.05971304
427 -0.05971409
428 -0.05971545
429 -0.05971717
430 -0.0597191
431 -0.05972122
432 -0.05972333
433 -0.05972529
434 -0.05972705
435 -0.0597284
436 -0.05972968
437 -0.05973056
438 -0.05973108
439 -0.05973109
440 -0.05973082
441 -0.05973014
442 -0.05972912
443 -0.05972775
444 -0.05972583
445 -0.05972366
446 -0.05972114
447 -0.05971852
448 -0.05971524
449 -0.05971177
450 -0.05970792
451 -0.05970281
452 -0.05969712
453 -0.05969124
454 -0.05968489
455 -0.05967806
456 -0.05967138
457 -0.05966439
458 -0.05965699
459 -0.05964967
460 -0.05964216
461 -0.05963472
462 -0.05962737
463 -0.05962014
464 -0.05961306
465 -0.0596063
466 -0.05959982
467 -0.0595938
468 -0.05958819
469 -0.05958308
470 -0.05957844
471 -0.05957421
472 -0.05957069
473 -0.05956779
474 -0.05956569
475 -0.05956407
476 -0.05956319
477 -0.05956297
478 -0.05956358
479 -0.05956497
480 -0.05956735
481 -0.05957297
482 -0.05958038
483 -0.0595898
484 -0.05960108
485 -0.05961428
486 -0.05962927
487 -0.05964608
488 -0.05966502
489 -0.05968522
490 -0.05970735
491 -0.05973113
492 -0.05975637
493 -0.05978302
494 -0.05981109
495 -0.05984049
496 -0.05987086
497 -0.05990256
498 -0.05993535
499 -0.05996919
500 -0.06000412
501 -0.06004002
502 -0.0600767
503 -0.06011382
504 -0.06015168
505 -0.06018993
506 -0.060229
507 -0.06026832
508 -0.06030824
509 -0.06034817
510 -0.06038813
511 -0.06044098
512 -0.06049352
513 -0.06054502
514 -0.06059586
515 -0.06064535
516 -0.06069353
517 -0.06073988
518 -0.06078501
519 -0.06082819
520 -0.06086998
521 -0.06090979
522 -0.06094738
523 -0.06098302
524 -0.06101669
525 -0.06104874
526 -0.06107902
527 -0.06110759
528 -0.06113488
529 -0.06116031
530 -0.06118385
531 -0.06120572
532 -0.06122608
533 -0.06124466
534 -0.06126192
535 -0.06127735
536 -0.06129161
537 -0.06130433
538 -0.06131554
539 -0.06132536
540 -0.06133391
541 -0.06134105
542 -0.06134722
543 -0.06135212
544 -0.0613557
545 -0.06135859
546 -0.06135993
547 -0.06136051
548 -0.06136014
549 -0.06135912
550 -0.06135743
551 -0.06135486
552 -0.06135176
553 -0.06134803
554 -0.06134397
555 -0.06133956
556 -0.0613348
557 -0.06132936
558 -0.06132392
559 -0.06131811
560 -0.06131209
561 -0.06130633
562 -0.06130054
563 -0.06129473
564 -0.06128909
565 -0.06128341
566 -0.06127834
567 -0.06127317
568 -0.06126822
569 -0.0612639
570 -0.06125936
571 -0.06125532
572 -0.06125161
573 -0.06124759
574 -0.06124685
575 -0.06124638
576 -0.0612458
577 -0.06124528
578 -0.06124459
579 -0.06124401
580 -0.06124325
581 -0.06124242
582 -0.06124146
583 -0.06124036
584 -0.06123921
585 -0.0612382
586 -0.06123705
587 -0.06123618
588 -0.06123562
589 -0.06123493
590 -0.06123477
591 -0.06123458
592 -0.06123482
593 -0.06123539
594 -0.06123612
595 -0.06123716
596 -0.06123827
597 -0.0612396
598 -0.06124132
599 -0.06124326
600 -0.06124544
601 -0.06124767
602 -0.06125037
603 -0.06125334
604 -0.06125644
605 -0.0612599
606 -0.06126377
607 -0.06126764
608 -0.06127181
609 -0.061276
610 -0.06128068
611 -0.06128541
612 -0.06129031
613 -0.06129552
614 -0.06130118
615 -0.06130666
616 -0.06131257
617 -0.06131857
618 -0.06132475
619 -0.06133118
620 -0.06133761
621 -0.06134417
622 -0.06135057
623 -0.06135689
624 -0.0613635
625 -0.06136991
626 -0.06137607
627 -0.06138229
628 -0.06138856
629 -0.06139429
630 -0.06140025
631 -0.06140783
632 -0.06141511
633 -0.06142193
634 -0.06142833
635 -0.06143459
636 -0.06144048
637 -0.06144616
638 -0.06145157
639 -0.06145625
640 -0.06145669
641 -0.06145702
642 -0.06145753
643 -0.06145828
644 -0.06145908
645 -0.06146002
646 -0.06146128
647 -0.06146281
648 -0.06146478
649 -0.06146711
650 -0.06146964
651 -0.06147236
652 -0.06147524
653 -0.06147813
654 -0.0614813
655 -0.06148404
656 -0.06148683
657 -0.06148935
658 -0.0614916
659 -0.0614938
660 -0.06149582
661 -0.06149722
662 -0.06124625
663 -0.06122958
664 -0.06125097
665 -0.06128001
666 -0.06132013
667 -0.06135809
668 -0.06139559
669 -0.06142677
670 -0.06145341
671 -0.06147574
672 -0.06149404
673 -0.06150968
674 -0.06152377
675 -0.0615353
676 -0.06154579
677 -0.06155512
678 -0.06156335
679 -0.06157103
680 -0.06157811
681 -0.0615846
682 -0.0615914
683 -0.06159804
684 -0.06160495
685 -0.06161223
686 -0.06161983
687 -0.06162811
688 -0.06163687
689 -0.06164598
690 -0.0616555
691 -0.0616657
692 -0.06167585
693 -0.06168608
694 -0.06169639
695 -0.06170679
696 -0.06171716
697 -0.0617274
698 -0.06173766
699 -0.06174766
700 -0.06175676
701 -0.06175732
702 -0.061758
703 -0.06175883
704 -0.06176006
705 -0.06176147
706 -0.06176325
707 -0.0617654
708 -0.06176831
709 -0.06177181
710 -0.06177596
711 -0.0617804
712 -0.06178524
713 -0.06178981
714 -0.0617945
715 -0.0617992
716 -0.06180402
717 -0.06180862
718 -0.06181352
719 -0.06181831
720 -0.06182328
721 -0.0618283
722 -0.06183334
723 -0.06183853
724 -0.06184378
725 -0.06184924
726 -0.06185495
727 -0.06186061
728 -0.0618664
729 -0.06187227
730 -0.06188057
731 -0.06188884
732 -0.06189695
733 -0.06190498
734 -0.06191114
735 -0.06191723
736 -0.06192355
737 -0.06192395
738 -0.06192443
739 -0.06192515
740 -0.06192586
741 -0.06192666
742 -0.06192772
743 -0.0619292
744 -0.0619309
745 -0.06193333
746 -0.06193637
747 -0.06193974
748 -0.06194348
749 -0.06194765
750 -0.06195202
751 -0.06195658
752 -0.06196102
753 -0.06196073
754 -0.06196823
755 -0.06197863
756 -0.0619792
757 -0.06197965
758 -0.06198028
759 -0.06198099
760 -0.06198187
761 -0.06198297
762 -0.06198414
763 -0.0619853
764 -0.06198645
765 -0.06198743
766 -0.06198821
767 -0.0619887
768 -0.06198906
769 -0.06198913
770 -0.06198889
771 -0.06198846
772 -0.06198779
773 -0.0619867
774 -0.06198555
775 -0.06198443
776 -0.06198335
777 -0.0619821
778 -0.06198087
779 -0.06197972
780 -0.06197837
781 -0.06197806
782 -0.06197789
783 -0.06197756
784 -0.06197716
785 -0.06197689
786 -0.06197648
787 -0.06197608
788 -0.06197551
789 -0.06197495
790 -0.06197422
791 -0.0619733
792 -0.06197213
793 -0.06197105
794 -0.06196947
795 -0.0619679
796 -0.06196628
797 -0.06196463
798 -0.06196292
799 -0.06196118
800 -0.06195942
801 -0.06195779
802 -0.06195611
803 -0.06195448
804 -0.06195275
805 -0.06195124
806 -0.06194949
807 -0.06194809
808 -0.0619466
809 -0.06194511
810 -0.06194376
811 -0.06194578
812 -0.06194561
813 -0.06194542
814 -0.06194523
815 -0.0619451
816 -0.06194489
817 -0.06194473
818 -0.0619445
819 -0.06194422
820 -0.06194397
821 -0.06194355
822 -0.06194314
823 -0.06194249
824 -0.06194179
825 -0.0619408
826 -0.06193978
827 -0.06193868
828 -0.06193741
829 -0.0619364
830 -0.06193556
831 -0.0619346
832 -0.06193374
833 -0.06193279
834 -0.06193224
835 -0.06193155
836 -0.06193099
837 -0.0619305
838 -0.06193019
839 -0.06192997
840 -0.06192994
841 -0.06193005
842 -0.06193032
843 -0.06193092
844 -0.06193147
845 -0.06193238
846 -0.0619333
847 -0.06193461
848 -0.06193624
849 -0.06193781
850 -0.0619396
851 -0.06194165
852 -0.06194384
853 -0.06194603
854 -0.0619485
855 -0.06195107
856 -0.06195375
857 -0.06195659
858 -0.06195967
859 -0.06196262
860 -0.06196579
861 -0.06196916
862 -0.06197244
863 -0.06197594
864 -0.06197948
865 -0.06198289
866 -0.06198635
867 -0.06198992
868 -0.06199344
869 -0.06199705
870 -0.06200054
871 -0.0620011
872 -0.0620016
873 -0.06200209
874 -0.06200272
875 -0.06200334
876 -0.06200413
877 -0.06200508
878 -0.06200603
879 -0.06200747
880 -0.06200931
881 -0.06201128
882 -0.06201337
883 -0.06201562
884 -0.06201797
885 -0.0620205
886 -0.06202276
887 -0.06202504
888 -0.06202696
889 -0.06202888
890 -0.0620307
891 -0.06203228
892 -0.06203377
893 -0.06203482
894 -0.06203575
895 -0.06203657
896 -0.06203692
897 -0.06203726
898 -0.06203733
899 -0.06203706
900 -0.06203659
901 -0.06203538
902 -0.06203409
903 -0.06203244
904 -0.06203066
905 -0.06202857
906 -0.06202636
907 -0.06202381
908 -0.06202125
909 -0.06201849
910 -0.06201577
911 -0.06201287
912 -0.06201025
913 -0.06200668
914 -0.06200466
915 -0.06200369
916 -0.06200356
917 -0.0620033
918 -0.06200311
919 -0.06200265
920 -0.06200219
921 -0.06200162
922 -0.06200077
923 -0.06199963
924 -0.06199818
925 -0.061996
926 -0.06199346
927 -0.06199059
928 -0.06198753
929 -0.06198463
930 -0.06198171
931 -0.06197884
932 -0.06197601
933 -0.06197342
934 -0.06197068
935 -0.0619681
936 -0.06196576
937 -0.06196338
938 -0.06196108
939 -0.06195886
940 -0.06195659
941 -0.0619545
942 -0.06195254
943 -0.06195048
944 -0.06194861
945 -0.0619468
946 -0.06194516
947 -0.06194345
948 -0.06194193
949 -0.06194041
950 -0.06193909
951 -0.06193776
952 -0.06193671
953 -0.0619355
954 -0.06193456
955 -0.06193373
956 -0.06193298
957 -0.06193234
958 -0.06193191
959 -0.06193144
960 -0.061931
961 -0.06193105
962 -0.06193104
963 -0.06193102
964 -0.06193098
965 -0.0619309
966 -0.06193074
967 -0.06193069
968 -0.06193052
969 -0.06193045
970 -0.06193034
971 -0.06193028
972 -0.06193036
973 -0.06193044
974 -0.06193066
975 -0.06193096
976 -0.0619313
977 -0.06193169
978 -0.06193219
979 -0.06193259
980 -0.06193322
981 -0.06193379
982 -0.06193454
983 -0.06193521
984 -0.06193597
985 -0.06193679
986 -0.06193754
987 -0.06193838
988 -0.06193907
989 -0.06193986
990 -0.06194063
991 -0.06194074
992 -0.06194079
993 -0.06194099
994 -0.06194109
995 -0.0619414
996 -0.06194172
997 -0.06194206
998 -0.06194231
999 -0.0619427
1000 -0.06194311
1001 -0.06194348
1002 -0.06194392
1003 -0.06194438
1004 -0.06194494
1005 -0.06194528
1006 -0.06194583
1007 -0.06194636
1008 -0.06194673
1009 -0.06194717
1010 -0.0619475
1011 -0.06194784
1012 -0.0619481
1013 -0.06194857
1014 -0.06194901
1015 -0.06194919
1016 -0.06194959
1017 -0.06194962
1018 -0.06194991
1019 -0.06194992
1020 -0.06195011
1021 -0.06195022
1022 -0.06195031
1023 -0.0619504
1024 -0.0619505
1025 -0.06195036
1026 -0.06195023
1027 -0.06195028
1028 -0.06195013
1029 -0.06194992
1030 -0.06194976
1031 -0.06194932
1032 -0.06194918
1033 -0.06194884
1034 -0.06194846
1035 -0.06194813
1036 -0.06194773
1037 -0.06194744
1038 -0.06194704
1039 -0.06194667
1040 -0.06194614
1041 -0.0619457
1042 -0.06194508
1043 -0.06194446
1044 -0.06194387
1045 -0.06194338
1046 -0.06194282
1047 -0.06194231
1048 -0.06194171
1049 -0.06194099
1050 -0.06194042
1051 -0.06193973
1052 -0.06193908
1053 -0.06193861
1054 -0.06193786
1055 -0.06193719
1056 -0.06193662
1057 -0.06193612
1058 -0.06193562
1059 -0.06193523
1060 -0.06193464
1061 -0.06193404
1062 -0.06193347
1063 -0.061933
1064 -0.06193257
1065 -0.06193209
1066 -0.06193159
1067 -0.06193112
1068 -0.06193081
1069 -0.06193047
1070 -0.0619301
1071 -0.06192972
1072 -0.06192937
1073 -0.06192905
1074 -0.06192867
1075 -0.06192836
1076 -0.061928
1077 -0.06192761
1078 -0.06192729
1079 -0.06192695
1080 -0.06192664
1081 -0.06192638
1082 -0.06192621
1083 -0.06192584
1084 -0.06192563
1085 -0.06192545
1086 -0.06192509
1087 -0.06192492
1088 -0.06192452
1089 -0.06192442
1090 -0.06192425
1091 -0.06192401
1092 -0.06192372
1093 -0.06192364
1094 -0.06192347
1095 -0.06192313
1096 -0.06192301
1097 -0.06192295
1098 -0.06192291
1099 -0.06192273
1100 -0.06192266
1101 -0.06192261
1102 -0.06192251
1103 -0.06192244
1104 -0.06192222
1105 -0.06192241
1106 -0.06192239
1107 -0.06192231
1108 -0.0619223
1109 -0.06192219
1110 -0.06192221
1111 -0.06192214
1112 -0.06192203
1113 -0.06192202
1114 -0.06192194
1115 -0.061922
1116 -0.061922
1117 -0.06192196
1118 -0.061922
1119 -0.06192207
1120 -0.06192216
1121 -0.06192221
1122 -0.06192222
1123 -0.06192229
1124 -0.06192218
1125 -0.06192221
1126 -0.06192234
1127 -0.06192227
1128 -0.06192228
1129 -0.06192233
1130 -0.06192231
1131 -0.06192221
1132 -0.06192231
1133 -0.06192238
1134 -0.0619224
1135 -0.06192243
1136 -0.06192253
1137 -0.06192259
1138 -0.06192255
1139 -0.06192254
1140 -0.06192268
1141 -0.06192269
1142 -0.06192267
1143 -0.0619227
1144 -0.06192269
1145 -0.06192276
1146 -0.06192279
1147 -0.06192276
1148 -0.06192271
1149 -0.06192284
1150 -0.06192294
1151 -0.06192302
1152 -0.06192304
1153 -0.06192311
1154 -0.06192308
1155 -0.06192318
1156 -0.06192329
1157 -0.0619233
1158 -0.0619233
1159 -0.06192338
1160 -0.06192354
1161 -0.06192355
1162 -0.06192368
1163 -0.06192369
1164 -0.06192379
1165 -0.06192382
1166 -0.06192401
1167 -0.06192406
1168 -0.06192428
1169 -0.06192435
1170 -0.06192453
1171 -0.06192487
1172 -0.06192483
1173 -0.06192481
1174 -0.06192489
1175 -0.06192483
1176 -0.06192486
1177 -0.06192491
1178 -0.06192499
1179 -0.06192509
1180 -0.06192519
1181 -0.06192526
1182 -0.06192534
1183 -0.06192541
1184 -0.0619255
1185 -0.06192555
1186 -0.06192558
1187 -0.06192566
1188 -0.06192572
1189 -0.06192583
1190 -0.06192602
1191 -0.06192615
1192 -0.06192635
1193 -0.06192654
1194 -0.06192669
1195 -0.06192689
1196 -0.06192718
1197 -0.06192738
1198 -0.06192761
1199 -0.06192777
1200 -0.06192804
1201 -0.0619284
1202 -0.06192867
1203 -0.06192893
1204 -0.06192929
1205 -0.06192959
1206 -0.06192993
1207 -0.06193025
1208 -0.06193055
1209 -0.06193088
1210 -0.06193131
1211 -0.06193163
1212 -0.06193203
1213 -0.06193246
1214 -0.06193289
1215 -0.06193318
1216 -0.0619335
1217 -0.06193399
1218 -0.06193437
1219 -0.06193487
1220 -0.06193516
1221 -0.06193558
1222 -0.061936
1223 -0.06193642
1224 -0.06193684
1225 -0.06193725
1226 -0.06193768
1227 -0.06193808
1228 -0.06193849
1229 -0.06193886
1230 -0.06193926
1231 -0.06193966
1232 -0.06194008
1233 -0.06194048
1234 -0.06194084
1235 -0.06194133
1236 -0.06194166
1237 -0.06194212
1238 -0.0619425
1239 -0.06194291
1240 -0.06194333
1241 -0.06194367
1242 -0.06194408
1243 -0.06194446
1244 -0.06194477
1245 -0.06194518
1246 -0.06194561
1247 -0.06194596
1248 -0.06194642
1249 -0.06194681
1250 -0.06194716
1251 -0.06194756
1252 -0.06194787
1253 -0.06194825
1254 -0.06194864
1255 -0.06194892
1256 -0.0619493
1257 -0.0619497
1258 -0.06195003
1259 -0.06195028
1260 -0.06195059
1261 -0.06195087
1262 -0.06195122
1263 -0.06195163
1264 -0.06195195
1265 -0.06195219
1266 -0.06195246
1267 -0.06195273
1268 -0.06195308
1269 -0.06195327
1270 -0.06195359
1271 -0.06195386
1272 -0.06195415
1273 -0.06195443
1274 -0.06195473
1275 -0.06195511
1276 -0.0619553
1277 -0.06195557
1278 -0.06195582
1279 -0.06195608
1280 -0.06195636
1281 -0.06195657
1282 -0.06195687
1283 -0.06195727
1284 -0.06195742
1285 -0.06195774
1286 -0.06195797
1287 -0.06195822
1288 -0.06195855
1289 -0.0619587
1290 -0.06195892
1291 -0.06195922
1292 -0.06194886
1293 -0.0619305
1294 -0.06193265
1295 -0.0619377
1296 -0.06194254
1297 -0.06194726
1298 -0.06195186
1299 -0.06195504
1300 -0.06195815
1301 -0.0619605
1302 -0.06196209
1303 -0.06196311
1304 -0.06196385
1305 -0.06196433
1306 -0.06196465
1307 -0.06196496
1308 -0.06196514
1309 -0.06196526
1310 -0.06196586
1311 -0.06196636
1312 -0.06196666
1313 -0.06196662
1314 -0.06196664
1315 -0.06196672
1316 -0.06196672
1317 -0.06196669
1318 -0.06196679
1319 -0.06196681
1320 -0.06196681
1321 -0.06196694
1322 -0.06196689
1323 -0.06196701
1324 -0.06196705
1325 -0.0619671
1326 -0.06196716
1327 -0.06196723
1328 -0.06196725
1329 -0.06196727
1330 -0.06196737
1331 -0.06196743
1332 -0.06196755
1333 -0.06196755
1334 -0.0619676
1335 -0.06196768
1336 -0.06196769
1337 -0.06196775
1338 -0.06196779
1339 -0.06196784
1340 -0.06196783
1341 -0.06196786
1342 -0.06196791
1343 -0.06196792
1344 -0.06196796
1345 -0.061968
1346 -0.06196798
1347 -0.06196802
1348 -0.06196808
1349 -0.061968
1350 -0.06196796
1351 -0.06196792
1352 -0.06196783
1353 -0.06196776
1354 -0.06196772
1355 -0.0619677
1356 -0.06196767
1357 -0.06196764
1358 -0.06196767
1359 -0.06196767
1360 -0.06196767
1361 -0.06196764
1362 -0.06196757
1363 -0.06196754
1364 -0.06196757
1365 -0.06196764
1366 -0.06196758
1367 -0.06196762
1368 -0.06196756
1369 -0.06196751
1370 -0.06196748
1371 -0.0619675
1372 -0.06196748
1373 -0.06196756
1374 -0.06196757
1375 -0.06196758
1376 -0.06196757
1377 -0.06196762
1378 -0.06196769
1379 -0.06196773
1380 -0.06196771
1381 -0.06196776
1382 -0.06196786
1383 -0.06196794
1384 -0.06196794
1385 -0.06196798
1386 -0.06196808
1387 -0.06196812
1388 -0.06196824
1389 -0.06196832
1390 -0.06196845
1391 -0.0619686
1392 -0.06196867
1393 -0.06196875
1394 -0.06196893
1395 -0.06196918
1396 -0.06196934
1397 -0.06196959
1398 -0.06196971
1399 -0.06197
1400 -0.06197028
1401 -0.06197045
1402 -0.0619707
1403 -0.06197093
1404 -0.06197114
1405 -0.06197137
1406 -0.06197152
1407 -0.06197184
1408 -0.06197201
1409 -0.0619724
1410 -0.06197273
1411 -0.06197308
1412 -0.0619733
1413 -0.06197354
1414 -0.06197385
1415 -0.06197409
1416 -0.06197445
1417 -0.06197472
1418 -0.06197498
1419 -0.06197518
1420 -0.06197551
1421 -0.06197584
1422 -0.06197599
1423 -0.06197629
1424 -0.06197655
1425 -0.06197689
1426 -0.06197722
1427 -0.06197743
1428 -0.06197766
1429 -0.06197782
1430 -0.06197819
1431 -0.06197833
1432 -0.06197851
1433 -0.06197879
1434 -0.06197896
1435 -0.06197919
1436 -0.06197936
1437 -0.06197958
1438 -0.06197968
1439 -0.06197986
1440 -0.06198002
1441 -0.06198023
1442 -0.06198004
1443 -0.06198116
1444 -0.06197758
1445 -0.06197889
1446 -0.06197817
1447 -0.06197898
1448 -0.06197942
1449 -0.06197996
1450 -0.06198056
1451 -0.06198056
1452 -0.06198062
1453 -0.06198069
1454 -0.06198071
1455 -0.06198088
1456 -0.061981
1457 -0.06198116
1458 -0.0619813
1459 -0.06198156
1460 -0.06198183
1461 -0.06198209
1462 -0.0619823
1463 -0.06198257
1464 -0.06198274
1465 -0.06198287
1466 -0.06198297
1467 -0.06198299
1468 -0.06198311
1469 -0.06198323
1470 -0.06198343
1471 -0.06198353
1472 -0.0619836
1473 -0.06198378
1474 -0.06198383
1475 -0.06198402
1476 -0.06198408
1477 -0.06198426
1478 -0.0619844
1479 -0.06198445
1480 -0.06198466
1481 -0.0619848
1482 -0.06198495
1483 -0.06198499
1484 -0.06198512
1485 -0.06198525
1486 -0.06198535
1487 -0.06198547
1488 -0.0619856
1489 -0.06198571
1490 -0.06198573
1491 -0.06198584
1492 -0.06198597
1493 -0.06198605
1494 -0.06198613
1495 -0.0619862
1496 -0.06198625
1497 -0.06198628
1498 -0.0619864
1499 -0.06198641
1500 -0.06198638
1501 -0.06198652
1502 -0.06198644
1503 -0.06198647
1504 -0.06198653
1505 -0.06198666
1506 -0.06198664
1507 -0.06198667
1508 -0.06198676
1509 -0.06198668
1510 -0.06198677
1511 -0.06198683
1512 -0.06198679
1513 -0.06198685
1514 -0.06198682
1515 -0.06198695
1516 -0.06198696
1517 -0.0619869
1518 -0.06198689
1519 -0.06198702
1520 -0.06198701
1521 -0.06198701
1522 -0.06198711
1523 -0.06198708
1524 -0.06198711
1525 -0.06198718
1526 -0.0619872
1527 -0.06198726
1528 -0.06198735
1529 -0.06198743
1530 -0.06198755
1531 -0.06198759
1532 -0.06198762
1533 -0.06198774
1534 -0.06198787
1535 -0.06198796
1536 -0.06198797
1537 -0.06198803
1538 -0.06198809
1539 -0.0619882
1540 -0.0619883
1541 -0.06198842
1542 -0.06198851
1543 -0.06198859
1544 -0.0619887
1545 -0.06198876
1546 -0.06198881
1547 -0.06198888
1548 -0.06198901
1549 -0.0619891
1550 -0.0619892
1551 -0.0619893
1552 -0.06198934
1553 -0.06198945
1554 -0.06198949
1555 -0.06198962
1556 -0.06198974
1557 -0.06198989
1558 -0.06198999
1559 -0.06199015
1560 -0.06199019
1561 -0.06199026
1562 -0.06199035
1563 -0.06199041
1564 -0.06199056
1565 -0.06199062
1566 -0.06199076
1567 -0.06199079
1568 -0.06199082
1569 -0.06199091
1570 -0.06199097
1571 -0.06199103
1572 -0.06199111
1573 -0.06199114
1574 -0.0619912
1575 -0.06199125
1576 -0.06199124
1577 -0.06199133
1578 -0.06199145
1579 -0.0619915
1580 -0.06199151
1581 -0.06199162
1582 -0.06199161
1583 -0.06199158
1584 -0.06199164
1585 -0.06199174
1586 -0.06199173
1587 -0.06199179
1588 -0.06199186
1589 -0.06199177
1590 -0.06199173
1591 -0.06199179
1592 -0.06199173
1593 -0.06199173
1594 -0.0619918
1595 -0.06199187
1596 -0.06199199
1597 -0.06199199
1598 -0.06199199
1599 -0.06199198
1600 -0.06199203
1601 -0.06199204
1602 -0.06199205
1603 -0.06199203
1604 -0.06199202
1605 -0.061992
1606 -0.06199204
1607 -0.06199197
1608 -0.06199201
1609 -0.06199194
1610 -0.06199195
1611 -0.06199191
1612 -0.061992
1613 -0.06199199
1614 -0.06199201
1615 -0.06199199
1616 -0.06199201
1617 -0.06199201
1618 -0.06199197
1619 -0.06199199
1620 -0.06199193
1621 -0.06199187
1622 -0.06199184
1623 -0.06199193
1624 -0.06199193
1625 -0.06199194
1626 -0.06199191
1627 -0.06199196
1628 -0.06199187
1629 -0.06199197
1630 -0.06199187
1631 -0.06199193
1632 -0.06199193
1633 -0.06199194
1634 -0.06199195
1635 -0.06199199
1636 -0.06199189
1637 -0.06199184
1638 -0.06199193
1639 -0.06199198
1640 -0.06199188
1641 -0.06199188
1642 -0.06199185
1643 -0.06199186
1644 -0.06199197
1645 -0.06199188
1646 -0.06199189
1647 -0.0619919
1648 -0.06199193
1649 -0.06199198
1650 -0.06199209
1651 -0.06199204
1652 -0.06199205
1653 -0.06199202
1654 -0.06199199
1655 -0.06199197
1656 -0.06199194
1657 -0.06199196
1658 -0.06199197
1659 -0.06199205
1660 -0.06199202
1661 -0.06199206
1662 -0.06199206
1663 -0.06199202
1664 -0.06199211
1665 -0.06199208
1666 -0.06199206
1667 -0.06199211
1668 -0.06199211
1669 -0.06199213
1670 -0.06199227
1671 -0.06199237
1672 -0.06199245
1673 -0.0619924
1674 -0.06199243
1675 -0.06199252
1676 -0.06199254
1677 -0.06199257
1678 -0.06199267
1679 -0.0619927
1680 -0.06199276
1681 -0.0619928
1682 -0.06199282
1683 -0.06199281
1684 -0.06199284
1685 -0.06199295
1686 -0.06199292
1687 -0.06199295
1688 -0.06199304
1689 -0.0619931
1690 -0.06199307
1691 -0.06199308
1692 -0.06199311
1693 -0.06199316
1694 -0.06199318
1695 -0.06199332
1696 -0.0619933
1697 -0.0619933
1698 -0.06199334
1699 -0.06199342
1700 -0.06199345
1701 -0.06199347
1702 -0.06199354
1703 -0.06199357
1704 -0.06199361
1705 -0.06199362
1706 -0.06199365
1707 -0.06199372
1708 -0.06199378
1709 -0.06199385
1710 -0.06199386
1711 -0.06199395
1712 -0.06199396
1713 -0.06199398
1714 -0.061994
1715 -0.06199405
1716 -0.0619941
1717 -0.0619941
1718 -0.06199414
1719 -0.06199419
1720 -0.06199425
1721 -0.0619943
1722 -0.06199428
1723 -0.06199433
1724 -0.06199435
1725 -0.06199438
1726 -0.0619944
1727 -0.06199443
1728 -0.0619945
1729 -0.06199441
1730 -0.06199444
1731 -0.06199445
1732 -0.06199449
1733 -0.06199454
1734 -0.06199457
1735 -0.06199457
1736 -0.06199462
1737 -0.06199463
1738 -0.06199463
1739 -0.06199462
1740 -0.06199467
1741 -0.06199471
1742 -0.06199473
1743 -0.06199478
1744 -0.0619948
1745 -0.0619948
1746 -0.06199475
1747 -0.06199472
1748 -0.06199475
1749 -0.06199473
1750 -0.06199481
1751 -0.06199485
1752 -0.06199486
1753 -0.06199487
1754 -0.06199489
1755 -0.06199486
1756 -0.06199494
1757 -0.061995
1758 -0.06199497
1759 -0.061995
1760 -0.06199497
1761 -0.06199499
1762 -0.06199507
1763 -0.06199511
1764 -0.06199509
1765 -0.06199509
1766 -0.06199512
1767 -0.06199507
1768 -0.06199506
1769 -0.06199514
1770 -0.06199513
1771 -0.06199523
1772 -0.06199519
1773 -0.06199521
1774 -0.06199519
1775 -0.06199521
1776 -0.06199517
1777 -0.06199515
1778 -0.06199511
1779 -0.06199514
1780 -0.06199523
1781 -0.06199532
1782 -0.06199535
1783 -0.06199532
1784 -0.06199536
1785 -0.06199543
1786 -0.06199545
1787 -0.06199545
1788 -0.06199549
1789 -0.06199549
1790 -0.06199544
1791 -0.06199547
1792 -0.0619955
1793 -0.06199552
1794 -0.06199557
1795 -0.06199558
1796 -0.06199564
1797 -0.06199569
1798 -0.06199572
1799 -0.06199581
1800 -0.06199586
1801 -0.06199586
1802 -0.06199586
1803 -0.06199588
1804 -0.06199595
1805 -0.06199601
1806 -0.06199601
1807 -0.06199609
1808 -0.06199612
1809 -0.06199616
1810 -0.06199621
1811 -0.06199624
1812 -0.0619963
1813 -0.0619963
1814 -0.06199634
1815 -0.06199638
1816 -0.06199644
1817 -0.06199649
1818 -0.06199654
1819 -0.06199659
1820 -0.06199668
1821 -0.06199667
1822 -0.06199669
1823 -0.06199673
1824 -0.06199672
1825 -0.06199676
1826 -0.06199678
1827 -0.06199681
1828 -0.06199687
1829 -0.06199689
1830 -0.06199696
1831 -0.06199699
1832 -0.06199702
1833 -0.06199699
1834 -0.06199703
1835 -0.06199707
1836 -0.06199707
1837 -0.06199716
1838 -0.06199721
1839 -0.06199721
1840 -0.06199725
1841 -0.06199728
1842 -0.06199732
1843 -0.06199735
1844 -0.06199737
1845 -0.06199738
1846 -0.06199741
1847 -0.06199742
1848 -0.0619974
1849 -0.06199738
1850 -0.06199741
1851 -0.0619974
1852 -0.06199737
1853 -0.06199741
1854 -0.0619974
1855 -0.06199739
1856 -0.06199745
1857 -0.06199751
1858 -0.0619975
1859 -0.06199749
1860 -0.06199751
1861 -0.06199758
1862 -0.0619976
1863 -0.0619976
1864 -0.0619976
1865 -0.0619976
1866 -0.06199761
1867 -0.06199758
1868 -0.06199764
1869 -0.06199769
1870 -0.06199769
1871 -0.06199771
1872 -0.06199775
1873 -0.06199777
1874 -0.06199773
1875 -0.06199774
1876 -0.06199777
1877 -0.06199774
1878 -0.06199773
1879 -0.06199774
1880 -0.06199777
1881 -0.06199774
1882 -0.06199772
1883 -0.06199771
1884 -0.06199777
1885 -0.06199781
1886 -0.06199785
1887 -0.06199783
1888 -0.0619978
1889 -0.06199781
1890 -0.0619978
1891 -0.0619978
1892 -0.06199783
1893 -0.06199781
1894 -0.06199783
1895 -0.06199783
1896 -0.06199789
1897 -0.06199792
1898 -0.06199796
1899 -0.06199794
1900 -0.06199798
1901 -0.06199796
1902 -0.06199796
1903 -0.06199799
1904 -0.06199801
1905 -0.061998
1906 -0.06199799
1907 -0.06199796
1908 -0.06199796
1909 -0.06199793
1910 -0.06199794
1911 -0.06199794
1912 -0.06199794
1913 -0.06199791
1914 -0.06199795
1915 -0.06199791
1916 -0.0619979
1917 -0.06199788
1918 -0.06199788
1919 -0.06199784
1920 -0.06199781
1921 -0.06199782
1922 -0.06199785
1923 -0.06199786
1924 -0.06199784
1925 -0.0619978
1926 -0.06199777
1927 -0.06199776
1928 -0.06199777
1929 -0.06199777
1930 -0.06199777
1931 -0.06199782
1932 -0.06199786
1933 -0.06199784
1934 -0.06199782
1935 -0.06199784
1936 -0.06199779
1937 -0.06199779
1938 -0.06199776
1939 -0.06199774
1940 -0.06199771
1941 -0.06199773
1942 -0.06199776
1943 -0.06199776
1944 -0.06199779
1945 -0.06199779
1946 -0.06199777
1947 -0.0619978
1948 -0.06199779
1949 -0.06199777
1950 -0.06199773
1951 -0.06199769
1952 -0.0619977
1953 -0.06199767
1954 -0.06199766
1955 -0.06199766
1956 -0.06199764
1957 -0.06199764
1958 -0.06199763
1959 -0.06199764
1960 -0.06199768
1961 -0.06199767
1962 -0.06199772
1963 -0.06199775
1964 -0.06199769
1965 -0.06199774
1966 -0.06199776
1967 -0.06199778
1968 -0.06199782
1969 -0.06199779
1970 -0.06199783
1971 -0.06199782
1972 -0.06199781
1973 -0.06199784
1974 -0.06199783
1975 -0.06199784
1976 -0.06199789
1977 -0.0619979
1978 -0.06199789
1979 -0.06199793
1980 -0.06199791
1981 -0.06199792
1982 -0.06199795
1983 -0.06199792
1984 -0.06199789
1985 -0.06199787
1986 -0.06199788
1987 -0.06199791
1988 -0.06199794
1989 -0.06199796
1990 -0.06199797
1991 -0.06199797
1992 -0.061998
1993 -0.06199801
1994 -0.06199806
1995 -0.0619981
1996 -0.0619981
1997 -0.06199811
1998 -0.06199814
1999 -0.06199814
2000 -0.06199818
2001 -0.06199817
