"cd-rfile"
"Iteration" "cd"
("Iteration" "cd")
1 1.531749
2 1.532377
3 1.532904
4 1.533351
5 1.533722
6 1.534027
7 1.534266
8 1.534452
9 1.534589
10 1.534685
11 1.534747
12 1.53478
13 1.534789
14 1.53478
15 1.534755
16 1.534717
17 1.53467
18 1.534619
19 1.534561
20 1.534501
21 1.534442
22 1.534384
23 1.534329
24 1.534277
25 1.53423
26 1.534189
27 1.534152
28 1.534125
29 1.534103
30 1.534089
31 1.534085
32 1.534085
33 1.534096
34 1.534115
35 1.53414
36 1.534175
37 1.534217
38 1.534268
39 1.534326
40 1.534391
41 1.534464
42 1.534544
43 1.534632
44 1.534725
45 1.534826
46 1.534933
47 1.535045
48 1.535164
49 1.535287
50 1.535416
51 1.53555
52 1.535687
53 1.535828
54 1.535974
55 1.536124
56 1.536274
57 1.536429
58 1.536584
59 1.536743
60 1.536902
61 1.537064
62 1.537224
63 1.537385
64 1.537546
65 1.537708
66 1.537867
67 1.538027
68 1.538185
69 1.538338
70 1.538491
71 1.538639
72 1.538785
73 1.538928
74 1.539066
75 1.539202
76 1.53933
77 1.539456
78 1.539576
79 1.53969
80 1.539797
81 1.539899
82 1.539996
83 1.540086
84 1.540168
85 1.540243
86 1.540312
87 1.540371
88 1.540423
89 1.540468
90 1.540504
91 1.540532
92 1.540553
93 1.540563
94 1.540566
95 1.540562
96 1.540545
97 1.540522
98 1.540489
99 1.540449
100 1.540399
101 1.540343
102 1.540283
103 1.540212
104 1.540137
105 1.540051
106 1.539959
107 1.539857
108 1.539748
109 1.539631
110 1.539505
111 1.539371
112 1.539231
113 1.539081
114 1.538922
115 1.538756
116 1.538582
117 1.538401
118 1.538212
119 1.538015
120 1.53781
121 1.5376
122 1.537382
123 1.53716
124 1.536928
125 1.536692
126 1.536449
127 1.536202
128 1.535949
129 1.535693
130 1.53543
131 1.535163
132 1.534893
133 1.534619
134 1.534341
135 1.534062
136 1.53378
137 1.533494
138 1.533206
139 1.532918
140 1.532628
141 1.532336
142 1.532045
143 1.531751
144 1.531458
145 1.531164
146 1.530873
147 1.530582
148 1.53029
149 1.53
150 1.529712
151 1.529424
152 1.52914
153 1.528857
154 1.528578
155 1.528301
156 1.528024
157 1.527754
158 1.527485
159 1.527221
160 1.526961
161 1.526705
162 1.526452
163 1.526205
164 1.52596
165 1.525721
166 1.525487
167 1.525256
168 1.525031
169 1.524811
170 1.524595
171 1.524383
172 1.524178
173 1.52398
174 1.523783
175 1.523593
176 1.523409
177 1.523229
178 1.523055
179 1.522886
180 1.522722
181 1.522563
182 1.522408
183 1.522258
184 1.522113
185 1.521973
186 1.521838
187 1.521706
188 1.52158
189 1.521458
190 1.521338
191 1.521224
192 1.521114
193 1.521007
194 1.5209
195 1.5208
196 1.520702
197 1.520606
198 1.520515
199 1.520425
200 1.520339
201 1.520253
202 1.52017
203 1.52009
204 1.520012
205 1.519933
206 1.519859
207 1.519783
208 1.519711
209 1.519638
210 1.519565
211 1.519494
212 1.519424
213 1.519355
214 1.519287
215 1.519218
216 1.519149
217 1.51908
218 1.519013
219 1.518945
220 1.518875
221 1.518807
222 1.518739
223 1.518671
224 1.518601
225 1.518532
226 1.518463
227 1.518394
228 1.518325
229 1.518256
230 1.518185
231 1.518113
232 1.518043
233 1.517973
234 1.517902
235 1.517833
236 1.517762
237 1.51769
238 1.517619
239 1.51755
240 1.51748
241 1.517411
242 1.517342
243 1.517276
244 1.517209
245 1.517144
246 1.51708
247 1.517015
248 1.51695
249 1.516891
250 1.516831
251 1.51677
252 1.516714
253 1.51666
254 1.516606
255 1.516555
256 1.516506
257 1.516458
258 1.516413
259 1.51637
260 1.51633
261 1.516291
262 1.516255
263 1.516222
264 1.516193
265 1.516164
266 1.516141
267 1.516119
268 1.516102
269 1.516085
270 1.516073
271 1.516063
272 1.516059
273 1.516055
274 1.516056
275 1.516062
276 1.516069
277 1.51608
278 1.516093
279 1.516111
280 1.516131
281 1.516156
282 1.516184
283 1.516215
284 1.516251
285 1.516288
286 1.51633
287 1.516375
288 1.516424
289 1.516476
290 1.516531
291 1.51659
292 1.516653
293 1.516717
294 1.516784
295 1.516856
296 1.516932
297 1.517009
298 1.517093
299 1.517176
300 1.517263
301 1.517353
302 1.517443
303 1.51754
304 1.517638
305 1.517741
306 1.517844
307 1.517951
308 1.518061
309 1.518173
310 1.518286
311 1.518402
312 1.518522
313 1.518645
314 1.518768
315 1.518895
316 1.519025
317 1.519155
318 1.519288
319 1.519424
320 1.519559
321 1.519699
322 1.519841
323 1.519983
324 1.520128
325 1.520275
326 1.520425
327 1.520575
328 1.520728
329 1.52088
330 1.521038
331 1.521238
332 1.521441
333 1.521647
334 1.521855
335 1.522068
336 1.522281
337 1.5225
338 1.522719
339 1.522941
340 1.523167
341 1.523393
342 1.523623
343 1.523856
344 1.524092
345 1.524331
346 1.524571
347 1.524815
348 1.525062
349 1.525311
350 1.525565
351 1.525819
352 1.526078
353 1.526339
354 1.526604
355 1.526871
356 1.527138
357 1.527413
358 1.527691
359 1.527972
360 1.528254
361 1.528567
362 1.52888
363 1.529198
364 1.529519
365 1.529843
366 1.530175
367 1.530508
368 1.530845
369 1.531186
370 1.531531
371 1.531876
372 1.532227
373 1.532585
374 1.532943
375 1.533306
376 1.533675
377 1.534043
378 1.534415
379 1.534791
380 1.53517
381 1.535553
382 1.535939
383 1.536327
384 1.536718
385 1.537114
386 1.53751
387 1.53791
388 1.53831
389 1.538715
390 1.539121
391 1.539528
392 1.539939
393 1.540351
394 1.540763
395 1.541179
396 1.541595
397 1.54201
398 1.542429
399 1.542849
400 1.543267
401 1.543688
402 1.544109
403 1.544529
404 1.54495
405 1.545372
406 1.545794
407 1.546215
408 1.546637
409 1.547056
410 1.547476
411 1.547893
412 1.548312
413 1.54873
414 1.549145
415 1.54956
416 1.549974
417 1.550384
418 1.550794
419 1.551204
420 1.551611
421 1.552014
422 1.552418
423 1.552819
424 1.553216
425 1.553614
426 1.554008
427 1.554401
428 1.554789
429 1.555176
430 1.55556
431 1.555942
432 1.556321
433 1.556697
434 1.557072
435 1.557442
436 1.557812
437 1.558176
438 1.558538
439 1.558898
440 1.559255
441 1.55961
442 1.55996
443 1.560309
444 1.560655
445 1.560998
446 1.561338
447 1.561676
448 1.562011
449 1.562344
450 1.562673
451 1.563
452 1.563326
453 1.563647
454 1.563968
455 1.564286
456 1.564603
457 1.564915
458 1.565226
459 1.565537
460 1.565846
461 1.566152
462 1.566456
463 1.566759
464 1.567061
465 1.567362
466 1.567661
467 1.567958
468 1.568257
469 1.568553
470 1.568849
471 1.569144
472 1.569441
473 1.569736
474 1.570029
475 1.570323
476 1.570618
477 1.570912
478 1.571208
479 1.571504
480 1.571799
481 1.572096
482 1.572392
483 1.572692
484 1.572991
485 1.573293
486 1.573594
487 1.573897
488 1.574203
489 1.574509
490 1.574818
491 1.575128
492 1.57544
493 1.575754
494 1.576068
495 1.576387
496 1.576708
497 1.577031
498 1.577355
499 1.577681
500 1.57801
501 1.578343
502 1.578679
503 1.579015
504 1.579353
505 1.579695
506 1.580038
507 1.580384
508 1.580731
509 1.581082
510 1.581435
511 1.581793
512 1.582151
513 1.582513
514 1.582877
515 1.583241
516 1.583608
517 1.583977
518 1.584348
519 1.58472
520 1.585097
521 1.585472
522 1.585852
523 1.586231
524 1.586613
525 1.586996
526 1.587381
527 1.587765
528 1.588152
529 1.588541
530 1.588931
531 1.589321
532 1.589711
533 1.590103
534 1.590496
535 1.590889
536 1.591284
537 1.591679
538 1.592075
539 1.592471
540 1.592866
541 1.593264
542 1.59366
543 1.594058
544 1.594456
545 1.59485
546 1.595249
547 1.595643
548 1.59604
549 1.596436
550 1.596833
551 1.597229
552 1.597624
553 1.598021
554 1.598414
555 1.598808
556 1.599203
557 1.599596
558 1.599988
559 1.600382
560 1.600775
561 1.601166
562 1.601559
563 1.601948
564 1.60234
565 1.602731
566 1.603121
567 1.60351
568 1.603902
569 1.604291
570 1.60468
571 1.60507
572 1.605459
573 1.605851
574 1.606241
575 1.60663
576 1.607022
577 1.607414
578 1.607805
579 1.608196
580 1.608589
581 1.608983
582 1.609379
583 1.609775
584 1.610173
585 1.610571
586 1.61097
587 1.611371
588 1.611774
589 1.612178
590 1.612585
591 1.612993
592 1.613403
593 1.613816
594 1.614231
595 1.614649
596 1.615067
597 1.615489
598 1.615913
599 1.616339
600 1.616767
601 1.617196
602 1.61763
603 1.618064
604 1.618503
605 1.618942
606 1.619382
607 1.619828
608 1.620275
609 1.62072
610 1.621169
611 1.621621
612 1.622075
613 1.62253
614 1.622988
615 1.623446
616 1.623907
617 1.624369
618 1.624831
619 1.625299
620 1.625764
621 1.626229
622 1.626698
623 1.627165
624 1.627634
625 1.628105
626 1.628575
627 1.629046
628 1.629518
629 1.629989
630 1.63046
631 1.630932
632 1.631405
633 1.631876
634 1.632346
635 1.632816
636 1.633287
637 1.633757
638 1.634225
639 1.634693
640 1.635159
641 1.635626
642 1.636088
643 1.636548
644 1.637008
645 1.637467
646 1.637922
647 1.638378
648 1.638831
649 1.639281
650 1.639731
651 1.640177
652 1.640621
653 1.641062
654 1.641498
655 1.641937
656 1.64237
657 1.6428
658 1.643227
659 1.643653
660 1.644073
661 1.64449
662 1.644907
663 1.645317
664 1.645724
665 1.646129
666 1.646529
667 1.646928
668 1.647321
669 1.647714
670 1.648099
671 1.648481
672 1.64886
673 1.649235
674 1.649607
675 1.649976
676 1.650338
677 1.650698
678 1.651053
679 1.651406
680 1.651752
681 1.652093
682 1.652433
683 1.652765
684 1.653095
685 1.653418
686 1.653738
687 1.654056
688 1.654369
689 1.654672
690 1.654976
691 1.655305
692 1.65563
693 1.655947
694 1.656257
695 1.656562
696 1.656859
697 1.657149
698 1.657435
699 1.657713
700 1.657983
701 1.658246
702 1.658502
703 1.658751
704 1.658992
705 1.659226
706 1.659452
707 1.659672
708 1.659882
709 1.660085
710 1.66028
711 1.660466
712 1.660645
713 1.660814
714 1.660977
715 1.661131
716 1.661274
717 1.661412
718 1.661541
719 1.66166
720 1.66177
721 1.661888
722 1.661996
723 1.66209
724 1.662175
725 1.662247
726 1.662308
727 1.662359
728 1.662397
729 1.662425
730 1.66244
731 1.662447
732 1.662444
733 1.66243
734 1.662405
735 1.66237
736 1.662324
737 1.662269
738 1.662202
739 1.662128
740 1.662047
741 1.661956
742 1.661855
743 1.661747
744 1.661631
745 1.661507
746 1.661374
747 1.661235
748 1.661087
749 1.660933
750 1.660773
751 1.660575
752 1.660368
753 1.660153
754 1.659931
755 1.659701
756 1.659466
757 1.659225
758 1.658978
759 1.658726
760 1.658466
761 1.658205
762 1.65794
763 1.657668
764 1.657394
765 1.65712
766 1.656839
767 1.656557
768 1.656273
769 1.655985
770 1.655694
771 1.655401
772 1.655106
773 1.654811
774 1.654512
775 1.654211
776 1.653908
777 1.653606
778 1.653298
779 1.652991
780 1.65268
781 1.652308
782 1.651929
783 1.651545
784 1.651162
785 1.650771
786 1.650376
787 1.649979
788 1.649576
789 1.649168
790 1.648754
791 1.648337
792 1.647913
793 1.647483
794 1.647048
795 1.646609
796 1.646165
797 1.645713
798 1.645255
799 1.644789
800 1.644315
801 1.643836
802 1.643349
803 1.642854
804 1.642351
805 1.641841
806 1.641323
807 1.640794
808 1.640258
809 1.639713
810 1.639165
811 1.638493
812 1.637807
813 1.63711
814 1.636405
815 1.63568
816 1.634945
817 1.634198
818 1.633437
819 1.632662
820 1.631874
821 1.631075
822 1.63026
823 1.629431
824 1.628589
825 1.62773
826 1.626856
827 1.625968
828 1.625066
829 1.624149
830 1.623217
831 1.62227
832 1.621305
833 1.620331
834 1.619339
835 1.618332
836 1.617311
837 1.616278
838 1.615232
839 1.614174
840 1.613105
841 1.612021
842 1.610927
843 1.609823
844 1.608709
845 1.607584
846 1.606452
847 1.60531
848 1.604161
849 1.603003
850 1.601832
851 1.60066
852 1.599477
853 1.598289
854 1.597093
855 1.595893
856 1.594685
857 1.593473
858 1.592255
859 1.591032
860 1.589804
861 1.588575
862 1.587338
863 1.5861
864 1.584858
865 1.583614
866 1.582366
867 1.581118
868 1.579869
869 1.578616
870 1.577365
871 1.576112
872 1.57486
873 1.573606
874 1.572349
875 1.571092
876 1.569836
877 1.568579
878 1.56732
879 1.56606
880 1.564797
881 1.563532
882 1.562264
883 1.560995
884 1.55972
885 1.55844
886 1.557159
887 1.55587
888 1.554574
889 1.553277
890 1.551969
891 1.550655
892 1.549335
893 1.548007
894 1.546672
895 1.54533
896 1.543979
897 1.54262
898 1.54125
899 1.539874
900 1.53849
901 1.537097
902 1.535694
903 1.534285
904 1.532864
905 1.531437
906 1.530001
907 1.528557
908 1.527107
909 1.52565
910 1.524184
911 1.522712
912 1.521234
913 1.51975
914 1.51826
915 1.516766
916 1.515267
917 1.513761
918 1.512253
919 1.510738
920 1.509224
921 1.507706
922 1.506186
923 1.504663
924 1.503139
925 1.501614
926 1.500087
927 1.498562
928 1.497036
929 1.495513
930 1.493991
931 1.492472
932 1.490954
933 1.48944
934 1.487929
935 1.486424
936 1.484923
937 1.483428
938 1.481936
939 1.480453
940 1.478975
941 1.477504
942 1.476039
943 1.474584
944 1.473137
945 1.471695
946 1.470265
947 1.468846
948 1.467433
949 1.466027
950 1.464633
951 1.463249
952 1.461875
953 1.460511
954 1.459157
955 1.457811
956 1.456473
957 1.455144
958 1.453826
959 1.452519
960 1.451217
961 1.449887
962 1.448565
963 1.447252
964 1.445947
965 1.44465
966 1.443361
967 1.442078
968 1.440804
969 1.439535
970 1.438272
971 1.437016
972 1.435764
973 1.434519
974 1.433279
975 1.432046
976 1.430818
977 1.429594
978 1.428374
979 1.42716
980 1.425949
981 1.424744
982 1.423543
983 1.422344
984 1.42115
985 1.419961
986 1.418775
987 1.417596
988 1.416421
989 1.415253
990 1.41409
991 1.412935
992 1.411784
993 1.410643
994 1.409509
995 1.408383
996 1.407266
997 1.406153
998 1.405049
999 1.403955
1000 1.40287
1001 1.401793
1002 1.400728
1003 1.399671
1004 1.398624
1005 1.397584
1006 1.396556
1007 1.395538
1008 1.394531
1009 1.393535
1010 1.392552
1011 1.39158
1012 1.39062
1013 1.389671
1014 1.388737
1015 1.387815
1016 1.386907
1017 1.386013
1018 1.385134
1019 1.384268
1020 1.383415
1021 1.382579
1022 1.381758
1023 1.380953
1024 1.380164
1025 1.379393
1026 1.378636
1027 1.377898
1028 1.377174
1029 1.376469
1030 1.375782
1031 1.375111
1032 1.374458
1033 1.373822
1034 1.373204
1035 1.372603
1036 1.372023
1037 1.371457
1038 1.370909
1039 1.370379
1040 1.369866
1041 1.369371
1042 1.368892
1043 1.368433
1044 1.367993
1045 1.36757
1046 1.367166
1047 1.366779
1048 1.366412
1049 1.366063
1050 1.365731
1051 1.365419
1052 1.365121
1053 1.364843
1054 1.364582
1055 1.364341
1056 1.364117
1057 1.363913
1058 1.363728
1059 1.363559
1060 1.363409
1061 1.363274
1062 1.363156
1063 1.363055
1064 1.36297
1065 1.362899
1066 1.362844
1067 1.362802
1068 1.362772
1069 1.362755
1070 1.362748
1071 1.362753
1072 1.362764
1073 1.362784
1074 1.362811
1075 1.362842
1076 1.36288
1077 1.362922
1078 1.362965
1079 1.363014
1080 1.363062
1081 1.363114
1082 1.363167
1083 1.363223
1084 1.36328
1085 1.363336
1086 1.363393
1087 1.363452
1088 1.363509
1089 1.363569
1090 1.363626
1091 1.363684
1092 1.363743
1093 1.363804
1094 1.363864
1095 1.363927
1096 1.363991
1097 1.364055
1098 1.36412
1099 1.364187
1100 1.364259
1101 1.364333
1102 1.364409
1103 1.364488
1104 1.364573
1105 1.364658
1106 1.364747
1107 1.36484
1108 1.364939
1109 1.365041
1110 1.365152
1111 1.365267
1112 1.365389
1113 1.365519
1114 1.365656
1115 1.3658
1116 1.365953
1117 1.366113
1118 1.366284
1119 1.366462
1120 1.366653
1121 1.366854
1122 1.367065
1123 1.367286
1124 1.367517
1125 1.367758
1126 1.36801
1127 1.368273
1128 1.368549
1129 1.368836
1130 1.369136
1131 1.369449
1132 1.369774
1133 1.370113
1134 1.370465
1135 1.370829
1136 1.371208
1137 1.371601
1138 1.372007
1139 1.372427
1140 1.372859
1141 1.373304
1142 1.373763
1143 1.374237
1144 1.374722
1145 1.375221
1146 1.375731
1147 1.376257
1148 1.376794
1149 1.377342
1150 1.3779
1151 1.378468
1152 1.379044
1153 1.379628
1154 1.380218
1155 1.380813
1156 1.381414
1157 1.382019
1158 1.382627
1159 1.38324
1160 1.383854
1161 1.384471
1162 1.385091
1163 1.385708
1164 1.38633
1165 1.386952
1166 1.387577
1167 1.388201
1168 1.388827
1169 1.389454
1170 1.390082
1171 1.390913
1172 1.391747
1173 1.392584
1174 1.393426
1175 1.394271
1176 1.395119
1177 1.395974
1178 1.396831
1179 1.397692
1180 1.398555
1181 1.399426
1182 1.400294
1183 1.401161
1184 1.402032
1185 1.402899
1186 1.403763
1187 1.404622
1188 1.405474
1189 1.406316
1190 1.407149
1191 1.40797
1192 1.40878
1193 1.409576
1194 1.410358
1195 1.411126
1196 1.411876
1197 1.412612
1198 1.413334
1199 1.41404
1200 1.414729
1201 1.415538
1202 1.416324
1203 1.417086
1204 1.417822
1205 1.418534
1206 1.419219
1207 1.419878
1208 1.420505
1209 1.421103
1210 1.42167
1211 1.422202
1212 1.422696
1213 1.42315
1214 1.423562
1215 1.423927
1216 1.424244
1217 1.42451
1218 1.424719
1219 1.424872
1220 1.424964
1221 1.424992
1222 1.424958
1223 1.424855
1224 1.424685
1225 1.424444
1226 1.424133
1227 1.423747
1228 1.42329
1229 1.422758
1230 1.422155
1231 1.421283
1232 1.420304
1233 1.419217
1234 1.418026
1235 1.416735
1236 1.415349
1237 1.413874
1238 1.412314
1239 1.410678
1240 1.40897
1241 1.407203
1242 1.405379
1243 1.403513
1244 1.40161
1245 1.39968
1246 1.397737
1247 1.39579
1248 1.393849
1249 1.39193
1250 1.390033
1251 1.388178
1252 1.386365
1253 1.384611
1254 1.382922
1255 1.381302
1256 1.379766
1257 1.378312
1258 1.376954
1259 1.375695
1260 1.374543
1261 1.373471
1262 1.37252
1263 1.371692
1264 1.37099
1265 1.370411
1266 1.369956
1267 1.369626
1268 1.369419
1269 1.369332
1270 1.369362
1271 1.369509
1272 1.36977
1273 1.370141
1274 1.370619
1275 1.371198
1276 1.371877
1277 1.372648
1278 1.373507
1279 1.374449
1280 1.375468
1281 1.37656
1282 1.377714
1283 1.378924
1284 1.380187
1285 1.381491
1286 1.382833
1287 1.384203
1288 1.385594
1289 1.387
1290 1.388411
1291 1.390046
1292 1.391667
1293 1.393268
1294 1.394842
1295 1.396379
1296 1.397874
1297 1.399326
1298 1.400729
1299 1.402083
1300 1.403382
1301 1.404629
1302 1.40582
1303 1.406961
1304 1.408052
1305 1.409099
1306 1.410101
1307 1.411062
1308 1.411988
1309 1.412886
1310 1.413754
1311 1.414603
1312 1.415439
1313 1.416268
1314 1.417097
1315 1.417933
1316 1.418781
1317 1.419646
1318 1.420537
1319 1.421454
1320 1.422412
1321 1.423523
1322 1.424693
1323 1.425921
1324 1.427214
1325 1.428576
1326 1.430013
1327 1.431525
1328 1.433114
1329 1.434778
1330 1.436515
1331 1.438325
1332 1.440203
1333 1.442144
1334 1.444146
1335 1.446198
1336 1.448294
1337 1.450428
1338 1.452591
1339 1.454777
1340 1.456974
1341 1.459179
1342 1.461379
1343 1.463571
1344 1.465746
1345 1.467897
1346 1.47002
1347 1.472111
1348 1.474167
1349 1.476185
1350 1.478163
1351 1.4801
1352 1.481995
1353 1.483847
1354 1.485657
1355 1.48742
1356 1.48914
1357 1.490815
1358 1.492444
1359 1.494028
1360 1.495565
1361 1.497059
1362 1.498507
1363 1.499913
1364 1.501276
1365 1.502594
1366 1.503871
1367 1.505105
1368 1.506299
1369 1.507454
1370 1.50857
1371 1.509649
1372 1.510689
1373 1.511698
1374 1.512673
1375 1.513612
1376 1.514521
1377 1.5154
1378 1.516255
1379 1.516347
1380 1.516435
1381 1.516544
1382 1.516677
1383 1.516811
1384 1.516976
1385 1.51718
1386 1.517426
1387 1.517727
1388 1.518072
1389 1.518454
1390 1.518871
1391 1.519326
1392 1.519825
1393 1.520366
1394 1.520911
1395 1.521462
1396 1.522019
1397 1.522583
1398 1.523157
1399 1.523741
1400 1.524335
1401 1.524943
1402 1.525565
1403 1.526201
1404 1.526861
1405 1.527543
1406 1.528253
1407 1.528993
1408 1.529767
1409 1.530574
1410 1.531423
1411 1.532311
1412 1.533243
1413 1.534222
1414 1.535248
1415 1.536318
1416 1.537437
1417 1.538602
1418 1.539808
1419 1.541058
1420 1.542347
1421 1.543674
1422 1.545031
1423 1.546419
1424 1.54783
1425 1.549265
1426 1.550712
1427 1.552169
1428 1.553626
1429 1.555077
1430 1.556517
1431 1.55794
1432 1.559333
1433 1.560695
1434 1.562013
1435 1.563284
1436 1.5645
1437 1.565656
1438 1.566746
1439 1.567766
1440 1.568707
1441 1.569571
1442 1.570347
1443 1.571038
1444 1.571641
1445 1.572155
1446 1.572579
1447 1.572918
1448 1.573166
1449 1.573335
1450 1.573422
1451 1.573435
1452 1.573372
1453 1.573245
1454 1.573054
1455 1.572807
1456 1.572504
1457 1.572156
1458 1.571764
1459 1.571332
1460 1.570869
1461 1.570377
1462 1.569861
1463 1.569323
1464 1.568767
1465 1.568196
1466 1.567614
1467 1.567021
1468 1.566424
1469 1.565823
1470 1.565221
1471 1.564432
1472 1.563657
1473 1.562905
1474 1.56218
1475 1.561486
1476 1.560834
1477 1.560224
1478 1.55966
1479 1.559152
1480 1.558698
1481 1.5583
1482 1.557964
1483 1.557691
1484 1.557482
1485 1.557337
1486 1.557253
1487 1.557231
1488 1.557271
1489 1.55737
1490 1.557522
1491 1.557724
1492 1.55797
1493 1.55826
1494 1.558586
1495 1.558942
1496 1.559332
1497 1.559747
1498 1.560186
1499 1.560646
1500 1.561125
1501 1.561624
1502 1.562142
1503 1.562672
1504 1.563219
1505 1.563781
1506 1.564357
1507 1.564947
1508 1.56555
1509 1.56617
1510 1.566808
1511 1.56746
1512 1.568125
1513 1.568803
1514 1.569495
1515 1.570196
1516 1.570259
1517 1.570327
1518 1.570412
1519 1.570523
1520 1.570634
1521 1.570774
1522 1.570951
1523 1.571171
1524 1.571449
1525 1.571774
1526 1.572143
1527 1.572553
1528 1.573006
1529 1.573499
1530 1.574032
1531 1.57466
1532 1.575276
1533 1.575879
1534 1.576465
1535 1.577026
1536 1.577565
1537 1.578076
1538 1.578557
1539 1.579004
1540 1.579408
1541 1.579775
1542 1.5801
1543 1.580379
1544 1.580611
1545 1.580794
1546 1.580935
1547 1.581022
1548 1.581059
1549 1.581045
1550 1.580981
1551 1.580868
1552 1.580709
1553 1.580505
1554 1.580262
1555 1.579985
1556 1.579674
1557 1.579331
1558 1.57896
1559 1.578567
1560 1.57815
1561 1.577677
1562 1.577188
1563 1.57669
1564 1.57618
1565 1.575668
1566 1.575154
1567 1.574639
1568 1.574128
1569 1.573621
1570 1.57312
1571 1.572626
1572 1.572136
1573 1.571657
1574 1.571181
1575 1.570718
1576 1.570263
1577 1.569814
1578 1.569374
1579 1.568938
1580 1.568509
1581 1.568082
1582 1.567653
1583 1.567224
1584 1.566791
1585 1.566352
1586 1.565907
1587 1.565452
1588 1.564984
1589 1.564501
1590 1.563999
1591 1.563464
1592 1.562904
1593 1.562315
1594 1.561697
1595 1.561044
1596 1.560352
1597 1.559624
1598 1.558852
1599 1.558035
1600 1.557172
1601 1.556263
1602 1.555305
1603 1.5543
1604 1.553245
1605 1.552145
1606 1.550995
1607 1.549801
1608 1.548562
1609 1.547279
1610 1.545955
1611 1.544594
1612 1.543198
1613 1.541771
1614 1.540319
1615 1.538841
1616 1.537343
1617 1.535832
1618 1.53431
1619 1.532779
1620 1.531245
1621 1.529713
1622 1.528185
1623 1.526663
1624 1.525151
1625 1.523649
1626 1.522164
1627 1.520698
1628 1.51925
1629 1.517822
1630 1.516415
1631 1.515031
1632 1.513673
1633 1.51234
1634 1.511034
1635 1.509753
1636 1.508503
1637 1.507283
1638 1.506092
1639 1.504935
1640 1.503809
1641 1.502718
1642 1.501665
1643 1.500645
1644 1.499663
1645 1.498716
1646 1.497807
1647 1.496931
1648 1.496094
1649 1.495295
1650 1.494535
1651 1.493816
1652 1.493137
1653 1.492501
1654 1.491908
1655 1.491361
1656 1.490853
1657 1.49039
1658 1.489968
1659 1.48959
1660 1.489248
1661 1.488948
1662 1.488687
1663 1.488461
1664 1.488268
1665 1.488107
1666 1.487978
1667 1.487877
1668 1.487807
1669 1.487761
1670 1.487741
1671 1.487745
1672 1.487767
1673 1.487811
1674 1.487873
1675 1.487951
1676 1.488045
1677 1.488151
1678 1.488268
1679 1.488393
1680 1.488524
1681 1.488657
1682 1.488794
1683 1.48893
1684 1.489065
1685 1.489194
1686 1.489321
1687 1.48944
1688 1.489547
1689 1.489645
1690 1.489728
1691 1.489794
1692 1.489844
1693 1.489874
1694 1.489883
1695 1.489871
1696 1.489834
1697 1.489774
1698 1.489689
1699 1.489577
1700 1.489441
1701 1.489277
1702 1.489089
1703 1.488873
1704 1.48863
1705 1.488362
1706 1.488069
1707 1.487752
1708 1.487416
1709 1.487059
1710 1.486689
1711 1.486302
1712 1.485906
1713 1.485501
1714 1.485091
1715 1.484683
1716 1.484273
1717 1.483873
1718 1.483477
1719 1.483098
1720 1.482736
1721 1.482394
1722 1.482075
1723 1.481784
1724 1.481522
1725 1.481291
1726 1.481096
1727 1.480937
1728 1.480816
1729 1.480739
1730 1.480705
1731 1.480715
1732 1.480771
1733 1.480874
1734 1.481023
1735 1.481219
1736 1.481463
1737 1.481754
1738 1.482091
1739 1.482473
1740 1.482898
1741 1.483368
1742 1.483878
1743 1.484428
1744 1.485017
1745 1.485642
1746 1.486302
1747 1.486996
1748 1.487725
1749 1.488485
1750 1.489278
1751 1.4901
1752 1.490956
1753 1.491838
1754 1.492753
1755 1.493692
1756 1.494662
1757 1.495659
1758 1.496685
1759 1.49774
1760 1.498823
1761 1.499931
1762 1.500038
1763 1.500146
1764 1.500279
1765 1.500449
1766 1.500616
1767 1.500829
1768 1.501098
1769 1.501438
1770 1.501869
1771 1.502386
1772 1.50298
1773 1.503651
1774 1.504404
1775 1.505243
1776 1.506169
1777 1.507435
1778 1.508724
1779 1.510029
1780 1.511348
1781 1.512676
1782 1.514007
1783 1.51534
1784 1.516668
1785 1.517987
1786 1.519295
1787 1.520589
1788 1.521862
1789 1.523114
1790 1.523243
1791 1.523367
1792 1.523524
1793 1.523721
1794 1.523916
1795 1.524161
1796 1.524466
1797 1.524843
1798 1.52531
1799 1.525859
1800 1.526466
1801 1.527132
1802 1.527854
1803 1.528625
1804 1.52944
1805 1.53024
1806 1.531019
1807 1.531779
1808 1.532518
1809 1.533237
1810 1.533937
1811 1.534613
1812 1.53527
1813 1.535906
1814 1.536523
1815 1.537118
1816 1.537697
1817 1.538254
1818 1.538796
1819 1.539316
1820 1.539816
1821 1.540299
1822 1.540766
1823 1.541217
1824 1.54165
1825 1.542067
1826 1.542467
1827 1.542852
1828 1.543221
1829 1.543576
1830 1.543916
1831 1.544243
1832 1.544555
1833 1.544852
1834 1.545136
1835 1.545406
1836 1.545659
1837 1.545898
1838 1.546122
1839 1.54633
1840 1.546521
1841 1.546697
1842 1.546854
1843 1.546993
1844 1.547118
1845 1.547222
1846 1.54731
1847 1.547378
1848 1.547427
1849 1.547457
1850 1.547465
1851 1.547454
1852 1.54742
1853 1.547364
1854 1.547284
1855 1.54718
1856 1.547051
1857 1.546894
1858 1.546711
1859 1.546498
1860 1.546259
1861 1.545876
1862 1.545445
1863 1.544968
1864 1.544447
1865 1.54388
1866 1.543272
1867 1.542625
1868 1.541935
1869 1.541205
1870 1.540431
1871 1.539618
1872 1.53876
1873 1.537861
1874 1.536917
1875 1.535925
1876 1.534886
1877 1.533799
1878 1.53266
1879 1.531467
1880 1.53022
1881 1.528918
1882 1.52756
1883 1.526144
1884 1.524673
1885 1.523146
1886 1.521562
1887 1.519924
1888 1.518231
1889 1.516489
1890 1.514697
1891 1.512859
1892 1.510979
1893 1.509059
1894 1.507105
1895 1.505119
1896 1.503106
1897 1.50107
1898 1.499016
1899 1.49695
1900 1.494877
1901 1.492798
1902 1.490718
1903 1.490515
1904 1.490308
1905 1.49005
1906 1.489727
1907 1.489405
1908 1.489
1909 1.488493
1910 1.487857
1911 1.487059
1912 1.486108
1913 1.485032
1914 1.483834
1915 1.482515
1916 1.481079
1917 1.479531
1918 1.477999
1919 1.476484
1920 1.474989
1921 1.473211
1922 1.471472
1923 1.469772
1924 1.468116
1925 1.466507
1926 1.464943
1927 1.463431
1928 1.461967
1929 1.460554
1930 1.459193
1931 1.457884
1932 1.456628
1933 1.455425
1934 1.454275
1935 1.453176
1936 1.452133
1937 1.451143
1938 1.450209
1939 1.449325
1940 1.448496
1941 1.447717
1942 1.44699
1943 1.446312
1944 1.445682
1945 1.4451
1946 1.444563
1947 1.444074
1948 1.44363
1949 1.443229
1950 1.442873
1951 1.442561
1952 1.442287
1953 1.442057
1954 1.441865
1955 1.441714
1956 1.441601
1957 1.441526
1958 1.441492
1959 1.441495
1960 1.441535
1961 1.441612
1962 1.441725
1963 1.441871
1964 1.442052
1965 1.442266
1966 1.442512
1967 1.442788
1968 1.443095
1969 1.443432
1970 1.443799
1971 1.444194
1972 1.444614
1973 1.445064
1974 1.445539
1975 1.446038
1976 1.446562
1977 1.447111
1978 1.44768
1979 1.448272
1980 1.448889
1981 1.449589
1982 1.450316
1983 1.451064
1984 1.451835
1985 1.452628
1986 1.453442
1987 1.454274
1988 1.455127
1989 1.456001
1990 1.456892
1991 1.457804
1992 1.458736
1993 1.459689
1994 1.46066
1995 1.461651
1996 1.462655
1997 1.463683
1998 1.464725
1999 1.465784
2000 1.466856
2001 1.467944
2002 1.469046
2003 1.470159
2004 1.471279
2005 1.472409
2006 1.473547
2007 1.474692
2008 1.475842
2009 1.476997
2010 1.478152
2011 1.479307
2012 1.480465
2013 1.481619
2014 1.482772
2015 1.48392
2016 1.485067
2017 1.486203
2018 1.487335
2019 1.488459
2020 1.489575
2021 1.490685
2022 1.491784
2023 1.492874
2024 1.493954
2025 1.495028
2026 1.496093
2027 1.49715
2028 1.497258
2029 1.497366
2030 1.497501
2031 1.497668
2032 1.497836
2033 1.498044
2034 1.498303
2035 1.498622
2036 1.49902
2037 1.499489
2038 1.50002
2039 1.500608
2040 1.501256
2041 1.501968
2042 1.502737
2043 1.503506
2044 1.504276
2045 1.505045
2046 1.505814
2047 1.50658
2048 1.507348
2049 1.508112
2050 1.508876
2051 1.509637
2052 1.510399
2053 1.511162
2054 1.511923
2055 1.512683
2056 1.513444
2057 1.514206
2058 1.514972
2059 1.515738
2060 1.516506
2061 1.517277
2062 1.518049
2063 1.518826
2064 1.519605
2065 1.520386
2066 1.521172
2067 1.521963
2068 1.52276
2069 1.52356
2070 1.524366
2071 1.525175
2072 1.525987
2073 1.526802
2074 1.527621
2075 1.528444
2076 1.529267
2077 1.530099
2078 1.530935
2079 1.531772
2080 1.532615
2081 1.533461
2082 1.534305
2083 1.535153
2084 1.536004
2085 1.536855
2086 1.537709
2087 1.538563
2088 1.539419
2089 1.540275
2090 1.541132
2091 1.541989
2092 1.542848
2093 1.543709
2094 1.544571
2095 1.545431
2096 1.546294
2097 1.547158
2098 1.548021
2099 1.548885
2100 1.549751
2101 1.550615
2102 1.55148
2103 1.552346
2104 1.553212
2105 1.554077
2106 1.554942
2107 1.555809
2108 1.556675
2109 1.557538
2110 1.558397
2111 1.559253
2112 1.560106
2113 1.560952
2114 1.561788
2115 1.562611
2116 1.563421
2117 1.564213
2118 1.564987
2119 1.565735
2120 1.566453
2121 1.567141
2122 1.567796
2123 1.568411
2124 1.568987
2125 1.569517
2126 1.570002
2127 1.570433
2128 1.570812
2129 1.57113
2130 1.571394
2131 1.571596
2132 1.571739
2133 1.571816
2134 1.571828
2135 1.571772
2136 1.571652
2137 1.571461
2138 1.571204
2139 1.570876
2140 1.570481
2141 1.570019
2142 1.56949
2143 1.568895
2144 1.568237
2145 1.567519
2146 1.566743
2147 1.56667
2148 1.566597
2149 1.566504
2150 1.566388
2151 1.566243
2152 1.566058
2153 1.565817
2154 1.565507
2155 1.565098
2156 1.56456
2157 1.56391
2158 1.563162
2159 1.562383
2160 1.561575
2161 1.560738
2162 1.559878
2163 1.558994
2164 1.558086
2165 1.557161
2166 1.556217
2167 1.555257
2168 1.554281
2169 1.553293
2170 1.552292
2171 1.551284
2172 1.550266
2173 1.549241
2174 1.548209
2175 1.547176
2176 1.546136
2177 1.545095
2178 1.544056
2179 1.543015
2180 1.541974
2181 1.540938
2182 1.539903
2183 1.538876
2184 1.53785
2185 1.536833
2186 1.535821
2187 1.534818
2188 1.533821
2189 1.532831
2190 1.531851
2191 1.530532
2192 1.529228
2193 1.527943
2194 1.526675
2195 1.525423
2196 1.524191
2197 1.522976
2198 1.521775
2199 1.52059
2200 1.519422
2201 1.518269
2202 1.51713
2203 1.516004
2204 1.51489
2205 1.51379
2206 1.512701
2207 1.511624
2208 1.510556
2209 1.5095
2210 1.508454
2211 1.50742
2212 1.506398
2213 1.505387
2214 1.504391
2215 1.503407
2216 1.502437
2217 1.501481
2218 1.500542
2219 1.499617
2220 1.498713
2221 1.49759
2222 1.496506
2223 1.495466
2224 1.494472
2225 1.493528
2226 1.492635
2227 1.492541
2228 1.492448
2229 1.492333
2230 1.492185
2231 1.492041
2232 1.491861
2233 1.491639
2234 1.491367
2235 1.491035
2236 1.490655
2237 1.49024
2238 1.489798
2239 1.489336
2240 1.488864
2241 1.488393
2242 1.487962
2243 1.48757
2244 1.487216
2245 1.486907
2246 1.486636
2247 1.486406
2248 1.486215
2249 1.486063
2250 1.485952
2251 1.485886
2252 1.485881
2253 1.485934
2254 1.486042
2255 1.486204
2256 1.486417
2257 1.48668
2258 1.486986
2259 1.487332
2260 1.487723
2261 1.488147
2262 1.488608
2263 1.489101
2264 1.489621
2265 1.490168
2266 1.490739
2267 1.491329
2268 1.491937
2269 1.492561
2270 1.493193
2271 1.493839
2272 1.494491
2273 1.495151
2274 1.495813
2275 1.496479
2276 1.497146
2277 1.497819
2278 1.498487
2279 1.499158
2280 1.49983
2281 1.500498
2282 1.501166
2283 1.501831
2284 1.50249
2285 1.503142
2286 1.503788
2287 1.504425
2288 1.505052
2289 1.505663
2290 1.506258
2291 1.50683
2292 1.507375
2293 1.50789
2294 1.508374
2295 1.508819
2296 1.509226
2297 1.509586
2298 1.509897
2299 1.510163
2300 1.510373
2301 1.510534
2302 1.510641
2303 1.510693
2304 1.510696
2305 1.510646
2306 1.510548
2307 1.510401
2308 1.510214
2309 1.509987
2310 1.509728
2311 1.50944
2312 1.509126
2313 1.508798
2314 1.508456
2315 1.508108
2316 1.507759
2317 1.507412
2318 1.507073
2319 1.506747
2320 1.506438
2321 1.50615
2322 1.505888
2323 1.50565
2324 1.505442
2325 1.50526
2326 1.505113
2327 1.504994
2328 1.50491
2329 1.504854
2330 1.504831
2331 1.50484
2332 1.504877
2333 1.504939
2334 1.50503
2335 1.505146
2336 1.505282
2337 1.505443
2338 1.505623
2339 1.50582
2340 1.506042
2341 1.506297
2342 1.506571
2343 1.506867
2344 1.507179
2345 1.507511
2346 1.50786
2347 1.508225
2348 1.508608
2349 1.509005
2350 1.509412
2351 1.509832
2352 1.510262
2353 1.510697
2354 1.511136
2355 1.511578
2356 1.512018
2357 1.512061
2358 1.512103
2359 1.512157
2360 1.512224
2361 1.512295
2362 1.512379
2363 1.512486
2364 1.512619
2365 1.512784
2366 1.51298
2367 1.513199
2368 1.513441
2369 1.513704
2370 1.513986
2371 1.514284
2372 1.514572
2373 1.514846
2374 1.515111
2375 1.51536
2376 1.515593
2377 1.515812
2378 1.516013
2379 1.5162
2380 1.516365
2381 1.516515
2382 1.516644
2383 1.516657
2384 1.51667
2385 1.516688
2386 1.516708
2387 1.516735
2388 1.516766
2389 1.516802
2390 1.516846
2391 1.516896
2392 1.516947
2393 1.516996
2394 1.517041
2395 1.51707
2396 1.517094
2397 1.517106
2398 1.517111
2399 1.517107
2400 1.517097
2401 1.517083
2402 1.517062
2403 1.517036
2404 1.517007
2405 1.516975
2406 1.516942
2407 1.516904
2408 1.516865
2409 1.516824
2410 1.516783
2411 1.516744
2412 1.516702
2413 1.51666
2414 1.516621
2415 1.516583
2416 1.516548
2417 1.516517
2418 1.516488
2419 1.516465
2420 1.516444
2421 1.516428
2422 1.516417
2423 1.516413
2424 1.516416
2425 1.516423
2426 1.51644
2427 1.516464
2428 1.516491
2429 1.516532
2430 1.516577
2431 1.51663
2432 1.51669
2433 1.516758
2434 1.516832
2435 1.516914
2436 1.517002
2437 1.517096
2438 1.517195
2439 1.517299
2440 1.517408
2441 1.51752
2442 1.517636
2443 1.517753
2444 1.517869
2445 1.517987
2446 1.518102
2447 1.518217
2448 1.518329
2449 1.518438
2450 1.51854
2451 1.518637
2452 1.518728
2453 1.518813
2454 1.51889
2455 1.518958
2456 1.519017
2457 1.519067
2458 1.519107
2459 1.519135
2460 1.519155
2461 1.519163
2462 1.51916
2463 1.519149
2464 1.519128
2465 1.519095
2466 1.519055
2467 1.519006
2468 1.518947
2469 1.518882
2470 1.518812
2471 1.518737
2472 1.518659
2473 1.51858
2474 1.518501
2475 1.518424
2476 1.518347
2477 1.518276
2478 1.518209
2479 1.518149
2480 1.518096
2481 1.518054
2482 1.518023
2483 1.518004
2484 1.517997
2485 1.518006
2486 1.518033
2487 1.518077
2488 1.518135
2489 1.518212
2490 1.518314
2491 1.518471
2492 1.518661
2493 1.518884
2494 1.519144
2495 1.519437
2496 1.519766
2497 1.520129
2498 1.520529
2499 1.520962
2500 1.52143
2501 1.521929
2502 1.522458
2503 1.523017
2504 1.5236
2505 1.52421
2506 1.524842
2507 1.525493
2508 1.526158
2509 1.526837
2510 1.527522
2511 1.528214
2512 1.528904
2513 1.529588
2514 1.530269
2515 1.530934
2516 1.53158
2517 1.532207
2518 1.532809
2519 1.533378
2520 1.533918
2521 1.534485
2522 1.534994
2523 1.535448
2524 1.535839
2525 1.53617
2526 1.53644
2527 1.53665
2528 1.536797
2529 1.536887
2530 1.536919
2531 1.536896
2532 1.536825
2533 1.536709
2534 1.536551
2535 1.536358
2536 1.536134
2537 1.535887
2538 1.535617
2539 1.535335
2540 1.535043
2541 1.534749
2542 1.534455
2543 1.534167
2544 1.533885
2545 1.533617
2546 1.533362
2547 1.533121
2548 1.532898
2549 1.532691
2550 1.532498
2551 1.532323
2552 1.532166
2553 1.532022
2554 1.53189
2555 1.531771
2556 1.531656
2557 1.53155
2558 1.531446
2559 1.53134
2560 1.531233
2561 1.531115
2562 1.530988
2563 1.530848
2564 1.530692
2565 1.530519
2566 1.530324
2567 1.530108
2568 1.529867
2569 1.529599
2570 1.529305
2571 1.528979
2572 1.528626
2573 1.52824
2574 1.527825
2575 1.527377
2576 1.526896
2577 1.526384
2578 1.52584
2579 1.525266
2580 1.524661
2581 1.523842
2582 1.522978
2583 1.522076
2584 1.521137
2585 1.520161
2586 1.519157
2587 1.518128
2588 1.517074
2589 1.516002
2590 1.514915
2591 1.51382
2592 1.512716
2593 1.511611
2594 1.510508
2595 1.509413
2596 1.508329
2597 1.507263
2598 1.506212
2599 1.505185
2600 1.504186
2601 1.503214
2602 1.502276
2603 1.501372
2604 1.500504
2605 1.499676
2606 1.498888
2607 1.498139
2608 1.497433
2609 1.496765
2610 1.496142
2611 1.49556
2612 1.495017
2613 1.494515
2614 1.494052
2615 1.49363
2616 1.493245
2617 1.492895
2618 1.492581
2619 1.492303
2620 1.492054
2621 1.491844
2622 1.491662
2623 1.491511
2624 1.491392
2625 1.491301
2626 1.491238
2627 1.491204
2628 1.491197
2629 1.491218
2630 1.491269
2631 1.491346
2632 1.491451
2633 1.491583
2634 1.491745
2635 1.491934
2636 1.492152
2637 1.492397
2638 1.492674
2639 1.492977
2640 1.493311
2641 1.493672
2642 1.494063
2643 1.494483
2644 1.494932
2645 1.495409
2646 1.495915
2647 1.496446
2648 1.496495
2649 1.496547
2650 1.496609
2651 1.496687
2652 1.496767
2653 1.496869
2654 1.496996
2655 1.49716
2656 1.497369
2657 1.497623
2658 1.497917
2659 1.498254
2660 1.498637
2661 1.499068
2662 1.499548
2663 1.500041
2664 1.500542
2665 1.501053
2666 1.501568
2667 1.502088
2668 1.502608
2669 1.50313
2670 1.503651
2671 1.504167
2672 1.504678
2673 1.50518
2674 1.505671
2675 1.506153
2676 1.506621
2677 1.507075
2678 1.507511
2679 1.507933
2680 1.508337
2681 1.50872
2682 1.509085
2683 1.509431
2684 1.509755
2685 1.510059
2686 1.51034
2687 1.5106
2688 1.510838
2689 1.51105
2690 1.511242
2691 1.511409
2692 1.511553
2693 1.511672
2694 1.511769
2695 1.511843
2696 1.511894
2697 1.511925
2698 1.511933
2699 1.511921
2700 1.51189
2701 1.511811
2702 1.511709
2703 1.511582
2704 1.511436
2705 1.511276
2706 1.511104
2707 1.510924
2708 1.510738
2709 1.510552
2710 1.510364
2711 1.510182
2712 1.510007
2713 1.509842
2714 1.509689
2715 1.509549
2716 1.509536
2717 1.509521
2718 1.509503
2719 1.50948
2720 1.509457
2721 1.509429
2722 1.509394
2723 1.50935
2724 1.509297
2725 1.50924
2726 1.509176
2727 1.509115
2728 1.509055
2729 1.508999
2730 1.508953
2731 1.508946
2732 1.508938
2733 1.508928
2734 1.508918
2735 1.508907
2736 1.508893
2737 1.50888
2738 1.508864
2739 1.50885
2740 1.508839
2741 1.508834
2742 1.508837
2743 1.508852
2744 1.508886
2745 1.508942
2746 1.509015
2747 1.509106
2748 1.509217
2749 1.509346
2750 1.509495
2751 1.509663
2752 1.509851
2753 1.510061
2754 1.510291
2755 1.510544
2756 1.510818
2757 1.511112
2758 1.511431
2759 1.511769
2760 1.512132
2761 1.512515
2762 1.51292
2763 1.513344
2764 1.513788
2765 1.514252
2766 1.514736
2767 1.515237
2768 1.515752
2769 1.516286
2770 1.516836
2771 1.517399
2772 1.517976
2773 1.518563
2774 1.51916
2775 1.519767
2776 1.520379
2777 1.520998
2778 1.521626
2779 1.522257
2780 1.522889
2781 1.523527
2782 1.524166
2783 1.524806
2784 1.525447
2785 1.526091
2786 1.526732
2787 1.527377
2788 1.528018
2789 1.528661
2790 1.529303
2791 1.529942
2792 1.530584
2793 1.531222
2794 1.531859
2795 1.532496
2796 1.533132
2797 1.53376
2798 1.534384
2799 1.535004
2800 1.535616
2801 1.536223
2802 1.536816
2803 1.5374
2804 1.537974
2805 1.538535
2806 1.539084
2807 1.539617
2808 1.540136
2809 1.54064
2810 1.541126
2811 1.541593
2812 1.542039
2813 1.542463
2814 1.542865
2815 1.543241
2816 1.543589
2817 1.543909
2818 1.5442
2819 1.544457
2820 1.544683
2821 1.544873
2822 1.545022
2823 1.545134
2824 1.545206
2825 1.545234
2826 1.545223
2827 1.545169
2828 1.545071
2829 1.544925
2830 1.544735
2831 1.544502
2832 1.544221
2833 1.543895
2834 1.54353
2835 1.543122
2836 1.542675
2837 1.542192
2838 1.541679
2839 1.541137
2840 1.540573
2841 1.539988
2842 1.53939
2843 1.538785
2844 1.538174
2845 1.537565
2846 1.536961
2847 1.536368
2848 1.535789
2849 1.535227
2850 1.534689
2851 1.534176
2852 1.533697
2853 1.533252
2854 1.532848
2855 1.532485
2856 1.532171
2857 1.531905
2858 1.531693
2859 1.531535
2860 1.531435
2861 1.531392
2862 1.531411
2863 1.531488
2864 1.531627
2865 1.531826
2866 1.532085
2867 1.532399
2868 1.53277
2869 1.533191
2870 1.533663
2871 1.533704
2872 1.533745
2873 1.533798
2874 1.533864
2875 1.533951
2876 1.534064
2877 1.534212
2878 1.534405
2879 1.534661
2880 1.535002
2881 1.535421
2882 1.535903
2883 1.536592
2884 1.537305
2885 1.538037
2886 1.538781
2887 1.539532
2888 1.540285
2889 1.541029
2890 1.541762
2891 1.542478
2892 1.54317
2893 1.54383
2894 1.544452
2895 1.545035
2896 1.545573
2897 1.546062
2898 1.546497
2899 1.546878
2900 1.547201
2901 1.547463
2902 1.547667
2903 1.547811
2904 1.547897
2905 1.547925
2906 1.547902
2907 1.547826
2908 1.547704
2909 1.547541
2910 1.547338
2911 1.547046
2912 1.546719
2913 1.54637
2914 1.545999
2915 1.54562
2916 1.545235
2917 1.544851
2918 1.54447
2919 1.544099
2920 1.543736
2921 1.543389
2922 1.543053
2923 1.542733
2924 1.542428
2925 1.542136
2926 1.541863
2927 1.541603
2928 1.541355
2929 1.54112
2930 1.540895
2931 1.540679
2932 1.540471
2933 1.540269
2934 1.540069
2935 1.539873
2936 1.539676
2937 1.53948
2938 1.539283
2939 1.539082
2940 1.538874
2941 1.538634
2942 1.538379
2943 1.538106
2944 1.537811
2945 1.53749
2946 1.537142
2947 1.536756
2948 1.536332
2949 1.535865
2950 1.535351
2951 1.534786
2952 1.53417
2953 1.533502
2954 1.532779
2955 1.532003
2956 1.531171
2957 1.530289
2958 1.529354
2959 1.528376
2960 1.527354
2961 1.526291
2962 1.525193
2963 1.524066
2964 1.522918
2965 1.521747
2966 1.520566
2967 1.519375
2968 1.518184
2969 1.516996
2970 1.515817
2971 1.514655
2972 1.513513
2973 1.512394
2974 1.511308
2975 1.510258
2976 1.509242
2977 1.508269
2978 1.507341
2979 1.506462
2980 1.505635
2981 1.504859
2982 1.50414
2983 1.503474
2984 1.50287
2985 1.502322
2986 1.501831
2987 1.501399
2988 1.501024
2989 1.500708
2990 1.500448
2991 1.500241
2992 1.500087
2993 1.499987
2994 1.499933
2995 1.499927
2996 1.499964
2997 1.500043
2998 1.500159
2999 1.500312
3000 1.500496
3001 1.50071
3002 1.50095
3003 1.501213
3004 1.501497
3005 1.501799
3006 1.502115
3007 1.502441
3008 1.502773
3009 1.503109
3010 1.503446
3011 1.50378
3012 1.504108
3013 1.504428
3014 1.504733
3015 1.505023
3016 1.505291
3017 1.505537
3018 1.505755
3019 1.505943
3020 1.506096
3021 1.506215
3022 1.506295
3023 1.506334
3024 1.506334
3025 1.506293
3026 1.506207
3027 1.506082
3028 1.505916
3029 1.50571
3030 1.505692
3031 1.505674
3032 1.50565
3033 1.505623
3034 1.505591
3035 1.505551
3036 1.5055
3037 1.50543
3038 1.505334
3039 1.505207
3040 1.505055
3041 1.504869
3042 1.504647
3043 1.50439
3044 1.504091
3045 1.503779
3046 1.503454
3047 1.503117
3048 1.502775
3049 1.502427
3050 1.502072
3051 1.501719
3052 1.501367
3053 1.50102
3054 1.500676
3055 1.50034
3056 1.500013
3057 1.499699
3058 1.499394
3059 1.499105
3060 1.498834
3061 1.498513
3062 1.498229
3063 1.497981
3064 1.497774
3065 1.497608
3066 1.497482
3067 1.497398
3068 1.497355
3069 1.497353
3070 1.49739
3071 1.497467
3072 1.497586
3073 1.49774
3074 1.497931
3075 1.498159
3076 1.49842
3077 1.498714
3078 1.499041
3079 1.499396
3080 1.49978
3081 1.500191
3082 1.500628
3083 1.501089
3084 1.501574
3085 1.502078
3086 1.502599
3087 1.503137
3088 1.503689
3089 1.504252
3090 1.504824
3091 1.505405
3092 1.505984
3093 1.506565
3094 1.50714
3095 1.50771
3096 1.508268
3097 1.508817
3098 1.509352
3099 1.50987
3100 1.510373
3101 1.51086
3102 1.51133
3103 1.511782
3104 1.512221
3105 1.512646
3106 1.513061
3107 1.51347
3108 1.513876
3109 1.514284
3110 1.514702
3111 1.515134
3112 1.515585
3113 1.516063
3114 1.516109
3115 1.516155
3116 1.516211
3117 1.516283
3118 1.516355
3119 1.516443
3120 1.516558
3121 1.516703
3122 1.516887
3123 1.517115
3124 1.517382
3125 1.517698
3126 1.518069
3127 1.518504
3128 1.519017
3129 1.519564
3130 1.520145
3131 1.520759
3132 1.521407
3133 1.522089
3134 1.522804
3135 1.523548
3136 1.524323
3137 1.525129
3138 1.525962
3139 1.52682
3140 1.527703
3141 1.528609
3142 1.529534
3143 1.53048
3144 1.531443
3145 1.532419
3146 1.53341
3147 1.534412
3148 1.535423
3149 1.536442
3150 1.537468
3151 1.538595
3152 1.539722
3153 1.540848
3154 1.541966
3155 1.543077
3156 1.544178
3157 1.545264
3158 1.546335
3159 1.547388
3160 1.548418
3161 1.548523
3162 1.548627
3163 1.548758
3164 1.548918
3165 1.54912
3166 1.549371
3167 1.549683
3168 1.54999
3169 1.55034
3170 1.550731
3171 1.551157
3172 1.55162
3173 1.552118
3174 1.552647
3175 1.553207
3176 1.55379
3177 1.554398
3178 1.55499
3179 1.555571
3180 1.556138
3181 1.556693
3182 1.557233
3183 1.557757
3184 1.558266
3185 1.558757
3186 1.55923
3187 1.559687
3188 1.560125
3189 1.560543
3190 1.560942
3191 1.56132
3192 1.561676
3193 1.562012
3194 1.562322
3195 1.56261
3196 1.562873
3197 1.563113
3198 1.56333
3199 1.563519
3200 1.563687
3201 1.563828
3202 1.563942
3203 1.56403
3204 1.564092
3205 1.564125
3206 1.56413
3207 1.564109
3208 1.564057
3209 1.563976
3210 1.563865
3211 1.563725
3212 1.563554
3213 1.563355
3214 1.563127
3215 1.562869
3216 1.562585
3217 1.562273
3218 1.561934
3219 1.561569
3220 1.561178
3221 1.560761
3222 1.560323
3223 1.559862
3224 1.55938
3225 1.558873
3226 1.558348
3227 1.557801
3228 1.557239
3229 1.556657
3230 1.556062
3231 1.555448
3232 1.554825
3233 1.554182
3234 1.553528
3235 1.552862
3236 1.552187
3237 1.551501
3238 1.550802
3239 1.55009
3240 1.549373
3241 1.548641
3242 1.547897
3243 1.547143
3244 1.546374
3245 1.545595
3246 1.544804
3247 1.543998
3248 1.543179
3249 1.542347
3250 1.541502
3251 1.540642
3252 1.539772
3253 1.538888
3254 1.537988
3255 1.537079
3256 1.536157
3257 1.535223
3258 1.534274
3259 1.533314
3260 1.532346
3261 1.531363
3262 1.530372
3263 1.529371
3264 1.528364
3265 1.527349
3266 1.526328
3267 1.525306
3268 1.524279
3269 1.52325
3270 1.522223
3271 1.521195
3272 1.520173
3273 1.519157
3274 1.518149
3275 1.517149
3276 1.516165
3277 1.515191
3278 1.514234
3279 1.513296
3280 1.512375
3281 1.511481
3282 1.510606
3283 1.509758
3284 1.508934
3285 1.508142
3286 1.507377
3287 1.506646
3288 1.505949
3289 1.505281
3290 1.504646
3291 1.504049
3292 1.503484
3293 1.502955
3294 1.502461
3295 1.502001
3296 1.501576
3297 1.501183
3298 1.500825
3299 1.500501
3300 1.500211
3301 1.499915
3302 1.499664
3303 1.499455
3304 1.499289
3305 1.499161
3306 1.499071
3307 1.499016
3308 1.498993
3309 1.498997
3310 1.499029
3311 1.499086
3312 1.499165
3313 1.499264
3314 1.49938
3315 1.499514
3316 1.49966
3317 1.499819
3318 1.499987
3319 1.500164
3320 1.500347
3321 1.500537
3322 1.500727
3323 1.500922
3324 1.501112
3325 1.501302
3326 1.501483
3327 1.501658
3328 1.501823
3329 1.501973
3330 1.502113
3331 1.502234
3332 1.502335
3333 1.502417
3334 1.502476
3335 1.50251
3336 1.502516
3337 1.502496
3338 1.502446
3339 1.502366
3340 1.502256
3341 1.502113
3342 1.50194
3343 1.501735
3344 1.501499
3345 1.501231
3346 1.500934
3347 1.500607
3348 1.50025
3349 1.499866
3350 1.499455
3351 1.49902
3352 1.498564
3353 1.498086
3354 1.497591
3355 1.497077
3356 1.496549
3357 1.496007
3358 1.495455
3359 1.494893
3360 1.494324
3361 1.493569
3362 1.492813
3363 1.492061
3364 1.491312
3365 1.490575
3366 1.489849
3367 1.489139
3368 1.488444
3369 1.48777
3370 1.487119
3371 1.486488
3372 1.485877
3373 1.485291
3374 1.484727
3375 1.484184
3376 1.483663
3377 1.483159
3378 1.482673
3379 1.482207
3380 1.481759
3381 1.481324
3382 1.480904
3383 1.480497
3384 1.480102
3385 1.479719
3386 1.479347
3387 1.478986
3388 1.478637
3389 1.478301
3390 1.477976
3391 1.477664
3392 1.477368
3393 1.477085
3394 1.476821
3395 1.476577
3396 1.476351
3397 1.476148
3398 1.475969
3399 1.475816
3400 1.47569
3401 1.475592
3402 1.475524
3403 1.475487
3404 1.475483
3405 1.475513
3406 1.475577
3407 1.475678
3408 1.475817
3409 1.475994
3410 1.476206
3411 1.47646
3412 1.476752
3413 1.477086
3414 1.477464
3415 1.477882
3416 1.478346
3417 1.478853
3418 1.479403
3419 1.480003
3420 1.480647
3421 1.481341
3422 1.482086
3423 1.48288
3424 1.483724
3425 1.484622
3426 1.485572
3427 1.486568
3428 1.487619
3429 1.488717
3430 1.489864
3431 1.491056
3432 1.492293
3433 1.49357
3434 1.494887
3435 1.49624
3436 1.497621
3437 1.499032
3438 1.500463
3439 1.501914
3440 1.502055
3441 1.502197
3442 1.502373
3443 1.502596
3444 1.502821
3445 1.503102
3446 1.503456
3447 1.503901
3448 1.50446
3449 1.505125
3450 1.505879
3451 1.506723
3452 1.507653
3453 1.508673
3454 1.509777
3455 1.510877
3456 1.511973
3457 1.513061
3458 1.514144
3459 1.515211
3460 1.516267
3461 1.517306
3462 1.51833
3463 1.519337
3464 1.520321
3465 1.521286
3466 1.522227
3467 1.523147
3468 1.52404
3469 1.524911
3470 1.52576
3471 1.526585
3472 1.527387
3473 1.528169
3474 1.528927
3475 1.529666
3476 1.530386
3477 1.531089
3478 1.531775
3479 1.532441
3480 1.533095
3481 1.533731
3482 1.534356
3483 1.534969
3484 1.535568
3485 1.536156
3486 1.536733
3487 1.537294
3488 1.537848
3489 1.538385
3490 1.538915
3491 1.539433
3492 1.53994
3493 1.540434
3494 1.540918
3495 1.541393
3496 1.541859
3497 1.542315
3498 1.542765
3499 1.543207
3500 1.543646
3501 1.54408
3502 1.54451
3503 1.54494
3504 1.54537
3505 1.545805
3506 1.546238
3507 1.546679
3508 1.547125
3509 1.547577
3510 1.548038
3511 1.548506
3512 1.548984
3513 1.549471
3514 1.549968
3515 1.550478
3516 1.550996
3517 1.551523
3518 1.552067
3519 1.552617
3520 1.553177
3521 1.553747
3522 1.554324
3523 1.554905
3524 1.555491
3525 1.556081
3526 1.556671
3527 1.557264
3528 1.55785
3529 1.558434
3530 1.559015
3531 1.559586
3532 1.56015
3533 1.560707
3534 1.561253
3535 1.561788
3536 1.562311
3537 1.562825
3538 1.563324
3539 1.563812
3540 1.564286
3541 1.564743
3542 1.565185
3543 1.565613
3544 1.566024
3545 1.566418
3546 1.566793
3547 1.567148
3548 1.567484
3549 1.567798
3550 1.56809
3551 1.568358
3552 1.568599
3553 1.568812
3554 1.568999
3555 1.569153
3556 1.569272
3557 1.569359
3558 1.569408
3559 1.56942
3560 1.569392
3561 1.569326
3562 1.569216
3563 1.569062
3564 1.568867
3565 1.56863
3566 1.568347
3567 1.568023
3568 1.567659
3569 1.567251
3570 1.566806
3571 1.566147
3572 1.565429
3573 1.564658
3574 1.563842
3575 1.562983
3576 1.562088
3577 1.561162
3578 1.560212
3579 1.56012
3580 1.560028
3581 1.559912
3582 1.559766
3583 1.559582
3584 1.55935
3585 1.559054
3586 1.558755
3587 1.558409
3588 1.558016
3589 1.557572
3590 1.557076
3591 1.556529
3592 1.555934
3593 1.555336
3594 1.554716
3595 1.554076
3596 1.553434
3597 1.552775
3598 1.552103
3599 1.551411
3600 1.550706
3601 1.549986
3602 1.549246
3603 1.548491
3604 1.547716
3605 1.546922
3606 1.546107
3607 1.544992
3608 1.54386
3609 1.542708
3610 1.541534
3611 1.540333
3612 1.539103
3613 1.537843
3614 1.53655
3615 1.53522
3616 1.533857
3617 1.532456
3618 1.531019
3619 1.529541
3620 1.528026
3621 1.526469
3622 1.524875
3623 1.523244
3624 1.521577
3625 1.519873
3626 1.518138
3627 1.516375
3628 1.514588
3629 1.512777
3630 1.51095
3631 1.509109
3632 1.507261
3633 1.505408
3634 1.50356
3635 1.501722
3636 1.499897
3637 1.498092
3638 1.496315
3639 1.494573
3640 1.492875
3641 1.492707
3642 1.492535
3643 1.492321
3644 1.492052
3645 1.491783
3646 1.491447
3647 1.49103
3648 1.490511
3649 1.489868
3650 1.489115
3651 1.488277
3652 1.487364
3653 1.486384
3654 1.485349
3655 1.484273
3656 1.48324
3657 1.482256
3658 1.481323
3659 1.48044
3660 1.479608
3661 1.478827
3662 1.478102
3663 1.47743
3664 1.476814
3665 1.47625
3666 1.475742
3667 1.475287
3668 1.474886
3669 1.474536
3670 1.474238
3671 1.473992
3672 1.473794
3673 1.473646
3674 1.473545
3675 1.473488
3676 1.473476
3677 1.473505
3678 1.473576
3679 1.473687
3680 1.473834
3681 1.474018
3682 1.474238
3683 1.474487
3684 1.474771
3685 1.47508
3686 1.475416
3687 1.47578
3688 1.476167
3689 1.476574
3690 1.477002
3691 1.477543
3692 1.478106
3693 1.478688
3694 1.479285
3695 1.479898
3696 1.479957
3697 1.480014
3698 1.480089
3699 1.480179
3700 1.480296
3701 1.480443
3702 1.480626
3703 1.48086
3704 1.481153
3705 1.481526
3706 1.481961
3707 1.482442
3708 1.482927
3709 1.483418
3710 1.48391
3711 1.484406
3712 1.484905
3713 1.485407
3714 1.485912
3715 1.48642
3716 1.486931
3717 1.487443
3718 1.487957
3719 1.488473
3720 1.488991
3721 1.48951
3722 1.49003
3723 1.490549
3724 1.491072
3725 1.491591
3726 1.492111
3727 1.49263
3728 1.493149
3729 1.493663
3730 1.494174
3731 1.494683
3732 1.495188
3733 1.495689
3734 1.496182
3735 1.496668
3736 1.497144
3737 1.497611
3738 1.498067
3739 1.498511
3740 1.498944
3741 1.499359
3742 1.499761
3743 1.500146
3744 1.500515
3745 1.500866
3746 1.5012
3747 1.501516
3748 1.501813
3749 1.502092
3750 1.502353
3751 1.502648
3752 1.502923
3753 1.503176
3754 1.503411
3755 1.503633
3756 1.503846
3757 1.504053
3758 1.504264
3759 1.504479
3760 1.504702
3761 1.504938
3762 1.505194
3763 1.505471
3764 1.505775
3765 1.506109
3766 1.506476
3767 1.506879
3768 1.507321
3769 1.507803
3770 1.508331
3771 1.508899
3772 1.508951
3773 1.509004
3774 1.509071
3775 1.509156
3776 1.509264
3777 1.509405
3778 1.509582
3779 1.509813
3780 1.510115
3781 1.510512
3782 1.510992
3783 1.511494
3784 1.512023
3785 1.512577
3786 1.51316
3787 1.513768
3788 1.514403
3789 1.515064
3790 1.515751
3791 1.516463
3792 1.517198
3793 1.517951
3794 1.519001
3795 1.520066
3796 1.521138
3797 1.522213
3798 1.523288
3799 1.524359
3800 1.525419
3801 1.526471
3802 1.527504
3803 1.528523
3804 1.529523
3805 1.530504
3806 1.531465
3807 1.532405
3808 1.533325
3809 1.534224
3810 1.535104
3811 1.535967
3812 1.536814
3813 1.537645
3814 1.538463
3815 1.539271
3816 1.540066
3817 1.540849
3818 1.541624
3819 1.54239
3820 1.543148
3821 1.543897
3822 1.543972
3823 1.544044
3824 1.544135
3825 1.54425
3826 1.544395
3827 1.544574
3828 1.544799
3829 1.545021
3830 1.545273
3831 1.545556
3832 1.545869
3833 1.546213
3834 1.546586
3835 1.546986
3836 1.547416
3837 1.547875
3838 1.548328
3839 1.548785
3840 1.549234
3841 1.549681
3842 1.550121
3843 1.550556
3844 1.55098
3845 1.551387
3846 1.55178
3847 1.55215
3848 1.552491
3849 1.552802
3850 1.55308
3851 1.553312
3852 1.553496
3853 1.553631
3854 1.553715
3855 1.553742
3856 1.55371
3857 1.553618
3858 1.553463
3859 1.553239
3860 1.552953
3861 1.552596
3862 1.552174
3863 1.551681
3864 1.551119
3865 1.55049
3866 1.549797
3867 1.549035
3868 1.548213
3869 1.547327
3870 1.546381
3871 1.545377
3872 1.544322
3873 1.543217
3874 1.542066
3875 1.540872
3876 1.539638
3877 1.538372
3878 1.537075
3879 1.535751
3880 1.534406
3881 1.533044
3882 1.531665
3883 1.530277
3884 1.52888
3885 1.527483
3886 1.526083
3887 1.524686
3888 1.523293
3889 1.521912
3890 1.52054
3891 1.519186
3892 1.517844
3893 1.516524
3894 1.515224
3895 1.513948
3896 1.512695
3897 1.511469
3898 1.510274
3899 1.509105
3900 1.507967
3901 1.506763
3902 1.505603
3903 1.50448
3904 1.503403
3905 1.502368
3906 1.501376
3907 1.500431
3908 1.499529
3909 1.498669
3910 1.497851
3911 1.497077
3912 1.496344
3913 1.495653
3914 1.495001
3915 1.494392
3916 1.49382
3917 1.493288
3918 1.49279
3919 1.492332
3920 1.491912
3921 1.491529
3922 1.491184
3923 1.490876
3924 1.490605
3925 1.490373
3926 1.490183
3927 1.490037
3928 1.489929
3929 1.489868
3930 1.48985
3931 1.489938
3932 1.490119
3933 1.490394
3934 1.490767
3935 1.49124
3936 1.491814
3937 1.49249
3938 1.493267
3939 1.494144
3940 1.49512
3941 1.496189
3942 1.497348
3943 1.498592
3944 1.499911
3945 1.501298
3946 1.502745
3947 1.504237
3948 1.50577
3949 1.507328
3950 1.508901
3951 1.510479
3952 1.512048
3953 1.513596
3954 1.515117
3955 1.516596
3956 1.518026
3957 1.519394
3958 1.520695
3959 1.521913
3960 1.523049
3961 1.524155
3962 1.52515
3963 1.526025
3964 1.526779
3965 1.527409
3966 1.527913
3967 1.528292
3968 1.528545
3969 1.528675
3970 1.528685
3971 1.528578
3972 1.528356
3973 1.528024
3974 1.527583
3975 1.52704
3976 1.526398
3977 1.525657
3978 1.524825
3979 1.523905
3980 1.5229
3981 1.521813
3982 1.520649
3983 1.519409
3984 1.5181
3985 1.516722
3986 1.515278
3987 1.513772
3988 1.512206
3989 1.510584
3990 1.508906
3991 1.507175
3992 1.505395
3993 1.50357
3994 1.501698
3995 1.499788
3996 1.497837
3997 1.49585
3998 1.493832
3999 1.491781
4000 1.489702
4001 1.4876
4002 1.485474
4003 1.483333
4004 1.481172
4005 1.478999
4006 1.476814
4007 1.474624
4008 1.472426
4009 1.470224
4010 1.468024
4011 1.465828
4012 1.463636
4013 1.461458
4014 1.459291
4015 1.457142
4016 1.455014
4017 1.452907
4018 1.450827
4019 1.448783
4020 1.446774
4021 1.444811
4022 1.44461
4023 1.444409
4024 1.444159
4025 1.443846
4026 1.443537
4027 1.443149
4028 1.442669
4029 1.442073
4030 1.441331
4031 1.440465
4032 1.439497
4033 1.438439
4034 1.437291
4035 1.436067
4036 1.434777
4037 1.433523
4038 1.432307
4039 1.431131
4040 1.429995
4041 1.428904
4042 1.427857
4043 1.42686
4044 1.425913
4045 1.425015
4046 1.424174
4047 1.42339
4048 1.422666
4049 1.422001
4050 1.421394
4051 1.420854
4052 1.420378
4053 1.419969
4054 1.419631
4055 1.419364
4056 1.41917
4057 1.419052
4058 1.419012
4059 1.419052
4060 1.419172
4061 1.419375
4062 1.419665
4063 1.420037
4064 1.420494
4065 1.421039
4066 1.421673
4067 1.422393
4068 1.4232
4069 1.424096
4070 1.42508
4071 1.426149
4072 1.427305
4073 1.428546
4074 1.429866
4075 1.431266
4076 1.432747
4077 1.434301
4078 1.435928
4079 1.437626
4080 1.439387
4081 1.441211
4082 1.443092
4083 1.445029
4084 1.447013
4085 1.449044
4086 1.451114
4087 1.453218
4088 1.45536
4089 1.45753
4090 1.45972
4091 1.461935
4092 1.464166
4093 1.466411
4094 1.468666
4095 1.470933
4096 1.473207
4097 1.475484
4098 1.477768
4099 1.480052
4100 1.482334
4101 1.484614
4102 1.486891
4103 1.489162
4104 1.491426
4105 1.493682
4106 1.495928
4107 1.498162
4108 1.500383
4109 1.502591
4110 1.504781
4111 1.506954
4112 1.509104
4113 1.511235
4114 1.513336
4115 1.515412
4116 1.517456
4117 1.519464
4118 1.521439
4119 1.523374
4120 1.52527
4121 1.527121
4122 1.528931
4123 1.530698
4124 1.532419
4125 1.534096
4126 1.53573
4127 1.53732
4128 1.538866
4129 1.540372
4130 1.541839
4131 1.54327
4132 1.544667
4133 1.546036
4134 1.547377
4135 1.548695
4136 1.549991
4137 1.551272
4138 1.552535
4139 1.553783
4140 1.555014
4141 1.556232
4142 1.556358
4143 1.55648
4144 1.556634
4145 1.556824
4146 1.557063
4147 1.557358
4148 1.557725
4149 1.558178
4150 1.55874
4151 1.55943
4152 1.560218
4153 1.561067
4154 1.561907
4155 1.562733
4156 1.563547
4157 1.56434
4158 1.565115
4159 1.565867
4160 1.566597
4161 1.5673
4162 1.567976
4163 1.568618
4164 1.56923
4165 1.569809
4166 1.570356
4167 1.570865
4168 1.57134
4169 1.57178
4170 1.572186
4171 1.572627
4172 1.573016
4173 1.573361
4174 1.573659
4175 1.573915
4176 1.574134
4177 1.574316
4178 1.574456
4179 1.574565
4180 1.574642
4181 1.574687
4182 1.574701
4183 1.574683
4184 1.574636
4185 1.574556
4186 1.574443
4187 1.574298
4188 1.574122
4189 1.573906
4190 1.573655
4191 1.573365
4192 1.573033
4193 1.572657
4194 1.572234
4195 1.571767
4196 1.57125
4197 1.570684
4198 1.570066
4199 1.5694
4200 1.568681
4201 1.567912
4202 1.567089
4203 1.566217
4204 1.565292
4205 1.564319
4206 1.563296
4207 1.562222
4208 1.561096
4209 1.559925
4210 1.558706
4211 1.557436
4212 1.556116
4213 1.554749
4214 1.553336
4215 1.551872
4216 1.550364
4217 1.548807
4218 1.547204
4219 1.545555
4220 1.543863
4221 1.54212
4222 1.540334
4223 1.538505
4224 1.536631
4225 1.534713
4226 1.532753
4227 1.530751
4228 1.528712
4229 1.526634
4230 1.524515
4231 1.522367
4232 1.520181
4233 1.517966
4234 1.515723
4235 1.513455
4236 1.511166
4237 1.50886
4238 1.506537
4239 1.504207
4240 1.501868
4241 1.499528
4242 1.49719
4243 1.494855
4244 1.492534
4245 1.490225
4246 1.487937
4247 1.485671
4248 1.483434
4249 1.481226
4250 1.479053
4251 1.47692
4252 1.474827
4253 1.472782
4254 1.470788
4255 1.46885
4256 1.466972
4257 1.465157
4258 1.463406
4259 1.461725
4260 1.460113
4261 1.45828
4262 1.456568
4263 1.454976
4264 1.453508
4265 1.452165
4266 1.45095
4267 1.449864
4268 1.448906
4269 1.448079
4270 1.447381
4271 1.446817
4272 1.446381
4273 1.446071
4274 1.44589
4275 1.445829
4276 1.445892
4277 1.446069
4278 1.446364
4279 1.446768
4280 1.447281
4281 1.447896
4282 1.448609
4283 1.449415
4284 1.450306
4285 1.451279
4286 1.452326
4287 1.453443
4288 1.454624
4289 1.455864
4290 1.457153
4291 1.458769
4292 1.460438
4293 1.462142
4294 1.463874
4295 1.465622
4296 1.467373
4297 1.469112
4298 1.470836
4299 1.472531
4300 1.47419
4301 1.475808
4302 1.477371
4303 1.478873
4304 1.480317
4305 1.481692
4306 1.482999
4307 1.48423
4308 1.485388
4309 1.486472
4310 1.48748
4311 1.488416
4312 1.48928
4313 1.490073
4314 1.490802
4315 1.491463
4316 1.492068
4317 1.492614
4318 1.493112
4319 1.493559
4320 1.493965
4321 1.494335
4322 1.494675
4323 1.494986
4324 1.495277
4325 1.495554
4326 1.495815
4327 1.496072
4328 1.496331
4329 1.496592
4330 1.49686
4331 1.497141
4332 1.497437
4333 1.497749
4334 1.498088
4335 1.498447
4336 1.498834
4337 1.499248
4338 1.499694
4339 1.500166
4340 1.500669
4341 1.501198
4342 1.501755
4343 1.502338
4344 1.502396
4345 1.502451
4346 1.502521
4347 1.50261
4348 1.502697
4349 1.50281
4350 1.502953
4351 1.503136
4352 1.503367
4353 1.503648
4354 1.503972
4355 1.504343
4356 1.504759
4357 1.505225
4358 1.505736
4359 1.506427
4360 1.507117
4361 1.507802
4362 1.508475
4363 1.509132
4364 1.50977
4365 1.510391
4366 1.510988
4367 1.511561
4368 1.51211
4369 1.512643
4370 1.51315
4371 1.513641
4372 1.514117
4373 1.514582
4374 1.515039
4375 1.515493
4376 1.515949
4377 1.516411
4378 1.516879
4379 1.51736
4380 1.517855
4381 1.51837
4382 1.518906
4383 1.519466
4384 1.520048
4385 1.520657
4386 1.521292
4387 1.521953
4388 1.522639
4389 1.523355
4390 1.524091
4391 1.524853
4392 1.525637
4393 1.526442
4394 1.527268
4395 1.52811
4396 1.528971
4397 1.529848
4398 1.53074
4399 1.531647
4400 1.532574
4401 1.533512
4402 1.534465
4403 1.535437
4404 1.536418
4405 1.537417
4406 1.538429
4407 1.539455
4408 1.540492
4409 1.541545
4410 1.542608
4411 1.543684
4412 1.544765
4413 1.545853
4414 1.546941
4415 1.548032
4416 1.549117
4417 1.550193
4418 1.551259
4419 1.552309
4420 1.553341
4421 1.554351
4422 1.555334
4423 1.55629
4424 1.557212
4425 1.5581
4426 1.558951
4427 1.559763
4428 1.56053
4429 1.56125
4430 1.561926
4431 1.562556
4432 1.563135
4433 1.563665
4434 1.564147
4435 1.564581
4436 1.564965
4437 1.565305
4438 1.565602
4439 1.565855
4440 1.56607
4441 1.566245
4442 1.566383
4443 1.566487
4444 1.566557
4445 1.566569
4446 1.56658
4447 1.566592
4448 1.566606
4449 1.566619
4450 1.566634
4451 1.566649
4452 1.566662
4453 1.566671
4454 1.566667
4455 1.566654
4456 1.566629
4457 1.566585
4458 1.566524
4459 1.56645
4460 1.566363
4461 1.566269
4462 1.566167
4463 1.566056
4464 1.56594
4465 1.565815
4466 1.565684
4467 1.565543
4468 1.565391
4469 1.565228
4470 1.565051
4471 1.564859
4472 1.564653
4473 1.564427
4474 1.564181
4475 1.563915
4476 1.563628
4477 1.563317
4478 1.562978
4479 1.562619
4480 1.562232
4481 1.561818
4482 1.561379
4483 1.560913
4484 1.560418
4485 1.559901
4486 1.559359
4487 1.558795
4488 1.558209
4489 1.557607
4490 1.556987
4491 1.556354
4492 1.555706
4493 1.555053
4494 1.554392
4495 1.553729
4496 1.553065
4497 1.552401
4498 1.551746
4499 1.551098
4500 1.550461
4501 1.549839
4502 1.54923
4503 1.548644
4504 1.548081
4505 1.547539
4506 1.547026
4507 1.54654
4508 1.546084
4509 1.54566
4510 1.545268
4511 1.544912
4512 1.544587
4513 1.5443
4514 1.544048
4515 1.543831
4516 1.543652
4517 1.543508
4518 1.543398
4519 1.54332
4520 1.543275
4521 1.543262
4522 1.543271
4523 1.543307
4524 1.543368
4525 1.543449
4526 1.543547
4527 1.543659
4528 1.543782
4529 1.543913
4530 1.544047
4531 1.544223
4532 1.544392
4533 1.544544
4534 1.544671
4535 1.544771
4536 1.544834
4537 1.544861
4538 1.544841
4539 1.544772
4540 1.544652
4541 1.544478
4542 1.544249
4543 1.543966
4544 1.543626
4545 1.54323
4546 1.542777
4547 1.542266
4548 1.541699
4549 1.541076
4550 1.540399
4551 1.539668
4552 1.538882
4553 1.538045
4554 1.537158
4555 1.536217
4556 1.535227
4557 1.534186
4558 1.533093
4559 1.531948
4560 1.530753
4561 1.529461
4562 1.528116
4563 1.526712
4564 1.525255
4565 1.523743
4566 1.522179
4567 1.520562
4568 1.518893
4569 1.517177
4570 1.51541
4571 1.5136
4572 1.511746
4573 1.509848
4574 1.507916
4575 1.505949
4576 1.503952
4577 1.501927
4578 1.499884
4579 1.497825
4580 1.495755
4581 1.493684
4582 1.491613
4583 1.489555
4584 1.487508
4585 1.485481
4586 1.483474
4587 1.481498
4588 1.479551
4589 1.477645
4590 1.475778
4591 1.473957
4592 1.472195
4593 1.470486
4594 1.468841
4595 1.467262
4596 1.465753
4597 1.464316
4598 1.462951
4599 1.461663
4600 1.460454
4601 1.459327
4602 1.458287
4603 1.457333
4604 1.456467
4605 1.45569
4606 1.455003
4607 1.454409
4608 1.453908
4609 1.453501
4610 1.453188
4611 1.452972
4612 1.452852
4613 1.452827
4614 1.452892
4615 1.453049
4616 1.453295
4617 1.453629
4618 1.454049
4619 1.454554
4620 1.455144
4621 1.455811
4622 1.45656
4623 1.457385
4624 1.458285
4625 1.45926
4626 1.460306
4627 1.460403
4628 1.460499
4629 1.46062
4630 1.460775
4631 1.460932
4632 1.461131
4633 1.461385
4634 1.461713
4635 1.462136
4636 1.462651
4637 1.463257
4638 1.463957
4639 1.464761
4640 1.465672
4641 1.466703
4642 1.46777
4643 1.468868
4644 1.470003
4645 1.471168
4646 1.472361
4647 1.473586
4648 1.474838
4649 1.476117
4650 1.477422
4651 1.478751
4652 1.480104
4653 1.481482
4654 1.482877
4655 1.484294
4656 1.485731
4657 1.487185
4658 1.488657
4659 1.490145
4660 1.491646
4661 1.49316
4662 1.494686
4663 1.496224
4664 1.497774
4665 1.499332
4666 1.500896
4667 1.502466
4668 1.504042
4669 1.50562
4670 1.507198
4671 1.508775
4672 1.510348
4673 1.511916
4674 1.513475
4675 1.515024
4676 1.516556
4677 1.518077
4678 1.519576
4679 1.521054
4680 1.52251
4681 1.524083
4682 1.52562
4683 1.527119
4684 1.528577
4685 1.529994
4686 1.53136
4687 1.532681
4688 1.533947
4689 1.535159
4690 1.536314
4691 1.53741
4692 1.53844
4693 1.539406
4694 1.540298
4695 1.541119
4696 1.541865
4697 1.542531
4698 1.543114
4699 1.543613
4700 1.544023
4701 1.544343
4702 1.544572
4703 1.544706
4704 1.544744
4705 1.544684
4706 1.544526
4707 1.54427
4708 1.54392
4709 1.543471
4710 1.542931
4711 1.542145
4712 1.541237
4713 1.540212
4714 1.539078
4715 1.537842
4716 1.536512
4717 1.535092
4718 1.533593
4719 1.532024
4720 1.530391
4721 1.528704
4722 1.526971
4723 1.525201
4724 1.523405
4725 1.521592
4726 1.519768
4727 1.517941
4728 1.516122
4729 1.514315
4730 1.512534
4731 1.510785
4732 1.509083
4733 1.507427
4734 1.50583
4735 1.504297
4736 1.504142
4737 1.503981
4738 1.503787
4739 1.503541
4740 1.503239
4741 1.502865
4742 1.502401
4743 1.501833
4744 1.501141
4745 1.500309
4746 1.499395
4747 1.498451
4748 1.497491
4749 1.496598
4750 1.495773
4751 1.495015
4752 1.494324
4753 1.4937
4754 1.493146
4755 1.492659
4756 1.492234
4757 1.49187
4758 1.491564
4759 1.491314
4760 1.491115
4761 1.490963
4762 1.490859
4763 1.490793
4764 1.490768
4765 1.490776
4766 1.490817
4767 1.490884
4768 1.490978
4769 1.491093
4770 1.49123
4771 1.491388
4772 1.491559
4773 1.491746
4774 1.491946
4775 1.492155
4776 1.492378
4777 1.492609
4778 1.492851
4779 1.493102
4780 1.493363
4781 1.493638
4782 1.493923
4783 1.49422
4784 1.494534
4785 1.494863
4786 1.495206
4787 1.495568
4788 1.495951
4789 1.496352
4790 1.496773
4791 1.49722
4792 1.497688
4793 1.498183
4794 1.4987
4795 1.499244
4796 1.499816
4797 1.500415
4798 1.501041
4799 1.501696
4800 1.502378
4801 1.503089
4802 1.503829
4803 1.504597
4804 1.50539
4805 1.506212
4806 1.507061
4807 1.507939
4808 1.508844
4809 1.509779
4810 1.510741
4811 1.51173
4812 1.512749
4813 1.513793
4814 1.514862
4815 1.515955
4816 1.517072
4817 1.51821
4818 1.519367
4819 1.520539
4820 1.521724
4821 1.522919
4822 1.524122
4823 1.525328
4824 1.526535
4825 1.527737
4826 1.528931
4827 1.530115
4828 1.531281
4829 1.53243
4830 1.533555
4831 1.534909
4832 1.536207
4833 1.53744
4834 1.538602
4835 1.539686
4836 1.540691
4837 1.541604
4838 1.54243
4839 1.543157
4840 1.543238
4841 1.543321
4842 1.543419
4843 1.543541
4844 1.543658
4845 1.543802
4846 1.543974
4847 1.544178
4848 1.544413
4849 1.544667
4850 1.544925
4851 1.545171
4852 1.545395
4853 1.545584
4854 1.545723
4855 1.545799
4856 1.545812
4857 1.545763
4858 1.545652
4859 1.54548
4860 1.545248
4861 1.544953
4862 1.544596
4863 1.54418
4864 1.543704
4865 1.543169
4866 1.542574
4867 1.541922
4868 1.541212
4869 1.540446
4870 1.539626
4871 1.538748
4872 1.537819
4873 1.536837
4874 1.535804
4875 1.534724
4876 1.533595
4877 1.532422
4878 1.531205
4879 1.529948
4880 1.52865
4881 1.527314
4882 1.525945
4883 1.524543
4884 1.523109
4885 1.521646
4886 1.520155
4887 1.518639
4888 1.517103
4889 1.515546
4890 1.513967
4891 1.511969
4892 1.50995
4893 1.507914
4894 1.50587
4895 1.503819
4896 1.501768
4897 1.499715
4898 1.497672
4899 1.495637
4900 1.493618
4901 1.491616
4902 1.489633
4903 1.487679
4904 1.485748
4905 1.483848
4906 1.481984
4907 1.480156
4908 1.47837
4909 1.476626
4910 1.474927
4911 1.473273
4912 1.471663
4913 1.470103
4914 1.468586
4915 1.467122
4916 1.465706
4917 1.464338
4918 1.46302
4919 1.46175
4920 1.460532
4921 1.459293
4922 1.45811
4923 1.45699
4924 1.455925
4925 1.454918
4926 1.453972
4927 1.453086
4928 1.452261
4929 1.451495
4930 1.45079
4931 1.450147
4932 1.449564
4933 1.449042
4934 1.44858
4935 1.448181
4936 1.447839
4937 1.447558
4938 1.447331
4939 1.447163
4940 1.447046
4941 1.446982
4942 1.446969
4943 1.447001
4944 1.447076
4945 1.447193
4946 1.447351
4947 1.447546
4948 1.447775
4949 1.448036
4950 1.448325
4951 1.448644
4952 1.448983
4953 1.449345
4954 1.449726
4955 1.450126
4956 1.450544
4957 1.450979
4958 1.451432
4959 1.451901
4960 1.452384
4961 1.452888
4962 1.45341
4963 1.453951
4964 1.454512
4965 1.455095
4966 1.4557
4967 1.45633
4968 1.456982
4969 1.45766
4970 1.458366
4971 1.459098
4972 1.459859
4973 1.460649
4974 1.461466
4975 1.462317
4976 1.4632
4977 1.464116
4978 1.465068
4979 1.46606
4980 1.467088
4981 1.46816
4982 1.469278
4983 1.470443
4984 1.470552
4985 1.470666
4986 1.470806
4987 1.470983
4988 1.471162
4989 1.471386
4990 1.471671
4991 1.472034
4992 1.472492
4993 1.473052
4994 1.473694
4995 1.474433
4996 1.475275
4997 1.475365
4998 1.475454
4999 1.475568
5000 1.475709
5001 1.475888
5002 1.476113
5003 1.476398
5004 1.476759
5005 1.477219
5006 1.477807
5007 1.478501
5008 1.479283
5009 1.480083
5010 1.480906
5011 1.481751
5012 1.482617
5013 1.483509
5014 1.484424
5015 1.485361
5016 1.486324
5017 1.487311
5018 1.488319
5019 1.489351
5020 1.490409
5021 1.491489
5022 1.492591
5023 1.493714
5024 1.494855
5025 1.496019
5026 1.497198
5027 1.498394
5028 1.499606
5029 1.500831
5030 1.502072
5031 1.503323
5032 1.504584
5033 1.505857
5034 1.507138
5035 1.508424
5036 1.509717
5037 1.511014
5038 1.512315
5039 1.513617
5040 1.514919
5041 1.516224
5042 1.517528
5043 1.518831
5044 1.520129
5045 1.521423
5046 1.522714
5047 1.523998
5048 1.525278
5049 1.526551
5050 1.527814
5051 1.529071
5052 1.530321
5053 1.53156
5054 1.532791
5055 1.534013
5056 1.535226
5057 1.536428
5058 1.53762
5059 1.538802
5060 1.539974
5061 1.541134
5062 1.542283
5063 1.543422
5064 1.544547
5065 1.545664
5066 1.546764
5067 1.547856
5068 1.548936
5069 1.550001
5070 1.551058
5071 1.552101
5072 1.553131
5073 1.554148
5074 1.555151
5075 1.556139
5076 1.557117
5077 1.558078
5078 1.559027
5079 1.559961
5080 1.560881
5081 1.561784
5082 1.562676
5083 1.56355
5084 1.56441
5085 1.565255
5086 1.566082
5087 1.566897
5088 1.567695
5089 1.568475
5090 1.569239
5091 1.569988
5092 1.57072
5093 1.571435
5094 1.572135
5095 1.572815
5096 1.573478
5097 1.574121
5098 1.574745
5099 1.57535
5100 1.575935
5101 1.576501
5102 1.577046
5103 1.577571
5104 1.578075
5105 1.578558
5106 1.57902
5107 1.57946
5108 1.579881
5109 1.580279
5110 1.580657
5111 1.581009
5112 1.581344
5113 1.581653
5114 1.581944
5115 1.582211
5116 1.582457
5117 1.582681
5118 1.582884
5119 1.583066
5120 1.583226
5121 1.583367
5122 1.583488
5123 1.583587
5124 1.583669
5125 1.583732
5126 1.583776
5127 1.583804
5128 1.583815
5129 1.58381
5130 1.583791
5131 1.583758
5132 1.58371
5133 1.583649
5134 1.583577
5135 1.583491
5136 1.583395
5137 1.583285
5138 1.583168
5139 1.583036
5140 1.582894
5141 1.582741
5142 1.582578
5143 1.582404
5144 1.582217
5145 1.582021
5146 1.581815
5147 1.581596
5148 1.581369
5149 1.581129
5150 1.580882
5151 1.580619
5152 1.58035
5153 1.58007
5154 1.57978
5155 1.579481
5156 1.579175
5157 1.57886
5158 1.578535
5159 1.578201
5160 1.577862
5161 1.577496
5162 1.577121
5163 1.57674
5164 1.57635
5165 1.575954
5166 1.575556
5167 1.575149
5168 1.574738
5169 1.574319
5170 1.573899
5171 1.573471
5172 1.57304
5173 1.572604
5174 1.57216
5175 1.571712
5176 1.571259
5177 1.5708
5178 1.570334
5179 1.569864
5180 1.569389
5181 1.568906
5182 1.568418
5183 1.567919
5184 1.567416
5185 1.566902
5186 1.566379
5187 1.56585
5188 1.565308
5189 1.564757
5190 1.564195
5191 1.563435
5192 1.562656
5193 1.561859
5194 1.561046
5195 1.560218
5196 1.559374
5197 1.558513
5198 1.557641
5199 1.556758
5200 1.555863
5201 1.554959
5202 1.554044
5203 1.553125
5204 1.5522
5205 1.551271
5206 1.55034
5207 1.549404
5208 1.548466
5209 1.547529
5210 1.546592
5211 1.545656
5212 1.544723
5213 1.543793
5214 1.542864
5215 1.541943
5216 1.541026
5217 1.540113
5218 1.539207
5219 1.538306
5220 1.537411
5221 1.536268
5222 1.535133
5223 1.534006
5224 1.532886
5225 1.531771
5226 1.530662
5227 1.529557
5228 1.528457
5229 1.52736
5230 1.526264
5231 1.525173
5232 1.524087
5233 1.52301
5234 1.521939
5235 1.520878
5236 1.519833
5237 1.518799
5238 1.517781
5239 1.516783
5240 1.515805
5241 1.514848
5242 1.513914
5243 1.513008
5244 1.512127
5245 1.511278
5246 1.510458
5247 1.509663
5248 1.508898
5249 1.50816
5250 1.507448
5251 1.50676
5252 1.506094
5253 1.50545
5254 1.504827
5255 1.50422
5256 1.503625
5257 1.503045
5258 1.502474
5259 1.501909
5260 1.501346
5261 1.50079
5262 1.500229
5263 1.499665
5264 1.499096
5265 1.49852
5266 1.497928
5267 1.497326
5268 1.496709
5269 1.49608
5270 1.495432
5271 1.494773
5272 1.494102
5273 1.493419
5274 1.492727
5275 1.492026
5276 1.491321
5277 1.490614
5278 1.489906
5279 1.489205
5280 1.488513
5281 1.487832
5282 1.487167
5283 1.486521
5284 1.485894
5285 1.48529
5286 1.484715
5287 1.48417
5288 1.483658
5289 1.48318
5290 1.482741
5291 1.48234
5292 1.481976
5293 1.481654
5294 1.481375
5295 1.481138
5296 1.480942
5297 1.48079
5298 1.480681
5299 1.480613
5300 1.480589
5301 1.480608
5302 1.480664
5303 1.480761
5304 1.480896
5305 1.481064
5306 1.481269
5307 1.481508
5308 1.481779
5309 1.482081
5310 1.482412
5311 1.482805
5312 1.483229
5313 1.483687
5314 1.484175
5315 1.484696
5316 1.48525
5317 1.485838
5318 1.486455
5319 1.487109
5320 1.487793
5321 1.48851
5322 1.489262
5323 1.490048
5324 1.490866
5325 1.49172
5326 1.492604
5327 1.493524
5328 1.494473
5329 1.495451
5330 1.496461
5331 1.497495
5332 1.498556
5333 1.49964
5334 1.500746
5335 1.501871
5336 1.503014
5337 1.504169
5338 1.505342
5339 1.506525
5340 1.506641
5341 1.506758
5342 1.506904
5343 1.507089
5344 1.50727
5345 1.507502
5346 1.507789
5347 1.508149
5348 1.508602
5349 1.50914
5350 1.509754
5351 1.510439
5352 1.511197
5353 1.512033
5354 1.512944
5355 1.514169
5356 1.515399
5357 1.515521
5358 1.515644
5359 1.515797
5360 1.515989
5361 1.51618
5362 1.51642
5363 1.516719
5364 1.517093
5365 1.517562
5366 1.518119
5367 1.51875
5368 1.519457
5369 1.520238
5370 1.521091
5371 1.522023
5372 1.523259
5373 1.524493
5374 1.525716
5375 1.526927
5376 1.528118
5377 1.529282
5378 1.530413
5379 1.531505
5380 1.53255
5381 1.533545
5382 1.53448
5383 1.535352
5384 1.536149
5385 1.536868
5386 1.537501
5387 1.538043
5388 1.538491
5389 1.538839
5390 1.539083
5391 1.539221
5392 1.539251
5393 1.539261
5394 1.539271
5395 1.539281
5396 1.539293
5397 1.539303
5398 1.539309
5399 1.539302
5400 1.539285
5401 1.539244
5402 1.539178
5403 1.53908
5404 1.538939
5405 1.538755
5406 1.538513
5407 1.53821
5408 1.537841
5409 1.537395
5410 1.536904
5411 1.536363
5412 1.535777
5413 1.535722
5414 1.535666
5415 1.535594
5416 1.535506
5417 1.535392
5418 1.535249
5419 1.535063
5420 1.534822
5421 1.534507
5422 1.534094
5423 1.533598
5424 1.533034
5425 1.532453
5426 1.531857
5427 1.531247
5428 1.530628
5429 1.529998
5430 1.529363
5431 1.528722
5432 1.528079
5433 1.527432
5434 1.526788
5435 1.526147
5436 1.525512
5437 1.524881
5438 1.52426
5439 1.523646
5440 1.523045
5441 1.522456
5442 1.521884
5443 1.521327
5444 1.520787
5445 1.520265
5446 1.519766
5447 1.519286
5448 1.51883
5449 1.518394
5450 1.517983
5451 1.517598
5452 1.517235
5453 1.516899
5454 1.516587
5455 1.516303
5456 1.516042
5457 1.515808
5458 1.5156
5459 1.515417
5460 1.51526
5461 1.51512
5462 1.51501
5463 1.514928
5464 1.514872
5465 1.514844
5466 1.514843
5467 1.514868
5468 1.514916
5469 1.514989
5470 1.515086
5471 1.515205
5472 1.515342
5473 1.515502
5474 1.515681
5475 1.515878
5476 1.516098
5477 1.516333
5478 1.516584
5479 1.516849
5480 1.517131
5481 1.517427
5482 1.517737
5483 1.518056
5484 1.518389
5485 1.518732
5486 1.519087
5487 1.51945
5488 1.519824
5489 1.520207
5490 1.520598
5491 1.520999
5492 1.521409
5493 1.521828
5494 1.522254
5495 1.522687
5496 1.523128
5497 1.523574
5498 1.524029
5499 1.524489
5500 1.524957
5501 1.525428
5502 1.525906
5503 1.52639
5504 1.526881
5505 1.527373
5506 1.527873
5507 1.528376
5508 1.528886
5509 1.5294
5510 1.529918
5511 1.530445
5512 1.530976
5513 1.531513
5514 1.532054
5515 1.532603
5516 1.533157
5517 1.533716
5518 1.534282
5519 1.534858
5520 1.535436
5521 1.536022
5522 1.536612
5523 1.537208
5524 1.537808
5525 1.538415
5526 1.539021
5527 1.539635
5528 1.540251
5529 1.540869
5530 1.541489
5531 1.542112
5532 1.542735
5533 1.543362
5534 1.543989
5535 1.544615
5536 1.545241
5537 1.545866
5538 1.546495
5539 1.547117
5540 1.547739
5541 1.548355
5542 1.548966
5543 1.549572
5544 1.550173
5545 1.550765
5546 1.55135
5547 1.551922
5548 1.552482
5549 1.553032
5550 1.553566
5551 1.554146
5552 1.554703
5553 1.555232
5554 1.555731
5555 1.556194
5556 1.55662
5557 1.557011
5558 1.557361
5559 1.557667
5560 1.557931
5561 1.558149
5562 1.558321
5563 1.558446
5564 1.558526
5565 1.558562
5566 1.558548
5567 1.558492
5568 1.558393
5569 1.558254
5570 1.558073
5571 1.557854
5572 1.557597
5573 1.557309
5574 1.556986
5575 1.556633
5576 1.556248
5577 1.555837
5578 1.555396
5579 1.554928
5580 1.554435
5581 1.553914
5582 1.553365
5583 1.552789
5584 1.552188
5585 1.551556
5586 1.550893
5587 1.550199
5588 1.549471
5589 1.54871
5590 1.547909
5591 1.54707
5592 1.54619
5593 1.545266
5594 1.544297
5595 1.543282
5596 1.542215
5597 1.541098
5598 1.539928
5599 1.538701
5600 1.53742
5601 1.536078
5602 1.534678
5603 1.533221
5604 1.531703
5605 1.530125
5606 1.528487
5607 1.526792
5608 1.525039
5609 1.52323
5610 1.521369
5611 1.51869
5612 1.515926
5613 1.513089
5614 1.510188
5615 1.507236
5616 1.50424
5617 1.501212
5618 1.498159
5619 1.495095
5620 1.492026
5621 1.488963
5622 1.485914
5623 1.48289
5624 1.479896
5625 1.476945
5626 1.474039
5627 1.471193
5628 1.468413
5629 1.465707
5630 1.463082
5631 1.46055
5632 1.458109
5633 1.455768
5634 1.453529
5635 1.451395
5636 1.449365
5637 1.447442
5638 1.44562
5639 1.443905
5640 1.442291
5641 1.440777
5642 1.439363
5643 1.438047
5644 1.436828
5645 1.435703
5646 1.434669
5647 1.433723
5648 1.432861
5649 1.432082
5650 1.431383
5651 1.430765
5652 1.430218
5653 1.429747
5654 1.429347
5655 1.429015
5656 1.428754
5657 1.428561
5658 1.428438
5659 1.42838
5660 1.428387
5661 1.428462
5662 1.428599
5663 1.428804
5664 1.429076
5665 1.429407
5666 1.429804
5667 1.430261
5668 1.430777
5669 1.431353
5670 1.431984
5671 1.432748
5672 1.433578
5673 1.434469
5674 1.43542
5675 1.436427
5676 1.43749
5677 1.438604
5678 1.439767
5679 1.440977
5680 1.44223
5681 1.443523
5682 1.44485
5683 1.446214
5684 1.447605
5685 1.449024
5686 1.450466
5687 1.451931
5688 1.453412
5689 1.454905
5690 1.456402
5691 1.4579
5692 1.459393
5693 1.46087
5694 1.462328
5695 1.463756
5696 1.465149
5697 1.4665
5698 1.467799
5699 1.469044
5700 1.470223
5701 1.471334
5702 1.472372
5703 1.473337
5704 1.474219
5705 1.475028
5706 1.475759
5707 1.476411
5708 1.476994
5709 1.477506
5710 1.477957
5711 1.478351
5712 1.478696
5713 1.479005
5714 1.479283
5715 1.479545
5716 1.479797
5717 1.480053
5718 1.48032
5719 1.480615
5720 1.480943
5721 1.481315
5722 1.481739
5723 1.482225
5724 1.482784
5725 1.483421
5726 1.484141
5727 1.484952
5728 1.485855
5729 1.486852
5730 1.487944
5731 1.48913
5732 1.49041
5733 1.491779
5734 1.493235
5735 1.494772
5736 1.496389
5737 1.498072
5738 1.499819
5739 1.501622
5740 1.50347
5741 1.505358
5742 1.507279
5743 1.50922
5744 1.511179
5745 1.513147
5746 1.515113
5747 1.517072
5748 1.519017
5749 1.520947
5750 1.522853
5751 1.524731
5752 1.526574
5753 1.528382
5754 1.530148
5755 1.531871
5756 1.533545
5757 1.535172
5758 1.536748
5759 1.538273
5760 1.539744
5761 1.54116
5762 1.54252
5763 1.543823
5764 1.545067
5765 1.54625
5766 1.547368
5767 1.548419
5768 1.549405
5769 1.550321
5770 1.551169
5771 1.551943
5772 1.552645
5773 1.553275
5774 1.553834
5775 1.554322
5776 1.554737
5777 1.555084
5778 1.555367
5779 1.555402
5780 1.555435
5781 1.555475
5782 1.555526
5783 1.555575
5784 1.555631
5785 1.555696
5786 1.555768
5787 1.55584
5788 1.555911
5789 1.555971
5790 1.55601
5791 1.556029
5792 1.556024
5793 1.555989
5794 1.555927
5795 1.555846
5796 1.555746
5797 1.555625
5798 1.555493
5799 1.555346
5800 1.555189
5801 1.555023
5802 1.554853
5803 1.554676
5804 1.554501
5805 1.554328
5806 1.55416
5807 1.554
5808 1.553853
5809 1.553718
5810 1.553601
5811 1.553502
5812 1.553425
5813 1.553369
5814 1.553339
5815 1.553333
5816 1.553358
5817 1.553411
5818 1.553494
5819 1.55361
5820 1.553758
5821 1.553995
5822 1.554277
5823 1.554608
5824 1.554635
5825 1.554663
5826 1.554698
5827 1.554744
5828 1.554791
5829 1.554851
5830 1.554932
5831 1.555035
5832 1.555172
5833 1.555346
5834 1.555556
5835 1.555804
5836 1.556097
5837 1.556438
5838 1.556831
5839 1.557244
5840 1.557673
5841 1.558119
5842 1.558578
5843 1.559048
5844 1.55953
5845 1.560016
5846 1.560507
5847 1.561001
5848 1.561496
5849 1.561986
5850 1.562474
5851 1.56309
5852 1.56369
5853 1.564261
5854 1.564798
5855 1.565301
5856 1.56576
5857 1.566175
5858 1.566539
5859 1.566853
5860 1.567109
5861 1.567311
5862 1.567458
5863 1.567547
5864 1.56758
5865 1.567553
5866 1.567467
5867 1.567324
5868 1.567126
5869 1.566873
5870 1.566569
5871 1.566215
5872 1.565813
5873 1.565366
5874 1.564876
5875 1.564348
5876 1.563783
5877 1.563188
5878 1.562561
5879 1.561907
5880 1.561229
5881 1.560421
5882 1.559588
5883 1.558732
5884 1.558652
5885 1.558571
5886 1.558468
5887 1.558339
5888 1.558209
5889 1.558043
5890 1.557835
5891 1.55757
5892 1.557234
5893 1.556825
5894 1.556356
5895 1.555826
5896 1.555227
5897 1.554568
5898 1.553845
5899 1.553115
5900 1.552381
5901 1.55164
5902 1.550896
5903 1.550146
5904 1.549387
5905 1.548622
5906 1.547846
5907 1.547067
5908 1.546273
5909 1.545469
5910 1.545391
5911 1.545313
5912 1.545216
5913 1.545092
5914 1.544937
5915 1.544742
5916 1.544497
5917 1.544186
5918 1.543794
5919 1.543296
5920 1.542712
5921 1.542062
5922 1.541264
5923 1.540451
5924 1.539622
5925 1.538778
5926 1.537916
5927 1.537039
5928 1.536141
5929 1.535226
5930 1.534291
5931 1.533331
5932 1.53235
5933 1.531343
5934 1.53031
5935 1.530214
5936 1.530115
5937 1.529991
5938 1.529834
5939 1.529637
5940 1.529386
5941 1.529068
5942 1.528665
5943 1.528152
5944 1.527494
5945 1.526722
5946 1.525855
5947 1.524823
5948 1.523768
5949 1.522689
5950 1.521587
5951 1.52046
5952 1.519308
5953 1.518132
5954 1.516933
5955 1.515709
5956 1.514461
5957 1.513192
5958 1.511897
5959 1.510576
5960 1.509235
5961 1.507871
5962 1.506482
5963 1.505074
5964 1.503643
5965 1.502193
5966 1.500724
5967 1.49924
5968 1.497741
5969 1.496228
5970 1.494705
5971 1.49317
5972 1.491628
5973 1.490079
5974 1.488522
5975 1.486962
5976 1.485395
5977 1.483825
5978 1.482255
5979 1.480685
5980 1.479116
5981 1.47755
5982 1.475988
5983 1.474432
5984 1.472885
5985 1.471346
5986 1.469817
5987 1.468303
5988 1.466801
5989 1.465315
5990 1.463848
5991 1.462398
5992 1.460969
5993 1.459566
5994 1.458183
5995 1.456828
5996 1.455496
5997 1.454194
5998 1.45292
5999 1.451676
6000 1.450462
