"cl-rfile"
"Iteration" "cl"
("Iteration" "cl")
1 0.1736932
2 0.1740286
3 0.1740803
4 0.1740232
5 0.1739314
6 0.173833
7 0.1737461
8 0.173674
9 0.1736185
10 0.1735813
11 0.1735593
12 0.1735554
13 0.1735686
14 0.1736002
15 0.1736485
16 0.1737129
17 0.1737961
18 0.1738951
19 0.1740098
20 0.1741396
21 0.1742825
22 0.174437
23 0.174601
24 0.1747735
25 0.1749537
26 0.1751396
27 0.1753301
28 0.1755245
29 0.1757217
30 0.175922
31 0.1761235
32 0.1763248
33 0.1765255
34 0.1767245
35 0.1769214
36 0.177115
37 0.1773049
38 0.1774913
39 0.1776734
40 0.1778503
41 0.178022
42 0.1781883
43 0.1783489
44 0.1785037
45 0.1786518
46 0.1787934
47 0.1789283
48 0.1790563
49 0.1791772
50 0.1792911
51 0.1793975
52 0.1794969
53 0.1795887
54 0.1796733
55 0.1797504
56 0.1798201
57 0.1798823
58 0.1799368
59 0.1799838
60 0.1800243
61 0.1800568
62 0.180082
63 0.1801
64 0.1801112
65 0.1801152
66 0.1801124
67 0.1801027
68 0.1800861
69 0.1800633
70 0.1800337
71 0.1799982
72 0.1799563
73 0.1799089
74 0.1798555
75 0.1797961
76 0.1797317
77 0.1796616
78 0.1795866
79 0.1795068
80 0.1794219
81 0.1793329
82 0.1792385
83 0.1791407
84 0.1790383
85 0.1789321
86 0.1788228
87 0.1787089
88 0.178592
89 0.1784722
90 0.1783494
91 0.1782233
92 0.1780946
93 0.1779632
94 0.1778292
95 0.1776928
96 0.1775543
97 0.1774145
98 0.1772719
99 0.177128
100 0.1769818
101 0.1768335
102 0.1766831
103 0.1765303
104 0.1763763
105 0.1762199
106 0.1760622
107 0.1759032
108 0.1757431
109 0.1755819
110 0.1754196
111 0.1752568
112 0.1750935
113 0.1749292
114 0.174765
115 0.1746004
116 0.1744358
117 0.1742715
118 0.174107
119 0.1739432
120 0.1737798
121 0.1736162
122 0.1734539
123 0.173292
124 0.1731311
125 0.1729706
126 0.1728116
127 0.1726529
128 0.1724958
129 0.1723399
130 0.1721848
131 0.1720314
132 0.1718791
133 0.1717282
134 0.1715786
135 0.1714306
136 0.1712841
137 0.1711388
138 0.1709952
139 0.1708528
140 0.1707123
141 0.1705732
142 0.1704358
143 0.1702998
144 0.1701661
145 0.1700333
146 0.1699022
147 0.1697729
148 0.169645
149 0.1695187
150 0.1693943
151 0.1692715
152 0.1691502
153 0.1690304
154 0.1689121
155 0.1687958
156 0.168681
157 0.1685673
158 0.1684553
159 0.168345
160 0.168236
161 0.1681289
162 0.1680231
163 0.1679185
164 0.1678157
165 0.1677139
166 0.1676138
167 0.1675149
168 0.1674173
169 0.1673211
170 0.1672261
171 0.1671324
172 0.1670402
173 0.166949
174 0.1668588
175 0.1667702
176 0.1666824
177 0.1665959
178 0.1665104
179 0.1664259
180 0.1663427
181 0.1662602
182 0.1661789
183 0.1660986
184 0.1660192
185 0.1659407
186 0.165863
187 0.1657861
188 0.1657104
189 0.1656356
190 0.1655613
191 0.1654879
192 0.1654151
193 0.165343
194 0.165272
195 0.1652016
196 0.1651318
197 0.1650629
198 0.1649946
199 0.1649266
200 0.1648601
201 0.1647936
202 0.1647279
203 0.1646629
204 0.1645987
205 0.1645352
206 0.164472
207 0.16441
208 0.1643484
209 0.1642874
210 0.1642268
211 0.1641673
212 0.1641087
213 0.1640504
214 0.1639929
215 0.1639362
216 0.1638806
217 0.1638253
218 0.1637711
219 0.1637176
220 0.163665
221 0.1636133
222 0.1635628
223 0.163513
224 0.1634645
225 0.1634167
226 0.1633703
227 0.163325
228 0.1632808
229 0.1632377
230 0.163196
231 0.1631557
232 0.163117
233 0.1630793
234 0.1630431
235 0.1630088
236 0.1629758
237 0.1629446
238 0.1629151
239 0.1628874
240 0.1628611
241 0.1628373
242 0.1628153
243 0.1627954
244 0.1627773
245 0.1627617
246 0.162748
247 0.1627366
248 0.1627276
249 0.1627214
250 0.1627173
251 0.1627161
252 0.1627173
253 0.1627209
254 0.1627276
255 0.1627373
256 0.1627496
257 0.1627652
258 0.1627832
259 0.1628047
260 0.1628294
261 0.1628568
262 0.1628877
263 0.1629222
264 0.1629595
265 0.1630007
266 0.1630452
267 0.1630929
268 0.1631448
269 0.1631998
270 0.1632583
271 0.1633207
272 0.163387
273 0.1634568
274 0.1635303
275 0.1636078
276 0.163689
277 0.1637741
278 0.1638633
279 0.1639561
280 0.1640531
281 0.1641537
282 0.1642582
283 0.1643669
284 0.1644794
285 0.1645959
286 0.1647162
287 0.1648403
288 0.1649683
289 0.1651
290 0.1652355
291 0.1653748
292 0.1655178
293 0.1656645
294 0.1658151
295 0.1659686
296 0.1661261
297 0.1662869
298 0.1664513
299 0.166619
300 0.1667898
301 0.1669638
302 0.1671411
303 0.1673211
304 0.1675044
305 0.1676905
306 0.1678794
307 0.1680708
308 0.1682645
309 0.1684613
310 0.1686603
311 0.1688613
312 0.1690647
313 0.1692702
314 0.1694777
315 0.1696869
316 0.1698979
317 0.1701105
318 0.1703246
319 0.1705404
320 0.1707572
321 0.1709752
322 0.1711942
323 0.1714146
324 0.1716353
325 0.1718568
326 0.1720789
327 0.1723018
328 0.1725246
329 0.1727482
330 0.1729716
331 0.1731953
332 0.1734185
333 0.1736419
334 0.1738651
335 0.1740876
336 0.1743099
337 0.1745314
338 0.1747524
339 0.1749722
340 0.1751911
341 0.1754094
342 0.1756262
343 0.1758422
344 0.1760567
345 0.1762699
346 0.1764817
347 0.1766922
348 0.1769006
349 0.1771076
350 0.1773126
351 0.177516
352 0.1777176
353 0.177917
354 0.1781145
355 0.1783102
356 0.1785035
357 0.1786944
358 0.1788832
359 0.1790701
360 0.1792542
361 0.1794984
362 0.1797377
363 0.1799729
364 0.1802031
365 0.1804286
366 0.1806491
367 0.1808648
368 0.1810757
369 0.1812821
370 0.1814831
371 0.1816795
372 0.1818709
373 0.1820576
374 0.1822397
375 0.1824163
376 0.182589
377 0.1827564
378 0.1829189
379 0.1830773
380 0.1832305
381 0.1833794
382 0.1835239
383 0.1836636
384 0.1837994
385 0.1839307
386 0.1840577
387 0.184181
388 0.1842996
389 0.1844144
390 0.1845255
391 0.1846807
392 0.1848278
393 0.1849665
394 0.1850977
395 0.1852223
396 0.1853399
397 0.1854513
398 0.1855559
399 0.1856554
400 0.1857492
401 0.1858377
402 0.185921
403 0.1859995
404 0.1860738
405 0.1861431
406 0.1862085
407 0.1862703
408 0.1863279
409 0.186382
410 0.1864325
411 0.1864801
412 0.1865243
413 0.1865655
414 0.1866039
415 0.1866401
416 0.1866731
417 0.1867035
418 0.1867317
419 0.186758
420 0.1867817
421 0.1868117
422 0.1868379
423 0.1868598
424 0.1868777
425 0.1868923
426 0.1869039
427 0.1869126
428 0.1869189
429 0.1869229
430 0.1869246
431 0.1869242
432 0.1869224
433 0.186919
434 0.1869145
435 0.1869083
436 0.1869012
437 0.1868937
438 0.1868855
439 0.1868766
440 0.1868674
441 0.1868579
442 0.1868486
443 0.1868391
444 0.1868297
445 0.1868211
446 0.1868124
447 0.1868045
448 0.1867966
449 0.1867897
450 0.1867838
451 0.1867769
452 0.1867713
453 0.1867674
454 0.1867652
455 0.1867641
456 0.1867646
457 0.1867668
458 0.1867699
459 0.1867741
460 0.1867797
461 0.1867863
462 0.1867941
463 0.1868023
464 0.1868116
465 0.1868219
466 0.1868326
467 0.1868436
468 0.1868561
469 0.1868687
470 0.1868819
471 0.1868955
472 0.1869098
473 0.1869243
474 0.1869395
475 0.1869556
476 0.1869717
477 0.1869879
478 0.1870048
479 0.1870223
480 0.1870403
481 0.1870666
482 0.1870938
483 0.1871212
484 0.1871485
485 0.1871759
486 0.1872028
487 0.1872289
488 0.1872535
489 0.1872766
490 0.1872973
491 0.1873155
492 0.1873307
493 0.1873418
494 0.1873491
495 0.1873516
496 0.187349
497 0.1873404
498 0.1873258
499 0.1873045
500 0.1872755
501 0.1872392
502 0.1871947
503 0.187142
504 0.1870802
505 0.1870102
506 0.1869303
507 0.1868415
508 0.1867431
509 0.1866356
510 0.1865182
511 0.1863424
512 0.1861497
513 0.1859416
514 0.1857191
515 0.1854828
516 0.1854599
517 0.1854364
518 0.1854081
519 0.1853724
520 0.1853272
521 0.1852695
522 0.185196
523 0.1851209
524 0.185033
525 0.1849314
526 0.1848154
527 0.1846844
528 0.1845383
529 0.1843758
530 0.1841971
531 0.1840016
532 0.1837892
533 0.1835601
534 0.1833289
535 0.1830951
536 0.1828605
537 0.1826248
538 0.1823895
539 0.1821549
540 0.1819209
541 0.1816889
542 0.1814597
543 0.1812331
544 0.1810104
545 0.1807917
546 0.1805777
547 0.1803682
548 0.1801647
549 0.1799666
550 0.1797748
551 0.1795894
552 0.179411
553 0.1792397
554 0.1790754
555 0.1789186
556 0.1787697
557 0.1786287
558 0.1784949
559 0.1783694
560 0.1782517
561 0.1781419
562 0.1780404
563 0.177946
564 0.1778601
565 0.1777814
566 0.1777109
567 0.1776478
568 0.1775922
569 0.1775443
570 0.1775037
571 0.1774664
572 0.1774397
573 0.1774231
574 0.1774163
575 0.1774188
576 0.1774309
577 0.177452
578 0.1774815
579 0.1775199
580 0.1775665
581 0.1776205
582 0.1776827
583 0.177752
584 0.1778284
585 0.1779116
586 0.1780008
587 0.1780961
588 0.1781971
589 0.178303
590 0.1784138
591 0.1785285
592 0.1786476
593 0.1787701
594 0.1788961
595 0.1790246
596 0.1791556
597 0.179289
598 0.1794239
599 0.1795606
600 0.1796987
601 0.1798525
602 0.1800076
603 0.1801632
604 0.1803199
605 0.1804774
606 0.1806358
607 0.1807954
608 0.180956
609 0.1811175
610 0.1812802
611 0.1814451
612 0.1816114
613 0.18178
614 0.181951
615 0.1821239
616 0.1822997
617 0.1824782
618 0.1826599
619 0.182678
620 0.1826958
621 0.1827188
622 0.1827469
623 0.182775
624 0.1828103
625 0.1828547
626 0.1829103
627 0.1829806
628 0.183065
629 0.1831612
630 0.1832695
631 0.1833913
632 0.1835254
633 0.1836731
634 0.1838732
635 0.1840766
636 0.1842825
637 0.1844903
638 0.1847006
639 0.1849123
640 0.1851258
641 0.18534
642 0.1855548
643 0.1857703
644 0.1859863
645 0.1862014
646 0.1864159
647 0.1866298
648 0.1868421
649 0.1870529
650 0.1872619
651 0.1874688
652 0.1876728
653 0.1878743
654 0.1880724
655 0.1882674
656 0.1884581
657 0.188645
658 0.1888275
659 0.1890049
660 0.1891771
661 0.1893443
662 0.1895051
663 0.1896604
664 0.1898094
665 0.1899517
666 0.1900875
667 0.1902167
668 0.1903391
669 0.1904541
670 0.1905625
671 0.1906637
672 0.1907579
673 0.1908458
674 0.1909262
675 0.1910008
676 0.1910688
677 0.1911302
678 0.1911852
679 0.1912344
680 0.1912777
681 0.1913154
682 0.1913476
683 0.1913742
684 0.1913962
685 0.1914129
686 0.1914249
687 0.1914264
688 0.1914275
689 0.1914297
690 0.1914321
691 0.1914337
692 0.1914363
693 0.1914391
694 0.1914417
695 0.1914443
696 0.1914463
697 0.1914468
698 0.1914456
699 0.1914425
700 0.1914368
701 0.191428
702 0.191417
703 0.1914035
704 0.1913883
705 0.1913706
706 0.1913506
707 0.1913294
708 0.1913056
709 0.1912802
710 0.1912529
711 0.1912239
712 0.1911931
713 0.1911605
714 0.1911265
715 0.1910914
716 0.191055
717 0.1910177
718 0.19098
719 0.1909417
720 0.1909029
721 0.1908529
722 0.1908481
723 0.1908429
724 0.1908364
725 0.1908286
726 0.1908188
727 0.1908062
728 0.1907908
729 0.1907716
730 0.1907479
731 0.1907191
732 0.1906871
733 0.1906563
734 0.1906272
735 0.1905994
736 0.1905736
737 0.1905497
738 0.1905291
739 0.1905108
740 0.1904954
741 0.1904833
742 0.1904741
743 0.1904684
744 0.1904664
745 0.1904674
746 0.190472
747 0.1904801
748 0.1904914
749 0.190506
750 0.190524
751 0.1905456
752 0.1905695
753 0.1905969
754 0.1906264
755 0.1906591
756 0.1906939
757 0.1907314
758 0.190771
759 0.1908128
760 0.1908567
761 0.1909023
762 0.1909503
763 0.1909998
764 0.1910516
765 0.1911054
766 0.191161
767 0.1912184
768 0.1912782
769 0.1913392
770 0.1914027
771 0.1914684
772 0.1915357
773 0.191605
774 0.1916766
775 0.19175
776 0.1918256
777 0.1919028
778 0.1919822
779 0.1920638
780 0.1921465
781 0.1922312
782 0.1923175
783 0.1924058
784 0.1924955
785 0.1925864
786 0.1926789
787 0.1927722
788 0.192867
789 0.1929623
790 0.1930589
791 0.1931558
792 0.1932539
793 0.1933523
794 0.1934509
795 0.1935499
796 0.1936488
797 0.1937483
798 0.1938467
799 0.1939456
800 0.1940444
801 0.1941425
802 0.1942398
803 0.1943367
804 0.1944325
805 0.1945273
806 0.1946213
807 0.1947142
808 0.1948057
809 0.1948957
810 0.1949839
811 0.1951001
812 0.1952128
813 0.1952241
814 0.195236
815 0.1952501
816 0.1952679
817 0.1952858
818 0.1953079
819 0.1953356
820 0.1953693
821 0.1954107
822 0.1954594
823 0.1955132
824 0.195572
825 0.1956352
826 0.1957024
827 0.1957733
828 0.1958421
829 0.1959088
830 0.195973
831 0.1960352
832 0.196095
833 0.1961522
834 0.1962074
835 0.1962597
836 0.1963099
837 0.196357
838 0.1964016
839 0.1964434
840 0.1964824
841 0.1965285
842 0.1965692
843 0.196605
844 0.1966352
845 0.1966606
846 0.1966807
847 0.196696
848 0.1967062
849 0.1967112
850 0.1967126
851 0.1967093
852 0.1967022
853 0.1966912
854 0.1966771
855 0.1966598
856 0.1966403
857 0.1966186
858 0.1965945
859 0.1965694
860 0.1965425
861 0.1965147
862 0.1964867
863 0.1964576
864 0.1964286
865 0.1963996
866 0.1963704
867 0.196342
868 0.1963142
869 0.196287
870 0.1962607
871 0.1962358
872 0.1962119
873 0.1961899
874 0.1961694
875 0.1961505
876 0.1961336
877 0.1961186
878 0.196106
879 0.1960949
880 0.1960861
881 0.1960799
882 0.1960752
883 0.1960728
884 0.1960721
885 0.1960734
886 0.1960761
887 0.1960809
888 0.1960867
889 0.1960938
890 0.1961014
891 0.19611
892 0.1961194
893 0.1961287
894 0.1961378
895 0.1961466
896 0.1961555
897 0.1961634
898 0.19617
899 0.1961751
900 0.1961786
901 0.1961804
902 0.1961802
903 0.1961777
904 0.1961731
905 0.1961658
906 0.1961558
907 0.1961435
908 0.1961282
909 0.1961104
910 0.1960895
911 0.196066
912 0.1960398
913 0.1960108
914 0.1959783
915 0.1959435
916 0.1959058
917 0.1958657
918 0.195823
919 0.1957774
920 0.1957296
921 0.1956796
922 0.1956273
923 0.1955733
924 0.1955176
925 0.1954597
926 0.1954005
927 0.1953406
928 0.1952792
929 0.1952167
930 0.1951537
931 0.1950904
932 0.1950267
933 0.1949628
934 0.1948992
935 0.194836
936 0.194773
937 0.1947109
938 0.1946495
939 0.1945889
940 0.194529
941 0.1944701
942 0.1944121
943 0.1943553
944 0.194299
945 0.1942433
946 0.1941884
947 0.1941341
948 0.1940798
949 0.1940259
950 0.1939719
951 0.1939179
952 0.193864
953 0.1938096
954 0.1937539
955 0.1936983
956 0.1936409
957 0.1935831
958 0.1935239
959 0.1934628
960 0.193401
961 0.1933371
962 0.1932719
963 0.1932055
964 0.1931373
965 0.1930687
966 0.1929986
967 0.1929274
968 0.1928559
969 0.1927832
970 0.1927103
971 0.1926369
972 0.1925638
973 0.192491
974 0.1924181
975 0.192347
976 0.1922756
977 0.1922072
978 0.1921395
979 0.1920742
980 0.1920113
981 0.1919505
982 0.1918921
983 0.191837
984 0.1917839
985 0.1917336
986 0.1916856
987 0.1916404
988 0.1915971
989 0.1915563
990 0.1915166
991 0.1914791
992 0.1914419
993 0.1914058
994 0.19137
995 0.1913341
996 0.1912981
997 0.1912611
998 0.1912225
999 0.1911822
1000 0.19114
1001 0.1910952
1002 0.1910481
1003 0.1909981
1004 0.1909447
1005 0.1908878
1006 0.1908269
1007 0.190762
1008 0.1906929
1009 0.1906198
1010 0.1905428
1011 0.1904615
1012 0.1903761
1013 0.1902876
1014 0.1901951
1015 0.1900992
1016 0.19
1017 0.1898978
1018 0.1897928
1019 0.1896855
1020 0.1895756
1021 0.1894644
1022 0.1893519
1023 0.1892376
1024 0.1891226
1025 0.1890076
1026 0.1888918
1027 0.1887765
1028 0.1886609
1029 0.1885463
1030 0.1884326
1031 0.1883194
1032 0.1882078
1033 0.1880977
1034 0.1879899
1035 0.1878844
1036 0.1877815
1037 0.1876819
1038 0.187586
1039 0.1874945
1040 0.1874074
1041 0.1873262
1042 0.1872509
1043 0.1871821
1044 0.1871746
1045 0.1871674
1046 0.1871585
1047 0.1871474
1048 0.1871366
1049 0.1871232
1050 0.1871065
1051 0.1870863
1052 0.1870625
1053 0.1870362
1054 0.1870078
1055 0.1869797
1056 0.1869523
1057 0.1869272
1058 0.1869063
1059 0.1868926
1060 0.1868906
1061 0.1869017
1062 0.1869246
1063 0.1869599
1064 0.187008
1065 0.1870682
1066 0.18714
1067 0.1872222
1068 0.1873153
1069 0.1874167
1070 0.1875264
1071 0.1876432
1072 0.1877658
1073 0.1878929
1074 0.1880229
1075 0.1881548
1076 0.188287
1077 0.1884191
1078 0.1885492
1079 0.188677
1080 0.1888019
1081 0.1889226
1082 0.189039
1083 0.1891499
1084 0.1892556
1085 0.1893562
1086 0.1894509
1087 0.1895405
1088 0.1896243
1089 0.1897034
1090 0.1897763
1091 0.1898444
1092 0.1898521
1093 0.1898591
1094 0.189868
1095 0.1898795
1096 0.1898907
1097 0.1899043
1098 0.1899209
1099 0.1899409
1100 0.1899646
1101 0.1899902
1102 0.1900174
1103 0.1900454
1104 0.1900736
1105 0.1901011
1106 0.190128
1107 0.1901521
1108 0.1901734
1109 0.1901919
1110 0.1902077
1111 0.190221
1112 0.1902318
1113 0.1902402
1114 0.1902451
1115 0.1902478
1116 0.1902471
1117 0.1902436
1118 0.1902367
1119 0.1902267
1120 0.1902139
1121 0.1901977
1122 0.1901778
1123 0.1901546
1124 0.190128
1125 0.1900976
1126 0.1900639
1127 0.190027
1128 0.1899859
1129 0.1899414
1130 0.1898935
1131 0.189842
1132 0.189786
1133 0.1897267
1134 0.1896634
1135 0.1895958
1136 0.1895248
1137 0.1894501
1138 0.1893707
1139 0.1892878
1140 0.1892002
1141 0.1890755
1142 0.1889447
1143 0.1888079
1144 0.1886656
1145 0.188518
1146 0.1885045
1147 0.1884899
1148 0.1884721
1149 0.1884499
1150 0.1884276
1151 0.1883989
1152 0.1883628
1153 0.188317
1154 0.1882581
1155 0.1881865
1156 0.1881042
1157 0.18801
1158 0.1879043
1159 0.1877869
1160 0.1876578
1161 0.1875275
1162 0.1873963
1163 0.1872651
1164 0.1871339
1165 0.187003
1166 0.1868728
1167 0.1867436
1168 0.1866155
1169 0.1864889
1170 0.1863642
1171 0.1862037
1172 0.1860477
1173 0.1858965
1174 0.1857497
1175 0.1856076
1176 0.1854699
1177 0.1853371
1178 0.1852085
1179 0.185084
1180 0.1849638
1181 0.1848468
1182 0.1847336
1183 0.1846231
1184 0.1845156
1185 0.1844111
1186 0.1843095
1187 0.1842103
1188 0.1841146
1189 0.1840216
1190 0.1839324
1191 0.1838459
1192 0.1837638
1193 0.1836853
1194 0.1836111
1195 0.1835414
1196 0.1834763
1197 0.1834165
1198 0.1833626
1199 0.1833152
1200 0.1832748
1201 0.1832409
1202 0.1832149
1203 0.1831976
1204 0.183189
1205 0.1831898
1206 0.1832
1207 0.1832198
1208 0.1832496
1209 0.1832895
1210 0.1833394
1211 0.1833991
1212 0.1834682
1213 0.1835464
1214 0.1836338
1215 0.1837291
1216 0.183832
1217 0.1839421
1218 0.1840585
1219 0.1841811
1220 0.1843077
1221 0.1844389
1222 0.1845738
1223 0.184711
1224 0.1848504
1225 0.1849916
1226 0.1851337
1227 0.1852768
1228 0.1854195
1229 0.1855627
1230 0.1857048
1231 0.1858464
1232 0.185988
1233 0.1861283
1234 0.1862685
1235 0.1864086
1236 0.1865489
1237 0.1866905
1238 0.1868332
1239 0.1869776
1240 0.1871245
1241 0.1872742
1242 0.1874264
1243 0.1875827
1244 0.1877433
1245 0.1879079
1246 0.188078
1247 0.1882533
1248 0.1884343
1249 0.1886211
1250 0.1888143
1251 0.1890135
1252 0.1892194
1253 0.189431
1254 0.189649
1255 0.1898725
1256 0.1901015
1257 0.1903363
1258 0.1905762
1259 0.1908205
1260 0.191069
1261 0.1913223
1262 0.1915787
1263 0.1918389
1264 0.1921019
1265 0.1923674
1266 0.1926349
1267 0.1929041
1268 0.1931754
1269 0.1934465
1270 0.1937182
1271 0.1939894
1272 0.1942596
1273 0.1945287
1274 0.1947956
1275 0.1950604
1276 0.195322
1277 0.1955803
1278 0.1958344
1279 0.1960832
1280 0.1963269
1281 0.1965639
1282 0.1967947
1283 0.1970181
1284 0.1972342
1285 0.1974418
1286 0.1976408
1287 0.1978302
1288 0.1980107
1289 0.1981807
1290 0.1983403
1291 0.1984893
1292 0.1986272
1293 0.1987537
1294 0.1988686
1295 0.1989712
1296 0.1990617
1297 0.1991396
1298 0.1992047
1299 0.1992572
1300 0.1992966
1301 0.199323
1302 0.1993369
1303 0.1993377
1304 0.1993257
1305 0.1993012
1306 0.1992642
1307 0.1992154
1308 0.1991543
1309 0.1990824
1310 0.1989989
1311 0.1989045
1312 0.1988
1313 0.1986858
1314 0.1985629
1315 0.1984304
1316 0.1982897
1317 0.1981403
1318 0.1979837
1319 0.1978198
1320 0.1976491
1321 0.1974723
1322 0.1972896
1323 0.1971014
1324 0.1969084
1325 0.1967104
1326 0.1965085
1327 0.196302
1328 0.1960917
1329 0.1958779
1330 0.1956607
1331 0.1954403
1332 0.195217
1333 0.1949913
1334 0.1947621
1335 0.1945309
1336 0.1942978
1337 0.194063
1338 0.1938266
1339 0.1935885
1340 0.1933488
1341 0.1931086
1342 0.1928677
1343 0.1926257
1344 0.1923842
1345 0.1921421
1346 0.1919016
1347 0.1916617
1348 0.1914229
1349 0.1911864
1350 0.1909525
1351 0.1907212
1352 0.1904932
1353 0.1902688
1354 0.1900491
1355 0.1898338
1356 0.1896244
1357 0.18942
1358 0.1892221
1359 0.1890311
1360 0.1888478
1361 0.1886719
1362 0.1885039
1363 0.1883452
1364 0.1881948
1365 0.1880538
1366 0.1879224
1367 0.1877999
1368 0.1876876
1369 0.1876762
1370 0.1876641
1371 0.1876495
1372 0.1876311
1373 0.1876131
1374 0.1875914
1375 0.1875641
1376 0.1875316
1377 0.1874928
1378 0.1874489
1379 0.1874021
1380 0.1873534
1381 0.1873038
1382 0.1872546
1383 0.1872072
1384 0.1871611
1385 0.1871217
1386 0.1870899
1387 0.1870657
1388 0.187048
1389 0.1870374
1390 0.1870331
1391 0.1870348
1392 0.1870429
1393 0.1870562
1394 0.1870752
1395 0.1870988
1396 0.1871275
1397 0.1871604
1398 0.1871975
1399 0.1872382
1400 0.187283
1401 0.1873306
1402 0.1873817
1403 0.1874355
1404 0.1874922
1405 0.1875519
1406 0.1876137
1407 0.1876782
1408 0.1877448
1409 0.1878138
1410 0.1878852
1411 0.1879712
1412 0.1880604
1413 0.1881531
1414 0.188249
1415 0.1883485
1416 0.1884521
1417 0.1885588
1418 0.1886697
1419 0.1887844
1420 0.1889043
1421 0.1890277
1422 0.1891564
1423 0.1892898
1424 0.1894276
1425 0.1895706
1426 0.1897183
1427 0.1898716
1428 0.1900298
1429 0.1901933
1430 0.1903623
1431 0.1905367
1432 0.1907163
1433 0.1909011
1434 0.1910913
1435 0.1912864
1436 0.1914869
1437 0.1915064
1438 0.1915261
1439 0.1915506
1440 0.1915817
1441 0.191613
1442 0.191652
1443 0.191702
1444 0.1917647
1445 0.1918436
1446 0.1919385
1447 0.1920474
1448 0.19217
1449 0.1923073
1450 0.1924593
1451 0.1926268
1452 0.1927961
1453 0.1929671
1454 0.1931396
1455 0.1933133
1456 0.1934875
1457 0.1936623
1458 0.1938373
1459 0.1940119
1460 0.1941854
1461 0.1943572
1462 0.1945274
1463 0.1946952
1464 0.1948609
1465 0.1950229
1466 0.1951815
1467 0.1953356
1468 0.1954855
1469 0.1956306
1470 0.1957703
1471 0.1959044
1472 0.1960327
1473 0.196155
1474 0.196271
1475 0.1963802
1476 0.1964825
1477 0.1965777
1478 0.1966657
1479 0.1967454
1480 0.1968185
1481 0.1968831
1482 0.19694
1483 0.1969891
1484 0.1970303
1485 0.1970628
1486 0.1970878
1487 0.1971042
1488 0.1971122
1489 0.1971115
1490 0.1971028
1491 0.1970853
1492 0.1970593
1493 0.1970248
1494 0.1969815
1495 0.1969294
1496 0.1968683
1497 0.1967981
1498 0.1967194
1499 0.1966311
1500 0.1965343
1501 0.1964287
1502 0.1963144
1503 0.1961913
1504 0.1960595
1505 0.1959196
1506 0.1957709
1507 0.1956151
1508 0.1954508
1509 0.1952793
1510 0.1951003
1511 0.1949145
1512 0.1947214
1513 0.1945222
1514 0.1943166
1515 0.1941054
1516 0.1938882
1517 0.1936666
1518 0.1934395
1519 0.1932082
1520 0.1929731
1521 0.1927345
1522 0.192493
1523 0.1922495
1524 0.1920034
1525 0.1917566
1526 0.1915092
1527 0.1912617
1528 0.1910148
1529 0.1907704
1530 0.1905274
1531 0.1902123
1532 0.189906
1533 0.1896097
1534 0.1893259
1535 0.1890555
1536 0.1888002
1537 0.1885617
1538 0.1883417
1539 0.1881414
1540 0.1879618
1541 0.1878053
1542 0.1876716
1543 0.1875633
1544 0.1874802
1545 0.1874245
1546 0.1873961
1547 0.1873952
1548 0.1874235
1549 0.1874801
1550 0.1875653
1551 0.1876792
1552 0.1878212
1553 0.1879905
1554 0.1881862
1555 0.1884075
1556 0.1886524
1557 0.1889204
1558 0.1892094
1559 0.1895182
1560 0.189845
1561 0.1901875
1562 0.1905448
1563 0.1909151
1564 0.1912967
1565 0.1916882
1566 0.192088
1567 0.1924948
1568 0.1929065
1569 0.1933222
1570 0.1937404
1571 0.1941596
1572 0.1945785
1573 0.194996
1574 0.1954109
1575 0.1958217
1576 0.1962276
1577 0.1966279
1578 0.1970213
1579 0.1974066
1580 0.1977832
1581 0.1981507
1582 0.1985068
1583 0.1988521
1584 0.1991851
1585 0.1995052
1586 0.1998118
1587 0.2001047
1588 0.200382
1589 0.2006446
1590 0.2008905
1591 0.2011204
1592 0.2013336
1593 0.201529
1594 0.2017072
1595 0.2018663
1596 0.2020074
1597 0.202129
1598 0.2022315
1599 0.202314
1600 0.2023778
1601 0.2024214
1602 0.2024456
1603 0.2024501
1604 0.2024356
1605 0.2024024
1606 0.2023503
1607 0.2022797
1608 0.202192
1609 0.2020859
1610 0.2019639
1611 0.201825
1612 0.2016704
1613 0.2015003
1614 0.201316
1615 0.2011171
1616 0.2009041
1617 0.200679
1618 0.2004409
1619 0.2001913
1620 0.1999302
1621 0.1996589
1622 0.1993776
1623 0.1990874
1624 0.1987883
1625 0.1984806
1626 0.198166
1627 0.1978442
1628 0.1975158
1629 0.1971823
1630 0.1968431
1631 0.1964997
1632 0.1961518
1633 0.1957993
1634 0.1954443
1635 0.1950857
1636 0.1947262
1637 0.1943636
1638 0.1939998
1639 0.193635
1640 0.1932696
1641 0.1929031
1642 0.1925368
1643 0.19217
1644 0.191804
1645 0.1914389
1646 0.1910742
1647 0.1907101
1648 0.1903478
1649 0.189987
1650 0.189628
1651 0.1892714
1652 0.1889175
1653 0.1885665
1654 0.1882194
1655 0.187876
1656 0.1875384
1657 0.1872058
1658 0.1868796
1659 0.1865604
1660 0.1862498
1661 0.1859479
1662 0.1856556
1663 0.1853747
1664 0.185105
1665 0.184848
1666 0.184605
1667 0.1843766
1668 0.1841634
1669 0.1839669
1670 0.1837876
1671 0.1836266
1672 0.1834841
1673 0.1833609
1674 0.1832583
1675 0.1831762
1676 0.1831151
1677 0.1830755
1678 0.1830572
1679 0.1830607
1680 0.1830864
1681 0.1831336
1682 0.1832027
1683 0.1832932
1684 0.1834045
1685 0.1835363
1686 0.1836886
1687 0.1838601
1688 0.1840505
1689 0.1842589
1690 0.1844836
1691 0.184725
1692 0.1849801
1693 0.1852489
1694 0.1855305
1695 0.1858222
1696 0.1861239
1697 0.1864331
1698 0.1864637
1699 0.186494
1700 0.1865318
1701 0.1865791
1702 0.1866266
1703 0.1866866
1704 0.1867618
1705 0.1868579
1706 0.186979
1707 0.1871247
1708 0.1872911
1709 0.1874789
1710 0.1876875
1711 0.1879172
1712 0.188167
1713 0.188499
1714 0.1888278
1715 0.1891533
1716 0.1894729
1717 0.1897864
1718 0.1900929
1719 0.1903907
1720 0.190679
1721 0.1909571
1722 0.1912244
1723 0.1914805
1724 0.191725
1725 0.1919568
1726 0.1921762
1727 0.1923825
1728 0.1925762
1729 0.1927576
1730 0.192925
1731 0.1930805
1732 0.1932234
1733 0.1933539
1734 0.1934728
1735 0.1935801
1736 0.1936763
1737 0.1937614
1738 0.1938363
1739 0.1939015
1740 0.1939573
1741 0.1940039
1742 0.1940422
1743 0.1940722
1744 0.1940949
1745 0.1941102
1746 0.1941186
1747 0.194121
1748 0.1941176
1749 0.1941089
1750 0.1940953
1751 0.1940774
1752 0.194056
1753 0.1940306
1754 0.1940028
1755 0.1939725
1756 0.1939398
1757 0.193906
1758 0.1938707
1759 0.1938352
1760 0.1937989
1761 0.1937634
1762 0.1937282
1763 0.1936939
1764 0.1936611
1765 0.1936301
1766 0.1936013
1767 0.193575
1768 0.1935515
1769 0.1935308
1770 0.1935136
1771 0.1935001
1772 0.1934903
1773 0.1934841
1774 0.1934822
1775 0.1934837
1776 0.1934897
1777 0.193499
1778 0.1935119
1779 0.1935294
1780 0.1935493
1781 0.1935725
1782 0.1935987
1783 0.1936278
1784 0.1936586
1785 0.1936917
1786 0.193726
1787 0.1937616
1788 0.193798
1789 0.1938351
1790 0.1938716
1791 0.1939085
1792 0.1939442
1793 0.1939796
1794 0.1940131
1795 0.194045
1796 0.1940753
1797 0.1941029
1798 0.1941289
1799 0.1941521
1800 0.1941721
1801 0.19419
1802 0.1942046
1803 0.1942161
1804 0.1942253
1805 0.1942303
1806 0.194233
1807 0.1942322
1808 0.1942285
1809 0.1942211
1810 0.1942109
1811 0.1941983
1812 0.1941824
1813 0.194164
1814 0.1941425
1815 0.1941191
1816 0.194093
1817 0.1940641
1818 0.1940334
1819 0.1940005
1820 0.1939663
1821 0.19393
1822 0.1938923
1823 0.1938527
1824 0.1938122
1825 0.1937709
1826 0.1937284
1827 0.1936853
1828 0.1936418
1829 0.1935976
1830 0.1935532
1831 0.1935093
1832 0.193465
1833 0.1934211
1834 0.1933778
1835 0.1933352
1836 0.193293
1837 0.1932517
1838 0.193211
1839 0.1931715
1840 0.1931328
1841 0.1930954
1842 0.1930586
1843 0.1930231
1844 0.1929885
1845 0.1929552
1846 0.1929228
1847 0.1928918
1848 0.1928616
1849 0.1928323
1850 0.1928044
1851 0.1927773
1852 0.1927507
1853 0.1927256
1854 0.1927009
1855 0.1926768
1856 0.1926534
1857 0.1926307
1858 0.192609
1859 0.1925869
1860 0.1925656
1861 0.1925443
1862 0.192523
1863 0.1925019
1864 0.1924802
1865 0.1924589
1866 0.1924368
1867 0.1924147
1868 0.1923921
1869 0.192369
1870 0.1923449
1871 0.1923209
1872 0.192296
1873 0.1922701
1874 0.1922439
1875 0.1922169
1876 0.1921895
1877 0.1921613
1878 0.1921327
1879 0.1921037
1880 0.1920742
1881 0.1920447
1882 0.1920149
1883 0.1919859
1884 0.1919564
1885 0.1919276
1886 0.1918995
1887 0.1918717
1888 0.1918454
1889 0.1918197
1890 0.1917957
1891 0.1917725
1892 0.1917514
1893 0.1917317
1894 0.191714
1895 0.191698
1896 0.1916843
1897 0.1916724
1898 0.1916633
1899 0.1916563
1900 0.1916518
1901 0.1916497
1902 0.1916499
1903 0.1916528
1904 0.1916581
1905 0.1916662
1906 0.1916762
1907 0.1916887
1908 0.1917037
1909 0.1917205
1910 0.1917399
1911 0.1917608
1912 0.1917835
1913 0.1918086
1914 0.1918349
1915 0.1918633
1916 0.1918927
1917 0.1919235
1918 0.1919553
1919 0.1919887
1920 0.1920232
1921 0.1920589
1922 0.1920953
1923 0.1921325
1924 0.1921704
1925 0.1922089
1926 0.1922482
1927 0.192288
1928 0.1923277
1929 0.1923684
1930 0.192409
1931 0.1924496
1932 0.19249
1933 0.1925309
1934 0.1925717
1935 0.1926124
1936 0.1926524
1937 0.1926929
1938 0.1927328
1939 0.1927727
1940 0.1928121
1941 0.1928513
1942 0.1928901
1943 0.192929
1944 0.1929671
1945 0.1930053
1946 0.1930434
1947 0.1930812
1948 0.1931189
1949 0.1931564
1950 0.1931941
1951 0.1932315
1952 0.193269
1953 0.1933067
1954 0.1933446
1955 0.1933823
1956 0.19342
1957 0.1934575
1958 0.1934957
1959 0.1935335
1960 0.1935713
1961 0.193609
1962 0.1936467
1963 0.1936844
1964 0.1937218
1965 0.1937589
1966 0.1937952
1967 0.1938317
1968 0.1938671
1969 0.193902
1970 0.1939363
1971 0.1939694
1972 0.1940015
1973 0.1940328
1974 0.1940628
1975 0.1940916
1976 0.194119
1977 0.1941448
1978 0.1941695
1979 0.1941926
1980 0.1942143
1981 0.1942344
1982 0.1942527
1983 0.1942699
1984 0.1942854
1985 0.1943
1986 0.194313
1987 0.1943247
1988 0.1943357
1989 0.1943454
1990 0.1943547
1991 0.1943626
1992 0.1943704
1993 0.1943781
1994 0.1943849
1995 0.194392
1996 0.1943991
1997 0.1944065
1998 0.1944142
1999 0.1944228
2000 0.1944321
2001 0.1944296
2002 0.1944295
2003 0.1944293
2004 0.1944294
2005 0.1944294
2006 0.1944294
2007 0.1944297
2008 0.1944301
2009 0.1944306
2010 0.1944312
2011 0.1944313
2012 0.1944309
2013 0.1944299
2014 0.1944294
2015 0.1944282
2016 0.1944279
2017 0.1944279
2018 0.1944276
2019 0.1944276
2020 0.1944271
2021 0.1944269
2022 0.1944268
2023 0.1944266
2024 0.1944263
2025 0.1944267
2026 0.1944274
2027 0.1944298
2028 0.1944338
2029 0.1944406
2030 0.194451
2031 0.1944632
2032 0.1944782
2033 0.1944956
2034 0.1945154
2035 0.1945369
2036 0.1945607
2037 0.194586
2038 0.1946129
2039 0.1946416
2040 0.1946707
2041 0.1947013
2042 0.1947332
2043 0.1947659
2044 0.1947996
2045 0.1948337
2046 0.1948692
2047 0.1949053
2048 0.1949417
2049 0.1949793
2050 0.1950171
2051 0.1950561
2052 0.1950944
2053 0.1951346
2054 0.1951745
2055 0.1952153
2056 0.195256
2057 0.1952969
2058 0.1953381
2059 0.1953796
2060 0.1954208
2061 0.1954621
2062 0.1955032
2063 0.1955444
2064 0.1955848
2065 0.1956246
2066 0.1956643
2067 0.1957029
2068 0.1957405
2069 0.1957774
2070 0.195814
2071 0.195859
2072 0.1959024
2073 0.1959427
2074 0.1959803
2075 0.1960155
2076 0.1960467
2077 0.1960748
2078 0.1960995
2079 0.1961203
2080 0.1961375
2081 0.1961504
2082 0.1961593
2083 0.1961643
2084 0.1961653
2085 0.196161
2086 0.1961533
2087 0.1961408
2088 0.1961246
2089 0.1961036
2090 0.1960785
2091 0.1960492
2092 0.1960158
2093 0.1959786
2094 0.1959376
2095 0.1958927
2096 0.1958438
2097 0.1957918
2098 0.1957363
2099 0.1956774
2100 0.1956154
2101 0.1955503
2102 0.1954825
2103 0.1954118
2104 0.1953388
2105 0.195263
2106 0.1951852
2107 0.1951055
2108 0.1950237
2109 0.1949404
2110 0.1948554
2111 0.1947685
2112 0.1946809
2113 0.1945921
2114 0.1945025
2115 0.1944122
2116 0.1943215
2117 0.19423
2118 0.1941389
2119 0.194048
2120 0.1939566
2121 0.1938658
2122 0.1937761
2123 0.1936867
2124 0.1935988
2125 0.1935115
2126 0.1934252
2127 0.1933402
2128 0.1932573
2129 0.1931752
2130 0.1930949
2131 0.1930164
2132 0.1929397
2133 0.1928648
2134 0.1927919
2135 0.1927209
2136 0.1926522
2137 0.1925849
2138 0.1925203
2139 0.1924576
2140 0.1923974
2141 0.1923909
2142 0.1923842
2143 0.1923763
2144 0.1923668
2145 0.1923573
2146 0.1923448
2147 0.1923302
2148 0.192312
2149 0.1922897
2150 0.1922636
2151 0.1922352
2152 0.1922039
2153 0.1921706
2154 0.192135
2155 0.1920978
2156 0.192062
2157 0.1920274
2158 0.191994
2159 0.1919622
2160 0.1919315
2161 0.1919024
2162 0.1918746
2163 0.1918478
2164 0.1918227
2165 0.1917991
2166 0.1917766
2167 0.1917555
2168 0.1917355
2169 0.1917167
2170 0.191699
2171 0.1916831
2172 0.1916674
2173 0.1916531
2174 0.1916395
2175 0.1916271
2176 0.191616
2177 0.1916051
2178 0.1915958
2179 0.1915868
2180 0.1915786
2181 0.1915715
2182 0.1915651
2183 0.1915591
2184 0.1915536
2185 0.191549
2186 0.191545
2187 0.1915418
2188 0.191539
2189 0.1915363
2190 0.1915343
2191 0.1915329
2192 0.1915318
2193 0.1915307
2194 0.1915302
2195 0.1915295
2196 0.1915295
2197 0.1915298
2198 0.1915298
2199 0.1915303
2200 0.1915303
2201 0.1915309
2202 0.1915314
2203 0.191532
2204 0.1915326
2205 0.1915336
2206 0.1915343
2207 0.1915353
2208 0.1915365
2209 0.1915376
2210 0.1915392
2211 0.1915406
2212 0.1915426
2213 0.191545
2214 0.1915476
2215 0.19155
2216 0.1915533
2217 0.1915569
2218 0.1915606
2219 0.1915649
2220 0.1915696
2221 0.191575
2222 0.1915807
2223 0.1915866
2224 0.1915927
2225 0.1915994
2226 0.1916064
2227 0.1916139
2228 0.1916216
2229 0.1916289
2230 0.1916372
2231 0.1916454
2232 0.1916534
2233 0.1916621
2234 0.1916705
2235 0.1916793
2236 0.1916878
2237 0.1916963
2238 0.1917046
2239 0.1917129
2240 0.1917212
2241 0.1917289
2242 0.1917365
2243 0.1917437
2244 0.1917509
2245 0.1917569
2246 0.1917634
2247 0.1917692
2248 0.1917745
2249 0.1917793
2250 0.1917841
2251 0.1917894
2252 0.1917942
2253 0.1917979
2254 0.1918012
2255 0.191804
2256 0.1918062
2257 0.191808
2258 0.1918094
2259 0.1918104
2260 0.1918116
2261 0.1918119
2262 0.1918125
2263 0.1918132
2264 0.1918133
2265 0.1918144
2266 0.1918146
2267 0.1918154
2268 0.191816
2269 0.1918168
2270 0.1918174
2271 0.1918185
2272 0.1918188
2273 0.1918191
2274 0.1918191
2275 0.1918187
2276 0.1918173
2277 0.1918153
2278 0.1918126
2279 0.191809
2280 0.1918036
2281 0.1917971
2282 0.1917888
2283 0.1917791
2284 0.1917671
2285 0.1917531
2286 0.1917371
2287 0.1917185
2288 0.191698
2289 0.1916745
2290 0.1916488
2291 0.1916209
2292 0.19159
2293 0.1915566
2294 0.1915211
2295 0.191483
2296 0.1914424
2297 0.1913998
2298 0.1913551
2299 0.1913086
2300 0.1912601
2301 0.1912104
2302 0.1911591
2303 0.1911074
2304 0.1910544
2305 0.1910006
2306 0.1909465
2307 0.190892
2308 0.1908374
2309 0.1907827
2310 0.1907278
2311 0.1906732
2312 0.1906192
2313 0.1905655
2314 0.1905119
2315 0.1904591
2316 0.1904078
2317 0.1903563
2318 0.1903059
2319 0.1902557
2320 0.1902067
2321 0.1901587
2322 0.1901118
2323 0.1900659
2324 0.1900209
2325 0.1899769
2326 0.1899341
2327 0.1898925
2328 0.1898518
2329 0.1898124
2330 0.1897738
2331 0.1897368
2332 0.189701
2333 0.1896662
2334 0.1896331
2335 0.1896011
2336 0.1895707
2337 0.1895416
2338 0.1895142
2339 0.1894885
2340 0.1894642
2341 0.1894419
2342 0.1894216
2343 0.1894026
2344 0.189386
2345 0.1893707
2346 0.1893576
2347 0.1893468
2348 0.1893373
2349 0.1893297
2350 0.1893235
2351 0.1893192
2352 0.1893167
2353 0.1893153
2354 0.1893155
2355 0.1893173
2356 0.1893197
2357 0.1893238
2358 0.1893288
2359 0.1893345
2360 0.1893408
2361 0.1893483
2362 0.1893564
2363 0.1893653
2364 0.1893744
2365 0.1893844
2366 0.1893948
2367 0.1894055
2368 0.1894168
2369 0.1894284
2370 0.1894401
2371 0.189452
2372 0.1894645
2373 0.1894766
2374 0.1894888
2375 0.189501
2376 0.1895128
2377 0.1895247
2378 0.1895361
2379 0.1895466
2380 0.1895568
2381 0.189566
2382 0.1895747
2383 0.1895824
2384 0.1895888
2385 0.189594
2386 0.1895979
2387 0.1896004
2388 0.1896019
2389 0.1896019
2390 0.1895998
2391 0.189597
2392 0.1895927
2393 0.1895921
2394 0.1895921
2395 0.1895917
2396 0.189591
2397 0.1895903
2398 0.1895895
2399 0.1895879
2400 0.1895861
2401 0.1895832
2402 0.1895801
2403 0.1895754
2404 0.1895702
2405 0.1895634
2406 0.1895562
2407 0.1895474
2408 0.1895377
2409 0.189527
2410 0.1895159
2411 0.1895039
2412 0.1894914
2413 0.1894782
2414 0.1894645
2415 0.1894506
2416 0.1894362
2417 0.1894216
2418 0.1894068
2419 0.1893915
2420 0.189376
2421 0.1893608
2422 0.1893452
2423 0.1893301
2424 0.1893149
2425 0.1893004
2426 0.189286
2427 0.1892718
2428 0.189258
2429 0.1892452
2430 0.189233
2431 0.189221
2432 0.1892104
2433 0.1892004
2434 0.1891917
2435 0.1891838
2436 0.1891771
2437 0.1891716
2438 0.1891669
2439 0.1891634
2440 0.1891614
2441 0.1891611
2442 0.1891614
2443 0.1891634
2444 0.1891669
2445 0.1891721
2446 0.1891781
2447 0.189186
2448 0.1891949
2449 0.1892058
2450 0.1892173
2451 0.1892307
2452 0.1892456
2453 0.1892613
2454 0.1892787
2455 0.189297
2456 0.1893168
2457 0.1893377
2458 0.1893592
2459 0.1893817
2460 0.1894056
2461 0.1894297
2462 0.1894549
2463 0.1894807
2464 0.1895067
2465 0.1895337
2466 0.1895608
2467 0.1895884
2468 0.1896163
2469 0.1896447
2470 0.189673
2471 0.1897015
2472 0.1897298
2473 0.1897583
2474 0.1897868
2475 0.1898153
2476 0.1898437
2477 0.1898719
2478 0.1899004
2479 0.1899284
2480 0.1899563
2481 0.1899844
2482 0.190012
2483 0.1900401
2484 0.1900682
2485 0.1900961
2486 0.190124
2487 0.1901519
2488 0.1901801
2489 0.1902085
2490 0.1902369
2491 0.190276
2492 0.1903154
2493 0.1903556
2494 0.1903967
2495 0.1904389
2496 0.1904821
2497 0.1905262
2498 0.1905714
2499 0.1906174
2500 0.1906648
2501 0.1907127
2502 0.1907617
2503 0.1908113
2504 0.1908617
2505 0.1909122
2506 0.1909634
2507 0.191015
2508 0.1910201
2509 0.1910257
2510 0.1910319
2511 0.19104
2512 0.191048
2513 0.1910575
2514 0.1910699
2515 0.1910858
2516 0.1911054
2517 0.1911287
2518 0.1911549
2519 0.1911845
2520 0.191217
2521 0.1912524
2522 0.1912901
2523 0.1913388
2524 0.1913869
2525 0.1914337
2526 0.1914795
2527 0.1915236
2528 0.1915668
2529 0.1916086
2530 0.1916488
2531 0.1916868
2532 0.1917233
2533 0.1917579
2534 0.1917905
2535 0.1918212
2536 0.1918501
2537 0.1918772
2538 0.1919023
2539 0.191926
2540 0.1919479
2541 0.1919677
2542 0.1919864
2543 0.1920039
2544 0.1920203
2545 0.1920354
2546 0.1920499
2547 0.1920636
2548 0.1920771
2549 0.1920909
2550 0.1921042
2551 0.1921175
2552 0.192132
2553 0.1921461
2554 0.1921612
2555 0.1921772
2556 0.192194
2557 0.1922112
2558 0.1922299
2559 0.1922493
2560 0.1922698
2561 0.1922909
2562 0.1923134
2563 0.1923363
2564 0.1923599
2565 0.1923845
2566 0.1924097
2567 0.1924346
2568 0.19246
2569 0.1924854
2570 0.1925102
2571 0.1925351
2572 0.1925591
2573 0.1925824
2574 0.1926048
2575 0.1926265
2576 0.1926463
2577 0.1926649
2578 0.1926816
2579 0.1926963
2580 0.1927094
2581 0.19272
2582 0.1927287
2583 0.1927345
2584 0.1927382
2585 0.192739
2586 0.192737
2587 0.1927325
2588 0.1927251
2589 0.1927154
2590 0.192703
2591 0.1926878
2592 0.1926697
2593 0.1926498
2594 0.1926272
2595 0.1926021
2596 0.192575
2597 0.1925458
2598 0.1925146
2599 0.1924816
2600 0.1924468
2601 0.1924097
2602 0.1923716
2603 0.1923321
2604 0.1922913
2605 0.1922493
2606 0.1922062
2607 0.1921625
2608 0.1921181
2609 0.1920733
2610 0.1920277
2611 0.1919817
2612 0.1919356
2613 0.1918897
2614 0.1918442
2615 0.1917989
2616 0.1917535
2617 0.1917088
2618 0.1916651
2619 0.1916219
2620 0.1915797
2621 0.1915386
2622 0.1914985
2623 0.1914598
2624 0.1914222
2625 0.1913861
2626 0.1913509
2627 0.1913473
2628 0.1913436
2629 0.1913391
2630 0.1913333
2631 0.1913278
2632 0.1913208
2633 0.1913123
2634 0.1913018
2635 0.1912886
2636 0.1912735
2637 0.191257
2638 0.1912388
2639 0.1912193
2640 0.1911987
2641 0.1911782
2642 0.1911558
2643 0.1911347
2644 0.1911146
2645 0.1910961
2646 0.191079
2647 0.1910632
2648 0.1910485
2649 0.1910352
2650 0.1910236
2651 0.1910132
2652 0.1910047
2653 0.1909975
2654 0.1909919
2655 0.1909878
2656 0.1909852
2657 0.190985
2658 0.190986
2659 0.1909887
2660 0.1909933
2661 0.1909998
2662 0.1910082
2663 0.1910178
2664 0.1910296
2665 0.1910436
2666 0.1910587
2667 0.1910763
2668 0.1910951
2669 0.1911159
2670 0.1911384
2671 0.191163
2672 0.1911889
2673 0.1912167
2674 0.191246
2675 0.1912769
2676 0.191309
2677 0.1913427
2678 0.191378
2679 0.1914146
2680 0.1914522
2681 0.1914908
2682 0.1915305
2683 0.191571
2684 0.1916131
2685 0.1916556
2686 0.1916993
2687 0.1917442
2688 0.1917902
2689 0.1918373
2690 0.1918863
2691 0.1919364
2692 0.1919885
2693 0.1920421
2694 0.1920973
2695 0.1921545
2696 0.1922144
2697 0.1922751
2698 0.192338
2699 0.192403
2700 0.1924703
2701 0.1925396
2702 0.1926108
2703 0.1926841
2704 0.1927588
2705 0.1928355
2706 0.1929133
2707 0.1929929
2708 0.1930738
2709 0.1931556
2710 0.193238
2711 0.193321
2712 0.1934042
2713 0.1934872
2714 0.1935694
2715 0.1936509
2716 0.1937309
2717 0.1938088
2718 0.193885
2719 0.1939582
2720 0.1940279
2721 0.1940943
2722 0.1941569
2723 0.1942147
2724 0.1942684
2725 0.1943169
2726 0.19436
2727 0.1943986
2728 0.1944313
2729 0.1944591
2730 0.194481
2731 0.1944975
2732 0.1945084
2733 0.1945141
2734 0.1945145
2735 0.1945098
2736 0.1945005
2737 0.1944856
2738 0.1944664
2739 0.1944417
2740 0.1944132
2741 0.1943804
2742 0.1943426
2743 0.1943012
2744 0.1942551
2745 0.1942043
2746 0.1941497
2747 0.1940912
2748 0.1940286
2749 0.1939621
2750 0.1938919
2751 0.1938183
2752 0.193741
2753 0.1936602
2754 0.1935765
2755 0.1934896
2756 0.1933997
2757 0.1933075
2758 0.1932123
2759 0.1931147
2760 0.1930147
2761 0.1928941
2762 0.1927712
2763 0.1926469
2764 0.1925211
2765 0.1923947
2766 0.1922678
2767 0.1921416
2768 0.1920153
2769 0.1918909
2770 0.1917673
2771 0.1916461
2772 0.1915268
2773 0.1914105
2774 0.1912972
2775 0.1911869
2776 0.1910801
2777 0.1909766
2778 0.1908773
2779 0.1907815
2780 0.1906901
2781 0.1906028
2782 0.1905195
2783 0.1904409
2784 0.1903666
2785 0.1902971
2786 0.1902322
2787 0.1901723
2788 0.1901171
2789 0.1900668
2790 0.1900214
2791 0.1899807
2792 0.1899449
2793 0.1899145
2794 0.1898888
2795 0.1898679
2796 0.189852
2797 0.1898411
2798 0.1898348
2799 0.1898336
2800 0.1898367
2801 0.1898446
2802 0.189857
2803 0.1898736
2804 0.1898943
2805 0.1899188
2806 0.1899473
2807 0.1899787
2808 0.1900138
2809 0.1900165
2810 0.1900198
2811 0.1900236
2812 0.1900286
2813 0.1900339
2814 0.1900404
2815 0.1900485
2816 0.1900597
2817 0.1900735
2818 0.1900912
2819 0.1901113
2820 0.1901356
2821 0.1901631
2822 0.1901949
2823 0.1902307
2824 0.1902803
2825 0.1903317
2826 0.1903839
2827 0.1904375
2828 0.190491
2829 0.1905459
2830 0.190601
2831 0.1906572
2832 0.1907138
2833 0.1907708
2834 0.1908289
2835 0.190888
2836 0.1909471
2837 0.1910078
2838 0.1910696
2839 0.1911318
2840 0.1911948
2841 0.1912585
2842 0.1913231
2843 0.1913877
2844 0.1914529
2845 0.1915177
2846 0.1915826
2847 0.1916467
2848 0.1917102
2849 0.1917729
2850 0.1918339
2851 0.1918933
2852 0.1919508
2853 0.1920064
2854 0.1920598
2855 0.1921105
2856 0.1921588
2857 0.1922044
2858 0.1922472
2859 0.1922872
2860 0.1923245
2861 0.1923592
2862 0.1923908
2863 0.1924202
2864 0.1924466
2865 0.1924492
2866 0.1924519
2867 0.1924555
2868 0.1924604
2869 0.1924647
2870 0.1924698
2871 0.1924762
2872 0.1924843
2873 0.1924932
2874 0.1925031
2875 0.1925132
2876 0.1925244
2877 0.1925351
2878 0.1925451
2879 0.1925559
2880 0.1925659
2881 0.1925749
2882 0.1925831
2883 0.192591
2884 0.1925983
2885 0.1926046
2886 0.1926114
2887 0.1926171
2888 0.1926227
2889 0.192628
2890 0.1926334
2891 0.1926387
2892 0.1926444
2893 0.1926497
2894 0.1926553
2895 0.1926614
2896 0.1926679
2897 0.1926754
2898 0.1926835
2899 0.1926924
2900 0.192702
2901 0.1927131
2902 0.192726
2903 0.1927395
2904 0.1927552
2905 0.192772
2906 0.1927908
2907 0.1928112
2908 0.1928333
2909 0.1928574
2910 0.1928832
2911 0.1929105
2912 0.1929396
2913 0.1929711
2914 0.1930041
2915 0.1930388
2916 0.193075
2917 0.193113
2918 0.1931529
2919 0.1931936
2920 0.1932363
2921 0.1932799
2922 0.1933246
2923 0.1933707
2924 0.1934176
2925 0.1934656
2926 0.1935138
2927 0.1935633
2928 0.1936127
2929 0.1936626
2930 0.1937131
2931 0.1937634
2932 0.193814
2933 0.1938646
2934 0.1939154
2935 0.193966
2936 0.1940166
2937 0.1940669
2938 0.1941175
2939 0.1941676
2940 0.1942178
2941 0.1942824
2942 0.1943465
2943 0.19441
2944 0.194473
2945 0.1945352
2946 0.1945961
2947 0.1946561
2948 0.1947148
2949 0.1947724
2950 0.1948276
2951 0.1948818
2952 0.194934
2953 0.1949836
2954 0.195031
2955 0.1950752
2956 0.1951168
2957 0.1951559
2958 0.1951905
2959 0.1952226
2960 0.1952508
2961 0.1952756
2962 0.1952966
2963 0.1953134
2964 0.1953266
2965 0.1953361
2966 0.1953414
2967 0.1953428
2968 0.1953401
2969 0.195333
2970 0.1953225
2971 0.1953066
2972 0.1952864
2973 0.1952623
2974 0.1952334
2975 0.1951996
2976 0.1951611
2977 0.195118
2978 0.1950701
2979 0.1950173
2980 0.1949591
2981 0.1948962
2982 0.1948278
2983 0.1947547
2984 0.1946757
2985 0.1945913
2986 0.1945014
2987 0.1944056
2988 0.1943041
2989 0.1941966
2990 0.1940829
2991 0.1939631
2992 0.1938371
2993 0.1937041
2994 0.1935649
2995 0.1934185
2996 0.1932653
2997 0.1931045
2998 0.1929368
2999 0.1927617
3000 0.1925797
3001 0.1923899
3002 0.1921938
3003 0.1919906
3004 0.1917804
3005 0.1915642
3006 0.1913416
3007 0.1911137
3008 0.1908799
3009 0.190641
3010 0.1903971
3011 0.1901496
3012 0.189898
3013 0.1896436
3014 0.1893861
3015 0.1891261
3016 0.1888644
3017 0.188602
3018 0.188339
3019 0.1880759
3020 0.1878142
3021 0.1875542
3022 0.1872967
3023 0.1870424
3024 0.1867926
3025 0.1865478
3026 0.1863088
3027 0.1860763
3028 0.1858514
3029 0.1856346
3030 0.1854261
3031 0.1852274
3032 0.1850386
3033 0.1848599
3034 0.1846928
3035 0.1845363
3036 0.184392
3037 0.1842597
3038 0.1841402
3039 0.1840328
3040 0.1839384
3041 0.1838564
3042 0.1837869
3043 0.18373
3044 0.183685
3045 0.1836523
3046 0.1836314
3047 0.183622
3048 0.1836244
3049 0.1836384
3050 0.1836628
3051 0.183698
3052 0.1837433
3053 0.1837994
3054 0.1838651
3055 0.1839398
3056 0.184024
3057 0.1841166
3058 0.1842177
3059 0.1843271
3060 0.1844439
3061 0.1845682
3062 0.1846991
3063 0.184837
3064 0.1849807
3065 0.1851301
3066 0.1852849
3067 0.1854449
3068 0.1856092
3069 0.1857783
3070 0.1859511
3071 0.1861277
3072 0.1863068
3073 0.1864895
3074 0.1866749
3075 0.1868614
3076 0.187051
3077 0.1872416
3078 0.1874329
3079 0.1874523
3080 0.1874713
3081 0.187495
3082 0.1875249
3083 0.1875545
3084 0.1875915
3085 0.1876383
3086 0.1876966
3087 0.1877705
3088 0.1878583
3089 0.1879575
3090 0.1880689
3091 0.1881914
3092 0.1883259
3093 0.1884713
3094 0.1886629
3095 0.1888535
3096 0.1890416
3097 0.1892266
3098 0.1894086
3099 0.1895865
3100 0.1897602
3101 0.1899288
3102 0.1900924
3103 0.1902501
3104 0.1904016
3105 0.1905468
3106 0.1906851
3107 0.1908166
3108 0.1909411
3109 0.1910582
3110 0.1911682
3111 0.1912704
3112 0.1913657
3113 0.1914526
3114 0.1915323
3115 0.191604
3116 0.1916681
3117 0.1917244
3118 0.1917727
3119 0.1918133
3120 0.191846
3121 0.1918706
3122 0.1918883
3123 0.1918977
3124 0.1919003
3125 0.1918951
3126 0.1918825
3127 0.1918631
3128 0.1918369
3129 0.1918032
3130 0.1917633
3131 0.1917166
3132 0.1916638
3133 0.1916047
3134 0.1915397
3135 0.1914694
3136 0.1913942
3137 0.1913132
3138 0.1912286
3139 0.1911398
3140 0.1910475
3141 0.1909521
3142 0.1908537
3143 0.1907533
3144 0.1906516
3145 0.1905481
3146 0.1904444
3147 0.1903407
3148 0.1902371
3149 0.1901344
3150 0.1900331
3151 0.1899334
3152 0.1898358
3153 0.1897408
3154 0.1896489
3155 0.1895608
3156 0.1894765
3157 0.1893961
3158 0.1893212
3159 0.189251
3160 0.1891863
3161 0.1891274
3162 0.1890738
3163 0.1890267
3164 0.188986
3165 0.1889521
3166 0.1889244
3167 0.1889036
3168 0.1888899
3169 0.1888837
3170 0.1888842
3171 0.1888922
3172 0.1889077
3173 0.1889301
3174 0.1889601
3175 0.1889969
3176 0.1890408
3177 0.1890914
3178 0.1891486
3179 0.1892121
3180 0.1892816
3181 0.1893573
3182 0.1894386
3183 0.1895248
3184 0.189616
3185 0.189712
3186 0.1898113
3187 0.189915
3188 0.1900221
3189 0.1901321
3190 0.1902443
3191 0.1903586
3192 0.1904748
3193 0.1905922
3194 0.1907097
3195 0.190828
3196 0.1909462
3197 0.1910637
3198 0.1911801
3199 0.1912954
3200 0.1914092
3201 0.1915206
3202 0.1916305
3203 0.1916418
3204 0.1916527
3205 0.1916664
3206 0.1916838
3207 0.191701
3208 0.1917224
3209 0.1917492
3210 0.1917821
3211 0.1918232
3212 0.191871
3213 0.1919245
3214 0.1919831
3215 0.1920468
3216 0.1921146
3217 0.1921871
3218 0.1922775
3219 0.1923651
3220 0.19245
3221 0.192532
3222 0.1926107
3223 0.1926866
3224 0.1927602
3225 0.19283
3226 0.1928969
3227 0.1929603
3228 0.1930212
3229 0.1930788
3230 0.1931337
3231 0.1931854
3232 0.1932343
3233 0.1932801
3234 0.1933231
3235 0.1933631
3236 0.1934
3237 0.193434
3238 0.1934647
3239 0.1934926
3240 0.1935172
3241 0.193539
3242 0.1935576
3243 0.1935738
3244 0.1935861
3245 0.1935959
3246 0.1936029
3247 0.1936063
3248 0.1936073
3249 0.1936055
3250 0.1936005
3251 0.1935932
3252 0.1935828
3253 0.1935697
3254 0.1935545
3255 0.1935363
3256 0.1935158
3257 0.193493
3258 0.1934678
3259 0.1934405
3260 0.1934109
3261 0.1933793
3262 0.1933455
3263 0.19331
3264 0.1932729
3265 0.1932335
3266 0.1931931
3267 0.1931514
3268 0.1931082
3269 0.1930634
3270 0.1930175
3271 0.1929687
3272 0.1929189
3273 0.1928678
3274 0.192816
3275 0.1927635
3276 0.1927096
3277 0.1926553
3278 0.1926007
3279 0.1925453
3280 0.1924894
3281 0.1924332
3282 0.192377
3283 0.1923211
3284 0.192265
3285 0.1922093
3286 0.192154
3287 0.1920991
3288 0.1920446
3289 0.1919912
3290 0.1919387
3291 0.1918866
3292 0.1918817
3293 0.1918767
3294 0.1918705
3295 0.1918622
3296 0.1918542
3297 0.1918441
3298 0.1918315
3299 0.1918157
3300 0.1917961
3301 0.1917732
3302 0.1917475
3303 0.1917198
3304 0.1916893
3305 0.1916567
3306 0.1916225
3307 0.1915828
3308 0.1915442
3309 0.1915076
3310 0.1914726
3311 0.1914391
3312 0.191407
3313 0.1913763
3314 0.1913472
3315 0.1913197
3316 0.1912934
3317 0.1912689
3318 0.1912455
3319 0.1912232
3320 0.1912026
3321 0.1911837
3322 0.191166
3323 0.1911498
3324 0.1911353
3325 0.1911222
3326 0.1911105
3327 0.1911005
3328 0.1910926
3329 0.1910861
3330 0.1910816
3331 0.1910788
3332 0.1910783
3333 0.1910801
3334 0.1910841
3335 0.1910905
3336 0.191099
3337 0.1911103
3338 0.1911235
3339 0.1911394
3340 0.1911574
3341 0.1911781
3342 0.1912003
3343 0.1912249
3344 0.1912513
3345 0.1912799
3346 0.1913102
3347 0.1913418
3348 0.1913753
3349 0.1914092
3350 0.191445
3351 0.1914812
3352 0.1915179
3353 0.1915561
3354 0.191594
3355 0.191632
3356 0.19167
3357 0.1917073
3358 0.1917446
3359 0.1917814
3360 0.191817
3361 0.1918523
3362 0.1918863
3363 0.1919195
3364 0.1919512
3365 0.191982
3366 0.1920123
3367 0.1920408
3368 0.1920678
3369 0.1920943
3370 0.1921197
3371 0.1921437
3372 0.1921665
3373 0.1921881
3374 0.1922087
3375 0.1922282
3376 0.1922466
3377 0.1922639
3378 0.1922805
3379 0.1922958
3380 0.1923105
3381 0.1923243
3382 0.1923366
3383 0.1923482
3384 0.1923598
3385 0.1923695
3386 0.1923789
3387 0.1923877
3388 0.1923955
3389 0.1924029
3390 0.1924094
3391 0.1924162
3392 0.1924223
3393 0.1924279
3394 0.1924326
3395 0.1924371
3396 0.1924411
3397 0.1924445
3398 0.1924474
3399 0.192449
3400 0.1924499
3401 0.1924493
3402 0.1924482
3403 0.1924459
3404 0.1924421
3405 0.1924367
3406 0.1924301
3407 0.1924213
3408 0.1924103
3409 0.192398
3410 0.1923833
3411 0.1923663
3412 0.1923465
3413 0.1923247
3414 0.1922998
3415 0.1922978
3416 0.1922958
3417 0.1922929
3418 0.1922893
3419 0.1922857
3420 0.1922808
3421 0.1922748
3422 0.1922671
3423 0.1922565
3424 0.1922433
3425 0.1922275
3426 0.1922091
3427 0.1921871
3428 0.1921615
3429 0.1921317
3430 0.1920886
3431 0.1920435
3432 0.1919948
3433 0.1919433
3434 0.1918897
3435 0.1918332
3436 0.1917739
3437 0.1917123
3438 0.191648
3439 0.1915811
3440 0.1915124
3441 0.1914412
3442 0.1913673
3443 0.1912919
3444 0.1912138
3445 0.1911332
3446 0.1910512
3447 0.1909665
3448 0.1908796
3449 0.1907906
3450 0.1906991
3451 0.1906052
3452 0.1905082
3453 0.1904094
3454 0.1903075
3455 0.1902023
3456 0.1900944
3457 0.189984
3458 0.1898702
3459 0.1897539
3460 0.189635
3461 0.1895131
3462 0.1893884
3463 0.1892614
3464 0.1891319
3465 0.189
3466 0.1888662
3467 0.1887303
3468 0.1885923
3469 0.1884533
3470 0.1883126
3471 0.1881709
3472 0.1880282
3473 0.187885
3474 0.1877419
3475 0.1875985
3476 0.1874559
3477 0.1873139
3478 0.1871727
3479 0.187033
3480 0.1868948
3481 0.1867589
3482 0.186625
3483 0.186494
3484 0.1863661
3485 0.1862415
3486 0.1861211
3487 0.1860042
3488 0.1858925
3489 0.1857857
3490 0.1856843
3491 0.1855888
3492 0.1854997
3493 0.1854172
3494 0.1853421
3495 0.1852743
3496 0.1852147
3497 0.1851631
3498 0.1851205
3499 0.1850867
3500 0.185062
3501 0.1850473
3502 0.1850424
3503 0.1850466
3504 0.1850618
3505 0.1850866
3506 0.1851217
3507 0.1851672
3508 0.1852227
3509 0.1852878
3510 0.1853631
3511 0.1854478
3512 0.1855419
3513 0.1856451
3514 0.185757
3515 0.1858777
3516 0.1860059
3517 0.1861421
3518 0.1862853
3519 0.1864358
3520 0.1865924
3521 0.1867553
3522 0.1869237
3523 0.1870972
3524 0.1872757
3525 0.1874585
3526 0.1876453
3527 0.1878359
3528 0.1880293
3529 0.1882265
3530 0.1884261
3531 0.1886278
3532 0.1888316
3533 0.1890371
3534 0.189244
3535 0.1894512
3536 0.1896597
3537 0.1898677
3538 0.1900765
3539 0.190284
3540 0.1904916
3541 0.1906973
3542 0.1909028
3543 0.1911066
3544 0.1913091
3545 0.1915103
3546 0.1917099
3547 0.1919078
3548 0.1921043
3549 0.1922997
3550 0.1924929
3551 0.1926854
3552 0.1928762
3553 0.1930656
3554 0.1932536
3555 0.1934404
3556 0.1936252
3557 0.1938078
3558 0.1939889
3559 0.1941676
3560 0.1943431
3561 0.194516
3562 0.1946856
3563 0.1948515
3564 0.1950131
3565 0.1951704
3566 0.195323
3567 0.1954703
3568 0.1956115
3569 0.1957474
3570 0.1958769
3571 0.1960001
3572 0.1961165
3573 0.1962263
3574 0.1963292
3575 0.1964245
3576 0.1965126
3577 0.1965934
3578 0.1966663
3579 0.1967316
3580 0.1967884
3581 0.1968373
3582 0.1968782
3583 0.1969109
3584 0.1969354
3585 0.196951
3586 0.1969589
3587 0.1969583
3588 0.1969494
3589 0.1969322
3590 0.1969077
3591 0.196876
3592 0.1968372
3593 0.196792
3594 0.1967406
3595 0.1966836
3596 0.1966219
3597 0.1965561
3598 0.1964865
3599 0.196414
3600 0.1963387
3601 0.1962613
3602 0.1961833
3603 0.1961042
3604 0.1960251
3605 0.1959466
3606 0.1958688
3607 0.195792
3608 0.1957173
3609 0.1956444
3610 0.1955746
3611 0.1955072
3612 0.195443
3613 0.1953818
3614 0.1953246
3615 0.1952706
3616 0.1952199
3617 0.1951731
3618 0.1951302
3619 0.1950908
3620 0.1950552
3621 0.1950231
3622 0.1949944
3623 0.1949694
3624 0.1949473
3625 0.1949288
3626 0.1949131
3627 0.1949001
3628 0.19489
3629 0.1948819
3630 0.1948767
3631 0.194873
3632 0.1948717
3633 0.1948715
3634 0.1948729
3635 0.1948752
3636 0.1948782
3637 0.1948825
3638 0.1948866
3639 0.1948911
3640 0.1948953
3641 0.1948995
3642 0.1949031
3643 0.1949059
3644 0.194908
3645 0.194909
3646 0.194909
3647 0.1949081
3648 0.1949062
3649 0.1949026
3650 0.1948977
3651 0.1948909
3652 0.1948825
3653 0.1948721
3654 0.19486
3655 0.1948456
3656 0.1948291
3657 0.1948104
3658 0.1947894
3659 0.1947663
3660 0.1947404
3661 0.194712
3662 0.1946811
3663 0.1946475
3664 0.1946111
3665 0.1945713
3666 0.1945287
3667 0.1944828
3668 0.194433
3669 0.1943802
3670 0.1943235
3671 0.1942634
3672 0.1941993
3673 0.1941314
3674 0.1940602
3675 0.1939846
3676 0.1939055
3677 0.1938227
3678 0.1937361
3679 0.1936454
3680 0.1935511
3681 0.1934528
3682 0.1933512
3683 0.1932454
3684 0.1931359
3685 0.1930229
3686 0.192906
3687 0.1927855
3688 0.1926614
3689 0.1925336
3690 0.1924027
3691 0.1922685
3692 0.1921303
3693 0.1919897
3694 0.1918458
3695 0.1916994
3696 0.1915504
3697 0.1913989
3698 0.1912456
3699 0.1912304
3700 0.1912151
3701 0.191196
3702 0.191172
3703 0.1911484
3704 0.1911183
3705 0.191081
3706 0.1910338
3707 0.190975
3708 0.1909042
3709 0.1908239
3710 0.1907334
3711 0.1906331
3712 0.1905225
3713 0.1904023
3714 0.1902819
3715 0.1901616
3716 0.1900417
3717 0.1899224
3718 0.1898042
3719 0.1896868
3720 0.1895703
3721 0.1894183
3722 0.1892689
3723 0.1891233
3724 0.1889801
3725 0.1888405
3726 0.1887046
3727 0.1885724
3728 0.1884435
3729 0.1883188
3730 0.1881983
3731 0.1880811
3732 0.187968
3733 0.1878589
3734 0.1877545
3735 0.1876538
3736 0.1875573
3737 0.187465
3738 0.1873768
3739 0.1872932
3740 0.1872137
3741 0.1871379
3742 0.1870671
3743 0.1870006
3744 0.1869387
3745 0.186881
3746 0.1868278
3747 0.1867796
3748 0.1867355
3749 0.1866964
3750 0.1866618
3751 0.1866321
3752 0.1866075
3753 0.1865875
3754 0.1865718
3755 0.1865616
3756 0.1865553
3757 0.1865545
3758 0.1865579
3759 0.186566
3760 0.1865785
3761 0.1865949
3762 0.1866163
3763 0.1866409
3764 0.1866698
3765 0.1867018
3766 0.1867376
3767 0.1867409
3768 0.1867438
3769 0.1867477
3770 0.1867528
3771 0.1867582
3772 0.1867647
3773 0.1867735
3774 0.1867847
3775 0.1867997
3776 0.186818
3777 0.1868396
3778 0.1868652
3779 0.1868945
3780 0.1869277
3781 0.1869649
3782 0.1870043
3783 0.1870441
3784 0.1870848
3785 0.1871269
3786 0.1871696
3787 0.1872129
3788 0.1872572
3789 0.1873017
3790 0.1873467
3791 0.187392
3792 0.1874377
3793 0.1874835
3794 0.1875296
3795 0.1875761
3796 0.1876225
3797 0.1876687
3798 0.1877152
3799 0.1877198
3800 0.1877246
3801 0.1877303
3802 0.1877377
3803 0.1877465
3804 0.1877579
3805 0.1877722
3806 0.18779
3807 0.1878121
3808 0.1878396
3809 0.1878715
3810 0.1879061
3811 0.1879516
3812 0.1879975
3813 0.1880431
3814 0.188089
3815 0.1881346
3816 0.1881794
3817 0.1882251
3818 0.1882699
3819 0.1883149
3820 0.1883593
3821 0.1884037
3822 0.188448
3823 0.1884916
3824 0.1885351
3825 0.1885787
3826 0.1886214
3827 0.1886645
3828 0.1887068
3829 0.1887492
3830 0.1887912
3831 0.1888328
3832 0.188874
3833 0.1889154
3834 0.1889559
3835 0.1889967
3836 0.1890365
3837 0.1890768
3838 0.1891162
3839 0.1891554
3840 0.1891947
3841 0.1892469
3842 0.1892987
3843 0.1893494
3844 0.1894
3845 0.1894498
3846 0.1894988
3847 0.1895476
3848 0.1895954
3849 0.1896427
3850 0.1896896
3851 0.1897355
3852 0.1897809
3853 0.1898257
3854 0.1898701
3855 0.1899141
3856 0.1899575
3857 0.1900003
3858 0.190043
3859 0.190085
3860 0.190127
3861 0.1901683
3862 0.1902095
3863 0.1902505
3864 0.190291
3865 0.1903313
3866 0.1903711
3867 0.1904109
3868 0.1904504
3869 0.1904897
3870 0.1905288
3871 0.1905678
3872 0.1906059
3873 0.1906444
3874 0.1906819
3875 0.1907194
3876 0.1907564
3877 0.1907933
3878 0.1908294
3879 0.1908653
3880 0.1909009
3881 0.1909361
3882 0.1909709
3883 0.1910054
3884 0.1910394
3885 0.1910733
3886 0.1911067
3887 0.1911394
3888 0.191172
3889 0.1912042
3890 0.1912362
3891 0.1912674
3892 0.1912987
3893 0.1913294
3894 0.1913604
3895 0.191391
3896 0.191421
3897 0.1914516
3898 0.1914818
3899 0.1915122
3900 0.1915425
3901 0.1915733
3902 0.1916035
3903 0.191634
3904 0.1916643
3905 0.1916944
3906 0.1917243
3907 0.1917541
3908 0.1917834
3909 0.1918126
3910 0.1918403
3911 0.1918674
3912 0.1918938
3913 0.1919187
3914 0.1919421
3915 0.1919642
3916 0.191985
3917 0.1920035
3918 0.1920197
3919 0.1920349
3920 0.1920474
3921 0.1920577
3922 0.1920656
3923 0.1920716
3924 0.1920748
3925 0.1920759
3926 0.1920751
3927 0.1920715
3928 0.1920659
3929 0.192058
3930 0.1920481
3931 0.1920357
3932 0.1920218
3933 0.1920057
3934 0.1919877
3935 0.191968
3936 0.1919467
3937 0.1919239
3938 0.1918994
3939 0.1918731
3940 0.191846
3941 0.1918171
3942 0.1917872
3943 0.1917555
3944 0.1917227
3945 0.1916887
3946 0.1916538
3947 0.1916177
3948 0.1915805
3949 0.1915424
3950 0.1915032
3951 0.1914631
3952 0.1914225
3953 0.1913814
3954 0.1913398
3955 0.1912973
3956 0.1912546
3957 0.1912116
3958 0.1911689
3959 0.1911261
3960 0.191083
3961 0.1910409
3962 0.1909986
3963 0.190957
3964 0.1909163
3965 0.1908767
3966 0.1908375
3967 0.1907995
3968 0.1907627
3969 0.1907273
3970 0.1906929
3971 0.1906602
3972 0.1906293
3973 0.1905998
3974 0.1905717
3975 0.1905455
3976 0.1905211
3977 0.1904985
3978 0.1904779
3979 0.1904589
3980 0.1904421
3981 0.1904271
3982 0.1904142
3983 0.1904032
3984 0.1903946
3985 0.1903871
3986 0.1903812
3987 0.1903764
3988 0.1903732
3989 0.1903705
3990 0.1903693
3991 0.1903687
3992 0.1903695
3993 0.190371
3994 0.1903741
3995 0.1903789
3996 0.1903858
3997 0.1903935
3998 0.1904042
3999 0.1904166
4000 0.1904312
