"cm-rfile"
"Iteration" "cm"
("Iteration" "cm")
1 -0.01281928
2 -0.01439545
3 -0.01536625
4 -0.01595084
5 -0.01626257
6 -0.01639192
7 -0.01640644
8 -0.01633637
9 -0.01620613
10 -0.01602715
11 -0.01581436
12 -0.01557772
13 -0.01532392
14 -0.0150601
15 -0.01478423
16 -0.01450099
17 -0.01421044
18 -0.01391486
19 -0.01361512
20 -0.01331367
21 -0.01301559
22 -0.01272117
23 -0.01243493
24 -0.01215666
25 -0.01188857
26 -0.01163163
27 -0.01138709
28 -0.01115579
29 -0.01093736
30 -0.01073073
31 -0.01053728
32 -0.01035341
33 -0.0101798
34 -0.01001639
35 -0.00986412
36 -0.009721587
37 -0.009589589
38 -0.009468006
39 -0.009354504
40 -0.009248775
41 -0.009152217
42 -0.009062244
43 -0.008978867
44 -0.008898315
45 -0.008823869
46 -0.008752902
47 -0.008685273
48 -0.008621054
49 -0.008559609
50 -0.008499767
51 -0.008442082
52 -0.008386221
53 -0.008332115
54 -0.008279021
55 -0.008227047
56 -0.008175883
57 -0.008125746
58 -0.00807635
59 -0.008027665
60 -0.007979741
61 -0.007931792
62 -0.00788451
63 -0.007837316
64 -0.007790687
65 -0.007744738
66 -0.007698808
67 -0.007653242
68 -0.007608174
69 -0.007562935
70 -0.007517766
71 -0.007473138
72 -0.00742822
73 -0.007383479
74 -0.007338844
75 -0.007294297
76 -0.00724999
77 -0.007205802
78 -0.007161758
79 -0.007117878
80 -0.0070743
81 -0.007030521
82 -0.006987609
83 -0.006944245
84 -0.006901051
85 -0.006858114
86 -0.006815196
87 -0.006773185
88 -0.006731179
89 -0.006689305
90 -0.006648111
91 -0.006606954
92 -0.006565948
93 -0.006525527
94 -0.006485786
95 -0.006446396
96 -0.006407246
97 -0.006368819
98 -0.0063308
99 -0.006292964
100 -0.006256021
101 -0.006218965
102 -0.006182582
103 -0.006146274
104 -0.006110596
105 -0.00607542
106 -0.006040012
107 -0.006005641
108 -0.005971396
109 -0.005937573
110 -0.005904359
111 -0.005871599
112 -0.00583924
113 -0.005807587
114 -0.005776071
115 -0.005745153
116 -0.00571467
117 -0.00568455
118 -0.005655029
119 -0.005625696
120 -0.005597143
121 -0.005568816
122 -0.005541075
123 -0.005513534
124 -0.005486264
125 -0.005459497
126 -0.005432912
127 -0.00540695
128 -0.005380925
129 -0.005355052
130 -0.005329662
131 -0.005304417
132 -0.005279298
133 -0.005254588
134 -0.005229695
135 -0.005205538
136 -0.005180972
137 -0.005156777
138 -0.005132709
139 -0.005108558
140 -0.00508486
141 -0.005060854
142 -0.0050371
143 -0.005013119
144 -0.004989698
145 -0.004965887
146 -0.004942415
147 -0.004918692
148 -0.00489529
149 -0.004871674
150 -0.004848165
151 -0.004824876
152 -0.00480165
153 -0.004777996
154 -0.004754864
155 -0.004731833
156 -0.004708255
157 -0.004685236
158 -0.004661778
159 -0.004638878
160 -0.004615746
161 -0.004592609
162 -0.004569527
163 -0.004546741
164 -0.004523421
165 -0.004500899
166 -0.004478075
167 -0.004455465
168 -0.004432705
169 -0.004410372
170 -0.004387706
171 -0.004365416
172 -0.00434331
173 -0.004321234
174 -0.004299606
175 -0.00427809
176 -0.004256562
177 -0.004235827
178 -0.004214758
179 -0.004194356
180 -0.004174054
181 -0.004154312
182 -0.004134665
183 -0.004115721
184 -0.004097011
185 -0.00407903
186 -0.00406093
187 -0.004043647
188 -0.004026874
189 -0.004010716
190 -0.003995358
191 -0.003980044
192 -0.003965962
193 -0.003951906
194 -0.00393878
195 -0.003926799
196 -0.003915208
197 -0.003904208
198 -0.003894561
199 -0.003885649
200 -0.003877599
201 -0.003870246
202 -0.003863794
203 -0.003858932
204 -0.003854794
205 -0.003851586
206 -0.003849328
207 -0.003848115
208 -0.003848555
209 -0.003849825
210 -0.00385219
211 -0.003856291
212 -0.003861429
213 -0.003867806
214 -0.003875819
215 -0.003885077
216 -0.003895221
217 -0.003907749
218 -0.003921611
219 -0.003936799
220 -0.003953591
221 -0.003971937
222 -0.003991874
223 -0.004013427
224 -0.004036804
225 -0.004061936
226 -0.004088804
227 -0.004117111
228 -0.004147444
229 -0.004179935
230 -0.004213827
231 -0.004249588
232 -0.004287222
233 -0.004326568
234 -0.004368127
235 -0.004411403
236 -0.004456629
237 -0.004504157
238 -0.004553081
239 -0.004604199
240 -0.004657412
241 -0.004712462
242 -0.004769285
243 -0.004828505
244 -0.004889328
245 -0.004952069
246 -0.005016672
247 -0.005083181
248 -0.005151476
249 -0.005221449
250 -0.005293222
251 -0.005366731
252 -0.00544212
253 -0.005519075
254 -0.005597394
255 -0.005677425
256 -0.005758531
257 -0.005841373
258 -0.00592505
259 -0.006010037
260 -0.006096319
261 -0.006183469
262 -0.006271663
263 -0.006360674
264 -0.006450012
265 -0.006540351
266 -0.006631186
267 -0.006722204
268 -0.006813562
269 -0.006905321
270 -0.006997176
271 -0.007088797
272 -0.007180129
273 -0.007271656
274 -0.007362158
275 -0.007452409
276 -0.007542194
277 -0.007631073
278 -0.007719185
279 -0.007805945
280 -0.007892064
281 -0.007976842
282 -0.008060137
283 -0.008142243
284 -0.00822277
285 -0.008301473
286 -0.008378768
287 -0.008454082
288 -0.00852759
289 -0.008599004
290 -0.008668267
291 -0.008735587
292 -0.008800612
293 -0.008863335
294 -0.008923943
295 -0.008981999
296 -0.009037715
297 -0.009090702
298 -0.009141237
299 -0.009189035
300 -0.009234543
301 -0.009277064
302 -0.009317216
303 -0.009354303
304 -0.009388736
305 -0.009420245
306 -0.009449232
307 -0.009475559
308 -0.009498999
309 -0.009519691
310 -0.009537275
311 -0.00955237
312 -0.009564816
313 -0.009574671
314 -0.009581413
315 -0.009585678
316 -0.009587218
317 -0.009586275
318 -0.009582797
319 -0.009576552
320 -0.009568042
321 -0.00955664
322 -0.009543357
323 -0.009527458
324 -0.009509376
325 -0.00948893
326 -0.00946605
327 -0.009441276
328 -0.009414566
329 -0.00938573
330 -0.009354422
331 -0.009321643
332 -0.009286951
333 -0.009250455
334 -0.009212499
335 -0.009172386
336 -0.009130959
337 -0.009087778
338 -0.009043477
339 -0.008997766
340 -0.00895044
341 -0.008902114
342 -0.008852435
343 -0.008801612
344 -0.008750059
345 -0.00869711
346 -0.008643387
347 -0.008589105
348 -0.008533564
349 -0.008477395
350 -0.008421151
351 -0.008363542
352 -0.008305562
353 -0.00824755
354 -0.008188701
355 -0.008129664
356 -0.008070231
357 -0.008010766
358 -0.007951057
359 -0.007891246
360 -0.007831347
361 -0.007750367
362 -0.007669419
363 -0.007588753
364 -0.007508748
365 -0.00742905
366 -0.007350133
367 -0.007272115
368 -0.007195204
369 -0.007119035
370 -0.00704398
371 -0.006969792
372 -0.006897158
373 -0.006825687
374 -0.006755946
375 -0.006686997
376 -0.006620055
377 -0.006554288
378 -0.006489955
379 -0.006427503
380 -0.006366605
381 -0.006307222
382 -0.006249462
383 -0.006193437
384 -0.006139224
385 -0.006086325
386 -0.00603503
387 -0.005985855
388 -0.005937987
389 -0.005892045
390 -0.005847561
391 -0.005785656
392 -0.005727135
393 -0.005672915
394 -0.005621356
395 -0.005572822
396 -0.005528125
397 -0.005486044
398 -0.005447006
399 -0.005410259
400 -0.00537585
401 -0.00534458
402 -0.005314951
403 -0.005287958
404 -0.00526255
405 -0.005239613
406 -0.005217928
407 -0.005198771
408 -0.00518062
409 -0.005164306
410 -0.005149532
411 -0.005135947
412 -0.005123992
413 -0.005112935
414 -0.005103237
415 -0.005094477
416 -0.005086621
417 -0.00507986
418 -0.005073891
419 -0.005069395
420 -0.005065275
421 -0.005060747
422 -0.005057886
423 -0.00505676
424 -0.005056596
425 -0.005057886
426 -0.005060168
427 -0.0050633
428 -0.005067219
429 -0.00507237
430 -0.005077608
431 -0.005083866
432 -0.005090124
433 -0.005097162
434 -0.005104665
435 -0.005112199
436 -0.005120067
437 -0.005128099
438 -0.00513613
439 -0.005144633
440 -0.005152972
441 -0.005161438
442 -0.005169419
443 -0.005178136
444 -0.005186167
445 -0.005194853
446 -0.005202632
447 -0.005210783
448 -0.005218796
449 -0.005226846
450 -0.00523477
451 -0.005245273
452 -0.005255632
453 -0.005266361
454 -0.005277191
455 -0.005287964
456 -0.005298669
457 -0.005309983
458 -0.005321895
459 -0.005333624
460 -0.005346008
461 -0.005359121
462 -0.005372561
463 -0.005386749
464 -0.005401258
465 -0.005416774
466 -0.005432566
467 -0.005449082
468 -0.005465824
469 -0.005483082
470 -0.005501207
471 -0.005519773
472 -0.005538565
473 -0.005558162
474 -0.005577816
475 -0.005598288
476 -0.005619124
477 -0.005640796
478 -0.00566306
479 -0.0056855
480 -0.005708619
481 -0.005744713
482 -0.005782228
483 -0.005822115
484 -0.005864548
485 -0.00590968
486 -0.005958264
487 -0.006010207
488 -0.006066099
489 -0.006126394
490 -0.006190827
491 -0.006259506
492 -0.006333467
493 -0.006411774
494 -0.006495087
495 -0.006583564
496 -0.006676865
497 -0.006775222
498 -0.006878429
499 -0.006986842
500 -0.007099212
501 -0.007216191
502 -0.007337354
503 -0.007462648
504 -0.007591501
505 -0.007723846
506 -0.007859353
507 -0.007997434
508 -0.00813801
509 -0.008280952
510 -0.008425793
511 -0.008620985
512 -0.008818178
513 -0.009016502
514 -0.009215814
515 -0.009415207
516 -0.009435352
517 -0.009455414
518 -0.009480534
519 -0.009511873
520 -0.009550615
521 -0.009599627
522 -0.009660752
523 -0.009721914
524 -0.009791977
525 -0.009870498
526 -0.009958572
527 -0.01005507
528 -0.01015958
529 -0.01027298
530 -0.01039459
531 -0.01052409
532 -0.01066188
533 -0.01080729
534 -0.01095169
535 -0.01109514
536 -0.01123763
537 -0.01137814
538 -0.01151779
539 -0.01165557
540 -0.01179184
541 -0.01192567
542 -0.01205752
543 -0.01218657
544 -0.01231308
545 -0.01243643
546 -0.01255649
547 -0.01267309
548 -0.01278598
549 -0.01289458
550 -0.01299944
551 -0.01309921
552 -0.01319462
553 -0.01328467
554 -0.01336972
555 -0.01344953
556 -0.01352353
557 -0.01359141
558 -0.01365348
559 -0.01370916
560 -0.01375882
561 -0.01380186
562 -0.01383813
563 -0.01386782
564 -0.01389077
565 -0.01390639
566 -0.01391577
567 -0.01391778
568 -0.01391321
569 -0.01390192
570 -0.01388374
571 -0.01385051
572 -0.01380777
573 -0.01375653
574 -0.01369644
575 -0.01362826
576 -0.01355239
577 -0.01346958
578 -0.01337989
579 -0.01328451
580 -0.01318333
581 -0.01307729
582 -0.01296654
583 -0.01285232
584 -0.01273431
585 -0.01261366
586 -0.01249075
587 -0.01236581
588 -0.01223951
589 -0.0121126
590 -0.01198534
591 -0.01185774
592 -0.01173113
593 -0.0116051
594 -0.01148049
595 -0.01135743
596 -0.01123647
597 -0.01111759
598 -0.01100145
599 -0.01088826
600 -0.01077825
601 -0.01066179
602 -0.01054896
603 -0.01044108
604 -0.01033735
605 -0.01023808
606 -0.01014245
607 -0.01005123
608 -0.009963892
609 -0.009880026
610 -0.009799681
611 -0.009722072
612 -0.009648086
613 -0.009576205
614 -0.009507282
615 -0.009440547
616 -0.009375146
617 -0.009311567
618 -0.009249373
619 -0.009243021
620 -0.009236738
621 -0.009228732
622 -0.009218751
623 -0.009208682
624 -0.009196387
625 -0.009181035
626 -0.009162217
627 -0.009138494
628 -0.009110457
629 -0.009079092
630 -0.009043835
631 -0.009005018
632 -0.008962396
633 -0.008916566
634 -0.00885641
635 -0.008796454
636 -0.008735996
637 -0.00867594
638 -0.008615998
639 -0.008555609
640 -0.008494942
641 -0.008433415
642 -0.00837107
643 -0.008307932
644 -0.008243511
645 -0.008177324
646 -0.008110193
647 -0.008041118
648 -0.007970503
649 -0.007898214
650 -0.007824562
651 -0.007749116
652 -0.007672154
653 -0.007593501
654 -0.007513257
655 -0.007431554
656 -0.007348033
657 -0.007263109
658 -0.007177161
659 -0.007089702
660 -0.007001735
661 -0.006913265
662 -0.006823957
663 -0.006735028
664 -0.006646236
665 -0.00655832
666 -0.006471226
667 -0.006385397
668 -0.006300687
669 -0.006217934
670 -0.006136501
671 -0.006057451
672 -0.005980484
673 -0.005905982
674 -0.005833894
675 -0.005764933
676 -0.005698965
677 -0.00563701
678 -0.005578898
679 -0.005525339
680 -0.005477232
681 -0.00543434
682 -0.005396554
683 -0.00536546
684 -0.005340328
685 -0.005321838
686 -0.005310247
687 -0.005308675
688 -0.005307361
689 -0.005305316
690 -0.005303059
691 -0.005300769
692 -0.005298046
693 -0.005295077
694 -0.005291857
695 -0.005289373
696 -0.005288109
697 -0.005288713
698 -0.00529197
699 -0.00529865
700 -0.005309574
701 -0.005325995
702 -0.005346737
703 -0.005371561
704 -0.005400504
705 -0.005433453
706 -0.005470742
707 -0.005511754
708 -0.005556936
709 -0.005605885
710 -0.005658897
711 -0.005715248
712 -0.005775537
713 -0.005839568
714 -0.00590629
715 -0.00597671
716 -0.0060502
717 -0.00612635
718 -0.006205525
719 -0.006286643
720 -0.006370196
721 -0.006484276
722 -0.006495308
723 -0.006506326
724 -0.006520207
725 -0.006537823
726 -0.006559389
727 -0.006586847
728 -0.006621891
729 -0.006666004
730 -0.006722072
731 -0.006793146
732 -0.006875875
733 -0.006958742
734 -0.007042659
735 -0.007127469
736 -0.007212682
737 -0.007297562
738 -0.00738246
739 -0.007466276
740 -0.007548961
741 -0.007629658
742 -0.007707909
743 -0.007783776
744 -0.007857158
745 -0.00792734
746 -0.0079941
747 -0.00805708
748 -0.008115784
749 -0.008170544
750 -0.008220871
751 -0.008266908
752 -0.008307895
753 -0.008343957
754 -0.008375303
755 -0.008400554
756 -0.008419994
757 -0.008434503
758 -0.008442805
759 -0.008444314
760 -0.008440233
761 -0.008429245
762 -0.008412051
763 -0.008388649
764 -0.008358428
765 -0.008321976
766 -0.008278279
767 -0.008228701
768 -0.008172349
769 -0.008109274
770 -0.008039602
771 -0.007963798
772 -0.007881887
773 -0.007794128
774 -0.0077005
775 -0.007601784
776 -0.007497628
777 -0.007388649
778 -0.007275619
779 -0.007158022
780 -0.007036609
781 -0.006912233
782 -0.006784574
783 -0.006654192
784 -0.006521351
785 -0.006386214
786 -0.006249493
787 -0.006110872
788 -0.005971566
789 -0.005831536
790 -0.005690733
791 -0.005549974
792 -0.005409057
793 -0.005268939
794 -0.005129143
795 -0.004990295
796 -0.004852297
797 -0.004715695
798 -0.004580564
799 -0.004447384
800 -0.004316166
801 -0.004186865
802 -0.004059968
803 -0.003935636
804 -0.003813826
805 -0.003695029
806 -0.003579464
807 -0.003466868
808 -0.003357504
809 -0.00325199
810 -0.003149344
811 -0.003019893
812 -0.002897932
813 -0.002884756
814 -0.002872014
815 -0.002856222
816 -0.002836404
817 -0.002816769
818 -0.002792713
819 -0.002763355
820 -0.002726814
821 -0.002682438
822 -0.002631834
823 -0.00257642
824 -0.002516962
825 -0.0024539
826 -0.002388586
827 -0.002321046
828 -0.00225677
829 -0.002195268
830 -0.002135979
831 -0.002079345
832 -0.002024326
833 -0.001970881
834 -0.001919296
835 -0.001868913
836 -0.001819159
837 -0.001770141
838 -0.001721733
839 -0.00167396
840 -0.00162586
841 -0.001562119
842 -0.001498755
843 -0.001435171
844 -0.001371731
845 -0.001308292
846 -0.001245494
847 -0.001183255
848 -0.001121439
849 -0.001061131
850 -0.001001641
851 -0.0009442899
852 -0.0008881208
853 -0.000833285
854 -0.0007806882
855 -0.0007296637
856 -0.000680243
857 -0.0006326146
858 -0.0005867158
859 -0.0005420623
860 -0.0004991195
861 -0.0004577049
862 -0.0004175607
863 -0.0003790455
864 -0.0003417692
865 -0.0003055873
866 -0.0002705815
867 -0.0002370725
868 -0.0002047647
869 -0.0001733437
870 -0.0001430296
871 -0.0001137344
872 -8.516244e-05
873 -5.761562e-05
874 -3.088011e-05
875 -4.477931e-06
876 2.114439e-05
877 4.687991e-05
878 7.254625e-05
879 9.806794e-05
880 0.0001234513
881 0.0001498849
882 0.0001762556
883 0.0002029974
884 0.0002302801
885 0.0002578584
886 0.0002857825
887 0.0003135369
888 0.0003417441
889 0.0003694167
890 0.0003970201
891 0.0004241644
892 0.000450793
893 0.0004769688
894 0.0005030628
895 0.0005282637
896 0.0005536596
897 0.0005786467
898 0.0006039357
899 0.0006297341
900 0.0006556269
901 0.0006821863
902 0.0007098841
903 0.0007378712
904 0.0007671475
905 0.000797732
906 0.0008295304
907 0.0008628193
908 0.0008977496
909 0.0009340133
910 0.0009718304
911 0.001010912
912 0.00105188
913 0.001094898
914 0.001139162
915 0.001185809
916 0.001235179
917 0.001286701
918 0.001341052
919 0.001398687
920 0.001459265
921 0.001523327
922 0.001590659
923 0.001662407
924 0.001738028
925 0.001817411
926 0.001901045
927 0.001988339
928 0.002079923
929 0.00217562
930 0.002274927
931 0.002377693
932 0.002483717
933 0.002592533
934 0.002703727
935 0.002817235
936 0.00293239
937 0.003048603
938 0.003165545
939 0.003282839
940 0.003399957
941 0.00351637
942 0.003631124
943 0.003744443
944 0.003855247
945 0.0039641
946 0.00406976
947 0.004171645
948 0.004269657
949 0.004363165
950 0.004451742
951 0.004534421
952 0.004611514
953 0.004682004
954 0.004745235
955 0.004801574
956 0.004849222
957 0.004889108
958 0.00492078
959 0.004943032
960 0.004956101
961 0.004960138
962 0.004954013
963 0.004938566
964 0.004912994
965 0.004876969
966 0.004830983
967 0.004774619
968 0.004708318
969 0.004631991
970 0.004546244
971 0.004451504
972 0.004348171
973 0.004236751
974 0.004117583
975 0.00399166
976 0.003859448
977 0.003721324
978 0.003578621
979 0.003431353
980 0.003280776
981 0.003127432
982 0.002970516
983 0.002811574
984 0.002651249
985 0.002489188
986 0.002326323
987 0.002161734
988 0.001995648
989 0.001828392
990 0.001659249
991 0.001488396
992 0.001314411
993 0.001136992
994 0.0009553464
995 0.000769072
996 0.0005769486
997 0.000378209
998 0.0001718343
999 -4.281707e-05
1000 -0.0002670029
1001 -0.0005019181
1002 -0.0007467578
1003 -0.001003145
1004 -0.001271443
1005 -0.001553326
1006 -0.001848543
1007 -0.002158551
1008 -0.002482409
1009 -0.002820354
1010 -0.003171482
1011 -0.003535955
1012 -0.003913083
1013 -0.004302247
1014 -0.004703651
1015 -0.00511791
1016 -0.005542307
1017 -0.005974503
1018 -0.006414686
1019 -0.006861045
1020 -0.007312373
1021 -0.007764757
1022 -0.008217481
1023 -0.008667223
1024 -0.009111671
1025 -0.009549011
1026 -0.009979509
1027 -0.01040338
1028 -0.01082063
1029 -0.01123225
1030 -0.01163669
1031 -0.0120362
1032 -0.01243007
1033 -0.01282043
1034 -0.01320808
1035 -0.01359272
1036 -0.01397514
1037 -0.01435449
1038 -0.01473045
1039 -0.01510187
1040 -0.01546716
1041 -0.01582537
1042 -0.0161755
1043 -0.01651577
1044 -0.01655134
1045 -0.01658663
1046 -0.01663022
1047 -0.01668457
1048 -0.01673858
1049 -0.01680657
1050 -0.0168899
1051 -0.01699312
1052 -0.01712071
1053 -0.01726852
1054 -0.01743223
1055 -0.01760948
1056 -0.01779879
1057 -0.01799685
1058 -0.01820146
1059 -0.01844751
1060 -0.0186731
1061 -0.0188763
1062 -0.01905688
1063 -0.01921379
1064 -0.01934682
1065 -0.01945476
1066 -0.01953895
1067 -0.01959747
1068 -0.01963234
1069 -0.01964365
1070 -0.01963131
1071 -0.01959661
1072 -0.01954014
1073 -0.01946345
1074 -0.01936699
1075 -0.01925286
1076 -0.01912059
1077 -0.01897261
1078 -0.01880945
1079 -0.01863129
1080 -0.01844101
1081 -0.01823577
1082 -0.01801895
1083 -0.01779022
1084 -0.01755039
1085 -0.0173003
1086 -0.01703953
1087 -0.01676977
1088 -0.01649046
1089 -0.01620227
1090 -0.01590503
1091 -0.01559959
1092 -0.01557013
1093 -0.01554027
1094 -0.01550348
1095 -0.01545684
1096 -0.0154098
1097 -0.015351
1098 -0.01527628
1099 -0.01518171
1100 -0.01506151
1101 -0.01491679
1102 -0.01474984
1103 -0.01456087
1104 -0.0143476
1105 -0.01411065
1106 -0.01384891
1107 -0.013583
1108 -0.01331373
1109 -0.01304077
1110 -0.01276405
1111 -0.01248497
1112 -0.01220213
1113 -0.01191731
1114 -0.01162936
1115 -0.0113388
1116 -0.01104539
1117 -0.01074985
1118 -0.01045201
1119 -0.01015188
1120 -0.009849095
1121 -0.009545489
1122 -0.009239971
1123 -0.008932729
1124 -0.008624331
1125 -0.008314637
1126 -0.008004779
1127 -0.007694079
1128 -0.007383479
1129 -0.007072678
1130 -0.006763021
1131 -0.006453818
1132 -0.006146048
1133 -0.005840366
1134 -0.005536383
1135 -0.005235607
1136 -0.00493751
1137 -0.004642998
1138 -0.00435275
1139 -0.004067269
1140 -0.003786707
1141 -0.003427793
1142 -0.003080992
1143 -0.002747286
1144 -0.002428611
1145 -0.002125508
1146 -0.002093244
1147 -0.002061773
1148 -0.002022339
1149 -0.001972893
1150 -0.001924076
1151 -0.001863423
1152 -0.001789046
1153 -0.001698217
1154 -0.001587678
1155 -0.001460359
1156 -0.00132192
1157 -0.001174501
1158 -0.001019949
1159 -0.0008614985
1160 -0.0007018024
1161 -0.0005537666
1162 -0.0004176299
1163 -0.0002943485
1164 -0.0001834442
1165 -8.564672e-05
1166 -7.547074e-07
1167 7.027584e-05
1168 0.0001284889
1169 0.0001724381
1170 0.0002031547
1171 0.0002149533
1172 0.0002042616
1173 0.000172828
1174 0.0001214702
1175 5.150878e-05
1176 -3.621338e-05
1177 -0.0001389794
1178 -0.0002566257
1179 -0.000387668
1180 -0.0005307857
1181 -0.0006854379
1182 -0.0008504924
1183 -0.001025107
1184 -0.001208639
1185 -0.001400724
1186 -0.001601527
1187 -0.001809839
1188 -0.002026201
1189 -0.002249871
1190 -0.002480925
1191 -0.002719739
1192 -0.002965321
1193 -0.003218085
1194 -0.003478409
1195 -0.00374589
1196 -0.004019849
1197 -0.004300486
1198 -0.004587778
1199 -0.004880869
1200 -0.00518011
1201 -0.005487339
1202 -0.005799486
1203 -0.006116413
1204 -0.006437541
1205 -0.006762493
1206 -0.0070904
1207 -0.007421227
1208 -0.007753952
1209 -0.008087658
1210 -0.008421692
1211 -0.008755989
1212 -0.009089583
1213 -0.009421352
1214 -0.009750908
1215 -0.01007793
1216 -0.01040113
1217 -0.01072107
1218 -0.0110368
1219 -0.01134776
1220 -0.01165395
1221 -0.01195575
1222 -0.01225184
1223 -0.01254285
1224 -0.01282876
1225 -0.01310915
1226 -0.01338431
1227 -0.01365379
1228 -0.01391815
1229 -0.0141769
1230 -0.01443022
1231 -0.01467771
1232 -0.01491931
1233 -0.01515561
1234 -0.01538564
1235 -0.01560979
1236 -0.01582755
1237 -0.01603907
1238 -0.01624333
1239 -0.01644151
1240 -0.01663208
1241 -0.01681572
1242 -0.01699137
1243 -0.01715869
1244 -0.0173183
1245 -0.01746843
1246 -0.0176093
1247 -0.01774038
1248 -0.01786128
1249 -0.01797195
1250 -0.01807168
1251 -0.01815976
1252 -0.01823616
1253 -0.01830021
1254 -0.01835158
1255 -0.01839028
1256 -0.01841564
1257 -0.01842787
1258 -0.01842673
1259 -0.01841199
1260 -0.01838367
1261 -0.01834155
1262 -0.01828555
1263 -0.01821558
1264 -0.01813208
1265 -0.01803484
1266 -0.01792424
1267 -0.01779989
1268 -0.01766228
1269 -0.01751285
1270 -0.01735028
1271 -0.01717625
1272 -0.01699055
1273 -0.01679349
1274 -0.01658637
1275 -0.01636935
1276 -0.01614306
1277 -0.01590862
1278 -0.01566662
1279 -0.01541826
1280 -0.01516391
1281 -0.01490459
1282 -0.01464208
1283 -0.01437689
1284 -0.01410986
1285 -0.01384274
1286 -0.013576
1287 -0.01331138
1288 -0.01304868
1289 -0.01279005
1290 -0.01253525
1291 -0.01228626
1292 -0.01204329
1293 -0.01180736
1294 -0.01157888
1295 -0.01135924
1296 -0.0111489
1297 -0.01094755
1298 -0.01075673
1299 -0.01057619
1300 -0.01040656
1301 -0.01024754
1302 -0.01009971
1303 -0.009962616
1304 -0.009835812
1305 -0.009720405
1306 -0.009614884
1307 -0.009519489
1308 -0.009433515
1309 -0.009356636
1310 -0.009288662
1311 -0.009229003
1312 -0.009177016
1313 -0.009132639
1314 -0.009095168
1315 -0.009063093
1316 -0.009037684
1317 -0.00901781
1318 -0.009003408
1319 -0.008993458
1320 -0.00898805
1321 -0.008987043
1322 -0.008989332
1323 -0.008995848
1324 -0.009005358
1325 -0.00901747
1326 -0.009032112
1327 -0.009049181
1328 -0.009068841
1329 -0.009090576
1330 -0.009113695
1331 -0.009138337
1332 -0.009164374
1333 -0.009191292
1334 -0.009219129
1335 -0.009246751
1336 -0.009274624
1337 -0.009301681
1338 -0.009328159
1339 -0.009353882
1340 -0.009377592
1341 -0.009400283
1342 -0.009420811
1343 -0.009439528
1344 -0.00945583
1345 -0.009469993
1346 -0.009481352
1347 -0.009489917
1348 -0.009495704
1349 -0.009498785
1350 -0.009498823
1351 -0.009496232
1352 -0.00949071
1353 -0.009482534
1354 -0.009471578
1355 -0.009458069
1356 -0.009441679
1357 -0.009422773
1358 -0.009401038
1359 -0.009376472
1360 -0.009349479
1361 -0.009319517
1362 -0.009286939
1363 -0.009251116
1364 -0.009212513
1365 -0.009171129
1366 -0.009126551
1367 -0.009078501
1368 -0.009028338
1369 -0.009023106
1370 -0.009018301
1371 -0.009012225
1372 -0.009004779
1373 -0.008996942
1374 -0.008987484
1375 -0.008975094
1376 -0.008959169
1377 -0.008938906
1378 -0.008913497
1379 -0.008884038
1380 -0.008850517
1381 -0.008812706
1382 -0.008770002
1383 -0.008723248
1384 -0.008668029
1385 -0.008612269
1386 -0.008556181
1387 -0.008500496
1388 -0.008443729
1389 -0.008388284
1390 -0.00833309
1391 -0.008278726
1392 -0.008225418
1393 -0.008173053
1394 -0.008122048
1395 -0.008073193
1396 -0.008025621
1397 -0.007980527
1398 -0.007936881
1399 -0.007895925
1400 -0.007857146
1401 -0.007820857
1402 -0.007787813
1403 -0.007756946
1404 -0.00772872
1405 -0.007703462
1406 -0.007680733
1407 -0.007660658
1408 -0.007643425
1409 -0.007628758
1410 -0.007616193
1411 -0.007604771
1412 -0.007595426
1413 -0.007588029
1414 -0.007581288
1415 -0.007575011
1416 -0.007568998
1417 -0.007561841
1418 -0.007553489
1419 -0.007543904
1420 -0.007531024
1421 -0.007515502
1422 -0.007495666
1423 -0.007472031
1424 -0.007442887
1425 -0.007408447
1426 -0.007368058
1427 -0.007320851
1428 -0.007265996
1429 -0.007203657
1430 -0.00713284
1431 -0.007054275
1432 -0.006966779
1433 -0.006870529
1434 -0.006764744
1435 -0.006649815
1436 -0.006525703
1437 -0.006513792
1438 -0.006502169
1439 -0.006487704
1440 -0.006468874
1441 -0.006450295
1442 -0.006426233
1443 -0.006395303
1444 -0.006355492
1445 -0.006304373
1446 -0.006240751
1447 -0.006166412
1448 -0.006078929
1449 -0.005979082
1450 -0.005864957
1451 -0.005735739
1452 -0.005601577
1453 -0.005463327
1454 -0.00532119
1455 -0.005175683
1456 -0.005026489
1457 -0.004874793
1458 -0.00472072
1459 -0.00456515
1460 -0.004408472
1461 -0.004251191
1462 -0.00409347
1463 -0.003936051
1464 -0.003780204
1465 -0.003624872
1466 -0.003472208
1467 -0.003320813
1468 -0.003173054
1469 -0.003027421
1470 -0.002885221
1471 -0.002746858
1472 -0.00261174
1473 -0.00248095
1474 -0.00235402
1475 -0.002231343
1476 -0.002112892
1477 -0.001999358
1478 -0.001890718
1479 -0.001786506
1480 -0.001687589
1481 -0.001593678
1482 -0.001504824
1483 -0.00142158
1484 -0.001343681
1485 -0.001271619
1486 -0.001205205
1487 -0.001145118
1488 -0.001091231
1489 -0.001044087
1490 -0.001003623
1491 -0.0009703776
1492 -0.0009447428
1493 -0.0009273719
1494 -0.0009179758
1495 -0.0009172336
1496 -0.0009255983
1497 -0.0009436107
1498 -0.0009704154
1499 -0.001007962
1500 -0.001055106
1501 -0.001113055
1502 -0.001181507
1503 -0.001260299
1504 -0.001349681
1505 -0.001449843
1506 -0.001560798
1507 -0.001682369
1508 -0.001814631
1509 -0.001957283
1510 -0.002110615
1511 -0.002273581
1512 -0.002447202
1513 -0.002630759
1514 -0.002823235
1515 -0.003024754
1516 -0.003234965
1517 -0.003453428
1518 -0.003679576
1519 -0.003912391
1520 -0.004152073
1521 -0.004396347
1522 -0.00464662
1523 -0.004899975
1524 -0.005156828
1525 -0.005414812
1526 -0.005674381
1527 -0.005933962
1528 -0.006192714
1529 -0.006449705
1530 -0.006704053
1531 -0.007033433
1532 -0.007352586
1533 -0.007658897
1534 -0.007950641
1535 -0.008225393
1536 -0.008481641
1537 -0.008718003
1538 -0.008932943
1539 -0.009125734
1540 -0.009294851
1541 -0.009439402
1542 -0.009558319
1543 -0.009651714
1544 -0.009718317
1545 -0.009758493
1546 -0.009771083
1547 -0.009757499
1548 -0.009717298
1549 -0.009650305
1550 -0.009557426
1551 -0.009438811
1552 -0.009295191
1553 -0.009126954
1554 -0.00893571
1555 -0.008722066
1556 -0.008487175
1557 -0.008231984
1558 -0.00795844
1559 -0.007666318
1560 -0.007358297
1561 -0.007034263
1562 -0.006696745
1563 -0.006345706
1564 -0.0059841
1565 -0.005611665
1566 -0.005229971
1567 -0.004840253
1568 -0.0044449
1569 -0.004044301
1570 -0.003640017
1571 -0.003232802
1572 -0.002824568
1573 -0.002416221
1574 -0.002009006
1575 -0.00160447
1576 -0.001203167
1577 -0.0008064049
1578 -0.0004150136
1579 -2.989899e-05
1580 0.0003480082
1581 0.0007183305
1582 0.001079634
1583 0.001432221
1584 0.001775172
1585 0.002108225
1586 0.002430472
1587 0.002742166
1588 0.003042678
1589 0.003331945
1590 0.00360964
1591 0.003875901
1592 0.004130325
1593 0.004373705
1594 0.004605338
1595 0.004825712
1596 0.005034854
1597 0.005233179
1598 0.005421013
1599 0.005597929
1600 0.005764933
1601 0.005921598
1602 0.006068212
1603 0.006205179
1604 0.006332372
1605 0.006449239
1606 0.006556169
1607 0.006652557
1608 0.006738669
1609 0.006813247
1610 0.006877234
1611 0.006929308
1612 0.006969522
1613 0.006997597
1614 0.007012351
1615 0.007014817
1616 0.007003534
1617 0.006978502
1618 0.006939082
1619 0.006884856
1620 0.006816115
1621 0.006731978
1622 0.006631866
1623 0.006515754
1624 0.006383064
1625 0.006233682
1626 0.006066678
1627 0.00588302
1628 0.00568072
1629 0.005460774
1630 0.005222211
1631 0.004966277
1632 0.004691425
1633 0.004398007
1634 0.004086753
1635 0.003756908
1636 0.003409114
1637 0.003044288
1638 0.002661149
1639 0.002261468
1640 0.001844656
1641 0.001411643
1642 0.000962818
1643 0.0004985723
1644 1.932051e-05
1645 -0.0004740066
1646 -0.0009815473
1647 -0.001503189
1648 -0.002037798
1649 -0.002584936
1650 -0.00314357
1651 -0.003713576
1652 -0.004293656
1653 -0.004883951
1654 -0.005482384
1655 -0.006088187
1656 -0.006700154
1657 -0.007316335
1658 -0.007936214
1659 -0.008558042
1660 -0.009180009
1661 -0.009800354
1662 -0.01041728
1663 -0.01102854
1664 -0.01163259
1665 -0.01222689
1666 -0.01280942
1667 -0.01337842
1668 -0.01393166
1669 -0.01446626
1670 -0.01498072
1671 -0.01547278
1672 -0.01594092
1673 -0.01638309
1674 -0.01679779
1675 -0.01718358
1676 -0.0175395
1677 -0.0178649
1678 -0.01815773
1679 -0.01841823
1680 -0.01864566
1681 -0.01883985
1682 -0.01900077
1683 -0.01912856
1684 -0.01922366
1685 -0.01928654
1686 -0.01931728
1687 -0.01931793
1688 -0.01928893
1689 -0.01923098
1690 -0.0191463
1691 -0.01903521
1692 -0.01889963
1693 -0.01874147
1694 -0.01856158
1695 -0.01836214
1696 -0.01814451
1697 -0.01791029
1698 -0.0178885
1699 -0.01786658
1700 -0.01783906
1701 -0.01780475
1702 -0.01776981
1703 -0.01772497
1704 -0.01766757
1705 -0.01759374
1706 -0.01749797
1707 -0.01737988
1708 -0.01724197
1709 -0.01708307
1710 -0.01690316
1711 -0.01670116
1712 -0.01647696
1713 -0.01617264
1714 -0.01586515
1715 -0.01555709
1716 -0.01524925
1717 -0.01494412
1718 -0.01464302
1719 -0.01434654
1720 -0.01405615
1721 -0.01377316
1722 -0.01349803
1723 -0.01323171
1724 -0.01297508
1725 -0.01272876
1726 -0.0124926
1727 -0.01226753
1728 -0.01205371
1729 -0.01185083
1730 -0.01165951
1731 -0.01147887
1732 -0.01130977
1733 -0.01115056
1734 -0.0110026
1735 -0.01086444
1736 -0.01073595
1737 -0.0106171
1738 -0.01050767
1739 -0.01040643
1740 -0.01031388
1741 -0.01022898
1742 -0.01015186
1743 -0.01008141
1744 -0.01001826
1745 -0.009961043
1746 -0.009909661
1747 -0.009863888
1748 -0.009822857
1749 -0.009785889
1750 -0.009752543
1751 -0.009721802
1752 -0.00969326
1753 -0.009666733
1754 -0.00964057
1755 -0.00961428
1756 -0.009587639
1757 -0.009559653
1758 -0.009529866
1759 -0.009497577
1760 -0.00946256
1761 -0.009424119
1762 -0.009381491
1763 -0.009334926
1764 -0.009284046
1765 -0.009228109
1766 -0.009167342
1767 -0.009101281
1768 -0.009030779
1769 -0.008955258
1770 -0.008875196
1771 -0.008790983
1772 -0.008702707
1773 -0.008611061
1774 -0.008516131
1775 -0.00841856
1776 -0.008319794
1777 -0.008219682
1778 -0.008119394
1779 -0.00801908
1780 -0.00792044
1781 -0.007823813
1782 -0.007730116
1783 -0.007639627
1784 -0.007553779
1785 -0.007473201
1786 -0.007398636
1787 -0.007330259
1788 -0.007269619
1789 -0.007216776
1790 -0.0071725
1791 -0.007136878
1792 -0.007111142
1793 -0.007096036
1794 -0.007090791
1795 -0.007097507
1796 -0.007115621
1797 -0.007145783
1798 -0.007189041
1799 -0.007244713
1800 -0.007314373
1801 -0.007397932
1802 -0.007495515
1803 -0.007608017
1804 -0.007735285
1805 -0.007877309
1806 -0.008035307
1807 -0.008209204
1808 -0.008398811
1809 -0.008604758
1810 -0.008826379
1811 -0.009064564
1812 -0.009318712
1813 -0.009588683
1814 -0.009875007
1815 -0.01017698
1816 -0.01049432
1817 -0.01082662
1818 -0.01117271
1819 -0.01153278
1820 -0.01190531
1821 -0.01229007
1822 -0.01268565
1823 -0.01309122
1824 -0.01350523
1825 -0.01392658
1826 -0.01435347
1827 -0.01478496
1828 -0.01521929
1829 -0.01565483
1830 -0.01609025
1831 -0.01652365
1832 -0.01695427
1833 -0.01738031
1834 -0.01780073
1835 -0.01821474
1836 -0.01862112
1837 -0.01901839
1838 -0.01940681
1839 -0.01978569
1840 -0.02015469
1841 -0.02051356
1842 -0.02086244
1843 -0.02120128
1844 -0.02153042
1845 -0.0218497
1846 -0.02215966
1847 -0.02246056
1848 -0.02275281
1849 -0.02303622
1850 -0.02331123
1851 -0.0235774
1852 -0.0238347
1853 -0.02408314
1854 -0.02432201
1855 -0.02455047
1856 -0.02476823
1857 -0.02497458
1858 -0.02516779
1859 -0.0253485
1860 -0.02551475
1861 -0.02566633
1862 -0.02580323
1863 -0.02592414
1864 -0.02602858
1865 -0.02611712
1866 -0.02618891
1867 -0.02624476
1868 -0.02628446
1869 -0.02630874
1870 -0.02631778
1871 -0.02631248
1872 -0.02629309
1873 -0.02626069
1874 -0.02621604
1875 -0.02616017
1876 -0.02609429
1877 -0.02601855
1878 -0.02593488
1879 -0.02584323
1880 -0.02574477
1881 -0.02564017
1882 -0.02553119
1883 -0.02541731
1884 -0.0252996
1885 -0.02517943
1886 -0.02505656
1887 -0.02493254
1888 -0.02480657
1889 -0.02468113
1890 -0.02455565
1891 -0.02443042
1892 -0.024307
1893 -0.02418538
1894 -0.0240663
1895 -0.02395078
1896 -0.02383909
1897 -0.02373157
1898 -0.02362941
1899 -0.02353288
1900 -0.02344268
1901 -0.02335963
1902 -0.02328334
1903 -0.02321466
1904 -0.02315413
1905 -0.02310236
1906 -0.02305914
1907 -0.0230251
1908 -0.02300022
1909 -0.02298468
1910 -0.02297848
1911 -0.02298203
1912 -0.02299513
1913 -0.02301805
1914 -0.02305059
1915 -0.02309251
1916 -0.02314372
1917 -0.02320411
1918 -0.02327295
1919 -0.02335062
1920 -0.02343627
1921 -0.02352891
1922 -0.02362911
1923 -0.02373526
1924 -0.02384693
1925 -0.02396395
1926 -0.02408475
1927 -0.02420822
1928 -0.02433416
1929 -0.02446067
1930 -0.02458742
1931 -0.02471322
1932 -0.02483685
1933 -0.0249572
1934 -0.025074
1935 -0.02518601
1936 -0.02529305
1937 -0.02539424
1938 -0.02548927
1939 -0.02557808
1940 -0.02566002
1941 -0.02573547
1942 -0.02580396
1943 -0.02586637
1944 -0.02592239
1945 -0.02597233
1946 -0.02601651
1947 -0.0260552
1948 -0.02608841
1949 -0.02611633
1950 -0.02613948
1951 -0.02615793
1952 -0.02617147
1953 -0.02618059
1954 -0.0261845
1955 -0.02618406
1956 -0.02617852
1957 -0.02616806
1958 -0.02615221
1959 -0.02613109
1960 -0.02610442
1961 -0.02607188
1962 -0.02603395
1963 -0.02598956
1964 -0.02593945
1965 -0.02588329
1966 -0.02582138
1967 -0.02575374
1968 -0.02568086
1969 -0.02560213
1970 -0.02551799
1971 -0.02542906
1972 -0.02533561
1973 -0.02523771
1974 -0.02513566
1975 -0.02503049
1976 -0.02492148
1977 -0.02480941
1978 -0.02469532
1979 -0.02457901
1980 -0.02446012
1981 -0.02434056
1982 -0.02421886
1983 -0.02409718
1984 -0.02397423
1985 -0.02385111
1986 -0.02372797
1987 -0.02360521
1988 -0.02348246
1989 -0.02336084
1990 -0.02323964
1991 -0.02311959
1992 -0.02300088
1993 -0.02288367
1994 -0.02276761
1995 -0.02265322
1996 -0.02254039
1997 -0.02242954
1998 -0.02232077
1999 -0.0222143
2000 -0.02210907
2001 -0.02209656
2002 -0.02208582
2003 -0.02207249
2004 -0.02205566
2005 -0.02203878
2006 -0.02201756
2007 -0.02199085
2008 -0.02195805
2009 -0.02191721
2010 -0.02186901
2011 -0.02181458
2012 -0.02175448
2013 -0.02168881
2014 -0.02161797
2015 -0.02154176
2016 -0.021532
2017 -0.02152205
2018 -0.0215093
2019 -0.02149344
2020 -0.02147741
2021 -0.02145751
2022 -0.02143265
2023 -0.02140222
2024 -0.02136412
2025 -0.02131977
2026 -0.02127109
2027 -0.02121781
2028 -0.02116099
2029 -0.02110114
2030 -0.0210384
2031 -0.02097905
2032 -0.02092158
2033 -0.02086625
2034 -0.02081318
2035 -0.02076166
2036 -0.020712
2037 -0.02066428
2038 -0.02061778
2039 -0.02057223
2040 -0.02052804
2041 -0.02048506
2042 -0.0204425
2043 -0.02040087
2044 -0.02035943
2045 -0.0203187
2046 -0.0202786
2047 -0.02023872
2048 -0.02019916
2049 -0.02015986
2050 -0.02012073
2051 -0.02008107
2052 -0.02004209
2053 -0.02000313
2054 -0.01996372
2055 -0.01992419
2056 -0.01988498
2057 -0.01984503
2058 -0.01980499
2059 -0.01976481
2060 -0.01972408
2061 -0.01968352
2062 -0.01964225
2063 -0.01960043
2064 -0.01955827
2065 -0.01951588
2066 -0.01947258
2067 -0.01942866
2068 -0.01938457
2069 -0.01933978
2070 -0.01929472
2071 -0.01923327
2072 -0.01917085
2073 -0.01910802
2074 -0.0190445
2075 -0.01898054
2076 -0.01891612
2077 -0.01885191
2078 -0.01878806
2079 -0.01872413
2080 -0.01866095
2081 -0.01859819
2082 -0.01853667
2083 -0.0184765
2084 -0.01841725
2085 -0.01836033
2086 -0.01830448
2087 -0.01825066
2088 -0.018199
2089 -0.01814942
2090 -0.01810222
2091 -0.01805729
2092 -0.01801504
2093 -0.01797499
2094 -0.01793779
2095 -0.01790328
2096 -0.01787096
2097 -0.0178416
2098 -0.01781484
2099 -0.01779032
2100 -0.01776811
2101 -0.01774856
2102 -0.01773149
2103 -0.01771723
2104 -0.01770488
2105 -0.01769498
2106 -0.01768804
2107 -0.01768278
2108 -0.01767954
2109 -0.01767891
2110 -0.01768028
2111 -0.01768321
2112 -0.01768886
2113 -0.01769586
2114 -0.01770453
2115 -0.01771422
2116 -0.0177257
2117 -0.01773786
2118 -0.0177517
2119 -0.01776591
2120 -0.01778093
2121 -0.01779604
2122 -0.0178111
2123 -0.01782589
2124 -0.01784098
2125 -0.01785449
2126 -0.01786811
2127 -0.01787962
2128 -0.01789152
2129 -0.01790169
2130 -0.01791123
2131 -0.01791883
2132 -0.01792462
2133 -0.01792911
2134 -0.01793189
2135 -0.01793265
2136 -0.01793141
2137 -0.01792818
2138 -0.01792265
2139 -0.01791571
2140 -0.01790604
2141 -0.01790541
2142 -0.01790493
2143 -0.01790385
2144 -0.01790273
2145 -0.01790082
2146 -0.01789858
2147 -0.01789607
2148 -0.01789211
2149 -0.01788658
2150 -0.01788023
2151 -0.01787189
2152 -0.0178619
2153 -0.01784964
2154 -0.01783403
2155 -0.01781586
2156 -0.01779517
2157 -0.01777281
2158 -0.01774811
2159 -0.01772155
2160 -0.01769264
2161 -0.01766163
2162 -0.0176278
2163 -0.01759242
2164 -0.01755393
2165 -0.01751329
2166 -0.01747005
2167 -0.01742453
2168 -0.01737662
2169 -0.01732612
2170 -0.01727334
2171 -0.01721837
2172 -0.01716066
2173 -0.01710088
2174 -0.01703922
2175 -0.01697526
2176 -0.01690987
2177 -0.01684284
2178 -0.01677406
2179 -0.01670391
2180 -0.01663252
2181 -0.01655993
2182 -0.01648646
2183 -0.01641187
2184 -0.01633671
2185 -0.01626055
2186 -0.01618373
2187 -0.01610705
2188 -0.01602955
2189 -0.01595185
2190 -0.01587402
2191 -0.01579556
2192 -0.01571727
2193 -0.01563871
2194 -0.01556004
2195 -0.01548157
2196 -0.0154025
2197 -0.01532389
2198 -0.01524524
2199 -0.01516712
2200 -0.01508941
2201 -0.01501173
2202 -0.01493439
2203 -0.01485782
2204 -0.01478154
2205 -0.01470608
2206 -0.01463107
2207 -0.01455714
2208 -0.01448356
2209 -0.01441077
2210 -0.01433916
2211 -0.01426753
2212 -0.01419676
2213 -0.01412737
2214 -0.01405853
2215 -0.01399083
2216 -0.01392369
2217 -0.01385771
2218 -0.0137924
2219 -0.01372851
2220 -0.01366564
2221 -0.01360358
2222 -0.01354177
2223 -0.01348079
2224 -0.0134212
2225 -0.01336175
2226 -0.01330335
2227 -0.01324551
2228 -0.01318718
2229 -0.01312997
2230 -0.0130731
2231 -0.01301615
2232 -0.01295928
2233 -0.01290274
2234 -0.01284613
2235 -0.01278981
2236 -0.01273292
2237 -0.01267634
2238 -0.0126195
2239 -0.01256239
2240 -0.01250585
2241 -0.01244861
2242 -0.01239145
2243 -0.01233482
2244 -0.01227778
2245 -0.01222139
2246 -0.01216523
2247 -0.01210939
2248 -0.01205362
2249 -0.01199887
2250 -0.01194449
2251 -0.01187371
2252 -0.01180419
2253 -0.01173627
2254 -0.01166995
2255 -0.01160576
2256 -0.01154335
2257 -0.01148265
2258 -0.01142418
2259 -0.01136789
2260 -0.01131342
2261 -0.0112612
2262 -0.01121049
2263 -0.01116178
2264 -0.01111515
2265 -0.01107004
2266 -0.0110265
2267 -0.01098453
2268 -0.01094443
2269 -0.01090474
2270 -0.01086606
2271 -0.01082921
2272 -0.01079228
2273 -0.01075585
2274 -0.01072074
2275 -0.01068559
2276 -0.01065095
2277 -0.01061654
2278 -0.01058276
2279 -0.01054931
2280 -0.01051595
2281 -0.01048296
2282 -0.0104503
2283 -0.01041823
2284 -0.01038647
2285 -0.01035494
2286 -0.01032398
2287 -0.01029325
2288 -0.01026322
2289 -0.01023371
2290 -0.01020464
2291 -0.01017566
2292 -0.01014766
2293 -0.01011971
2294 -0.01009255
2295 -0.01006583
2296 -0.01003929
2297 -0.01001289
2298 -0.009986892
2299 -0.009961233
2300 -0.009935736
2301 -0.009910113
2302 -0.009884718
2303 -0.009858718
2304 -0.009832568
2305 -0.009806467
2306 -0.009779876
2307 -0.009752656
2308 -0.009725135
2309 -0.009696871
2310 -0.009668393
2311 -0.00963901
2312 -0.009609325
2313 -0.009579048
2314 -0.00954842
2315 -0.009516911
2316 -0.009485074
2317 -0.009452371
2318 -0.00941968
2319 -0.009386057
2320 -0.009352146
2321 -0.009317819
2322 -0.009282448
2323 -0.009247191
2324 -0.009211179
2325 -0.009175104
2326 -0.009138299
2327 -0.009101092
2328 -0.009063986
2329 -0.009026377
2330 -0.008988553
2331 -0.008950955
2332 -0.008913082
2333 -0.00887512
2334 -0.008837637
2335 -0.00879965
2336 -0.008762228
2337 -0.008725273
2338 -0.008688658
2339 -0.00865228
2340 -0.008616872
2341 -0.008581275
2342 -0.008546395
2343 -0.008511918
2344 -0.008478005
2345 -0.008444585
2346 -0.008411629
2347 -0.008379328
2348 -0.008347768
2349 -0.008316197
2350 -0.008285895
2351 -0.00825626
2352 -0.008227405
2353 -0.008199255
2354 -0.008172072
2355 -0.008146048
2356 -0.008120601
2357 -0.008096967
2358 -0.008074175
2359 -0.008053345
2360 -0.008033358
2361 -0.008015219
2362 -0.007998842
2363 -0.007984024
2364 -0.007971195
2365 -0.007960591
2366 -0.007952025
2367 -0.007945761
2368 -0.007941836
2369 -0.007940352
2370 -0.00794127
2371 -0.007944742
2372 -0.007950666
2373 -0.00795932
2374 -0.007970704
2375 -0.007984628
2376 -0.00800132
2377 -0.008020779
2378 -0.008043533
2379 -0.008068891
2380 -0.008097029
2381 -0.008129016
2382 -0.008163632
2383 -0.00820162
2384 -0.0082427
2385 -0.008287517
2386 -0.008336008
2387 -0.008387868
2388 -0.008443968
2389 -0.008504068
2390 -0.008568293
2391 -0.008636394
2392 -0.008709072
2393 -0.008715739
2394 -0.008722531
2395 -0.008731198
2396 -0.008741814
2397 -0.008752958
2398 -0.008766958
2399 -0.008784769
2400 -0.008807851
2401 -0.008837134
2402 -0.008873359
2403 -0.008915572
2404 -0.008964301
2405 -0.009020602
2406 -0.009084325
2407 -0.009156701
2408 -0.009232374
2409 -0.009310146
2410 -0.00939129
2411 -0.009474962
2412 -0.009561564
2413 -0.009650947
2414 -0.009742506
2415 -0.009836806
2416 -0.009934
2417 -0.01003356
2418 -0.01013474
2419 -0.0102383
2420 -0.01034393
2421 -0.01045124
2422 -0.01056007
2423 -0.01067028
2424 -0.01078172
2425 -0.0108945
2426 -0.01100828
2427 -0.01112329
2428 -0.01123875
2429 -0.01135516
2430 -0.01147182
2431 -0.01158891
2432 -0.01170607
2433 -0.01182349
2434 -0.01194079
2435 -0.01205768
2436 -0.01217458
2437 -0.01229109
2438 -0.01240705
2439 -0.01252224
2440 -0.01263644
2441 -0.01275013
2442 -0.01286308
2443 -0.01297444
2444 -0.0130844
2445 -0.01319356
2446 -0.01330135
2447 -0.01340765
2448 -0.01351263
2449 -0.01361605
2450 -0.01371794
2451 -0.01381852
2452 -0.01391721
2453 -0.01401444
2454 -0.01411063
2455 -0.01420489
2456 -0.01429799
2457 -0.01438988
2458 -0.01448018
2459 -0.01456959
2460 -0.01465813
2461 -0.01474542
2462 -0.014832
2463 -0.01491725
2464 -0.01500234
2465 -0.01508646
2466 -0.01516993
2467 -0.01525252
2468 -0.01533485
2469 -0.01541687
2470 -0.01549797
2471 -0.01557922
2472 -0.01565962
2473 -0.01573976
2474 -0.01581971
2475 -0.01589943
2476 -0.01597836
2477 -0.01605732
2478 -0.0161358
2479 -0.01621335
2480 -0.01629096
2481 -0.01636793
2482 -0.01644482
2483 -0.01652023
2484 -0.01659556
2485 -0.01666975
2486 -0.01674356
2487 -0.01681582
2488 -0.0168879
2489 -0.01695821
2490 -0.0170278
2491 -0.01711773
2492 -0.01720498
2493 -0.01728957
2494 -0.01737149
2495 -0.01745072
2496 -0.01752661
2497 -0.01759921
2498 -0.01766846
2499 -0.0177344
2500 -0.01779647
2501 -0.01785543
2502 -0.01791065
2503 -0.01796209
2504 -0.01800947
2505 -0.01805327
2506 -0.01809346
2507 -0.01812975
2508 -0.01813363
2509 -0.01813737
2510 -0.01814227
2511 -0.01814834
2512 -0.01815424
2513 -0.01816172
2514 -0.0181706
2515 -0.01818133
2516 -0.01819377
2517 -0.01820743
2518 -0.01822164
2519 -0.01823662
2520 -0.01825056
2521 -0.01826441
2522 -0.01827737
2523 -0.01829013
2524 -0.01829947
2525 -0.01830576
2526 -0.01830889
2527 -0.01830885
2528 -0.01830555
2529 -0.01829997
2530 -0.01829235
2531 -0.01828178
2532 -0.0182691
2533 -0.01825461
2534 -0.01823835
2535 -0.01822098
2536 -0.01820201
2537 -0.01818225
2538 -0.01816195
2539 -0.01814069
2540 -0.01811894
2541 -0.01809681
2542 -0.01807514
2543 -0.01805303
2544 -0.01803104
2545 -0.01800859
2546 -0.01798701
2547 -0.01796527
2548 -0.01794336
2549 -0.01792156
2550 -0.01790011
2551 -0.01787852
2552 -0.01785624
2553 -0.0178341
2554 -0.01781232
2555 -0.01779064
2556 -0.01776835
2557 -0.01774635
2558 -0.01772403
2559 -0.01770167
2560 -0.01767955
2561 -0.0176573
2562 -0.01763534
2563 -0.01761316
2564 -0.01759151
2565 -0.01757047
2566 -0.0175493
2567 -0.01752846
2568 -0.01750838
2569 -0.01748877
2570 -0.01746911
2571 -0.0174509
2572 -0.01743257
2573 -0.01741526
2574 -0.01739858
2575 -0.01738241
2576 -0.01736788
2577 -0.01735374
2578 -0.01734091
2579 -0.01732911
2580 -0.0173187
2581 -0.01730978
2582 -0.01730226
2583 -0.01729626
2584 -0.01729201
2585 -0.01728955
2586 -0.01728918
2587 -0.0172908
2588 -0.0172946
2589 -0.01730045
2590 -0.01730866
2591 -0.01731915
2592 -0.01733179
2593 -0.01734738
2594 -0.01736472
2595 -0.01738519
2596 -0.01740827
2597 -0.01743348
2598 -0.01746191
2599 -0.01749285
2600 -0.01752665
2601 -0.01756348
2602 -0.01760283
2603 -0.01764599
2604 -0.017692
2605 -0.01774126
2606 -0.01779374
2607 -0.01784986
2608 -0.01790894
2609 -0.01797141
2610 -0.018037
2611 -0.01810526
2612 -0.01817647
2613 -0.01825037
2614 -0.01832672
2615 -0.01840509
2616 -0.01848467
2617 -0.01856604
2618 -0.01864862
2619 -0.01873164
2620 -0.01881565
2621 -0.01889888
2622 -0.01898254
2623 -0.01906532
2624 -0.01914701
2625 -0.01922803
2626 -0.0193074
2627 -0.01931524
2628 -0.01932347
2629 -0.01933369
2630 -0.01934627
2631 -0.0193588
2632 -0.01937451
2633 -0.01939373
2634 -0.01941763
2635 -0.01944741
2636 -0.01948241
2637 -0.01952122
2638 -0.01956409
2639 -0.01961043
2640 -0.01966052
2641 -0.01971308
2642 -0.01977131
2643 -0.01982699
2644 -0.01988126
2645 -0.01993269
2646 -0.01998225
2647 -0.02002993
2648 -0.02007466
2649 -0.02011764
2650 -0.02015775
2651 -0.02019547
2652 -0.02023068
2653 -0.0202634
2654 -0.02029389
2655 -0.02032168
2656 -0.02034704
2657 -0.02036998
2658 -0.02039002
2659 -0.02040741
2660 -0.02042263
2661 -0.02043422
2662 -0.02044353
2663 -0.02045007
2664 -0.02045281
2665 -0.02045304
2666 -0.02044965
2667 -0.02044325
2668 -0.02043292
2669 -0.02041924
2670 -0.0204025
2671 -0.02038163
2672 -0.02035724
2673 -0.02032942
2674 -0.02029808
2675 -0.0202635
2676 -0.02022504
2677 -0.02018327
2678 -0.02013793
2679 -0.02009001
2680 -0.02003858
2681 -0.01998379
2682 -0.01992631
2683 -0.01986556
2684 -0.01980257
2685 -0.01973648
2686 -0.01966799
2687 -0.01959648
2688 -0.01952282
2689 -0.01944653
2690 -0.01936827
2691 -0.01928714
2692 -0.01920431
2693 -0.01911879
2694 -0.01903148
2695 -0.01894205
2696 -0.01885035
2697 -0.01875652
2698 -0.01866092
2699 -0.01856336
2700 -0.0184638
2701 -0.01836204
2702 -0.01825896
2703 -0.01815363
2704 -0.01804692
2705 -0.01793884
2706 -0.01782881
2707 -0.0177177
2708 -0.01760503
2709 -0.01749184
2710 -0.01737777
2711 -0.01726333
2712 -0.01714779
2713 -0.01703284
2714 -0.01691789
2715 -0.01680385
2716 -0.01669042
2717 -0.01657813
2718 -0.01646769
2719 -0.01635909
2720 -0.01625223
2721 -0.0161483
2722 -0.01604664
2723 -0.01594796
2724 -0.01585202
2725 -0.01575978
2726 -0.01567005
2727 -0.01558395
2728 -0.01550099
2729 -0.01542113
2730 -0.01534452
2731 -0.01527099
2732 -0.01520063
2733 -0.01513256
2734 -0.01506749
2735 -0.01500551
2736 -0.01494484
2737 -0.01488712
2738 -0.01483137
2739 -0.01477803
2740 -0.01472655
2741 -0.01467682
2742 -0.01462919
2743 -0.01458374
2744 -0.01453984
2745 -0.0144986
2746 -0.01445926
2747 -0.01442241
2748 -0.01438769
2749 -0.01435533
2750 -0.01432574
2751 -0.01429875
2752 -0.01427436
2753 -0.01425276
2754 -0.0142342
2755 -0.01421908
2756 -0.01420645
2757 -0.01419786
2758 -0.01419276
2759 -0.014191
2760 -0.01419318
2761 -0.01420093
2762 -0.01421417
2763 -0.01423267
2764 -0.01425518
2765 -0.0142824
2766 -0.01431384
2767 -0.01434999
2768 -0.01438939
2769 -0.01443273
2770 -0.01447911
2771 -0.01452836
2772 -0.01458017
2773 -0.01463405
2774 -0.01469014
2775 -0.01474785
2776 -0.01480706
2777 -0.01486737
2778 -0.01492863
2779 -0.01499068
2780 -0.01505273
2781 -0.01511553
2782 -0.01517796
2783 -0.01523982
2784 -0.01530055
2785 -0.01535989
2786 -0.01541767
2787 -0.0154731
2788 -0.01552619
2789 -0.01557642
2790 -0.01562258
2791 -0.01566523
2792 -0.01570325
2793 -0.0157362
2794 -0.01576371
2795 -0.0157849
2796 -0.01579943
2797 -0.01580705
2798 -0.01580701
2799 -0.01579889
2800 -0.01578233
2801 -0.01575682
2802 -0.01572219
2803 -0.01567801
2804 -0.01562415
2805 -0.01556091
2806 -0.01548722
2807 -0.01540367
2808 -0.0153101
2809 -0.01530207
2810 -0.01529393
2811 -0.01528324
2812 -0.01526961
2813 -0.01525591
2814 -0.0152382
2815 -0.01521542
2816 -0.01518539
2817 -0.01514595
2818 -0.01509651
2819 -0.01503795
2820 -0.01496878
2821 -0.01488787
2822 -0.01479432
2823 -0.01468693
2824 -0.01453276
2825 -0.01436867
2826 -0.01419636
2827 -0.01401526
2828 -0.01382584
2829 -0.01362754
2830 -0.01342131
2831 -0.01320627
2832 -0.0129835
2833 -0.01275264
2834 -0.01251356
2835 -0.01226705
2836 -0.01201254
2837 -0.01175139
2838 -0.01148353
2839 -0.01120954
2840 -0.01092858
2841 -0.01064307
2842 -0.01035247
2843 -0.01005749
2844 -0.009758493
2845 -0.009456497
2846 -0.009151355
2847 -0.008844202
2848 -0.008535753
2849 -0.008225909
2850 -0.007915711
2851 -0.007605463
2852 -0.007295405
2853 -0.006986704
2854 -0.006679173
2855 -0.006373605
2856 -0.006070351
2857 -0.005769952
2858 -0.005472673
2859 -0.0051784
2860 -0.004888013
2861 -0.004602294
2862 -0.004320109
2863 -0.004043169
2864 -0.003770594
2865 -0.00374277
2866 -0.003715186
2867 -0.003680456
2868 -0.003637375
2869 -0.003594357
2870 -0.003540647
2871 -0.003474157
2872 -0.00339119
2873 -0.003288927
2874 -0.003167922
2875 -0.003032892
2876 -0.002884102
2877 -0.002721928
2878 -0.002547326
2879 -0.002361178
2880 -0.002178903
2881 -0.001999019
2882 -0.001823008
2883 -0.001650671
2884 -0.001481667
2885 -0.001315958
2886 -0.001154187
2887 -0.0009958365
2888 -0.0008414862
2889 -0.0006905069
2890 -0.0005429491
2891 -0.0003989132
2892 -0.0002583489
2893 -0.000121206
2894 1.259104e-05
2895 0.0001424636
2896 0.0002691161
2897 0.0003932277
2898 0.0005138803
2899 0.0006310738
2900 0.0007457515
2901 0.0008568319
2902 0.0009651827
2903 0.001070678
2904 0.001173243
2905 0.001273003
2906 0.001369794
2907 0.001464145
2908 0.001555502
2909 0.001643765
2910 0.001729752
2911 0.001812845
2912 0.001893095
2913 0.001969849
2914 0.002043936
2915 0.002114942
2916 0.002181822
2917 0.00224528
2918 0.002304889
2919 0.002360939
2920 0.002412447
2921 0.002459365
2922 0.002501566
2923 0.002538785
2924 0.002571049
2925 0.002597791
2926 0.002618659
2927 0.002633262
2928 0.002642042
2929 0.002644369
2930 0.002639526
2931 0.002628256
2932 0.002609363
2933 0.002583414
2934 0.002550068
2935 0.002509503
2936 0.002460962
2937 0.002404913
2938 0.002341065
2939 0.002269644
2940 0.002190488
2941 0.002072137
2942 0.001941799
2943 0.001800568
2944 0.001648709
2945 0.001488358
2946 0.001320084
2947 0.001145495
2948 0.0009657865
2949 0.0007817385
2950 0.0005945208
2951 0.0004063848
2952 0.0002173935
2953 2.813801e-05
2954 -0.0001595703
2955 -0.0003460962
2956 -0.0005300184
2957 -0.0007117646
2958 -0.0008905547
2959 -0.001065332
2960 -0.001236626
2961 -0.001404007
2962 -0.001567213
2963 -0.001726267
2964 -0.001880995
2965 -0.002031245
2966 -0.002177494
2967 -0.002320059
2968 -0.002458485
2969 -0.002593389
2970 -0.00272584
2971 -0.002858668
2972 -0.002989849
2973 -0.003119646
2974 -0.003248299
2975 -0.003377429
2976 -0.003507616
2977 -0.003639652
2978 -0.003774367
2979 -0.003912177
2980 -0.004054867
2981 -0.00420206
2982 -0.004355001
2983 -0.004514886
2984 -0.004681148
2985 -0.004855108
2986 -0.005037735
2987 -0.005228525
2988 -0.005428384
2989 -0.005637677
2990 -0.005856794
2991 -0.006085747
2992 -0.006324863
2993 -0.006574483
2994 -0.006834467
2995 -0.007105206
2996 -0.007386385
2997 -0.007677902
2998 -0.007980301
2999 -0.008293052
3000 -0.008616016
3001 -0.008947962
3002 -0.009289567
3003 -0.009640004
3004 -0.009999257
3005 -0.01036667
3006 -0.01074113
3007 -0.01112263
3008 -0.01151052
3009 -0.01190353
3010 -0.01230188
3011 -0.01270435
3012 -0.0131102
3013 -0.01351871
3014 -0.01392872
3015 -0.01434006
3016 -0.01475151
3017 -0.01516225
3018 -0.01557117
3019 -0.01597718
3020 -0.0163793
3021 -0.01677711
3022 -0.01716895
3023 -0.01755407
3024 -0.01793088
3025 -0.018299
3026 -0.01865747
3027 -0.01900514
3028 -0.01934071
3029 -0.01966386
3030 -0.01997365
3031 -0.02026947
3032 -0.02055039
3033 -0.02081594
3034 -0.02106632
3035 -0.02130111
3036 -0.02151935
3037 -0.02172209
3038 -0.0219078
3039 -0.02207759
3040 -0.02223103
3041 -0.02236842
3042 -0.02249026
3043 -0.02259718
3044 -0.02268937
3045 -0.02276761
3046 -0.02283216
3047 -0.02288343
3048 -0.02292269
3049 -0.02295046
3050 -0.0229668
3051 -0.02297309
3052 -0.02296958
3053 -0.02295779
3054 -0.02293802
3055 -0.02291121
3056 -0.02287787
3057 -0.02283967
3058 -0.02279681
3059 -0.02274971
3060 -0.02269976
3061 -0.02264729
3062 -0.02259306
3063 -0.02253734
3064 -0.02248121
3065 -0.02242496
3066 -0.02236939
3067 -0.02231369
3068 -0.02226047
3069 -0.0222081
3070 -0.02215735
3071 -0.02210931
3072 -0.02206347
3073 -0.02201968
3074 -0.0219788
3075 -0.02194005
3076 -0.02190386
3077 -0.02187002
3078 -0.02183884
3079 -0.02183511
3080 -0.02183201
3081 -0.02182781
3082 -0.02182289
3083 -0.02181809
3084 -0.02181216
3085 -0.02180476
3086 -0.02179546
3087 -0.02178405
3088 -0.02177142
3089 -0.02175752
3090 -0.02174313
3091 -0.02172832
3092 -0.02171385
3093 -0.02170001
3094 -0.02168562
3095 -0.0216737
3096 -0.02166535
3097 -0.02165984
3098 -0.02165652
3099 -0.02165605
3100 -0.02165784
3101 -0.021662
3102 -0.02166899
3103 -0.02167827
3104 -0.02168949
3105 -0.02170345
3106 -0.02171954
3107 -0.02173716
3108 -0.02175727
3109 -0.02177867
3110 -0.0218016
3111 -0.02182626
3112 -0.02185214
3113 -0.02187937
3114 -0.02190825
3115 -0.02193795
3116 -0.02196919
3117 -0.0220017
3118 -0.02203532
3119 -0.02207099
3120 -0.02210781
3121 -0.02214646
3122 -0.02218634
3123 -0.02222695
3124 -0.02226966
3125 -0.02231343
3126 -0.0223588
3127 -0.02240584
3128 -0.02245421
3129 -0.02250446
3130 -0.02255651
3131 -0.02260937
3132 -0.02266394
3133 -0.02271961
3134 -0.02277665
3135 -0.02283414
3136 -0.02289284
3137 -0.02295147
3138 -0.02301019
3139 -0.02306883
3140 -0.02312646
3141 -0.0231833
3142 -0.02323856
3143 -0.02329232
3144 -0.02334411
3145 -0.02339314
3146 -0.02343961
3147 -0.02348332
3148 -0.02352355
3149 -0.02356027
3150 -0.0235932
3151 -0.02362261
3152 -0.02364768
3153 -0.02366874
3154 -0.02368536
3155 -0.02369832
3156 -0.0237071
3157 -0.02371175
3158 -0.02371233
3159 -0.02370961
3160 -0.02370312
3161 -0.02369295
3162 -0.02368044
3163 -0.02366527
3164 -0.02364673
3165 -0.02362663
3166 -0.02360435
3167 -0.02358071
3168 -0.02355461
3169 -0.02352742
3170 -0.02349844
3171 -0.02346808
3172 -0.02343658
3173 -0.02340393
3174 -0.02337007
3175 -0.02333506
3176 -0.023299
3177 -0.02326145
3178 -0.02322312
3179 -0.02318381
3180 -0.02314284
3181 -0.02310072
3182 -0.02305714
3183 -0.02301259
3184 -0.02296639
3185 -0.02291903
3186 -0.02286982
3187 -0.02281942
3188 -0.02276693
3189 -0.02271272
3190 -0.02265725
3191 -0.02260028
3192 -0.02254124
3193 -0.02248075
3194 -0.02241844
3195 -0.02235509
3196 -0.02228979
3197 -0.02222306
3198 -0.02215471
3199 -0.02208554
3200 -0.02201525
3201 -0.02194353
3202 -0.0218708
3203 -0.0218641
3204 -0.02185727
3205 -0.02184819
3206 -0.02183706
3207 -0.02182596
3208 -0.0218115
3209 -0.02179377
3210 -0.02177097
3211 -0.02174206
3212 -0.02170853
3213 -0.02167023
3214 -0.02162695
3215 -0.02157942
3216 -0.02152735
3217 -0.02147012
3218 -0.02139686
3219 -0.02132345
3220 -0.02124994
3221 -0.02117663
3222 -0.02110317
3223 -0.02103012
3224 -0.02095682
3225 -0.02088407
3226 -0.02081122
3227 -0.02073887
3228 -0.02066639
3229 -0.02059438
3230 -0.02052234
3231 -0.02045092
3232 -0.02037928
3233 -0.02030791
3234 -0.02023725
3235 -0.02016713
3236 -0.0200973
3237 -0.0200283
3238 -0.0199598
3239 -0.0198916
3240 -0.01982454
3241 -0.0197579
3242 -0.0196925
3243 -0.01962794
3244 -0.01956397
3245 -0.0195014
3246 -0.01943963
3247 -0.01937915
3248 -0.01932057
3249 -0.01926319
3250 -0.01920769
3251 -0.01915412
3252 -0.01910286
3253 -0.01905367
3254 -0.01900675
3255 -0.01896202
3256 -0.01891973
3257 -0.01887964
3258 -0.01884254
3259 -0.01880801
3260 -0.01877587
3261 -0.0187461
3262 -0.01871932
3263 -0.01869471
3264 -0.0186731
3265 -0.01865404
3266 -0.01863737
3267 -0.01862293
3268 -0.01861113
3269 -0.01860209
3270 -0.01859516
3271 -0.01859136
3272 -0.01858992
3273 -0.01859119
3274 -0.01859566
3275 -0.01860189
3276 -0.01861103
3277 -0.01862259
3278 -0.01863615
3279 -0.01865212
3280 -0.01867045
3281 -0.01869064
3282 -0.01871287
3283 -0.01873691
3284 -0.0187625
3285 -0.01878917
3286 -0.0188175
3287 -0.01884634
3288 -0.01887608
3289 -0.01890606
3290 -0.01893659
3291 -0.01896726
3292 -0.01896976
3293 -0.01897218
3294 -0.01897573
3295 -0.0189803
3296 -0.01898489
3297 -0.01899065
3298 -0.01899809
3299 -0.01900758
3300 -0.01901895
3301 -0.0190328
3302 -0.01904875
3303 -0.01906605
3304 -0.01908488
3305 -0.01910514
3306 -0.0191263
3307 -0.01915075
3308 -0.01917382
3309 -0.01919533
3310 -0.01921581
3311 -0.01923477
3312 -0.01925246
3313 -0.0192686
3314 -0.01928379
3315 -0.01929735
3316 -0.01930952
3317 -0.01932089
3318 -0.01933041
3319 -0.01933808
3320 -0.01934445
3321 -0.01934928
3322 -0.01935177
3323 -0.0193529
3324 -0.01935177
3325 -0.01934931
3326 -0.01934393
3327 -0.01933618
3328 -0.01932631
3329 -0.01931359
3330 -0.01929796
3331 -0.01927845
3332 -0.01925487
3333 -0.0192287
3334 -0.01919791
3335 -0.01916382
3336 -0.01912571
3337 -0.01908377
3338 -0.01903773
3339 -0.01898748
3340 -0.01893333
3341 -0.01887489
3342 -0.01881258
3343 -0.01874662
3344 -0.01867718
3345 -0.01860387
3346 -0.01852748
3347 -0.01844763
3348 -0.01836515
3349 -0.01827944
3350 -0.01819099
3351 -0.01810073
3352 -0.01800817
3353 -0.01791396
3354 -0.01781789
3355 -0.01772064
3356 -0.01762263
3357 -0.01752361
3358 -0.01742417
3359 -0.01732432
3360 -0.01722433
3361 -0.01712436
3362 -0.01702405
3363 -0.01692431
3364 -0.01682566
3365 -0.01672693
3366 -0.0166297
3367 -0.01653275
3368 -0.01643723
3369 -0.01634313
3370 -0.0162504
3371 -0.0161589
3372 -0.01606898
3373 -0.01598118
3374 -0.01589545
3375 -0.01581152
3376 -0.01572985
3377 -0.01565073
3378 -0.01557377
3379 -0.01549945
3380 -0.01542793
3381 -0.01535875
3382 -0.01529275
3383 -0.0152294
3384 -0.01516869
3385 -0.01511095
3386 -0.01505615
3387 -0.01500391
3388 -0.0149547
3389 -0.01490838
3390 -0.01486494
3391 -0.01482221
3392 -0.01478308
3393 -0.01474681
3394 -0.01471326
3395 -0.01468266
3396 -0.01465515
3397 -0.01463057
3398 -0.01460885
3399 -0.01459029
3400 -0.01457393
3401 -0.01456117
3402 -0.0145509
3403 -0.01454349
3404 -0.01453875
3405 -0.01453705
3406 -0.01453774
3407 -0.01454139
3408 -0.01454768
3409 -0.01455661
3410 -0.01456804
3411 -0.01458259
3412 -0.01459922
3413 -0.01461779
3414 -0.01463959
3415 -0.0146412
3416 -0.01464324
3417 -0.01464583
3418 -0.01464885
3419 -0.01465212
3420 -0.01465644
3421 -0.01466166
3422 -0.01466851
3423 -0.01467795
3424 -0.01468903
3425 -0.01470237
3426 -0.01471849
3427 -0.01473688
3428 -0.01475873
3429 -0.01478377
3430 -0.01482021
3431 -0.01485862
3432 -0.01489882
3433 -0.01494089
3434 -0.01498472
3435 -0.01503031
3436 -0.01507714
3437 -0.01512622
3438 -0.01517708
3439 -0.01522954
3440 -0.01528427
3441 -0.01534096
3442 -0.0154003
3443 -0.01546265
3444 -0.01552753
3445 -0.01559561
3446 -0.01566756
3447 -0.0157434
3448 -0.01582304
3449 -0.01590665
3450 -0.01599514
3451 -0.01608793
3452 -0.01618529
3453 -0.01628753
3454 -0.01639445
3455 -0.0165054
3456 -0.01662121
3457 -0.01674039
3458 -0.01686371
3459 -0.01699043
3460 -0.01712014
3461 -0.01725257
3462 -0.01738669
3463 -0.01752239
3464 -0.01765957
3465 -0.01779731
3466 -0.01793507
3467 -0.01807246
3468 -0.01820943
3469 -0.01834496
3470 -0.01847875
3471 -0.01861007
3472 -0.01873949
3473 -0.01886576
3474 -0.01898869
3475 -0.01910892
3476 -0.01922548
3477 -0.01933865
3478 -0.01944831
3479 -0.01955421
3480 -0.01965635
3481 -0.01975546
3482 -0.01985054
3483 -0.01994267
3484 -0.02003105
3485 -0.02011611
3486 -0.02019816
3487 -0.02027705
3488 -0.02035286
3489 -0.02042544
3490 -0.02049485
3491 -0.02056106
3492 -0.02062414
3493 -0.02068391
3494 -0.02074087
3495 -0.02079395
3496 -0.02084405
3497 -0.02089114
3498 -0.02093473
3499 -0.02097532
3500 -0.02101243
3501 -0.02104639
3502 -0.02107761
3503 -0.02110612
3504 -0.021132
3505 -0.02115544
3506 -0.02117654
3507 -0.02119543
3508 -0.02121313
3509 -0.02122927
3510 -0.02124462
3511 -0.02125915
3512 -0.02127368
3513 -0.02128806
3514 -0.02130342
3515 -0.02132015
3516 -0.02133845
3517 -0.02135839
3518 -0.02138138
3519 -0.02140719
3520 -0.02143602
3521 -0.021469
3522 -0.02150563
3523 -0.02154701
3524 -0.02159275
3525 -0.02164333
3526 -0.0216981
3527 -0.02175803
3528 -0.02182247
3529 -0.02189146
3530 -0.02196463
3531 -0.02204229
3532 -0.02212336
3533 -0.02220774
3534 -0.02229505
3535 -0.02238533
3536 -0.02247745
3537 -0.0225714
3538 -0.02266732
3539 -0.02276397
3540 -0.02286129
3541 -0.02295878
3542 -0.02305561
3543 -0.02315158
3544 -0.02324608
3545 -0.02333891
3546 -0.02342891
3547 -0.02351594
3548 -0.02359967
3549 -0.02367931
3550 -0.02375429
3551 -0.02382469
3552 -0.02388873
3553 -0.02394694
3554 -0.02399879
3555 -0.024043
3556 -0.0240798
3557 -0.02410875
3558 -0.0241302
3559 -0.02414281
3560 -0.02414685
3561 -0.02414191
3562 -0.02412792
3563 -0.02410557
3564 -0.02407391
3565 -0.02403321
3566 -0.02398355
3567 -0.02392578
3568 -0.02385914
3569 -0.02378498
3570 -0.02370244
3571 -0.02361254
3572 -0.02351643
3573 -0.02341318
3574 -0.02330443
3575 -0.02319013
3576 -0.02307034
3577 -0.02294582
3578 -0.02281684
3579 -0.02268413
3580 -0.02254797
3581 -0.02240833
3582 -0.02226652
3583 -0.02212207
3584 -0.02197598
3585 -0.02182787
3586 -0.02167849
3587 -0.0215282
3588 -0.02137689
3589 -0.02122514
3590 -0.02107383
3591 -0.02092166
3592 -0.02077024
3593 -0.02061848
3594 -0.02046795
3595 -0.02031869
3596 -0.02017033
3597 -0.02002373
3598 -0.01987922
3599 -0.01973669
3600 -0.01959672
3601 -0.01945933
3602 -0.0193253
3603 -0.0191942
3604 -0.01906605
3605 -0.01894162
3606 -0.01882094
3607 -0.01870374
3608 -0.01859032
3609 -0.01848026
3610 -0.01837396
3611 -0.01827124
3612 -0.01817216
3613 -0.01807631
3614 -0.01798436
3615 -0.01789516
3616 -0.01780927
3617 -0.01772662
3618 -0.0176472
3619 -0.01757012
3620 -0.01749634
3621 -0.01742441
3622 -0.0173551
3623 -0.01728739
3624 -0.0172211
3625 -0.01715649
3626 -0.01709216
3627 -0.0170285
3628 -0.01696411
3629 -0.01689933
3630 -0.01683348
3631 -0.0167662
3632 -0.01669677
3633 -0.016625
3634 -0.01655039
3635 -0.01647216
3636 -0.01639056
3637 -0.01630486
3638 -0.01621467
3639 -0.01612015
3640 -0.0160206
3641 -0.01591613
3642 -0.0158067
3643 -0.01569229
3644 -0.01557326
3645 -0.0154496
3646 -0.01532218
3647 -0.01519012
3648 -0.01505466
3649 -0.01491599
3650 -0.01477477
3651 -0.01463134
3652 -0.01448618
3653 -0.01433989
3654 -0.01419299
3655 -0.01404666
3656 -0.01390102
3657 -0.01375645
3658 -0.01361312
3659 -0.01347214
3660 -0.01333374
3661 -0.01319832
3662 -0.01306599
3663 -0.0129377
3664 -0.0128137
3665 -0.01269432
3666 -0.012579
3667 -0.01246914
3668 -0.0123646
3669 -0.01226545
3670 -0.01217235
3671 -0.01208517
3672 -0.012004
3673 -0.01192899
3674 -0.01186044
3675 -0.01179822
3676 -0.01174239
3677 -0.01169336
3678 -0.01165121
3679 -0.01161561
3680 -0.01158714
3681 -0.01156554
3682 -0.01155063
3683 -0.01154374
3684 -0.01154324
3685 -0.01155062
3686 -0.01156516
3687 -0.01158681
3688 -0.01161603
3689 -0.0116523
3690 -0.01169613
3691 -0.01174718
3692 -0.01180523
3693 -0.01187064
3694 -0.01194326
3695 -0.0120225
3696 -0.01210868
3697 -0.01220188
3698 -0.01230116
3699 -0.01231023
3700 -0.01231972
3701 -0.01233159
3702 -0.0123462
3703 -0.01236153
3704 -0.01238055
3705 -0.0124044
3706 -0.0124357
3707 -0.01247574
3708 -0.01252497
3709 -0.012583
3710 -0.01264925
3711 -0.01272516
3712 -0.01281187
3713 -0.01290836
3714 -0.01300732
3715 -0.01310915
3716 -0.01321278
3717 -0.01331797
3718 -0.01342545
3719 -0.01353442
3720 -0.01364441
3721 -0.01379381
3722 -0.01394426
3723 -0.01409504
3724 -0.01424693
3725 -0.01439887
3726 -0.01455052
3727 -0.01470193
3728 -0.01485209
3729 -0.01500195
3730 -0.01515049
3731 -0.01529724
3732 -0.01544268
3733 -0.01558632
3734 -0.01572785
3735 -0.01586716
3736 -0.01600444
3737 -0.01613888
3738 -0.01627057
3739 -0.01639911
3740 -0.01652496
3741 -0.01664696
3742 -0.01676571
3743 -0.01688109
3744 -0.01699248
3745 -0.01709997
3746 -0.01720416
3747 -0.01730339
3748 -0.01739904
3749 -0.01748966
3750 -0.01757662
3751 -0.01765842
3752 -0.0177366
3753 -0.01780972
3754 -0.01787826
3755 -0.01794283
3756 -0.01800298
3757 -0.0180589
3758 -0.01811037
3759 -0.01815827
3760 -0.01820252
3761 -0.01824317
3762 -0.01827998
3763 -0.01831412
3764 -0.01834513
3765 -0.01837407
3766 -0.01840012
3767 -0.01840289
3768 -0.01840579
3769 -0.01840948
3770 -0.01841393
3771 -0.01841809
3772 -0.01842358
3773 -0.01843002
3774 -0.01843736
3775 -0.0184468
3776 -0.01845684
3777 -0.01846801
3778 -0.0184792
3779 -0.01849115
3780 -0.01850289
3781 -0.01851497
3782 -0.01852632
3783 -0.01853698
3784 -0.0185472
3785 -0.01855702
3786 -0.0185668
3787 -0.01857585
3788 -0.01858502
3789 -0.0185932
3790 -0.01860188
3791 -0.01860943
3792 -0.01861672
3793 -0.01862381
3794 -0.01862999
3795 -0.01863623
3796 -0.01864156
3797 -0.01864609
3798 -0.01864998
3799 -0.01865042
3800 -0.01865066
3801 -0.01865101
3802 -0.01865168
3803 -0.01865248
3804 -0.01865375
3805 -0.0186548
3806 -0.01865633
3807 -0.01865818
3808 -0.01865969
3809 -0.01866082
3810 -0.01866108
3811 -0.01866029
3812 -0.0186583
3813 -0.01865463
3814 -0.0186494
3815 -0.01864295
3816 -0.01863457
3817 -0.01862507
3818 -0.01861381
3819 -0.01860072
3820 -0.01858623
3821 -0.01857017
3822 -0.01855195
3823 -0.01853184
3824 -0.01851028
3825 -0.018487
3826 -0.01846169
3827 -0.01843497
3828 -0.01840629
3829 -0.01837613
3830 -0.01834435
3831 -0.01831037
3832 -0.01827524
3833 -0.01823825
3834 -0.0181993
3835 -0.01815962
3836 -0.01811805
3837 -0.01807478
3838 -0.01803002
3839 -0.01798412
3840 -0.01793659
3841 -0.01786932
3842 -0.01779938
3843 -0.01772765
3844 -0.01765379
3845 -0.01757771
3846 -0.01749993
3847 -0.01742053
3848 -0.01733999
3849 -0.01725743
3850 -0.01717471
3851 -0.01709078
3852 -0.01700571
3853 -0.01692034
3854 -0.01683462
3855 -0.01674794
3856 -0.01666116
3857 -0.01657481
3858 -0.01648887
3859 -0.01640311
3860 -0.01631805
3861 -0.01623349
3862 -0.01615027
3863 -0.01606781
3864 -0.01598706
3865 -0.01590714
3866 -0.01582884
3867 -0.01575205
3868 -0.0156777
3869 -0.01560461
3870 -0.01553365
3871 -0.01546535
3872 -0.01539918
3873 -0.01533558
3874 -0.01527471
3875 -0.01521659
3876 -0.01516059
3877 -0.01510819
3878 -0.01505849
3879 -0.01501143
3880 -0.01496805
3881 -0.0149268
3882 -0.0148894
3883 -0.0148547
3884 -0.01482294
3885 -0.01479426
3886 -0.01476917
3887 -0.01474718
3888 -0.0147278
3889 -0.01471171
3890 -0.01469827
3891 -0.01468795
3892 -0.01468056
3893 -0.01467569
3894 -0.01467339
3895 -0.01467368
3896 -0.01467643
3897 -0.01468136
3898 -0.01468814
3899 -0.01469669
3900 -0.01470701
3901 -0.01471902
3902 -0.01473254
3903 -0.01474672
3904 -0.01476293
3905 -0.01477985
3906 -0.01479749
3907 -0.01481665
3908 -0.01483626
3909 -0.01485692
3910 -0.01487869
3911 -0.01490151
3912 -0.01492587
3913 -0.01495126
3914 -0.01497796
3915 -0.0150064
3916 -0.01503643
3917 -0.01506795
3918 -0.01510131
3919 -0.01513656
3920 -0.01517421
3921 -0.01521396
3922 -0.01525577
3923 -0.01530022
3924 -0.01534703
3925 -0.01539636
3926 -0.01544769
3927 -0.01550179
3928 -0.01555782
3929 -0.01561693
3930 -0.01567808
3931 -0.01574152
3932 -0.01580717
3933 -0.01587491
3934 -0.01594489
3935 -0.01601676
3936 -0.0160906
3937 -0.01616665
3938 -0.01624423
3939 -0.01632363
3940 -0.01640492
3941 -0.01648777
3942 -0.01657238
3943 -0.01665815
3944 -0.01674555
3945 -0.01683418
3946 -0.01692407
3947 -0.01701508
3948 -0.01710737
3949 -0.01720071
3950 -0.01729495
3951 -0.01738959
3952 -0.01748585
3953 -0.01758156
3954 -0.01767863
3955 -0.01777554
3956 -0.01787314
3957 -0.01797073
3958 -0.01806775
3959 -0.0181646
3960 -0.01826222
3961 -0.01835933
3962 -0.01845567
3963 -0.01855198
3964 -0.01864706
3965 -0.01874235
3966 -0.01883674
3967 -0.01893075
3968 -0.01902352
3969 -0.01911524
3970 -0.01920616
3971 -0.01929563
3972 -0.0193837
3973 -0.01947066
3974 -0.01955532
3975 -0.01963842
3976 -0.01971926
3977 -0.01979798
3978 -0.01987416
3979 -0.01994799
3980 -0.02001946
3981 -0.02008829
3982 -0.02015441
3983 -0.02021797
3984 -0.02027981
3985 -0.02034189
3986 -0.02040773
3987 -0.02047905
3988 -0.02055614
3989 -0.02063814
3990 -0.02072391
3991 -0.02081128
3992 -0.02089807
3993 -0.02098085
3994 -0.02105819
3995 -0.02112616
3996 -0.02118418
3997 -0.02123069
3998 -0.02126461
3999 -0.02128651
4000 -0.02129684
