"p_max-rfile"
"Iteration" "p_max"
("Iteration" "p_max")
1 184038.5
2 201669.7
3 230873.2
4 253034.1
5 268981.4
6 280863.7
7 290114.2
8 296541.8
9 300505.9
10 302291.7
11 302176.2
12 300323.4
13 297145.5
14 299194.5
15 306989.6
16 313708.6
17 319288.1
18 323682.9
19 326865.7
20 328829.2
21 329581.9
22 329155.6
23 327598.7
24 324760
25 320858.6
26 316151.8
27 310781.1
28 304877.3
29 298558.7
30 291930.9
31 285086.2
32 278105.6
33 271058.8
34 264006.2
35 256999.3
36 250082.1
37 243291.6
38 236659.3
39 230210.6
40 232782.2
41 236973.2
42 240921.3
43 244609.5
44 248022.8
45 251147.4
46 253971.6
47 256485.6
48 258681.5
49 260553.4
50 262098
51 263314.1
52 264202.4
53 264764.8
54 265005.3
55 264929.1
56 264543.2
57 263863
58 262879.2
59 261630.6
60 260133.1
61 258402.8
62 256448.8
63 254299.9
64 251976.1
65 249496.7
66 246879.9
67 244143.3
68 241303.7
69 238376.8
70 235377.9
71 232321.1
72 229219.6
73 226085.8
74 222931.2
75 219766.2
76 216600.6
77 213609.5
78 213242.3
79 212761.8
80 212173.6
81 211493.1
82 210704.9
83 209812.6
84 208828.9
85 207759.5
86 206609.9
87 205385.5
88 204091.4
89 202733
90 201315.3
91 199843.2
92 198321.6
93 196755.2
94 195148.5
95 193505.9
96 191831.6
97 190129.6
98 188403.9
99 186658.3
100 184896.3
101 183121.3
102 181335.9
103 179541.1
104 177739.3
105 175933
106 174124.8
107 172317.4
108 170513.4
109 168715.7
110 166927.9
111 165155.3
112 164494.4
113 164297.2
114 164109.2
115 163930.3
116 163843.6
117 163798.3
118 163757.3
119 163720.4
120 163687.6
121 163658.8
122 163633.9
123 163612.7
124 163595.2
125 163581.3
126 163570.4
127 163562.4
128 163557.4
129 163555.3
130 163556
131 163559.5
132 163565.8
133 163574.6
134 163586.2
135 163600.2
136 163616.8
137 163635.7
138 163657
139 163680.6
140 163706.5
141 163734.6
142 163764.9
143 163797.3
144 163831.6
145 163868
146 163906.3
147 163946.5
148 163988.6
149 164032.6
150 164078.5
151 164126.4
152 164176
153 164227.6
154 164281
155 164336.4
156 164393.7
157 164453
158 164514.1
159 164577.3
160 164642.6
161 164709.8
162 164779.2
163 164850.6
164 164924.1
165 164999.8
166 165077.6
167 165157.5
168 165239.7
169 165324
170 165449.2
171 165589.5
172 165732.2
173 165877
174 166024.2
175 166173.5
176 166324.9
177 166478.4
178 166633.9
179 166791.3
180 166950.5
181 167111.5
182 167274.3
183 167438.5
184 167604.4
185 167771.6
186 167940.1
187 168109.9
188 168280.8
189 168452.8
190 168625.7
191 168799.5
192 168974
193 169149.2
194 169325
195 169501.3
196 169677.9
197 169854.9
198 170032.2
199 170209.5
200 170386.9
201 170564.2
202 170741.4
203 170918.4
204 171095.1
205 171271.3
206 171447.1
207 171622.3
208 171796.8
209 171970.6
210 172143.5
211 172315.6
212 172486.6
213 172656.6
214 172825.4
215 172992.9
216 173159.1
217 173323.9
218 173487.3
219 173649
220 173809.1
221 173967.6
222 174124.3
223 174279.1
224 174432.1
225 174583.1
226 174732.1
227 174879.1
228 175024
229 175166.8
230 175307.5
231 175445.9
232 175582.2
233 175716.2
234 175848
235 175977.5
236 176104.7
237 176245.6
238 176391.8
239 176535.5
240 176676.6
241 176815.1
242 176951
243 177084.3
244 177214.9
245 177342.8
246 177467.9
247 177590.4
248 177710.1
249 177827.2
250 177941.6
251 178053.3
252 178162.4
253 178268.9
254 178372.9
255 178474.3
256 178573.3
257 178669.8
258 178764
259 178855.8
260 178945.4
261 179032.7
262 179117.8
263 179200.8
264 179281.8
265 179360.7
266 179437.7
267 179512.8
268 179586
269 179657.3
270 179727
271 179794.9
272 179861.1
273 179925.7
274 179988.7
275 180050.1
276 180110
277 180168.5
278 180225.5
279 180281.1
280 180335.3
281 180388.2
282 180439.8
283 180490
284 180539
285 180586.7
286 180633.2
287 180678.4
288 180722.5
289 180765.3
290 180807
291 180847.5
292 180886.8
293 180924.9
294 180961.9
295 180997.7
296 181032.3
297 181065.8
298 181098.1
299 181129.3
300 181159.4
301 181188.2
302 181215.9
303 181242.5
304 181267.9
305 181313.1
306 181358.8
307 181403.7
308 181447.8
309 181491
310 181533.3
311 181574.7
312 181615.1
313 181654.6
314 181693
315 181730.5
316 181766.8
317 181802.1
318 181836.2
319 181869.3
320 181901.1
321 181931.9
322 181961.4
323 181989.7
324 182016.9
325 182042.8
326 182067.4
327 182090.8
328 182112.9
329 182133.7
330 182153.3
331 182171.5
332 182188.4
333 182204
334 182218.2
335 182231
336 182242.6
337 182252.7
338 182261.6
339 182269.1
340 182275.3
341 182280.1
342 182283.7
343 182286
344 182287.1
345 182287
346 182285.7
347 182283.2
348 182279.7
349 182275.1
350 182269.5
351 182262.9
352 182255.4
353 182247
354 182237.9
355 182227.9
356 182217.3
357 182213.3
358 182223.7
359 182234.3
360 182245.2
361 182256.5
362 182272.7
363 182297.9
364 182340.9
365 182383.2
366 182425
367 182466.4
368 182507.6
369 182548.6
370 182589.7
371 182630.8
372 182672.3
373 182714
374 182756.3
375 182799.2
376 182842.8
377 182887.1
378 182932.4
379 182978.7
380 183026
381 183074.6
382 183124.3
383 183175.4
384 183227.8
385 183281.6
386 183336.9
387 183413.1
388 183495.1
389 183579.5
390 183666.2
391 183755.1
392 183891.6
393 184032.3
394 184176.5
395 184323.9
396 184474.1
397 184626.6
398 184780.9
399 184936.5
400 185093
401 185249.8
402 185406.4
403 186169.7
404 187043
405 187895.2
406 188720.7
407 189514.4
408 190271.3
409 190986.5
410 191655.3
411 192267.3
412 192819.1
413 193308.8
414 193735
415 194096.9
416 194393.2
417 194622.8
418 194785.3
419 194880.9
420 194909.5
421 194873
422 194700.2
423 194989.8
424 195188.3
425 195292.9
426 195300.4
427 195208
428 195013.5
429 194711.5
430 194294.6
431 193765.1
432 193128.1
433 192389.9
434 191557.9
435 190639.4
436 189642.6
437 188575.6
438 187446.6
439 186790.3
440 186635.1
441 186479.5
442 186440.5
443 186386
444 186316.3
445 186231.9
446 186133.8
447 186022.8
448 185923.3
449 185856.4
450 185792.1
451 185852.4
452 185898.3
453 185916
454 185927.8
455 186012.6
456 186188.4
457 186485.1
458 186755.5
459 186998.8
460 187213.9
461 187400.1
462 187556.6
463 187682.8
464 187778.4
465 187843.3
466 187877.3
467 188195.3
468 188584.3
469 188944.7
470 189275.3
471 189575.3
472 189844.3
473 190081.7
474 190287.2
475 190460.6
476 190602.3
477 190712.5
478 190791.3
479 190839
480 190855.9
481 190842.4
482 190750.4
483 190606.9
484 190416.6
485 190184.3
486 189914.6
487 189612
488 189280.9
489 188925.9
490 188629.3
491 188432.4
492 188209.9
493 187962.6
494 187691.1
495 187395.7
496 187077
497 186735.7
498 186372.4
499 185987.3
500 186077.6
501 186189.5
502 186403.5
503 186749.3
504 187026.7
505 187232.7
506 187363.4
507 187452.2
508 187818.7
509 188133.3
510 188447
511 188745.3
512 188950.9
513 189017.6
514 188945.2
515 188735.5
516 188398
517 188382.1
518 188365.4
519 188342.8
520 188311.8
521 188268.1
522 188205.9
523 188116.1
524 188016.5
525 187944.9
526 187999.3
527 188050
528 188094.6
529 188130.9
530 188156.5
531 188169.4
532 188167.5
533 188273.3
534 188417
535 188544.8
536 188675.6
537 188892.8
538 189085.6
539 189254.3
540 189399.6
541 189522.1
542 189622.6
543 189702.1
544 189761.4
545 189801.6
546 189823.9
547 189829.1
548 189818.4
549 189792.9
550 189753.6
551 189701.6
552 189637.7
553 189562.8
554 189477.9
555 189383.8
556 189281.3
557 189170.8
558 189052.8
559 188927.5
560 188884.8
561 189006.8
562 189099
563 189159.7
564 189186.9
565 189178.7
566 189133.5
567 189049.4
568 188924.4
569 188756.6
570 188543.9
571 188535.5
572 188564
573 188580.4
574 188582.4
575 188567.8
576 188534
577 188478.5
578 188398.9
579 188292.8
580 188157.3
581 187989.6
582 187788.1
583 187550.7
584 187276.2
585 186963.7
586 186612.6
587 186354.3
588 186149.3
589 185914.8
590 185650.3
591 185775.7
592 186016.6
593 186258.1
594 186500.7
595 186744.7
596 186990.4
597 187237.7
598 187486.5
599 187736.5
600 187987.9
601 188240.6
602 188521.5
603 188804
604 189088.5
605 189375
606 189662.9
607 189952.5
608 190310.6
609 190827.8
610 191319.7
611 191783.5
612 192216.4
613 192616
614 192980.7
615 193309.2
616 193600.9
617 193855.3
618 194072.7
619 194254.1
620 194275.8
621 194297.3
622 194323.7
623 194356
624 194387.6
625 194425.7
626 194471
627 194523.3
628 194581.8
629 194641.6
630 194697.4
631 194745.5
632 194782.6
633 194805.1
634 194810
635 194781.1
636 194884.5
637 195022
638 195130.2
639 195203.8
640 195238
641 195741.1
642 196409.8
643 197054.7
644 197669.3
645 198247
646 198779.8
647 199259.9
648 199679.4
649 200030.2
650 200303.9
651 200493.4
652 200592.4
653 200593
654 200487
655 200266.8
656 199927.5
657 199466.8
658 198881.2
659 198168
660 197326.5
661 196358.1
662 195264.7
663 194495
664 194761.3
665 195048.9
666 195356.7
667 195683.8
668 196029.1
669 196391.6
670 196770.7
671 197165.2
672 197574.5
673 197997.6
674 198433.7
675 198881.8
676 199340.9
677 199809.4
678 200286
679 200768.7
680 201255.5
681 201744.1
682 202231.9
683 202716.1
684 203193.6
685 203660.7
686 204113.5
687 204547.8
688 204592.7
689 204637.5
690 204693.2
691 204762.2
692 204830.8
693 204915.4
694 205019.3
695 205146.2
696 205299.9
697 205475.9
698 205667
699 205870.3
700 206082.1
701 206297.3
702 206509.6
703 206699.3
704 206863.5
705 206999.6
706 207105
707 207177.5
708 207215
709 207215.7
710 207178.2
711 207101.4
712 206984.5
713 206826.9
714 206628.4
715 206389.1
716 206109.3
717 205789.7
718 205431
719 205034.3
720 204601
721 204132.5
722 203451.3
723 203387.7
724 203323.5
725 203242
726 203138
727 203004.7
728 202833
729 202610.6
730 202321.1
731 201942.7
732 201446.5
733 200851.6
734 200236.9
735 199598.3
736 198937.1
737 198254.9
738 197553.2
739 196833.2
740 196096.2
741 195350.6
742 194592.4
743 193822.6
744 193044.6
745 192261.1
746 191474.8
747 190708.5
748 190067.6
749 189424.5
750 188781.7
751 188137.1
752 187627.3
753 187625.1
754 187604.3
755 187564.6
756 187506.6
757 187424.8
758 187322.3
759 187376.2
760 187520
761 187642.7
762 188278
763 188931.9
764 189587.1
765 190235.7
766 190874
767 191499.6
768 192108.9
769 192698.9
770 193264.3
771 193784.6
772 194272
773 194728.9
774 195165
775 195583.5
776 195971.2
777 196502.1
778 197254.3
779 198187.9
780 199078.2
781 199929.6
782 200745.6
783 201520
784 202246.3
785 202918.7
786 203532.7
787 204085
788 204574.5
789 204999.4
790 205358.8
791 205652.1
792 205879.8
793 206042.7
794 206141.9
795 206179.3
796 206156.7
797 206076.6
798 205941.5
799 205754.5
800 205518.7
801 205237.6
802 204913.8
803 204550.4
804 204149.6
805 203713.6
806 203306.8
807 203059.5
808 202786.5
809 202493.4
810 202182.4
811 201856.1
812 201389.1
813 200907.7
814 200863.5
815 200819.5
816 200764
817 200693.5
818 200622.3
819 200531.2
820 200414.4
821 200264.6
822 200072.7
823 199840.3
824 199574.7
825 199277.3
826 198950.5
827 198597
828 198220.7
829 197853.6
830 197497.8
831 197437.8
832 197941.5
833 198428.6
834 198897.5
835 199346.7
836 199774.5
837 200179.2
838 200559.4
839 200913.7
840 201240.1
841 201536.1
842 201864.6
843 202133.7
844 202340.3
845 202481.6
846 202556.2
847 202562.9
848 202590
849 202707.5
850 202766.5
851 202766.7
852 202708.3
853 202591.1
854 202414.8
855 202179.4
856 201884.2
857 201529.8
858 201116.7
859 200645.3
860 200114.3
861 199520.4
862 198866
863 198152.6
864 197381.8
865 196595.3
866 196541.8
867 196602.8
868 196644.6
869 196665.8
870 196665.2
871 196641.1
872 196591
873 196515.2
874 196413.7
875 196287.2
876 196136.2
877 195961.1
878 195762.6
879 195541.6
880 195299.3
881 195038.1
882 194759.3
883 194466
884 194222.8
885 193970.5
886 193710.9
887 193446.4
888 193179.2
889 192911.7
890 192645.7
891 192383.8
892 192130.1
893 191886.6
894 191654
895 191432.7
896 191222.8
897 191024.3
898 190837.4
899 190662.3
900 190499.1
901 190347.6
902 190208.1
903 190080.4
904 189964.2
905 189858.8
906 189763.8
907 189678.6
908 189602.5
909 189534.8
910 189475.1
911 189422.4
912 189375.7
913 189334.1
914 189296.5
915 189261.5
916 189228.2
917 189195
918 189160.6
919 189123.8
920 189083.9
921 189039.9
922 188991.6
923 188937.6
924 188876.9
925 188808.2
926 188729.9
927 188640.8
928 188540.3
929 188427.2
930 188301
931 188160.7
932 188005.3
933 187833.5
934 187644.2
935 187436.3
936 187207.3
937 187291.5
938 187629.3
939 187972.5
940 188319.4
941 188677.3
942 189275.5
943 189872.3
944 190466.3
945 191055.7
946 191639.2
947 192215.3
948 192782.6
949 193339.8
950 193885.1
951 194417.3
952 194935.2
953 195437.3
954 195922.4
955 196388.7
956 196834.5
957 197257.8
958 197656.4
959 198028.3
960 198371
961 198682
962 198958.6
963 199196.8
964 199392.5
965 199542.1
966 199641.9
967 199688.1
968 199676.6
969 199603.5
970 199465.2
971 199257.8
972 198977.8
973 198622
974 198188.3
975 197675
976 197080.4
977 196403.9
978 195645.5
979 194806.2
980 193887
981 192890.1
982 191819.2
983 190678.8
984 190561.5
985 190599.7
986 190631.5
987 190657.2
988 190677.7
989 190693.5
990 190705.5
991 190714.7
992 190725.9
993 190755.9
994 190790.9
995 191776
996 193827.4
997 196267
998 198884.6
999 201508.6
1000 204133.6
1001 206752.6
1002 209401
1003 212148.2
1004 214874.7
1005 217563.1
1006 220194.5
1007 222751.4
1008 225215.5
1009 227567.2
1010 229786.2
1011 231855.6
1012 233761.1
1013 235490.1
1014 237032.6
1015 238378.5
1016 239519.4
1017 240452.5
1018 241174.4
1019 241686.4
1020 241994.2
1021 242105.6
1022 242804.5
1023 243440
1024 244163
1025 244871.8
1026 245423.6
1027 245826
1028 246088.5
1029 246219.1
1030 246230.7
1031 246360.7
1032 246743.4
1033 247025.5
1034 247310.1
1035 247672.9
1036 247943.6
1037 248129.6
1038 248238.6
1039 248278.6
1040 248257.9
1041 248184
1042 248065
1043 247909.1
1044 247724.4
1045 247709.6
1046 247694.4
1047 247674.2
1048 247647.2
1049 247618.9
1050 247581
1051 247529.9
1052 247461.2
1053 247369.2
1054 247254.1
1055 247119.1
1056 246965.3
1057 246795
1058 246611.7
1059 246420.1
1060 246193.4
1061 245993.3
1062 245824.1
1063 245689.8
1064 245594
1065 245540.1
1066 245531.1
1067 245569.7
1068 245658
1069 245797.9
1070 245990.4
1071 246236.3
1072 246535.9
1073 246888.7
1074 247294
1075 247749.8
1076 248254.9
1077 248806.6
1078 249401.6
1079 250037.2
1080 250710.2
1081 251417.5
1082 252159.9
1083 252928.6
1084 253718.9
1085 254526.3
1086 255345.1
1087 256170
1088 256996
1089 257817.2
1090 258627.1
1091 259419.3
1092 260187.8
1093 260267
1094 260346.1
1095 260445
1096 260568.5
1097 260691.9
1098 260845.7
1099 261037.1
1100 261274.2
1101 261566
1102 261904.8
1103 262276.8
1104 262676.4
1105 263096.7
1106 263529.7
1107 263965.9
1108 264369.1
1109 264737.6
1110 265069.9
1111 265364.4
1112 265619.8
1113 265834.8
1114 266008.4
1115 266139.8
1116 266228.2
1117 266273.3
1118 266274.3
1119 266231.2
1120 266143.8
1121 266012
1122 265835.8
1123 265615.4
1124 265351.2
1125 265043.8
1126 264693.5
1127 264300.7
1128 263866.4
1129 263391.5
1130 262876.8
1131 262323.1
1132 261731.3
1133 261102.7
1134 260438.1
1135 259738.1
1136 259000.5
1137 258226.7
1138 257418.3
1139 256577
1140 255704.6
1141 254802.6
1142 253544.7
1143 252246.7
1144 250914.1
1145 249551.5
1146 248164
1147 248028.4
1148 247892.6
1149 247722.4
1150 247508.6
1151 247294.1
1152 247024.4
1153 246684.6
1154 246255.8
1155 245714
1156 245063.2
1157 244319.6
1158 243482.6
1159 242552.4
1160 241536.4
1161 240432.9
1162 239327.5
1163 238224.3
1164 237394.1
1165 236773.3
1166 236142.1
1167 235501
1168 234851.8
1169 234195.4
1170 233532.5
1171 232907
1172 232127.5
1173 231337.9
1174 230539.9
1175 229854.9
1176 229199.3
1177 228542.1
1178 227883.4
1179 227223.4
1180 226562.1
1181 225899.1
1182 225234.2
1183 224566.8
1184 223895.9
1185 223220.9
1186 222541.1
1187 221855.7
1188 221164.1
1189 220465.9
1190 219760.2
1191 219046.8
1192 218325.3
1193 217596
1194 216858.9
1195 216349
1196 215936.2
1197 215514.2
1198 215081.9
1199 214638.4
1200 214183.3
1201 213716.3
1202 213234.6
1203 212743.6
1204 212713.3
1205 212712.2
1206 212684.7
1207 212630.7
1208 212550.7
1209 212445.6
1210 212317.3
1211 212167.5
1212 212174.2
1213 212383.1
1214 212557.6
1215 212696.2
1216 212799
1217 212867.8
1218 212904.5
1219 212911.7
1220 212885.8
1221 213261.1
1222 213841.9
1223 214464.2
1224 215128.5
1225 215834.9
1226 216583.9
1227 217376.2
1228 218212.4
1229 219094.6
1230 220023
1231 220997.7
1232 222019.1
1233 223086.6
1234 224199.7
1235 225394.2
1236 226661.4
1237 227973.8
1238 229329.5
1239 230726.2
1240 232161.6
1241 233633
1242 235137.8
1243 236672.9
1244 238235.2
1245 239821.4
1246 241428.1
1247 243051.9
1248 244689.3
1249 246336.8
1250 247990.9
1251 249648.2
1252 251305.2
1253 252958.4
1254 254604
1255 256238.8
1256 257859
1257 259461.5
1258 261042.7
1259 262599.2
1260 264127.7
1261 265624.9
1262 267087.5
1263 268512.6
1264 269896.8
1265 271236.4
1266 272528.1
1267 273768.3
1268 274953.7
1269 276081
1270 277147.2
1271 278149
1272 279112.1
1273 280068.9
1274 280955
1275 281767.6
1276 282503.8
1277 283161.2
1278 283737.6
1279 284231
1280 284639.8
1281 284962.8
1282 285198.9
1283 285347.7
1284 285408.8
1285 285382.7
1286 285269.8
1287 285071.2
1288 284788.2
1289 284422.2
1290 283974.7
1291 283447.9
1292 282844.6
1293 282167.2
1294 281418.8
1295 280602.6
1296 279722.6
1297 278782.1
1298 277785
1299 276734.9
1300 275635.8
1301 274491.4
1302 273305.4
1303 272080.6
1304 270820.9
1305 269529.9
1306 268210.7
1307 266866.6
1308 265501.3
1309 264117.8
1310 262719.5
1311 261309.6
1312 259891.2
1313 258467.4
1314 257041.2
1315 255616.1
1316 254195.7
1317 252783.5
1318 251383
1319 249997.4
1320 248629.9
1321 247283.3
1322 245960.3
1323 244662.9
1324 243393.3
1325 242153.8
1326 240946.1
1327 239772
1328 238632.6
1329 237528.8
1330 236461.4
1331 235430.9
1332 234436
1333 233475.3
1334 232549.5
1335 231659
1336 230804.2
1337 229984.2
1338 229197.8
1339 228442.9
1340 227719.3
1341 227027
1342 226364.9
1343 225733.1
1344 225131.3
1345 224559.7
1346 224018.3
1347 223507.6
1348 223027.8
1349 222579
1350 222161.2
1351 221774.8
1352 221419.8
1353 221096.1
1354 220836.9
1355 220683.8
1356 220536
1357 220392.8
1358 220430.8
1359 220434
1360 220468.3
1361 220675.3
1362 220901.2
1363 221145.5
1364 221407
1365 221684.1
1366 221975.5
1367 222279.5
1368 222595.2
1369 222921.2
1370 222950.7
1371 222980.1
1372 223017.1
1373 223064.1
1374 223111.5
1375 223171.9
1376 223249.3
1377 223348.7
1378 223476.4
1379 223631.8
1380 223811.2
1381 224014.6
1382 224242
1383 224492.8
1384 224766
1385 225081.1
1386 225392.9
1387 225700
1388 226001.4
1389 226295.8
1390 226582.4
1391 226860.4
1392 227129.5
1393 227388.9
1394 227637.9
1395 227876
1396 228102.4
1397 228316.5
1398 228517.5
1399 228704.6
1400 228877
1401 229034.1
1402 229175
1403 229298.7
1404 229404.4
1405 229490.2
1406 229556.6
1407 229602.7
1408 229627.3
1409 229629.3
1410 229608.4
1411 229564.2
1412 229480.4
1413 229366.1
1414 229221.8
1415 229048.1
1416 228845.7
1417 228616
1418 228360.4
1419 228080.8
1420 227779.1
1421 227457.6
1422 227118.8
1423 226765
1424 226398.7
1425 226022.5
1426 225638.8
1427 225250.1
1428 224858.7
1429 224466.8
1430 224076.1
1431 223688.7
1432 223306.1
1433 222929.6
1434 222560.5
1435 222199.6
1436 222002.7
1437 221983.8
1438 222014.9
1439 222045.7
1440 222083.4
1441 222129.6
1442 222175.2
1443 222231
1444 222299.4
1445 222383.7
1446 222488.6
1447 222614
1448 222758
1449 222921.6
1450 223105.4
1451 223309
1452 223533.5
1453 223761.4
1454 223992.5
1455 224223.3
1456 224450
1457 224679
1458 224911.8
1459 225149.5
1460 225393.6
1461 225644.5
1462 225901
1463 226163.9
1464 226434.5
1465 226713.5
1466 227001.6
1467 227299.4
1468 227606.9
1469 227924.3
1470 228251.4
1471 228585.5
1472 228925.8
1473 229271.9
1474 229623.7
1475 229980.8
1476 230342.5
1477 230708.4
1478 231077.8
1479 231450.2
1480 231824.3
1481 232198.9
1482 232572.9
1483 232944.9
1484 233313.7
1485 233676.9
1486 234031.8
1487 234376.3
1488 234712.4
1489 235041.1
1490 235362.1
1491 235675
1492 235978.9
1493 236272.9
1494 236555
1495 236823
1496 237076.3
1497 237314
1498 237535.5
1499 237740.4
1500 237928.1
1501 238097.9
1502 238249.3
1503 238381.5
1504 238494.3
1505 238587.7
1506 238661.5
1507 238715.2
1508 238748.9
1509 238761.8
1510 238753.1
1511 238723.6
1512 238673.2
1513 238602.3
1514 238511.5
1515 238401.1
1516 238272
1517 238124.6
1518 237959.8
1519 237778
1520 237579.8
1521 237365.9
1522 237136.9
1523 236893.7
1524 236636.9
1525 236365.4
1526 236077.7
1527 235778.6
1528 235469.8
1529 235152.5
1530 234828
1531 234497.1
1532 234048
1533 233591.1
1534 233128.3
1535 232661.6
1536 232192.8
1537 231723.8
1538 231256.6
1539 230793.1
1540 230334.8
1541 229882.8
1542 229438.3
1543 229002.8
1544 228577.4
1545 228163
1546 227760.5
1547 227370.4
1548 226992.8
1549 226627.7
1550 226274.9
1551 225934.2
1552 225605.5
1553 225288.4
1554 225405.7
1555 225796.9
1556 226166.8
1557 226514.3
1558 226838
1559 227137
1560 227410
1561 227708.2
1562 228009.2
1563 228283.8
1564 228531.1
1565 228749.9
1566 228939.2
1567 229098.2
1568 229226.3
1569 229323.2
1570 229388.8
1571 229423
1572 229426.2
1573 229398.6
1574 229340.9
1575 229253.8
1576 229138.1
1577 228994.9
1578 228825.7
1579 228631.5
1580 228413.7
1581 228173.5
1582 227912.3
1583 227631.8
1584 227333.5
1585 227019
1586 226690
1587 226348
1588 226129.5
1589 226203.5
1590 226282.8
1591 226367.2
1592 226456.2
1593 226549.6
1594 226647.2
1595 226748.5
1596 226852.7
1597 226958.7
1598 227066.4
1599 227175.2
1600 227284.6
1601 227393.8
1602 227502.1
1603 227609.4
1604 227715.4
1605 227819.7
1606 227921.8
1607 228021.4
1608 228118.6
1609 228212.7
1610 228302.5
1611 228387.5
1612 228468
1613 228543.9
1614 228615.1
1615 228681.5
1616 228742.8
1617 228886.9
1618 229041.8
1619 229181.6
1620 229306.3
1621 229415.8
1622 229509.9
1623 229588.6
1624 229652
1625 229699.8
1626 229732.4
1627 229749.7
1628 229752
1629 229739.4
1630 229712.3
1631 229670.7
1632 229614.9
1633 229543.6
1634 229457.4
1635 229356.6
1636 229241.8
1637 229113.4
1638 228971.8
1639 228817.1
1640 228649.8
1641 228470
1642 228278.1
1643 228198.3
1644 228120.8
1645 228043.1
1646 227965.5
1647 227888.1
1648 227810.8
1649 227733.6
1650 227656.2
1651 227578.2
1652 227499
1653 227417.6
1654 227333.6
1655 227246.1
1656 227154.4
1657 227057.4
1658 226954.3
1659 226843.9
1660 226725
1661 226596.3
1662 226456.6
1663 226304.9
1664 226140
1665 225961
1666 225766.9
1667 225556.8
1668 225330
1669 225086.2
1670 224825.1
1671 224547.2
1672 224252.9
1673 223943
1674 223618.4
1675 223280.6
1676 222931.3
1677 222572.5
1678 222206
1679 221834
1680 221458.9
1681 221082.7
1682 220916.4
1683 220892.6
1684 220792
1685 220615.7
1686 220366.1
1687 220047.5
1688 219635.9
1689 219458
1690 220138.4
1691 220846.5
1692 221578.2
1693 222330.5
1694 223100.6
1695 223885.6
1696 224682.2
1697 225488.5
1698 226301.1
1699 226382.6
1700 226464.6
1701 226567.6
1702 226697.4
1703 226827.8
1704 226991.8
1705 227197.8
1706 227456.1
1707 227779.1
1708 228162
1709 228593.3
1710 229071.3
1711 229593.8
1712 230158
1713 230760.2
1714 231533.9
1715 232284.8
1716 233011.5
1717 233710.9
1718 234380
1719 235015.9
1720 235615.8
1721 236177.4
1722 236698.5
1723 237177.4
1724 237612.9
1725 238003.9
1726 238349.6
1727 238651.4
1728 238909
1729 239121.7
1730 239289.8
1731 239414.2
1732 239496.3
1733 239537.8
1734 239540.7
1735 239507.4
1736 239440.5
1737 239342.7
1738 239216.9
1739 239066.1
1740 238893.3
1741 238701.7
1742 238845.4
1743 239090.2
1744 239308.1
1745 239500.3
1746 239667.8
1747 239812.2
1748 239934.9
1749 240037.2
1750 240120.7
1751 240186.5
1752 240327.8
1753 240755.9
1754 241146.5
1755 241498.4
1756 241810.4
1757 242081.9
1758 242311.9
1759 242500.3
1760 242647.3
1761 242752.8
1762 242817.5
1763 242841.3
1764 242824.7
1765 242768.5
1766 242673.6
1767 242541.2
1768 242372.7
1769 242169.6
1770 241933.6
1771 241666.4
1772 241370.1
1773 241123.2
1774 241161.1
1775 241204.2
1776 241252.7
1777 241306.7
1778 241366.1
1779 241430.7
1780 241500.2
1781 241574.2
1782 241652.3
1783 241734
1784 241818.6
1785 241905.4
1786 241993.9
1787 242092.7
1788 242225.2
1789 242359.5
1790 242494.6
1791 242629.4
1792 242762.8
1793 242893.5
1794 243020.5
1795 243142.2
1796 243257.1
1797 243363.6
1798 243460.8
1799 243547.4
1800 243622.2
1801 243683.8
1802 243731
1803 243762.4
1804 243776.4
1805 243771.6
1806 243746.8
1807 243700.5
1808 243638.8
1809 243632.5
1810 243603.9
1811 243552.3
1812 243477
1813 243377.4
1814 243253
1815 243103.4
1816 242928.7
1817 242728.7
1818 242537.2
1819 242576.4
1820 242605
1821 242623.4
1822 242632
1823 242631.5
1824 242622.3
1825 242604.9
1826 242579.9
1827 242566.6
1828 242588.4
1829 242604.6
1830 242615.7
1831 242621.6
1832 242622.7
1833 242619.3
1834 242611.8
1835 242600.5
1836 242585.8
1837 242568.3
1838 242548.5
1839 242527.2
1840 242504.9
1841 242482.4
1842 242460.4
1843 242439.6
1844 242420.8
1845 242404.9
1846 242392.6
1847 242384.7
1848 242381.8
1849 242384.7
1850 242394.4
1851 242411.5
1852 242436.9
1853 242471.6
1854 242516.4
1855 242572.1
1856 242639.5
1857 242719.4
1858 242812.2
1859 242918.4
1860 243038.2
1861 243171.7
1862 243318.7
1863 243479.1
1864 243652.6
1865 243838.8
1866 244037.2
1867 244247.2
1868 244468
1869 244698.8
1870 244968.5
1871 245302
1872 245644.6
1873 245994.8
1874 246351
1875 246711.3
1876 247074.3
1877 247438.3
1878 247802
1879 248164
1880 248523
1881 248877.9
1882 249228.5
1883 249573.7
1884 249913.3
1885 250246.1
1886 250571.4
1887 250888.3
1888 251196.4
1889 251495
1890 251784.2
1891 252064.1
1892 252334.6
1893 252595.6
1894 252847.4
1895 253090.4
1896 253325.4
1897 253552
1898 253770.5
1899 253981
1900 254184
1901 254379.8
1902 254568.8
1903 254751.5
1904 254928.5
1905 255100.3
1906 255267.2
1907 255429.5
1908 255587.6
1909 255741.8
1910 255892.4
1911 256039.7
1912 256184.1
1913 256325.8
1914 256465
1915 256601.9
1916 256736.8
1917 256869.8
1918 257000.9
1919 257130.3
1920 257258
1921 257384.2
1922 257508.9
1923 257632.1
1924 257753.8
1925 257874
1926 257992.6
1927 258109.6
1928 258225
1929 258338.9
1930 258451.1
1931 258561.5
1932 258670
1933 258776.5
1934 258880.9
1935 258982.8
1936 259082.4
1937 259179.4
1938 259273.8
1939 259365.5
1940 259454.6
1941 259541.3
1942 259625.4
1943 259706.9
1944 259786
1945 259862.7
1946 259937.4
1947 260010.1
1948 260081
1949 260150.3
1950 260218
1951 260284.5
1952 260350
1953 260414.2
1954 260477.3
1955 260540.8
1956 260707.7
1957 260874.5
1958 261040.3
1959 261204.6
1960 261366.9
1961 261526.8
1962 261683.9
1963 261838.2
1964 261990.1
1965 262139.4
1966 262285.7
1967 262428.8
1968 262568.4
1969 262704.4
1970 262836.7
1971 262965.3
1972 263090.1
1973 263211.1
1974 263328.4
1975 263441.9
1976 263551.7
1977 263657.8
1978 263760.1
1979 263858.8
1980 263953.7
1981 264044.9
1982 264132.4
1983 264216.1
1984 264296.1
1985 264372.3
1986 264444.9
1987 264513.8
1988 264578.9
1989 264640.4
1990 264698.3
1991 264752.6
1992 264803.3
1993 264850.5
1994 264894.2
1995 264934.5
1996 264971.5
1997 265005.1
1998 265035.3
1999 265062.2
2000 265085.9
2001 265106.4
2002 265108.8
2003 265110.2
2004 265111.8
2005 265113.4
2006 265114.8
2007 265116.1
2008 265117.3
2009 265117.7
2010 265116.7
2011 265113.2
2012 265106.6
2013 265096
2014 265081.4
2015 265062.8
2016 265040.8
2017 265038.1
2018 265035.4
2019 265031.9
2020 265027.3
2021 265022.7
2022 265016.6
2023 265008.7
2024 264998.4
2025 264985.3
2026 264969.8
2027 264952.7
2028 264934.4
2029 264915.4
2030 264896.1
2031 264876.9
2032 264859
2033 264842
2034 264825.6
2035 264809.7
2036 264793.9
2037 264778
2038 264761.8
2039 264745.1
2040 264727.8
2041 264709.8
2042 264691.2
2043 264671.8
2044 264651.6
2045 264630.6
2046 264608.9
2047 264586.3
2048 264562.9
2049 264538.8
2050 264513.8
2051 264488.1
2052 264461.4
2053 264434
2054 264405.6
2055 264376.3
2056 264346
2057 264314.6
2058 264282.2
2059 264248.7
2060 264214.2
2061 264178.6
2062 264141.8
2063 264104.1
2064 264065.2
2065 264025.3
2066 263984.5
2067 263942.8
2068 263900.3
2069 263857.3
2070 263813.7
2071 263769.8
2072 263712.1
2073 263654.5
2074 263597.3
2075 263598.5
2076 263607.6
2077 263617.4
2078 263628.1
2079 263639.8
2080 263652.9
2081 263667.4
2082 263683.4
2083 263700.6
2084 263719.1
2085 263738.8
2086 263759.8
2087 263781.9
2088 263805.1
2089 263829.4
2090 263854.8
2091 263881.2
2092 263908.5
2093 263936.7
2094 263965.7
2095 263995.3
2096 264025.6
2097 264056.4
2098 264087.8
2099 264119.8
2100 264152.3
2101 264185.4
2102 264219.1
2103 264253.4
2104 264288.3
2105 264323.9
2106 264360.4
2107 264397.7
2108 264435.7
2109 264474.4
2110 264513.6
2111 264553.2
2112 264593
2113 264632.8
2114 264672.4
2115 264711.4
2116 264749.6
2117 264786.4
2118 264821.5
2119 264854.4
2120 264884.5
2121 264911.2
2122 264933.7
2123 264951.4
2124 264963.4
2125 264968.9
2126 264967
2127 264956.7
2128 264937.3
2129 264907.7
2130 264867.4
2131 264815.5
2132 264751.4
2133 264674.5
2134 264584.3
2135 264480.3
2136 264361.9
2137 264228.6
2138 264080
2139 263915.6
2140 263734.7
2141 263537.7
2142 263519
2143 263500.2
2144 263476.4
2145 263446.2
2146 263415.5
2147 263376.3
2148 263326
2149 263261
2150 263176.5
2151 263071.8
2152 262948.1
2153 262803.6
2154 262636.2
2155 262443.7
2156 262223.4
2157 261992.4
2158 261750.5
2159 261497.4
2160 261233
2161 260957.3
2162 260670
2163 260371.2
2164 260060.7
2165 259738.4
2166 259404.5
2167 259059
2168 258701.9
2169 258333.6
2170 257954
2171 257563.5
2172 257162.4
2173 256751
2174 256329.6
2175 255898.8
2176 255459
2177 255011
2178 254555.5
2179 254093
2180 253624.4
2181 253150.4
2182 252671.7
2183 252189.2
2184 251703.5
2185 251215.3
2186 250725.4
2187 250234.2
2188 249742.4
2189 249250.6
2190 248759.2
2191 248268.8
2192 247779.9
2193 247292.8
2194 246808.2
2195 246326.3
2196 245847.5
2197 245372.4
2198 244901.3
2199 244434.7
2200 243972.9
2201 243516.3
2202 243065.4
2203 242620.6
2204 242182.3
2205 241751
2206 241327.1
2207 240911.2
2208 240503.6
2209 240105
2210 239715.8
2211 239336.5
2212 238967.5
2213 238609.2
2214 238262.1
2215 237926.7
2216 237603.1
2217 237291.8
2218 236993
2219 236707.1
2220 236434.2
2221 236174.4
2222 235927.9
2223 235694.7
2224 235474.9
2225 235268.5
2226 235075.3
2227 234895.2
2228 234728.2
2229 234574
2230 234432.5
2231 234303.4
2232 234186.3
2233 234081.1
2234 233987.3
2235 233904.6
2236 233832.7
2237 233771.3
2238 233720
2239 233678.4
2240 233646
2241 233622.5
2242 233607.5
2243 233600.6
2244 233601.2
2245 233609
2246 233623.7
2247 233644.6
2248 233671.5
2249 233703.8
2250 233741.2
2251 233783.1
2252 233847.7
2253 233917.8
2254 233992.4
2255 234070.5
2256 234151.5
2257 234234.2
2258 234318.1
2259 234402.3
2260 234486.2
2261 234569
2262 234650.1
2263 234728.8
2264 234804.4
2265 234876.3
2266 234943.9
2267 235006.5
2268 235063.6
2269 235114.6
2270 235159
2271 235196.1
2272 235225.7
2273 235247.3
2274 235260.5
2275 235265.1
2276 235260.8
2277 235247.4
2278 235224.8
2279 235193.2
2280 235152.5
2281 235103
2282 235044.9
2283 234978.5
2284 234904.2
2285 234822.4
2286 234733.6
2287 234638.3
2288 234537.1
2289 234430.6
2290 234319.3
2291 234204.1
2292 234085.3
2293 233963.8
2294 233840
2295 233714.7
2296 233588.3
2297 233461.5
2298 233334.7
2299 233208.5
2300 233083.3
2301 232959.5
2302 232837.5
2303 232717.5
2304 232600
2305 232485.1
2306 232373.1
2307 232264
2308 232158.1
2309 232055.3
2310 231955.8
2311 231859.5
2312 231766.3
2313 231676.1
2314 231588.7
2315 231504
2316 231421.7
2317 231341.5
2318 231263.2
2319 231186.4
2320 231110.7
2321 231035.9
2322 230961.5
2323 230887.1
2324 230812.4
2325 230737
2326 230660.6
2327 230582.8
2328 230503.2
2329 230421.8
2330 230338.1
2331 230252.1
2332 230163.6
2333 230072.5
2334 229978.7
2335 229882.4
2336 229783.5
2337 229682.2
2338 229578.8
2339 229473.3
2340 229366.1
2341 229257.5
2342 229147.8
2343 229037.5
2344 228927
2345 228816.7
2346 228707.2
2347 228599
2348 228492.6
2349 228388.6
2350 228287.7
2351 228190.5
2352 228097.5
2353 228009.6
2354 227927.2
2355 227851
2356 227781.6
2357 227719.6
2358 227665.6
2359 227620.2
2360 227583.7
2361 227556.7
2362 227539.6
2363 227532.6
2364 227536.2
2365 227550.5
2366 227575.8
2367 227612.2
2368 227659.7
2369 227718.4
2370 227788.3
2371 227869.3
2372 227961.2
2373 228064.1
2374 228177.7
2375 228301.6
2376 228435.6
2377 228579.4
2378 228732.5
2379 228894.6
2380 229065.2
2381 229244
2382 229430.5
2383 229624.1
2384 229824.5
2385 230030.9
2386 230242.9
2387 230459.9
2388 230681.2
2389 230906.1
2390 231133.9
2391 231364
2392 231595.4
2393 231827.4
2394 231850.8
2395 231874.2
2396 231903.6
2397 231940.5
2398 231977.4
2399 232023.7
2400 232081.6
2401 232154
2402 232244.5
2403 232351.7
2404 232472.5
2405 232606.4
2406 232753
2407 232911.3
2408 233080.5
2409 233246.9
2410 233410.2
2411 233570
2412 233726
2413 233878
2414 234025.5
2415 234168.5
2416 234306.6
2417 234439.7
2418 234567.5
2419 234689.9
2420 234806.9
2421 234918.4
2422 235024.3
2423 235124.7
2424 235219.6
2425 235309.3
2426 235393.7
2427 235473.1
2428 235547.9
2429 235618.1
2430 235684.2
2431 235746.4
2432 235805.2
2433 235861
2434 235914.1
2435 235965.1
2436 236014.4
2437 236062.6
2438 236110
2439 236157.3
2440 236205
2441 236253.7
2442 236303.7
2443 236355.7
2444 236410.2
2445 236467.6
2446 236528.5
2447 236593.4
2448 236662.7
2449 236736.8
2450 236816.1
2451 236901.2
2452 236992.2
2453 237089.5
2454 237193.5
2455 237304.5
2456 237422.6
2457 237548.2
2458 237681.4
2459 237822.4
2460 237971.5
2461 238128.6
2462 238294.1
2463 238467.8
2464 238650
2465 238840.7
2466 239039.9
2467 239247.6
2468 239464
2469 239689
2470 239922.6
2471 240164.9
2472 240415.8
2473 240675.5
2474 240943.8
2475 241220.8
2476 241506.6
2477 241801.1
2478 242104.3
2479 242416.1
2480 242736.7
2481 243065.9
2482 243403.7
2483 243750.2
2484 244105.3
2485 244468.8
2486 244840.9
2487 245221.4
2488 245610.2
2489 246007.4
2490 246412.8
2491 246826.4
2492 247390.7
2493 247968.9
2494 248560.6
2495 249166
2496 249784.9
2497 250417.2
2498 251062.5
2499 251720.4
2500 252390.3
2501 253071.4
2502 253763
2503 254464.1
2504 255173.6
2505 255890.1
2506 256612.2
2507 257338.3
2508 258067.1
2509 258141.6
2510 258216.3
2511 258309.8
2512 258426.8
2513 258544.1
2514 258691
2515 258874.9
2516 259105
2517 259392.5
2518 259733.5
2519 260118.3
2520 260545.8
2521 261015.2
2522 261525.4
2523 262074.9
2524 262779.8
2525 263478.1
2526 264217.8
2527 264948.6
2528 265669
2529 266377.8
2530 267073.9
2531 267756.2
2532 268423.9
2533 269076.3
2534 269712.5
2535 270331.8
2536 270933.8
2537 271517.8
2538 272082.9
2539 272628.7
2540 273154.3
2541 273659.1
2542 274142.2
2543 274602.8
2544 275040
2545 275452.8
2546 275840.4
2547 276201.9
2548 276536.4
2549 276843
2550 277121
2551 277369.7
2552 277591.2
2553 277781.2
2554 277939.2
2555 278065
2556 278158.7
2557 278220.3
2558 278250
2559 278248.3
2560 278215.8
2561 278153.3
2562 278061.6
2563 277942.1
2564 277796.1
2565 277625
2566 277430.5
2567 277214.3
2568 276978.2
2569 276724.3
2570 276454.5
2571 276170.8
2572 275875.4
2573 275570.2
2574 275257.4
2575 274939
2576 274617.1
2577 274293.5
2578 273970.2
2579 273648.9
2580 273331.6
2581 273019.8
2582 272715.1
2583 272419.1
2584 272133
2585 271858.4
2586 271596.6
2587 271348.5
2588 271115.1
2589 270897.5
2590 270696.2
2591 270512.1
2592 270465.8
2593 270559.4
2594 270677.8
2595 270819.6
2596 270983.8
2597 271169.5
2598 271376.1
2599 271603.5
2600 271851
2601 272118
2602 272403.5
2603 272706.9
2604 273027.1
2605 273363.3
2606 273714.4
2607 274079.3
2608 274456.8
2609 274846
2610 275245.8
2611 275654.3
2612 276070.1
2613 276491.3
2614 276916.5
2615 277343.7
2616 277771.2
2617 278197.3
2618 278620.5
2619 279039
2620 279451.3
2621 279855.8
2622 280251.7
2623 280637.7
2624 281012.5
2625 281374.8
2626 281723.3
2627 282056.6
2628 282092.5
2629 282128.5
2630 282173.6
2631 282230
2632 282286.4
2633 282356.5
2634 282443.4
2635 282550.3
2636 282680.5
2637 282829.9
2638 282992
2639 283164.2
2640 283343.9
2641 283528.1
2642 283713.9
2643 283904.8
2644 284079.5
2645 284238.2
2646 284380.5
2647 284506.3
2648 284615.7
2649 284708.2
2650 284783.4
2651 284841.2
2652 284881.3
2653 284903.5
2654 284907.8
2655 284894.3
2656 284863.1
2657 284814.2
2658 284748
2659 284664.6
2660 284564.4
2661 284447.8
2662 284315.2
2663 284167.4
2664 284004.9
2665 283828.5
2666 283639
2667 283437.2
2668 283224.1
2669 283000.6
2670 282767.3
2671 282525.2
2672 282275.4
2673 282019
2674 281756.7
2675 281489.2
2676 281217
2677 280940.9
2678 280661.4
2679 280379.1
2680 280094.4
2681 279807.8
2682 279519.3
2683 279229.4
2684 278938.2
2685 278645.7
2686 278351.9
2687 278056.8
2688 277760.1
2689 277461.7
2690 277161.1
2691 276858
2692 276551.9
2693 276242.3
2694 275928.6
2695 275609.9
2696 275285.3
2697 274954
2698 274615.2
2699 274267.5
2700 273910.1
2701 273541.9
2702 273161.8
2703 272768.8
2704 272361.9
2705 271940.4
2706 271503.5
2707 271050.6
2708 270581.3
2709 270095.3
2710 269592.8
2711 269073.8
2712 268538.8
2713 267988.4
2714 267423.4
2715 266844.8
2716 266253.8
2717 265652
2718 265041.2
2719 264423.3
2720 263800.8
2721 263175.4
2722 262548.8
2723 261923
2724 261299.8
2725 260681.1
2726 260068.9
2727 259465
2728 258871.2
2729 258289.1
2730 257719.8
2731 257164.3
2732 256623.5
2733 256097.9
2734 255588.1
2735 255280.1
2736 254991.1
2737 254716.8
2738 254458.3
2739 254214.5
2740 253979.8
2741 253759.7
2742 253552.9
2743 253359.1
2744 253226.6
2745 253136.3
2746 253052.8
2747 252976.4
2748 252907.1
2749 252844.9
2750 252789.4
2751 252740.4
2752 252697.5
2753 252660.4
2754 252628.6
2755 252601.8
2756 252579.5
2757 252561.2
2758 252546.4
2759 252534.4
2760 252524.5
2761 252516
2762 252509.2
2763 252501.9
2764 252493.2
2765 252482.1
2766 252467.9
2767 252450.1
2768 252427.9
2769 252400.9
2770 252368.6
2771 252330.6
2772 252286.6
2773 252236.3
2774 252179.4
2775 252115.6
2776 252044.5
2777 251965.7
2778 251878.8
2779 251783.3
2780 251679.2
2781 251566.3
2782 251444.7
2783 251314.5
2784 251176
2785 251029.1
2786 250874.2
2787 250711.4
2788 250541.1
2789 250363.6
2790 250179.2
2791 249988.2
2792 249790.9
2793 249587.4
2794 249377.8
2795 249162.4
2796 248941.1
2797 248714.3
2798 248481.7
2799 248243.5
2800 247999.6
2801 247750.1
2802 247494.9
2803 247233.8
2804 246966.9
2805 246694
2806 246415
2807 246129.7
2808 245837.8
2809 245539
2810 245509.1
2811 245479.1
2812 245441.4
2813 245394
2814 245346.3
2815 245286.5
2816 245211.1
2817 245115.9
2818 244995.6
2819 244850.7
2820 244684.6
2821 244496.6
2822 244285.8
2823 244051.4
2824 243791.9
2825 243436.9
2826 243071.6
2827 242695.3
2828 242307
2829 241906
2830 241491.5
2831 241063.1
2832 240620.4
2833 240163
2834 239690.7
2835 239203.2
2836 238700.8
2837 238183.7
2838 237652.2
2839 237106.8
2840 236547.8
2841 235975.9
2842 235391.9
2843 234796.7
2844 234191.5
2845 233577.3
2846 232955.1
2847 232325.9
2848 231690.1
2849 231048.3
2850 230410.6
2851 229985.7
2852 229553.8
2853 229115.7
2854 228672.5
2855 228225.1
2856 227774.5
2857 227321.6
2858 226867.1
2859 226411.4
2860 225954.8
2861 225498
2862 225040.9
2863 224583.8
2864 224126.7
2865 223668.8
2866 223621.8
2867 223574.8
2868 223516.2
2869 223443.1
2870 223370.1
2871 223279
2872 223165.3
2873 223023.1
2874 222845
2875 222633
2876 222392.4
2877 222122.9
2878 221824.3
2879 221496.2
2880 221138.1
2881 220777.8
2882 220415.3
2883 220050.6
2884 219683.8
2885 219315
2886 218944.5
2887 218572.5
2888 218199.5
2889 217838.6
2890 217870.7
2891 217892.4
2892 217903
2893 217901.8
2894 217887.8
2895 217860
2896 217817.5
2897 217759.3
2898 217887.8
2899 218237
2900 218577
2901 218905.5
2902 219221
2903 219521.9
2904 219806.7
2905 220073.3
2906 220319.9
2907 220545.7
2908 220750.6
2909 220934
2910 221081
2911 221188.3
2912 221259.4
2913 221302.2
2914 221317.3
2915 221301.3
2916 221252
2917 221168.1
2918 221322.8
2919 221713.4
2920 222083.8
2921 222433.2
2922 222761.7
2923 223068.1
2924 223350.5
2925 223606.6
2926 223834.3
2927 224031.7
2928 224199.6
2929 224338.5
2930 224425
2931 224460.6
2932 224464.3
2933 224439
2934 224383.8
2935 224297.9
2936 224182
2937 224037.1
2938 223864.3
2939 223664.8
2940 223439.7
2941 223442.8
2942 223661.7
2943 223857.3
2944 224032.4
2945 224188.9
2946 224326.3
2947 224445
2948 224544
2949 224626.1
2950 224692.7
2951 224744.4
2952 224781.7
2953 224800.6
2954 224815
2955 224822.6
2956 224826
2957 224827.3
2958 224828
2959 224829.2
2960 224830.7
2961 224833.5
2962 224831.6
2963 224827.4
2964 224821.7
2965 224816.9
2966 224814.8
2967 224819.2
2968 224834
2969 224861.2
2970 224903.5
2971 224960.3
2972 225034.8
2973 225125.2
2974 225231.5
2975 225354.3
2976 225493
2977 225644.8
2978 225807.2
2979 225979.7
2980 226164.1
2981 226358.2
2982 226558.3
2983 226760.5
2984 226965.3
2985 227172.7
2986 227382.4
2987 227593.9
2988 227807
2989 228019.8
2990 228228.9
2991 228434.1
2992 228635.1
2993 228829.9
2994 229016.8
2995 229200.6
2996 229378.7
2997 229546.9
2998 229701.4
2999 229840.6
3000 229962.9
3001 230066.8
3002 230152.3
3003 230464.6
3004 230773.3
3005 231068.1
3006 231349.4
3007 231617.6
3008 231873.2
3009 232116.6
3010 232348.5
3011 232569.3
3012 232779.8
3013 232980.6
3014 233172.1
3015 233354.6
3016 233528.4
3017 233694
3018 233851.5
3019 234001
3020 234142.8
3021 234276.7
3022 234402.7
3023 234520.5
3024 234630
3025 234730.8
3026 234822.5
3027 234904.8
3028 234977.4
3029 235040
3030 235092.2
3031 235134
3032 235165.3
3033 235186.1
3034 235196.4
3035 235196.7
3036 235187.2
3037 235168.6
3038 235141.5
3039 235106.6
3040 235064.9
3041 235017.3
3042 234964.8
3043 234908.4
3044 234849.4
3045 234788.8
3046 234727.6
3047 234666.9
3048 234607.8
3049 234551.2
3050 234498
3051 234449
3052 234405.1
3053 234366.8
3054 234335
3055 234310.1
3056 234292.9
3057 234283.8
3058 234283.7
3059 234308
3060 234379.1
3061 234461.8
3062 234556.6
3063 234664.2
3064 234785.2
3065 234920.5
3066 235070.8
3067 235236.8
3068 235419.4
3069 235619.5
3070 235837.7
3071 236075.2
3072 236380.2
3073 236763.1
3074 237168.8
3075 237597.2
3076 238048.5
3077 238522.7
3078 239020
3079 239540.9
3080 239591.2
3081 239641.7
3082 239705.4
3083 239786
3084 239867.4
3085 239970.9
3086 240102.5
3087 240270.6
3088 240485.5
3089 240746.8
3090 241049.1
3091 241394
3092 241783.5
3093 242219.3
3094 242703.5
3095 243367.2
3096 244047.3
3097 244743
3098 245453.1
3099 246176.1
3100 246910.3
3101 247654.4
3102 248406.3
3103 249163.5
3104 249923
3105 250682.4
3106 251438.7
3107 252189.3
3108 252931.5
3109 253662.7
3110 254380.5
3111 255082.5
3112 255766.8
3113 256431
3114 257072.9
3115 257690.6
3116 258282.3
3117 258846.3
3118 259381.2
3119 259885.6
3120 260358.4
3121 260798.7
3122 261205.9
3123 261579.5
3124 261919.9
3125 262226.9
3126 262500.7
3127 262741.6
3128 262950.6
3129 263128.4
3130 263276.2
3131 263395.3
3132 263487.2
3133 263553.4
3134 263595.7
3135 263616.1
3136 263616.5
3137 263599.1
3138 263565.9
3139 263519
3140 263460.5
3141 263392.3
3142 263316.6
3143 263235.5
3144 263151
3145 263064.7
3146 262978.6
3147 262894.4
3148 262813.6
3149 262737.4
3150 262667
3151 262603.3
3152 262547.4
3153 262499.7
3154 262460.8
3155 262431.1
3156 262410.9
3157 262400.3
3158 262399.2
3159 262408
3160 262426.9
3161 262455.8
3162 262494.4
3163 262543
3164 262601.6
3165 262670.2
3166 262748.7
3167 262837.2
3168 262935.9
3169 263044.5
3170 263162.9
3171 263290.8
3172 263428.1
3173 263574.3
3174 263729.2
3175 263892.3
3176 264063.1
3177 264241.6
3178 264427
3179 264618.5
3180 264815.1
3181 265015.8
3182 265219.6
3183 265425.8
3184 265633.5
3185 265841.6
3186 266049
3187 266269.2
3188 266576
3189 266884.4
3190 267193.7
3191 267503.2
3192 267812.3
3193 268120.7
3194 268429.5
3195 268739.2
3196 269049.1
3197 269358.6
3198 269667.4
3199 269975.1
3200 270283
3201 270591.4
3202 270900
3203 271211.4
3204 271243.8
3205 271276.6
3206 271317.9
3207 271370
3208 271422.5
3209 271488.5
3210 271571.3
3211 271674.9
3212 271804.4
3213 271957.8
3214 272131.1
3215 272323.8
3216 272535.9
3217 272767
3218 273016.7
3219 273332.8
3220 273646.5
3221 274068
3222 274615.8
3223 275155.2
3224 275683.2
3225 276196.6
3226 276692.6
3227 277168.5
3228 277621.3
3229 278048.8
3230 278448.6
3231 278818.2
3232 279155
3233 279456.7
3234 279721.2
3235 279946.3
3236 280130.6
3237 280272.3
3238 280370.3
3239 280423.7
3240 280432.8
3241 280397.2
3242 280316.4
3243 280190.6
3244 280020.5
3245 279806.5
3246 279549.2
3247 279249.5
3248 278908.7
3249 278528.3
3250 278109.8
3251 277655.3
3252 277166.5
3253 276645.6
3254 276094.9
3255 275516.7
3256 274913.3
3257 274287.3
3258 273641.1
3259 272977.3
3260 272298.7
3261 271607.5
3262 270906.5
3263 270198
3264 269484.4
3265 268767.8
3266 268050.4
3267 267334.3
3268 266621.6
3269 265914.1
3270 265213.6
3271 264521.7
3272 263819.8
3273 263130.4
3274 262455.1
3275 261795
3276 261147.4
3277 260513.7
3278 259895.2
3279 259293.1
3280 258708.1
3281 258141.1
3282 257593
3283 257064.4
3284 256556.1
3285 256068.8
3286 255603
3287 255159.2
3288 254737.7
3289 254339.2
3290 253963.9
3291 253612.4
3292 253284.8
3293 253249.5
3294 253214.3
3295 253170.6
3296 253116.7
3297 253063.3
3298 252997.8
3299 252917.6
3300 252820.3
3301 252703.1
3302 252570
3303 252426.9
3304 252276.7
3305 252122.2
3306 251966.9
3307 251814.2
3308 251655.8
3309 251518.8
3310 251403
3311 251308.6
3312 251235.4
3313 251183.5
3314 251153
3315 251143.7
3316 251173.2
3317 251222.1
3318 251286.3
3319 251365.4
3320 251459.3
3321 251568
3322 251691.2
3323 251828.8
3324 252000.7
3325 252196.6
3326 252411.9
3327 252646.2
3328 252899
3329 253170
3330 253458.8
3331 253764.9
3332 254108.2
3333 254469.5
3334 254848.1
3335 255243.7
3336 255656
3337 256084.1
3338 256527.4
3339 256985
3340 257455.9
3341 257939.3
3342 258434.1
3343 258939.8
3344 259455.8
3345 259981
3346 260514.2
3347 261053.8
3348 261598.3
3349 262146.1
3350 262695.9
3351 263246
3352 263795.2
3353 264342.3
3354 264885.6
3355 265423.3
3356 265953.2
3357 266473.5
3358 266982.2
3359 267477.4
3360 267957.7
3361 268423.1
3362 268871.4
3363 269300.5
3364 269708.3
3365 270093
3366 270452.8
3367 270786.2
3368 271092
3369 271369
3370 271616.3
3371 271833.1
3372 272018.6
3373 272172.1
3374 272293.3
3375 272382
3376 272437.5
3377 272459.6
3378 272447.9
3379 272402.2
3380 272322.3
3381 272208.6
3382 272061.1
3383 271880.3
3384 271666.8
3385 271421.4
3386 271145.2
3387 270839.6
3388 270505.8
3389 270145.5
3390 269760.6
3391 269353
3392 268903.3
3393 268434.1
3394 267947.9
3395 267447.5
3396 266935.5
3397 266414.7
3398 265887.5
3399 265356
3400 264822.4
3401 264288.3
3402 263755.2
3403 263224.3
3404 262696.2
3405 262171.5
3406 261650.3
3407 261132.4
3408 260617.4
3409 260104.5
3410 259593
3411 259081.5
3412 258568.8
3413 258053.7
3414 257534.7
3415 257010.2
3416 256958
3417 256905.8
3418 256840.4
3419 256758.5
3420 256676.5
3421 256573.8
3422 256445
3423 256283.4
3424 256079.9
3425 255836
3426 255557
3427 255241.5
3428 254887.7
3429 254493.4
3430 254056.2
3431 253455
3432 252837.4
3433 252203.1
3434 251551.6
3435 250882.8
3436 250196.8
3437 249493.8
3438 248774.2
3439 248038.2
3440 247286.5
3441 246520.1
3442 245740.3
3443 244948.7
3444 244147.1
3445 243337.7
3446 242522.8
3447 241701
3448 240868.3
3449 240028.9
3450 239186.7
3451 238345.2
3452 237530.6
3453 237020.9
3454 236521.8
3455 236275.1
3456 236037.1
3457 235804
3458 235576.3
3459 235355.2
3460 235141.6
3461 234936.5
3462 234740.6
3463 234554.7
3464 234379.4
3465 234215.4
3466 234063.3
3467 233923.7
3468 233796.5
3469 233681.3
3470 233577.2
3471 233483.1
3472 233398.7
3473 233323.2
3474 233255.8
3475 233197.6
3476 233141.2
3477 233093
3478 233049.1
3479 233008.6
3480 232971.5
3481 232937.9
3482 232907.7
3483 232880.4
3484 233054.5
3485 233219.1
3486 233367
3487 233499.4
3488 233617.1
3489 233721.3
3490 233812.9
3491 233893.4
3492 233964.4
3493 234027.3
3494 234083.7
3495 234134.8
3496 234181.6
3497 234224.6
3498 234264.6
3499 234302.5
3500 234339.5
3501 234376
3502 234412.9
3503 234450
3504 234487.6
3505 234646.2
3506 234814
3507 234991.4
3508 235179.9
3509 235381.3
3510 235596.8
3511 235827.7
3512 236075.3
3513 236341.1
3514 236626.1
3515 236931.4
3516 237258
3517 237606.2
3518 237976.6
3519 238369.6
3520 238785.2
3521 239308.3
3522 239923.1
3523 240571
3524 241250.9
3525 241961.8
3526 242702.4
3527 243470.8
3528 244266.1
3529 245087
3530 245931.9
3531 246799
3532 247686
3533 248590.3
3534 249509.7
3535 250441.8
3536 251383.9
3537 252333.1
3538 253287.6
3539 254245.3
3540 255204.5
3541 256163
3542 257118.9
3543 258070.8
3544 259017.3
3545 259956.2
3546 260885.3
3547 261802.5
3548 262705.6
3549 263592.6
3550 264461.7
3551 265311.1
3552 266139.1
3553 266944
3554 267724.1
3555 268478
3556 269204.7
3557 269903.9
3558 270576.1
3559 271220.3
3560 271835.6
3561 272421.9
3562 272979.2
3563 273507.6
3564 274007.7
3565 274480.3
3566 274926.2
3567 275346.3
3568 275741.5
3569 276113.4
3570 276462.5
3571 276789.8
3572 277095.8
3573 277380.8
3574 277645.7
3575 277890.8
3576 278116.4
3577 278322.9
3578 278536.5
3579 278757.4
3580 278960.9
3581 279147
3582 279315.5
3583 279466.4
3584 279599.5
3585 279714.9
3586 279812.4
3587 279892.3
3588 279954.5
3589 279999.5
3590 280027.4
3591 280038.9
3592 280034.3
3593 280014.5
3594 279980
3595 279931.7
3596 279870.5
3597 279797.3
3598 279713.3
3599 279619.3
3600 279516.6
3601 279406.1
3602 279288.8
3603 279165.8
3604 279037.8
3605 278905.4
3606 278769.3
3607 278629.8
3608 278487.3
3609 278341.8
3610 278193.4
3611 278041.8
3612 277886.5
3613 277727.2
3614 277563.1
3615 277393.3
3616 277216.8
3617 277032.5
3618 276839.2
3619 276635.5
3620 276420.1
3621 276191.3
3622 275947.8
3623 275687.9
3624 275410.2
3625 275113
3626 274795.1
3627 274454.9
3628 274091.4
3629 273703.2
3630 273289.4
3631 272849.2
3632 272381.6
3633 271886.2
3634 271362.3
3635 270809.6
3636 270228
3637 269617.4
3638 268978
3639 268310.2
3640 267614.4
3641 266891.3
3642 266141.9
3643 265367
3644 264567.8
3645 263745.7
3646 262902
3647 262038.3
3648 261156.2
3649 260257.7
3650 259344.5
3651 258418.9
3652 257482.6
3653 256538
3654 255587.4
3655 254632.8
3656 253676.7
3657 252721.6
3658 251769.9
3659 250821.9
3660 249879.2
3661 248944.4
3662 248020.1
3663 247108.7
3664 246212.5
3665 245322.8
3666 244439.5
3667 243568.2
3668 242712.6
3669 241875.4
3670 241058.7
3671 240264
3672 239492.3
3673 238744.3
3674 238020.6
3675 237321.3
3676 236646.6
3677 235996.1
3678 235372.6
3679 234820.8
3680 234275.2
3681 233735
3682 233199.2
3683 232666.8
3684 232137.1
3685 231609.4
3686 231083.2
3687 230606.3
3688 230157.3
3689 229721.2
3690 229297.4
3691 228885
3692 228481.8
3693 228129.3
3694 227889.9
3695 227656.1
3696 227426.9
3697 227201.1
3698 226977.9
3699 226756.5
3700 226734
3701 226711.6
3702 226683.7
3703 226648.9
3704 226614.1
3705 226570.7
3706 226516.6
3707 226448.9
3708 226364.4
3709 226264
3710 226150.5
3711 226024.1
3712 225884.7
3713 225732.2
3714 225566.4
3715 225400.1
3716 225233
3717 225065
3718 224896.1
3719 224726.3
3720 224555.6
3721 224384.2
3722 224157.2
3723 223930.7
3724 223705.2
3725 223481.1
3726 223259.1
3727 223039.8
3728 222824.5
3729 222613.9
3730 222409
3731 222210.9
3732 222020.9
3733 221840.5
3734 221670.9
3735 221513.8
3736 221370.3
3737 221241.9
3738 221129.5
3739 221034.2
3740 220956.9
3741 220898.5
3742 220859.5
3743 220840.4
3744 220841.6
3745 220863.4
3746 220905.8
3747 220968.8
3748 221052.1
3749 221254.5
3750 221585
3751 221906.6
3752 222219.1
3753 222522.6
3754 222817.3
3755 223103
3756 223380
3757 223648.3
3758 223908.2
3759 224159.6
3760 224403
3761 224637.6
3762 224863.6
3763 225081.7
3764 225292.8
3765 225497.6
3766 225697.8
3767 225893.7
3768 225914.1
3769 225934.2
3770 225958.8
3771 225988.7
3772 226018
3773 226053.6
3774 226128.9
3775 226237.7
3776 226375.6
3777 226541.4
3778 226731
3779 226944.4
3780 227181.6
3781 227442.5
3782 227726.5
3783 228011
3784 228295.7
3785 228580.6
3786 228872.3
3787 229165.3
3788 229456.6
3789 229746
3790 230033.4
3791 230318.5
3792 230601.2
3793 230881.1
3794 231158
3795 231431.3
3796 231701
3797 231966.4
3798 232227.4
3799 232483.5
3800 232509.3
3801 232535.1
3802 232567.3
3803 232607.5
3804 232657.7
3805 232720.1
3806 232797.8
3807 232894
3808 233012.9
3809 233159.2
3810 233324
3811 233500.6
3812 233724.4
3813 233941.1
3814 234150.9
3815 234358.8
3816 234562
3817 234758.1
3818 234947.2
3819 235129.2
3820 235304
3821 235471.6
3822 235632.1
3823 235785.5
3824 235931.9
3825 236071.4
3826 236204.2
3827 236330.3
3828 236450.1
3829 236563.6
3830 236671
3831 236772.5
3832 236868.2
3833 236958.4
3834 237043.1
3835 237122.5
3836 237196.9
3837 237266.2
3838 237330.6
3839 237390.3
3840 237445.3
3841 237495.8
3842 237554.8
3843 237606.2
3844 237650.2
3845 237687.2
3846 237717.2
3847 237740.6
3848 237757.6
3849 237768.7
3850 237774.2
3851 237774.6
3852 237770.5
3853 237762.2
3854 237750.4
3855 237735.7
3856 237718.7
3857 237700.2
3858 237680.6
3859 237660.8
3860 237641.4
3861 237623
3862 237606.2
3863 237591.7
3864 237580
3865 237571.8
3866 237567.5
3867 237567.6
3868 237572.6
3869 237582.8
3870 237598.7
3871 237620.3
3872 237648.1
3873 237682.2
3874 237722.6
3875 237769.6
3876 237823
3877 237883
3878 237949.3
3879 238022
3880 238100.9
3881 238185.8
3882 238276.4
3883 238372.6
3884 238474
3885 238580.2
3886 238691
3887 238805.9
3888 238924.5
3889 239046.5
3890 239171.5
3891 239299.2
3892 239429
3893 239560.6
3894 239693.6
3895 239827.8
3896 239962.6
3897 240097.8
3898 240233.1
3899 240368.1
3900 240502.6
3901 240636.2
3902 240768.7
3903 240899.9
3904 241029.4
3905 241157.1
3906 241282.8
3907 241406.2
3908 241527.2
3909 241645.7
3910 241761.5
3911 241874.6
3912 241985
3913 242092.7
3914 242197.5
3915 242299.6
3916 242398.9
3917 242495.3
3918 242588.9
3919 242679.7
3920 242767.7
3921 242852.9
3922 242935.2
3923 243014.8
3924 243091.5
3925 243165.4
3926 243236.5
3927 243304.8
3928 243370.3
3929 243433
3930 243493
3931 243550.4
3932 243605.1
3933 243657.3
3934 243707.1
3935 243754.6
3936 243800.1
3937 243843.6
3938 243885.4
3939 243925.7
3940 243964.8
3941 244003
3942 244040.6
3943 244077.8
3944 244115.2
3945 244152.9
3946 244191.5
3947 244231.2
3948 244272.4
3949 244315.5
3950 244360.8
3951 244408.8
3952 244459.6
3953 244513.5
3954 244570.9
3955 244631.9
3956 244696.5
3957 244765
3958 244837.4
3959 244913.6
3960 244993.9
3961 245078
3962 245166.1
3963 245258.1
3964 245353.9
3965 245453.7
3966 245557.3
3967 245664.8
3968 245776.1
3969 245891.2
3970 246010.2
3971 246132.9
3972 246259.3
3973 246389.4
3974 246523.2
3975 246660.6
3976 246801.5
3977 246946
3978 247093.9
3979 247245.3
3980 247400.1
3981 247558.3
3982 247719.8
3983 247884.7
3984 248053
3985 248224.4
3986 248399.2
3987 248577.1
3988 248758.1
3989 248942.2
3990 249129.3
3991 249319.2
3992 249511.9
3993 249707.2
3994 249905
3995 250105.2
3996 250307.5
3997 250511.9
3998 250718.2
3999 250926.3
4000 251135.9
