"t_max-rfile"
"Iteration" "t_max"
("Iteration" "t_max")
1 1132.513
2 1195.882
3 1244.083
4 1277.311
5 1302.459
6 1323.573
7 1339.268
8 1360.783
9 1377.529
10 1389.954
11 1398.37
12 1403.118
13 1404.528
14 1402.927
15 1398.639
16 1391.33
17 1382.444
18 1372.403
19 1361.531
20 1350.086
21 1338.27
22 1328.285
23 1326.352
24 1322.358
25 1316.976
26 1310.564
27 1303.326
28 1303.46
29 1303.892
30 1303.894
31 1303.5
32 1302.741
33 1301.199
34 1299.242
35 1296.928
36 1294.312
37 1291.444
38 1288.367
39 1285.122
40 1281.738
41 1278.248
42 1274.682
43 1271.062
44 1267.41
45 1263.744
46 1260.08
47 1256.434
48 1252.815
49 1249.229
50 1245.692
51 1242.213
52 1238.798
53 1235.453
54 1232.182
55 1228.989
56 1225.876
57 1222.9
58 1222.606
59 1222.21
60 1221.718
61 1221.136
62 1220.472
63 1219.73
64 1218.917
65 1218.038
66 1217.098
67 1216.102
68 1215.054
69 1213.96
70 1212.822
71 1211.644
72 1210.431
73 1209.185
74 1207.91
75 1206.608
76 1205.282
77 1203.934
78 1207.862
79 1212.705
80 1217.486
81 1222.206
82 1226.865
83 1231.465
84 1236.006
85 1240.489
86 1244.914
87 1249.283
88 1253.596
89 1257.853
90 1262.056
91 1266.204
92 1270.299
93 1274.342
94 1278.333
95 1282.257
96 1286.123
97 1289.934
98 1293.69
99 1297.393
100 1301.045
101 1304.647
102 1308.201
103 1311.71
104 1315.153
105 1318.555
106 1321.915
107 1325.234
108 1328.51
109 1331.744
110 1334.934
111 1338.079
112 1341.18
113 1344.234
114 1347.241
115 1350.201
116 1353.111
117 1355.972
118 1358.784
119 1361.546
120 1364.257
121 1366.918
122 1369.528
123 1372.087
124 1374.595
125 1377.051
126 1379.454
127 1381.806
128 1384.104
129 1386.349
130 1388.541
131 1390.681
132 1392.767
133 1394.8
134 1396.778
135 1398.701
136 1400.565
137 1402.369
138 1404.112
139 1405.794
140 1407.414
141 1408.971
142 1410.467
143 1411.904
144 1413.284
145 1414.608
146 1415.875
147 1417.09
148 1418.253
149 1419.368
150 1420.436
151 1421.459
152 1422.441
153 1423.382
154 1424.286
155 1425.154
156 1425.988
157 1426.791
158 1427.564
159 1428.306
160 1429.021
161 1429.711
162 1430.376
163 1431.019
164 1431.641
165 1432.243
166 1432.828
167 1433.397
168 1433.953
169 1434.497
170 1435.031
171 1435.558
172 1436.082
173 1436.603
174 1437.121
175 1437.638
176 1438.154
177 1438.671
178 1439.189
179 1439.709
180 1440.231
181 1440.756
182 1441.285
183 1441.818
184 1442.355
185 1442.897
186 1443.444
187 1443.995
188 1444.551
189 1445.113
190 1445.679
191 1446.251
192 1446.828
193 1447.409
194 1447.996
195 1448.582
196 1449.173
197 1449.768
198 1450.367
199 1450.968
200 1451.57
201 1452.173
202 1452.777
203 1453.38
204 1453.981
205 1454.581
206 1455.179
207 1455.773
208 1456.363
209 1456.948
210 1457.528
211 1458.101
212 1458.666
213 1459.223
214 1459.77
215 1460.307
216 1460.833
217 1461.346
218 1461.846
219 1462.332
220 1462.804
221 1463.258
222 1463.694
223 1464.111
224 1464.507
225 1464.881
226 1465.231
227 1465.556
228 1465.855
229 1466.129
230 1466.375
231 1466.592
232 1466.781
233 1466.942
234 1467.074
235 1467.178
236 1467.253
237 1467.299
238 1467.317
239 1467.304
240 1467.262
241 1467.19
242 1467.087
243 1466.953
244 1466.789
245 1466.595
246 1466.37
247 1466.116
248 1465.831
249 1465.516
250 1465.171
251 1464.797
252 1464.393
253 1463.961
254 1463.499
255 1463.01
256 1463.881
257 1465.91
258 1467.96
259 1470.03
260 1472.117
261 1474.218
262 1476.332
263 1478.456
264 1480.587
265 1482.722
266 1484.861
267 1486.999
268 1489.135
269 1491.267
270 1493.392
271 1495.508
272 1497.614
273 1499.705
274 1501.782
275 1503.842
276 1505.883
277 1507.904
278 1509.904
279 1511.881
280 1513.833
281 1515.761
282 1517.662
283 1519.538
284 1521.385
285 1523.205
286 1524.996
287 1526.759
288 1528.492
289 1530.196
290 1531.87
291 1533.515
292 1535.13
293 1536.716
294 1538.272
295 1539.798
296 1541.296
297 1542.764
298 1544.204
299 1545.616
300 1547
301 1548.357
302 1549.687
303 1550.99
304 1552.268
305 1553.521
306 1554.75
307 1555.954
308 1557.136
309 1558.295
310 1559.432
311 1560.548
312 1561.644
313 1562.72
314 1563.778
315 1564.818
316 1565.839
317 1566.845
318 1567.835
319 1568.81
320 1569.771
321 1570.718
322 1571.652
323 1572.573
324 1573.483
325 1574.381
326 1575.269
327 1576.147
328 1577.016
329 1577.877
330 1578.729
331 1579.574
332 1580.412
333 1581.244
334 1582.07
335 1582.891
336 1583.707
337 1584.519
338 1585.327
339 1586.132
340 1586.934
341 1587.733
342 1588.531
343 1589.326
344 1590.119
345 1590.91
346 1591.7
347 1592.488
348 1593.275
349 1594.061
350 1594.846
351 1595.629
352 1596.412
353 1597.193
354 1597.973
355 1598.751
356 1599.528
357 1600.303
358 1601.077
359 1601.849
360 1602.618
361 1603.661
362 1604.698
363 1605.731
364 1607.567
365 1609.762
366 1611.945
367 1614.115
368 1616.271
369 1618.415
370 1620.545
371 1622.661
372 1624.762
373 1626.849
374 1628.921
375 1630.978
376 1633.018
377 1635.042
378 1637.05
379 1639.04
380 1641.014
381 1642.97
382 1644.909
383 1646.831
384 1648.735
385 1650.622
386 1652.491
387 1654.343
388 1656.177
389 1657.994
390 1659.795
391 1662.465
392 1665.099
393 1667.7
394 1670.271
395 1672.814
396 1675.333
397 1677.831
398 1680.31
399 1682.776
400 1685.231
401 1687.679
402 1690.123
403 1692.568
404 1695.017
405 1697.473
406 1699.941
407 1702.422
408 1704.92
409 1707.438
410 1709.978
411 1714.828
412 1733.22
413 1751.298
414 1769.053
415 1786.472
416 1803.549
417 1820.281
418 1836.691
419 1852.77
420 1868.51
421 1892.509
422 1915.509
423 1937.518
424 1985.068
425 2035.453
426 2082.26
427 2125.756
428 2166.325
429 2204.171
430 2239.583
431 2272.715
432 2303.792
433 2332.95
434 2360.355
435 2386.087
436 2410.261
437 2433.022
438 2454.496
439 2474.862
440 2494.302
441 2512.843
442 2530.556
443 2547.447
444 2563.535
445 2578.873
446 2593.496
447 2607.431
448 2620.708
449 2633.342
450 2645.359
451 2660.932
452 2675.225
453 2688.35
454 2700.353
455 2711.316
456 2721.163
457 2730.106
458 2738.154
459 2745.386
460 2751.861
461 2757.641
462 2762.757
463 2767.253
464 2771.186
465 2774.609
466 2777.551
467 2780.032
468 2782.077
469 2783.711
470 2784.958
471 2785.835
472 2786.362
473 2786.557
474 2786.417
475 2785.956
476 2785.187
477 2784.131
478 2782.826
479 2781.295
480 2779.54
481 2776.366
482 2772.867
483 2769.092
484 2765.076
485 2760.846
486 2756.42
487 2751.842
488 2747.122
489 2742.267
490 2737.245
491 2732.005
492 2726.548
493 2720.873
494 2714.976
495 2708.856
496 2703.327
497 2699.946
498 2696.175
499 2692.024
500 2687.506
501 2682.63
502 2677.409
503 2671.856
504 2665.984
505 2659.543
506 2652.708
507 2645.496
508 2637.922
509 2629.877
510 2621.491
511 2609.767
512 2597.486
513 2584.692
514 2571.415
515 2557.682
516 2556.282
517 2554.876
518 2553.115
519 2550.907
520 2548.137
521 2544.657
522 2540.275
523 2535.853
524 2530.74
525 2524.914
526 2518.352
527 2511.032
528 2502.93
529 2494.029
530 2484.315
531 2473.776
532 2462.404
533 2450.199
534 2437.886
535 2425.484
536 2413.008
537 2400.466
538 2387.838
539 2375.148
540 2362.4
541 2349.602
542 2336.749
543 2323.85
544 2310.917
545 2297.957
546 2284.981
547 2272
548 2259.025
549 2246.093
550 2233.22
551 2220.406
552 2207.651
553 2194.958
554 2182.329
555 2169.765
556 2157.273
557 2144.855
558 2132.512
559 2120.248
560 2108.064
561 2095.963
562 2083.943
563 2072.016
564 2060.198
565 2048.508
566 2036.948
567 2025.516
568 2014.207
569 2003.021
570 1991.975
571 1978.916
572 1966.034
573 1953.316
574 1940.749
575 1928.323
576 1916.028
577 1903.858
578 1891.808
579 1879.878
580 1868.068
581 1856.378
582 1844.811
583 1833.369
584 1822.054
585 1810.872
586 1799.824
587 1788.915
588 1778.148
589 1767.527
590 1757.055
591 1746.735
592 1736.572
593 1726.567
594 1716.726
595 1707.05
596 1697.542
597 1688.204
598 1679.04
599 1670.052
600 1661.265
601 1651.882
602 1642.765
603 1633.918
604 1625.345
605 1617.049
606 1609.034
607 1601.261
608 1593.729
609 1586.425
610 1579.37
611 1572.561
612 1565.993
613 1559.693
614 1553.655
615 1547.869
616 1542.334
617 1537.051
618 1532.013
619 1531.486
620 1530.961
621 1530.307
622 1529.493
623 1528.682
624 1527.674
625 1526.427
626 1524.892
627 1523.017
628 1520.856
629 1518.495
630 1515.966
631 1513.3
632 1510.523
633 1507.667
634 1504.157
635 1500.858
636 1497.745
637 1494.797
638 1491.99
639 1489.297
640 1486.698
641 1484.178
642 1481.735
643 1479.362
644 1477.058
645 1474.81
646 1472.613
647 1470.461
648 1468.345
649 1466.257
650 1464.187
651 1462.125
652 1460.065
653 1457.998
654 1455.913
655 1453.799
656 1451.642
657 1449.434
658 1447.169
659 1444.846
660 1442.465
661 1440.029
662 1437.538
663 1434.994
664 1432.398
665 1429.755
666 1427.066
667 1424.334
668 1421.567
669 1418.764
670 1415.924
671 1413.044
672 1410.123
673 1407.161
674 1404.156
675 1401.112
676 1398.029
677 1394.909
678 1391.755
679 1388.569
680 1385.354
681 1382.111
682 1378.841
683 1375.543
684 1372.219
685 1368.869
686 1365.494
687 1365.153
688 1364.812
689 1364.385
690 1363.853
691 1363.32
692 1362.655
693 1361.825
694 1360.789
695 1359.493
696 1357.952
697 1356.203
698 1354.244
699 1352.07
700 1349.679
701 1347.069
702 1344.448
703 1341.816
704 1339.176
705 1336.529
706 1333.877
707 1331.222
708 1328.565
709 1325.906
710 1323.245
711 1320.583
712 1317.919
713 1315.252
714 1312.584
715 1309.914
716 1307.241
717 1304.567
718 1301.891
719 1299.213
720 1296.535
721 1293.003
722 1292.648
723 1292.293
724 1291.851
725 1291.3
726 1290.612
727 1289.753
728 1288.68
729 1287.341
730 1285.669
731 1283.58
732 1281.18
733 1278.778
734 1276.352
735 1275.171
736 1274.311
737 1273.442
738 1272.561
739 1271.671
740 1270.778
741 1269.879
742 1268.974
743 1268.064
744 1267.147
745 1266.224
746 1265.295
747 1264.359
748 1263.417
749 1262.469
750 1261.514
751 1260.556
752 1259.594
753 1258.629
754 1257.661
755 1256.69
756 1255.716
757 1254.738
758 1253.758
759 1252.774
760 1251.787
761 1250.797
762 1249.804
763 1248.808
764 1247.809
765 1246.808
766 1245.803
767 1244.795
768 1243.785
769 1242.772
770 1241.755
771 1240.736
772 1239.715
773 1238.69
774 1237.662
775 1236.631
776 1235.597
777 1234.56
778 1233.519
779 1232.476
780 1231.429
781 1230.379
782 1229.326
783 1228.27
784 1227.211
785 1226.148
786 1225.082
787 1224.013
788 1222.94
789 1221.864
790 1220.785
791 1219.703
792 1218.617
793 1217.528
794 1216.436
795 1215.341
796 1214.242
797 1213.14
798 1212.035
799 1210.927
800 1209.816
801 1208.702
802 1207.585
803 1206.465
804 1205.342
805 1204.217
806 1203.089
807 1201.958
808 1200.824
809 1199.688
810 1198.55
811 1197.018
812 1195.482
813 1195.327
814 1195.172
815 1194.978
816 1194.735
817 1194.492
818 1194.189
819 1193.809
820 1193.334
821 1192.74
822 1192.034
823 1191.234
824 1190.34
825 1189.352
826 1188.269
827 1187.091
828 1185.911
829 1184.729
830 1183.544
831 1182.358
832 1181.169
833 1179.98
834 1178.789
835 1177.597
836 1176.404
837 1175.21
838 1174.015
839 1172.821
840 1171.626
841 1170.04
842 1168.455
843 1166.871
844 1165.288
845 1163.707
846 1162.127
847 1160.547
848 1158.968
849 1157.391
850 1155.815
851 1154.242
852 1152.672
853 1151.105
854 1149.541
855 1147.981
856 1146.424
857 1144.872
858 1143.323
859 1141.778
860 1140.237
861 1138.7
862 1137.167
863 1135.637
864 1134.112
865 1132.591
866 1131.074
867 1129.561
868 1128.053
869 1126.548
870 1125.048
871 1123.552
872 1122.062
873 1120.576
874 1119.095
875 1117.62
876 1116.149
877 1114.685
878 1113.227
879 1111.775
880 1110.329
881 1108.891
882 1107.461
883 1106.038
884 1104.624
885 1103.219
886 1101.822
887 1100.434
888 1099.054
889 1097.683
890 1096.319
891 1094.964
892 1093.615
893 1092.274
894 1090.939
895 1089.61
896 1088.287
897 1086.97
898 1085.658
899 1084.35
900 1083.046
901 1081.745
902 1080.448
903 1079.153
904 1077.86
905 1076.57
906 1075.281
907 1073.993
908 1072.707
909 1071.422
910 1070.137
911 1068.852
912 1067.566
913 1066.279
914 1064.99
915 1063.7
916 1062.407
917 1061.111
918 1059.813
919 1058.512
920 1057.209
921 1055.903
922 1054.595
923 1053.285
924 1051.974
925 1050.633
926 1049.284
927 1047.929
928 1046.568
929 1045.204
930 1043.839
931 1042.472
932 1041.106
933 1039.742
934 1038.38
935 1037.023
936 1035.67
937 1034.323
938 1032.983
939 1031.651
940 1030.327
941 1029.012
942 1027.707
943 1026.412
944 1025.127
945 1023.852
946 1022.588
947 1021.334
948 1020.09
949 1018.857
950 1017.633
951 1016.413
952 1015.203
953 1014.003
954 1012.811
955 1023.64
956 1035.508
957 1047.189
958 1058.649
959 1069.85
960 1080.752
961 1091.322
962 1101.524
963 1111.328
964 1120.706
965 1129.642
966 1138.119
967 1146.282
968 1154.877
969 1163.064
970 1170.833
971 1178.176
972 1185.097
973 1191.613
974 1197.718
975 1203.411
976 1208.688
977 1213.58
978 1218.019
979 1222.031
980 1225.615
981 1228.77
982 1231.496
983 1233.801
984 1235.691
985 1238.41
986 1243.682
987 1248.519
988 1252.892
989 1256.805
990 1260.291
991 1263.305
992 1265.905
993 1268.098
994 1269.9
995 1271.325
996 1272.39
997 1273.107
998 1273.494
999 1273.566
1000 1273.336
1001 1272.816
1002 1272.022
1003 1270.97
1004 1269.679
1005 1268.161
1006 1266.425
1007 1264.482
1008 1262.341
1009 1260.016
1010 1257.52
1011 1254.866
1012 1252.069
1013 1249.123
1014 1246.053
1015 1242.871
1016 1239.589
1017 1236.215
1018 1232.759
1019 1229.233
1020 1225.647
1021 1222.008
1022 1218.322
1023 1218.148
1024 1217.92
1025 1217.628
1026 1217.265
1027 1216.829
1028 1216.321
1029 1215.737
1030 1215.075
1031 1214.327
1032 1213.458
1033 1212.5
1034 1211.456
1035 1210.329
1036 1209.122
1037 1207.835
1038 1206.469
1039 1205.027
1040 1203.516
1041 1201.932
1042 1200.303
1043 1198.632
1044 1198.492
1045 1198.347
1046 1198.157
1047 1197.908
1048 1197.653
1049 1197.322
1050 1196.893
1051 1196.339
1052 1195.628
1053 1194.767
1054 1193.777
1055 1192.658
1056 1191.408
1057 1190.022
1058 1188.498
1059 1186.442
1060 1184.356
1061 1182.233
1062 1180.071
1063 1177.874
1064 1175.642
1065 1173.373
1066 1171.07
1067 1168.738
1068 1166.379
1069 1164.017
1070 1162.204
1071 1162.325
1072 1162.373
1073 1162.348
1074 1162.238
1075 1162.035
1076 1161.742
1077 1161.366
1078 1160.904
1079 1160.328
1080 1159.662
1081 1158.92
1082 1158.115
1083 1157.256
1084 1156.35
1085 1155.401
1086 1154.416
1087 1153.396
1088 1152.346
1089 1151.266
1090 1150.158
1091 1149.02
1092 1148.911
1093 1148.805
1094 1148.673
1095 1148.511
1096 1148.353
1097 1148.159
1098 1147.92
1099 1147.622
1100 1147.243
1101 1146.779
1102 1146.235
1103 1145.605
1104 1144.883
1105 1144.061
1106 1143.135
1107 1142.18
1108 1141.195
1109 1140.179
1110 1139.132
1111 1138.051
1112 1136.934
1113 1135.781
1114 1134.59
1115 1133.36
1116 1132.093
1117 1130.786
1118 1129.439
1119 1128.051
1120 1126.569
1121 1125.047
1122 1123.486
1123 1121.886
1124 1120.244
1125 1118.566
1126 1116.851
1127 1115.101
1128 1113.315
1129 1111.497
1130 1109.647
1131 1107.767
1132 1105.859
1133 1103.923
1134 1101.962
1135 1099.973
1136 1097.953
1137 1095.905
1138 1093.831
1139 1091.734
1140 1089.62
1141 1086.798
1142 1083.963
1143 1081.119
1144 1078.267
1145 1075.412
1146 1075.104
1147 1074.796
1148 1074.411
1149 1073.933
1150 1073.455
1151 1072.861
1152 1072.124
1153 1071.209
1154 1070.076
1155 1068.742
1156 1067.696
1157 1070.553
1158 1073.701
1159 1077.14
1160 1080.825
1161 1084.452
1162 1088.01
1163 1091.494
1164 1094.893
1165 1098.203
1166 1101.416
1167 1104.524
1168 1107.519
1169 1110.392
1170 1113.134
1171 1116.492
1172 1119.573
1173 1122.38
1174 1124.901
1175 1127.113
1176 1129.013
1177 1130.59
1178 1131.828
1179 1132.711
1180 1133.23
1181 1133.38
1182 1133.155
1183 1132.569
1184 1131.625
1185 1130.314
1186 1128.658
1187 1126.665
1188 1124.321
1189 1121.634
1190 1118.61
1191 1115.278
1192 1111.603
1193 1111.599
1194 1115.979
1195 1119.678
1196 1122.723
1197 1125.802
1198 1132.716
1199 1139.386
1200 1145.8
1201 1151.996
1202 1157.905
1203 1163.526
1204 1168.864
1205 1173.921
1206 1178.699
1207 1183.196
1208 1187.417
1209 1191.365
1210 1195.062
1211 1198.509
1212 1202.733
1213 1207.004
1214 1211.015
1215 1214.777
1216 1218.299
1217 1221.59
1218 1224.659
1219 1227.512
1220 1230.155
1221 1232.597
1222 1234.845
1223 1236.911
1224 1238.763
1225 1240.418
1226 1241.881
1227 1243.155
1228 1245.563
1229 1247.963
1230 1250.199
1231 1252.278
1232 1254.203
1233 1255.987
1234 1257.629
1235 1259.127
1236 1260.483
1237 1261.694
1238 1262.744
1239 1263.645
1240 1264.4
1241 1265.008
1242 1265.476
1243 1265.804
1244 1265.994
1245 1266.047
1246 1266.554
1247 1267.114
1248 1267.537
1249 1267.823
1250 1267.973
1251 1267.988
1252 1267.869
1253 1267.618
1254 1267.236
1255 1266.724
1256 1266.084
1257 1265.317
1258 1264.422
1259 1263.402
1260 1262.309
1261 1261.708
1262 1261.083
1263 1260.29
1264 1259.331
1265 1258.219
1266 1257.687
1267 1256.987
1268 1256.121
1269 1255.092
1270 1253.902
1271 1252.888
1272 1263.105
1273 1272.565
1274 1281.256
1275 1289.165
1276 1296.288
1277 1302.627
1278 1308.191
1279 1312.996
1280 1317.05
1281 1320.104
1282 1322.379
1283 1323.916
1284 1324.673
1285 1324.724
1286 1324.13
1287 1322.926
1288 1321.113
1289 1318.749
1290 1315.865
1291 1317.283
1292 1322.57
1293 1326.463
1294 1329.099
1295 1330.533
1296 1330.79
1297 1329.978
1298 1328.138
1299 1325.338
1300 1327.512
1301 1331.04
1302 1333.765
1303 1335.698
1304 1336.813
1305 1337.254
1306 1337.073
1307 1336.238
1308 1334.844
1309 1332.913
1310 1330.438
1311 1327.472
1312 1327.813
1313 1338.742
1314 1348.062
1315 1356.156
1316 1363.081
1317 1368.906
1318 1373.686
1319 1377.468
1320 1380.315
1321 1382.295
1322 1383.425
1323 1383.746
1324 1383.106
1325 1381.679
1326 1379.503
1327 1376.555
1328 1372.899
1329 1374.55
1330 1376.306
1331 1377.595
1332 1378.382
1333 1378.672
1334 1378.392
1335 1377.656
1336 1376.479
1337 1374.868
1338 1372.832
1339 1370.372
1340 1367.804
1341 1366.584
1342 1364.395
1343 1361.285
1344 1357.309
1345 1352.506
1346 1346.894
1347 1340.567
1348 1337.15
1349 1333.887
1350 1329.947
1351 1325.453
1352 1320.435
1353 1314.912
1354 1308.883
1355 1302.404
1356 1295.532
1357 1288.291
1358 1284.646
1359 1284.967
1360 1284.925
1361 1288.85
1362 1292.591
1363 1295.563
1364 1297.88
1365 1299.626
1366 1300.821
1367 1301.493
1368 1301.657
1369 1301.759
1370 1301.859
1371 1301.975
1372 1302.101
1373 1302.214
1374 1302.325
1375 1302.419
1376 1302.47
1377 1302.436
1378 1302.275
1379 1301.953
1380 1301.421
1381 1300.629
1382 1299.519
1383 1298.024
1384 1295.89
1385 1293.436
1386 1290.668
1387 1287.599
1388 1284.245
1389 1280.626
1390 1276.759
1391 1272.653
1392 1268.318
1393 1263.766
1394 1259.012
1395 1254.067
1396 1248.944
1397 1243.658
1398 1238.219
1399 1232.629
1400 1226.9
1401 1221.043
1402 1215.069
1403 1208.989
1404 1202.817
1405 1198.812
1406 1199.34
1407 1199.726
1408 1199.993
1409 1200.141
1410 1200.176
1411 1200.059
1412 1199.809
1413 1199.42
1414 1198.9
1415 1198.222
1416 1197.408
1417 1196.46
1418 1195.399
1419 1194.223
1420 1192.944
1421 1191.571
1422 1190.112
1423 1188.569
1424 1186.952
1425 1185.247
1426 1183.462
1427 1181.602
1428 1179.674
1429 1177.683
1430 1175.634
1431 1173.521
1432 1171.348
1433 1169.118
1434 1166.828
1435 1164.468
1436 1162.033
1437 1161.776
1438 1161.512
1439 1161.175
1440 1160.749
1441 1160.318
1442 1159.777
1443 1159.102
1444 1158.26
1445 1157.211
1446 1155.969
1447 1155.819
1448 1156.534
1449 1156.888
1450 1156.942
1451 1156.617
1452 1155.903
1453 1154.822
1454 1153.305
1455 1155.219
1456 1156.908
1457 1158.089
1458 1158.473
1459 1159.86
1460 1161.204
1461 1162.506
1462 1169.798
1463 1179.681
1464 1189.198
1465 1198.584
1466 1207.74
1467 1216.369
1468 1224.578
1469 1232.294
1470 1239.54
1471 1246.267
1472 1252.43
1473 1258.039
1474 1262.104
1475 1265.386
1476 1268.016
1477 1269.9
1478 1271.195
1479 1271.976
1480 1272.27
1481 1271.97
1482 1271.168
1483 1269.708
1484 1267.8
1485 1265.392
1486 1278.546
1487 1298.98
1488 1317.665
1489 1334.31
1490 1349.867
1491 1364.12
1492 1377.003
1493 1388.528
1494 1397.916
1495 1405.874
1496 1412.619
1497 1417.781
1498 1421.958
1499 1425.192
1500 1427.394
1501 1428.848
1502 1429.806
1503 1430.48
1504 1430.477
1505 1441.966
1506 1466.389
1507 1489.537
1508 1511.609
1509 1532.395
1510 1549.533
1511 1564.988
1512 1578.496
1513 1590.395
1514 1600.321
1515 1608.773
1516 1615.596
1517 1621.038
1518 1625.224
1519 1628.131
1520 1629.536
1521 1629.555
1522 1633.986
1523 1666.126
1524 1694.769
1525 1717.564
1526 1737.054
1527 1753.513
1528 1767.186
1529 1779.143
1530 1789.786
1531 1802.416
1532 1812.938
1533 1820.511
1534 1825.7
1535 1828.555
1536 1840.024
1537 1878.542
1538 1909.575
1539 1934.887
1540 1955.311
1541 1969.69
1542 1980.098
1543 1987.353
1544 1990.697
1545 1990.904
1546 1988.165
1547 2025.729
1548 2056.464
1549 2080.246
1550 2100.306
1551 2117.09
1552 2131.072
1553 2142.394
1554 2150.416
1555 2155.624
1556 2158.486
1557 2158.631
1558 2155.933
1559 2178.836
1560 2207.523
1561 2230.32
1562 2247.748
1563 2259.734
1564 2267.814
1565 2271.715
1566 2272.343
1567 2269.856
1568 2264.212
1569 2279.556
1570 2307.984
1571 2331.123
1572 2350.14
1573 2365.083
1574 2377.082
1575 2386.333
1576 2392.596
1577 2395.364
1578 2395.335
1579 2392.281
1580 2386.272
1581 2377.524
1582 2393.777
1583 2414.85
1584 2430.723
1585 2442.545
1586 2449.576
1587 2452.76
1588 2452.791
1589 2449.676
1590 2443.424
1591 2433.918
1592 2438.216
1593 2463.509
1594 2483.779
1595 2499.072
1596 2510.77
1597 2519.069
1598 2524.354
1599 2526.694
1600 2526.409
1601 2523.248
1602 2517.284
1603 2508.388
1604 2496.903
1605 2483.141
1606 2467.308
1607 2453.74
1608 2465.695
1609 2473.816
1610 2478.399
1611 2479.641
1612 2477.917
1613 2473.437
1614 2466.499
1615 2457.283
1616 2445.886
1617 2432.496
1618 2437.171
1619 2453.954
1620 2466.207
1621 2474.763
1622 2480.773
1623 2484.099
1624 2484.657
1625 2482.703
1626 2478.262
1627 2471.606
1628 2462.922
1629 2452.326
1630 2439.97
1631 2425.836
1632 2410.182
1633 2393.188
1634 2374.937
1635 2355.557
1636 2350.452
1637 2347.799
1638 2343.101
1639 2336.491
1640 2328.177
1641 2318.344
1642 2307.144
1643 2294.635
1644 2281.119
1645 2266.714
1646 2251.481
1647 2235.493
1648 2233.344
1649 2237.257
1650 2239.126
1651 2239.062
1652 2237.296
1653 2233.996
1654 2229.185
1655 2222.89
1656 2215.2
1657 2206.28
1658 2196.416
1659 2185.732
1660 2174.127
1661 2161.521
1662 2148.121
1663 2134.041
1664 2119.394
1665 2104.236
1666 2088.633
1667 2072.513
1668 2055.96
1669 2039.105
1670 2021.998
1671 2004.687
1672 1987.05
1673 1969.223
1674 1951.268
1675 1943.437
1676 1937.3
1677 1930.629
1678 1923.416
1679 1915.736
1680 1907.584
1681 1898.984
1682 1889.964
1683 1880.54
1684 1870.734
1685 1860.57
1686 1850.068
1687 1839.238
1688 1828.022
1689 1816.387
1690 1804.319
1691 1791.848
1692 1778.952
1693 1765.625
1694 1751.844
1695 1737.723
1696 1723.236
1697 1708.862
1698 1708.228
1699 1707.592
1700 1706.805
1701 1705.837
1702 1704.878
1703 1703.696
1704 1702.224
1705 1700.363
1706 1697.987
1707 1695.066
1708 1691.626
1709 1687.618
1710 1683.012
1711 1677.771
1712 1671.866
1713 1663.748
1714 1655.381
1715 1646.904
1716 1638.362
1717 1629.696
1718 1620.809
1719 1611.716
1720 1602.467
1721 1593.132
1722 1583.734
1723 1574.26
1724 1564.718
1725 1555.103
1726 1545.404
1727 1535.63
1728 1525.777
1729 1515.852
1730 1505.843
1731 1495.773
1732 1485.658
1733 1475.495
1734 1465.293
1735 1455.065
1736 1444.818
1737 1434.562
1738 1424.299
1739 1414.031
1740 1403.786
1741 1393.58
1742 1383.428
1743 1373.345
1744 1365.628
1745 1358.867
1746 1352.064
1747 1345.228
1748 1338.364
1749 1331.481
1750 1324.585
1751 1317.681
1752 1310.775
1753 1303.873
1754 1296.977
1755 1290.093
1756 1283.22
1757 1276.364
1758 1269.529
1759 1262.718
1760 1255.934
1761 1249.18
1762 1242.458
1763 1235.769
1764 1229.115
1765 1222.499
1766 1215.922
1767 1209.385
1768 1202.892
1769 1196.444
1770 1190.042
1771 1183.687
1772 1177.381
1773 1171.126
1774 1164.921
1775 1158.768
1776 1152.668
1777 1146.622
1778 1140.629
1779 1134.69
1780 1128.805
1781 1122.976
1782 1122.785
1783 1122.868
1784 1122.825
1785 1122.657
1786 1122.365
1787 1121.95
1788 1121.412
1789 1120.753
1790 1119.974
1791 1119.081
1792 1118.075
1793 1116.956
1794 1115.724
1795 1114.385
1796 1112.946
1797 1111.409
1798 1109.777
1799 1108.059
1800 1106.259
1801 1104.382
1802 1102.433
1803 1100.414
1804 1098.329
1805 1096.184
1806 1093.985
1807 1091.731
1808 1089.427
1809 1087.08
1810 1085.813
1811 1085.148
1812 1084.426
1813 1083.644
1814 1082.803
1815 1081.901
1816 1080.939
1817 1079.917
1818 1078.835
1819 1077.688
1820 1076.486
1821 1075.231
1822 1073.925
1823 1072.568
1824 1071.161
1825 1069.702
1826 1068.193
1827 1066.632
1828 1065.018
1829 1066.028
1830 1067.856
1831 1069.564
1832 1071.139
1833 1072.582
1834 1073.889
1835 1075.056
1836 1076.084
1837 1076.967
1838 1077.704
1839 1078.292
1840 1078.732
1841 1079.023
1842 1079.158
1843 1079.134
1844 1078.955
1845 1078.609
1846 1078.096
1847 1077.416
1848 1076.578
1849 1075.583
1850 1074.442
1851 1073.161
1852 1071.746
1853 1070.206
1854 1068.545
1855 1066.768
1856 1064.88
1857 1062.887
1858 1060.795
1859 1058.607
1860 1056.329
1861 1054.936
1862 1056.376
1863 1057.643
1864 1058.741
1865 1059.672
1866 1060.441
1867 1061.052
1868 1061.498
1869 1061.8
1870 1061.96
1871 1061.983
1872 1061.875
1873 1061.641
1874 1061.288
1875 1060.817
1876 1060.234
1877 1059.539
1878 1058.734
1879 1057.823
1880 1056.812
1881 1055.705
1882 1054.508
1883 1053.224
1884 1051.856
1885 1050.406
1886 1048.876
1887 1047.272
1888 1045.598
1889 1043.855
1890 1042.046
1891 1040.172
1892 1038.232
1893 1036.229
1894 1034.162
1895 1032.037
1896 1029.857
1897 1027.624
1898 1027.335
1899 1028.642
1900 1029.894
1901 1031.091
1902 1032.23
1903 1033.309
1904 1034.914
1905 1036.796
1906 1038.638
1907 1040.439
1908 1042.198
1909 1043.914
1910 1045.585
1911 1047.208
1912 1048.782
1913 1050.305
1914 1051.773
1915 1053.131
1916 1054.403
1917 1055.585
1918 1056.673
1919 1057.665
1920 1058.561
1921 1059.352
1922 1060.035
1923 1060.604
1924 1061.055
1925 1061.372
1926 1061.561
1927 1061.62
1928 1061.54
1929 1061.307
1930 1060.918
1931 1060.37
1932 1059.662
1933 1058.793
1934 1057.761
1935 1056.567
1936 1055.242
1937 1053.795
1938 1052.225
1939 1050.531
1940 1048.712
1941 1046.77
1942 1044.713
1943 1042.55
1944 1040.291
1945 1037.945
1946 1035.523
1947 1033.031
1948 1030.479
1949 1027.875
1950 1025.23
1951 1022.555
1952 1019.859
1953 1017.152
1954 1014.442
1955 1011.741
1956 1009.054
1957 1007.127
1958 1009.316
1959 1011.353
1960 1013.237
1961 1014.964
1962 1016.53
1963 1017.932
1964 1019.167
1965 1020.239
1966 1021.142
1967 1021.874
1968 1022.432
1969 1022.813
1970 1023.021
1971 1023.054
1972 1022.911
1973 1022.6
1974 1022.125
1975 1021.491
1976 1020.703
1977 1019.767
1978 1018.686
1979 1017.465
1980 1017.49
1981 1018.497
1982 1019.452
1983 1020.355
1984 1021.203
1985 1021.992
1986 1022.721
1987 1023.389
1988 1023.994
1989 1024.536
1990 1025.015
1991 1025.429
1992 1025.778
1993 1026.062
1994 1026.281
1995 1026.434
1996 1026.52
1997 1026.54
1998 1026.493
1999 1026.38
2000 1026.2
2001 1026.184
2002 1026.175
2003 1026.162
2004 1026.144
2005 1026.124
2006 1026.095
2007 1026.053
2008 1025.989
2009 1025.89
2010 1025.747
2011 1025.552
2012 1025.298
2013 1024.979
2014 1024.589
2015 1024.122
2016 1024.06
2017 1023.997
2018 1023.917
2019 1023.815
2020 1023.712
2021 1023.58
2022 1023.411
2023 1023.194
2024 1022.911
2025 1022.562
2026 1022.15
2027 1021.67
2028 1021.118
2029 1020.487
2030 1019.772
2031 1019.031
2032 1018.264
2033 1017.475
2034 1016.665
2035 1015.835
2036 1014.987
2037 1014.122
2038 1013.238
2039 1012.34
2040 1011.43
2041 1010.51
2042 1009.582
2043 1008.646
2044 1007.705
2045 1006.76
2046 1005.811
2047 1004.86
2048 1003.907
2049 1002.951
2050 1001.993
2051 1001.035
2052 1000.075
2053 999.1148
2054 998.1527
2055 997.1888
2056 996.2222
2057 995.2522
2058 994.2782
2059 993.3003
2060 992.3172
2061 991.7181
2062 991.229
2063 990.7282
2064 990.2177
2065 989.6986
2066 989.1702
2067 988.6319
2068 988.0838
2069 987.5256
2070 986.9578
2071 986.1938
2072 985.4132
2073 984.6186
2074 983.812
2075 982.9945
2076 982.168
2077 981.3339
2078 980.4934
2079 979.6559
2080 978.8186
2081 977.9818
2082 977.1455
2083 976.3102
2084 975.4647
2085 974.6159
2086 973.7657
2087 972.9161
2088 972.0676
2089 971.2222
2090 970.3807
2091 969.548
2092 968.7245
2093 967.9106
2094 967.1059
2095 966.3108
2096 965.5262
2097 964.7529
2098 963.9905
2099 963.2392
2100 962.4982
2101 961.767
2102 961.4146
2103 963.0847
2104 964.6828
2105 966.207
2106 968.0356
2107 970.1724
2108 972.2119
2109 974.1517
2110 975.9905
2111 977.728
2112 979.3642
2113 980.9005
2114 982.338
2115 983.6782
2116 984.9224
2117 986.0553
2118 987.0982
2119 988.0539
2120 988.9249
2121 989.714
2122 990.4244
2123 991.0562
2124 991.6146
2125 992.1019
2126 992.5261
2127 992.8969
2128 993.2139
2129 993.478
2130 993.6282
2131 993.7265
2132 993.7756
2133 995.1453
2134 996.4958
2135 997.8021
2136 999.0647
2137 1000.286
2138 1001.47
2139 1002.618
2140 1003.729
2141 1003.849
2142 1003.969
2143 1004.118
2144 1004.3
2145 1004.481
2146 1004.703
2147 1004.974
2148 1005.304
2149 1005.707
2150 1006.177
2151 1006.699
2152 1007.271
2153 1007.893
2154 1008.56
2155 1009.269
2156 1009.962
2157 1010.639
2158 1011.301
2159 1011.946
2160 1012.576
2161 1013.187
2162 1013.757
2163 1014.312
2164 1014.852
2165 1015.379
2166 1015.893
2167 1016.396
2168 1016.889
2169 1017.373
2170 1017.847
2171 1018.31
2172 1018.76
2173 1019.197
2174 1019.619
2175 1020.024
2176 1020.413
2177 1020.784
2178 1021.137
2179 1021.471
2180 1022.297
2181 1023.366
2182 1024.408
2183 1025.421
2184 1026.405
2185 1027.362
2186 1028.29
2187 1029.191
2188 1030.063
2189 1030.907
2190 1031.723
2191 1032.509
2192 1033.267
2193 1033.995
2194 1034.694
2195 1035.364
2196 1036.005
2197 1036.616
2198 1037.199
2199 1037.754
2200 1038.278
2201 1038.774
2202 1039.24
2203 1039.679
2204 1040.089
2205 1040.47
2206 1040.824
2207 1041.151
2208 1041.451
2209 1041.731
2210 1041.99
2211 1042.228
2212 1042.446
2213 1042.643
2214 1042.82
2215 1042.969
2216 1043.096
2217 1043.2
2218 1043.284
2219 1043.347
2220 1043.39
2221 1043.414
2222 1043.421
2223 1043.41
2224 1043.384
2225 1043.343
2226 1043.289
2227 1043.22
2228 1043.139
2229 1043.046
2230 1042.942
2231 1042.825
2232 1042.698
2233 1042.559
2234 1042.41
2235 1042.25
2236 1042.057
2237 1043.057
2238 1044.038
2239 1044.999
2240 1045.939
2241 1046.858
2242 1047.755
2243 1048.623
2244 1049.466
2245 1050.282
2246 1051.072
2247 1051.835
2248 1052.57
2249 1053.277
2250 1053.957
2251 1054.8
2252 1055.589
2253 1056.32
2254 1056.993
2255 1057.609
2256 1058.165
2257 1058.664
2258 1059.103
2259 1059.471
2260 1059.776
2261 1060.022
2262 1060.178
2263 1060.272
2264 1060.305
2265 1060.279
2266 1060.194
2267 1060.052
2268 1059.854
2269 1059.601
2270 1059.292
2271 1060.223
2272 1061.385
2273 1062.461
2274 1063.451
2275 1064.356
2276 1065.175
2277 1065.909
2278 1066.558
2279 1067.123
2280 1067.604
2281 1068.002
2282 1068.317
2283 1068.551
2284 1068.705
2285 1068.781
2286 1068.779
2287 1068.699
2288 1068.544
2289 1068.313
2290 1067.977
2291 1067.565
2292 1067.077
2293 1067.435
2294 1067.758
2295 1068.016
2296 1068.211
2297 1068.343
2298 1068.417
2299 1068.434
2300 1068.393
2301 1068.289
2302 1068.124
2303 1067.898
2304 1067.609
2305 1067.258
2306 1066.845
2307 1066.372
2308 1065.841
2309 1065.25
2310 1064.599
2311 1064.462
2312 1064.466
2313 1064.407
2314 1064.282
2315 1064.092
2316 1063.836
2317 1063.515
2318 1063.13
2319 1062.678
2320 1062.161
2321 1061.577
2322 1060.927
2323 1060.212
2324 1059.434
2325 1058.593
2326 1057.691
2327 1056.729
2328 1055.71
2329 1054.634
2330 1053.647
2331 1054.264
2332 1054.854
2333 1055.416
2334 1055.951
2335 1056.46
2336 1056.945
2337 1057.405
2338 1057.843
2339 1058.258
2340 1058.65
2341 1059.017
2342 1059.361
2343 1059.686
2344 1059.993
2345 1060.284
2346 1060.561
2347 1060.824
2348 1061.075
2349 1061.313
2350 1062.187
2351 1063.146
2352 1064.082
2353 1065.009
2354 1065.924
2355 1066.828
2356 1067.72
2357 1068.598
2358 1069.464
2359 1070.314
2360 1071.15
2361 1071.97
2362 1072.773
2363 1073.56
2364 1074.33
2365 1075.083
2366 1075.819
2367 1076.538
2368 1077.24
2369 1077.926
2370 1078.597
2371 1079.252
2372 1079.89
2373 1080.511
2374 1081.113
2375 1081.695
2376 1082.258
2377 1082.799
2378 1083.318
2379 1083.813
2380 1084.285
2381 1084.732
2382 1085.153
2383 1085.548
2384 1085.917
2385 1086.259
2386 1086.573
2387 1086.859
2388 1087.507
2389 1088.972
2390 1090.42
2391 1091.836
2392 1093.207
2393 1093.325
2394 1093.443
2395 1093.593
2396 1093.785
2397 1093.978
2398 1094.224
2399 1094.538
2400 1094.933
2401 1095.424
2402 1095.999
2403 1096.635
2404 1097.322
2405 1098.054
2406 1098.823
2407 1099.621
2408 1100.38
2409 1101.1
2410 1101.784
2411 1102.373
2412 1102.927
2413 1103.446
2414 1103.932
2415 1104.383
2416 1104.8
2417 1105.182
2418 1105.528
2419 1105.837
2420 1106.107
2421 1106.339
2422 1106.531
2423 1106.682
2424 1106.792
2425 1106.859
2426 1106.882
2427 1106.861
2428 1106.795
2429 1106.683
2430 1106.525
2431 1106.323
2432 1106.076
2433 1105.786
2434 1105.452
2435 1105.073
2436 1104.648
2437 1104.176
2438 1103.656
2439 1103.089
2440 1102.472
2441 1101.806
2442 1101.091
2443 1100.327
2444 1099.511
2445 1098.645
2446 1097.729
2447 1096.762
2448 1095.746
2449 1094.68
2450 1093.565
2451 1092.403
2452 1091.193
2453 1089.939
2454 1088.641
2455 1087.925
2456 1087.51
2457 1087.044
2458 1086.528
2459 1085.964
2460 1085.351
2461 1084.699
2462 1084.005
2463 1083.265
2464 1082.475
2465 1081.641
2466 1080.761
2467 1079.835
2468 1078.863
2469 1077.844
2470 1076.779
2471 1075.667
2472 1074.51
2473 1073.31
2474 1072.067
2475 1070.786
2476 1069.467
2477 1068.112
2478 1066.721
2479 1065.357
2480 1064.116
2481 1062.839
2482 1061.527
2483 1060.181
2484 1058.803
2485 1057.392
2486 1055.951
2487 1054.481
2488 1052.983
2489 1051.458
2490 1049.906
2491 1047.827
2492 1045.706
2493 1043.545
2494 1041.346
2495 1039.11
2496 1036.838
2497 1034.53
2498 1032.197
2499 1029.838
2500 1027.45
2501 1025.033
2502 1022.591
2503 1020.13
2504 1017.65
2505 1015.151
2506 1012.635
2507 1010.102
2508 1009.821
2509 1009.537
2510 1009.183
2511 1008.744
2512 1008.305
2513 1007.761
2514 1007.089
2515 1006.256
2516 1005.227
2517 1004.016
2518 1002.924
2519 1002.319
2520 1001.651
2521 1000.917
2522 1000.115
2523 999.0546
2524 997.9805
2525 996.8923
2526 995.7896
2527 994.6719
2528 993.5339
2529 992.3796
2530 991.208
2531 990.0189
2532 988.8127
2533 987.5889
2534 986.3468
2535 985.0853
2536 983.8046
2537 982.5031
2538 981.1817
2539 979.8406
2540 978.4795
2541 977.0987
2542 975.6986
2543 974.2798
2544 972.8447
2545 971.3974
2546 969.9373
2547 968.4638
2548 966.9763
2549 965.4742
2550 963.9576
2551 962.398
2552 960.8276
2553 959.2476
2554 957.6561
2555 956.0518
2556 954.4334
2557 952.8009
2558 951.1541
2559 949.493
2560 947.8184
2561 946.1305
2562 944.4307
2563 942.7198
2564 940.9983
2565 939.2666
2566 937.525
2567 936.3218
2568 935.3605
2569 934.3751
2570 933.957
2571 933.7473
2572 933.5095
2573 933.2446
2574 932.9535
2575 932.6365
2576 932.2939
2577 931.9263
2578 931.5334
2579 931.1132
2580 930.6652
2581 930.1887
2582 929.6843
2583 929.1525
2584 928.5933
2585 928.0071
2586 927.3933
2587 926.7519
2588 926.1039
2589 925.4488
2590 924.7863
2591 924.1152
2592 923.4334
2593 922.7389
2594 922.0281
2595 921.2994
2596 920.5534
2597 919.7892
2598 919.0092
2599 918.2128
2600 917.4004
2601 916.5737
2602 915.7336
2603 914.8801
2604 914.0137
2605 913.1348
2606 912.2438
2607 911.342
2608 910.4307
2609 909.5096
2610 908.5773
2611 908.5442
2612 908.5332
2613 908.5262
2614 908.5231
2615 908.5246
2616 908.5305
2617 908.5405
2618 908.5546
2619 908.5721
2620 908.5928
2621 908.6164
2622 908.6421
2623 908.6694
2624 908.6979
2625 908.7361
2626 908.8658
2627 908.8722
2628 908.8793
2629 908.8898
2630 908.9057
2631 908.9228
2632 908.9471
2633 908.9808
2634 909.0261
2635 909.085
2636 909.1562
2637 909.2365
2638 909.3248
2639 909.4206
2640 909.5234
2641 909.6335
2642 909.7559
2643 909.8784
2644 910.0009
2645 910.1234
2646 910.2447
2647 910.363
2648 910.4767
2649 910.5853
2650 910.6871
2651 910.7801
2652 910.8636
2653 910.937
2654 910.9994
2655 911.0505
2656 911.0898
2657 911.1164
2658 911.1292
2659 911.127
2660 911.1512
2661 911.3599
2662 911.5481
2663 911.7141
2664 911.8557
2665 911.9711
2666 912.0981
2667 912.2253
2668 912.324
2669 912.3932
2670 912.4321
2671 912.4396
2672 912.4151
2673 912.3582
2674 912.2688
2675 912.1465
2676 911.9913
2677 911.8032
2678 911.5823
2679 911.3303
2680 911.0477
2681 910.7361
2682 910.397
2683 910.032
2684 909.6429
2685 909.2318
2686 908.801
2687 908.3528
2688 907.8898
2689 907.4122
2690 906.9221
2691 906.4219
2692 905.9142
2693 905.4016
2694 904.8862
2695 904.3702
2696 903.8555
2697 903.344
2698 902.8374
2699 902.3372
2700 901.8448
2701 901.3614
2702 900.8879
2703 900.425
2704 899.9735
2705 899.5338
2706 899.106
2707 898.6906
2708 898.287
2709 897.8954
2710 897.5156
2711 897.148
2712 896.7927
2713 896.449
2714 896.1172
2715 895.7971
2716 895.4886
2717 895.192
2718 894.9075
2719 894.6351
2720 894.3748
2721 894.1269
2722 893.8917
2723 893.6694
2724 893.4597
2725 893.2625
2726 893.0775
2727 892.9047
2728 892.7426
2729 892.5909
2730 892.4497
2731 892.3185
2732 892.1968
2733 892.085
2734 891.9823
2735 891.887
2736 891.7972
2737 891.7109
2738 891.6271
2739 891.5452
2740 891.4625
2741 891.3766
2742 891.2848
2743 891.1846
2744 891.0731
2745 890.9484
2746 890.8092
2747 890.6543
2748 890.4828
2749 890.2934
2750 890.0856
2751 889.8596
2752 889.6161
2753 889.3555
2754 889.0784
2755 888.7856
2756 888.4785
2757 888.1581
2758 888.0153
2759 887.8889
2760 887.765
2761 887.6226
2762 887.4855
2763 887.3538
2764 887.3315
2765 887.5591
2766 887.7438
2767 887.8847
2768 887.9802
2769 888.0296
2770 888.0324
2771 887.9882
2772 887.8978
2773 887.762
2774 887.5809
2775 887.3548
2776 887.0839
2777 886.7688
2778 886.4106
2779 886.313
2780 886.4175
2781 886.5203
2782 886.6198
2783 886.7147
2784 886.8037
2785 886.8857
2786 886.9594
2787 887.0226
2788 887.0742
2789 887.1136
2790 887.1398
2791 887.152
2792 887.1494
2793 887.1308
2794 887.0954
2795 887.0422
2796 886.9702
2797 886.8788
2798 886.767
2799 886.6337
2800 886.4788
2801 886.3019
2802 886.1039
2803 885.8851
2804 885.6464
2805 885.3881
2806 885.1112
2807 884.8167
2808 884.5051
2809 884.4736
2810 884.442
2811 884.4029
2812 884.3541
2813 884.3052
2814 884.2443
2815 884.168
2816 884.072
2817 883.9505
2818 883.803
2819 883.6321
2820 883.4361
2821 883.2136
2822 882.9636
2823 882.6851
2824 882.301
2825 881.9098
2826 881.5126
2827 881.111
2828 880.7061
2829 880.2988
2830 879.8895
2831 879.4797
2832 879.0704
2833 878.6628
2834 878.2579
2835 877.8565
2836 877.4597
2837 877.0679
2838 876.682
2839 876.3024
2840 875.9353
2841 875.7419
2842 875.5486
2843 875.355
2844 875.1618
2845 874.9692
2846 874.7775
2847 874.5872
2848 874.3987
2849 874.2123
2850 874.028
2851 873.8455
2852 873.6649
2853 873.4861
2854 873.3094
2855 873.1351
2856 872.963
2857 872.7933
2858 872.6264
2859 872.7088
2860 872.7655
2861 872.7955
2862 872.7986
2863 872.7748
2864 872.7238
2865 872.7083
2866 872.6931
2867 872.6761
2868 872.6577
2869 872.64
2870 872.621
2871 872.6005
2872 872.577
2873 872.5478
2874 872.5096
2875 872.4576
2876 872.39
2877 872.3035
2878 872.1947
2879 872.0609
2880 871.9123
2881 871.7498
2882 871.5742
2883 871.3859
2884 871.185
2885 870.972
2886 870.747
2887 870.51
2888 870.2625
2889 870.0704
2890 870.0001
2891 869.9306
2892 869.8612
2893 869.7914
2894 869.7208
2895 869.6488
2896 869.575
2897 869.4991
2898 869.421
2899 869.8332
2900 870.5278
2901 871.3359
2902 872.5278
2903 873.7129
2904 874.8916
2905 876.0649
2906 877.2325
2907 878.3948
2908 879.5495
2909 880.7012
2910 881.8525
2911 883.0005
2912 884.1403
2913 885.2679
2914 886.3848
2915 887.4918
2916 888.5895
2917 889.6776
2918 890.7559
2919 892.0771
2920 894.0573
2921 896.0215
2922 897.9649
2923 899.8837
2924 901.793
2925 903.6757
2926 905.5289
2927 907.3497
2928 909.1349
2929 910.8817
2930 912.5872
2931 914.2484
2932 915.863
2933 917.428
2934 918.9409
2935 920.399
2936 921.7999
2937 923.1415
2938 924.4208
2939 925.6363
2940 926.7858
2941 928.1534
2942 929.3939
2943 930.5034
2944 931.4785
2945 932.3167
2946 933.0153
2947 933.572
2948 933.9853
2949 934.2515
2950 934.4708
2951 934.7027
2952 934.7933
2953 934.7421
2954 934.7877
2955 935.0406
2956 936.0295
2957 936.9862
2958 937.9103
2959 938.8023
2960 939.6622
2961 940.491
2962 942.8759
2963 946.0203
2964 949.1022
2965 952.1075
2966 955.0229
2967 957.8359
2968 960.5356
2969 963.1111
2970 965.5439
2971 967.8782
2972 970.0454
2973 972.0305
2974 973.8289
2975 975.4385
2976 977.8771
2977 980.2807
2978 982.5201
2979 984.5882
2980 986.48
2981 988.1935
2982 989.7266
2983 991.0671
2984 992.2158
2985 993.175
2986 993.9458
2987 994.5284
2988 994.9257
2989 996.0777
2990 997.5841
2991 998.9252
2992 1000.1
2993 1001.103
2994 1001.936
2995 1002.603
2996 1003.102
2997 1003.44
2998 1003.622
2999 1003.651
3000 1003.659
3001 1004.417
3002 1005.026
3003 1005.488
3004 1005.807
3005 1005.988
3006 1006.034
3007 1005.949
3008 1005.737
3009 1005.976
3010 1007.059
3011 1008.061
3012 1008.98
3013 1009.811
3014 1010.83
3015 1012.069
3016 1013.213
3017 1014.26
3018 1015.208
3019 1015.98
3020 1016.631
3021 1017.161
3022 1017.565
3023 1017.846
3024 1018.001
3025 1018.037
3026 1017.954
3027 1017.751
3028 1017.43
3029 1016.99
3030 1016.431
3031 1015.899
3032 1015.93
3033 1015.851
3034 1015.663
3035 1015.363
3036 1014.954
3037 1014.436
3038 1013.81
3039 1013.08
3040 1012.247
3041 1011.313
3042 1010.284
3043 1009.161
3044 1007.95
3045 1006.653
3046 1005.274
3047 1003.819
3048 1002.292
3049 1000.695
3050 999.0325
3051 997.3097
3052 995.5301
3053 993.6981
3054 991.8179
3055 989.894
3056 987.9305
3057 985.9317
3058 983.9016
3059 981.8444
3060 979.7645
3061 977.6658
3062 975.5521
3063 973.5344
3064 972.2838
3065 971.1308
3066 977.0419
3067 982.8949
3068 988.6655
3069 994.3502
3070 999.9365
3071 1005.414
3072 1010.775
3073 1016.017
3074 1021.14
3075 1026.165
3076 1031.07
3077 1035.837
3078 1040.446
3079 1040.865
3080 1041.289
3081 1041.829
3082 1042.518
3083 1043.212
3084 1044.092
3085 1045.202
3086 1046.592
3087 1048.318
3088 1050.335
3089 1052.558
3090 1054.958
3091 1057.5
3092 1060.148
3093 1062.867
3094 1066.197
3095 1069.27
3096 1072.1
3097 1074.695
3098 1077.06
3099 1079.198
3100 1081.113
3101 1082.81
3102 1084.293
3103 1085.563
3104 1086.625
3105 1087.478
3106 1088.127
3107 1088.575
3108 1088.824
3109 1090.391
3110 1092.683
3111 1094.788
3112 1096.7
3113 1098.421
3114 1099.944
3115 1101.268
3116 1102.403
3117 1103.35
3118 1104.106
3119 1104.672
3120 1105.049
3121 1105.239
3122 1105.241
3123 1105.058
3124 1105.511
3125 1106.903
3126 1108.124
3127 1109.174
3128 1110.054
3129 1110.767
3130 1111.313
3131 1111.694
3132 1111.914
3133 1111.974
3134 1111.875
3135 1111.622
3136 1111.221
3137 1110.678
3138 1110
3139 1109.208
3140 1108.305
3141 1107.294
3142 1106.18
3143 1104.971
3144 1103.675
3145 1102.3
3146 1100.855
3147 1099.348
3148 1097.787
3149 1096.18
3150 1094.534
3151 1092.862
3152 1091.174
3153 1089.483
3154 1087.796
3155 1086.121
3156 1084.469
3157 1082.849
3158 1081.268
3159 1079.736
3160 1078.258
3161 1076.843
3162 1075.496
3163 1074.223
3164 1073.029
3165 1071.917
3166 1070.889
3167 1069.945
3168 1069.083
3169 1068.305
3170 1067.608
3171 1066.992
3172 1066.455
3173 1065.997
3174 1065.617
3175 1065.322
3176 1065.103
3177 1064.952
3178 1064.861
3179 1064.808
3180 1064.796
3181 1064.818
3182 1064.864
3183 1064.92
3184 1064.975
3185 1065.027
3186 1065.076
3187 1065.113
3188 1065.126
3189 1065.118
3190 1065.077
3191 1064.984
3192 1064.823
3193 1064.594
3194 1064.306
3195 1063.96
3196 1063.559
3197 1063.095
3198 1062.559
3199 1061.943
3200 1061.248
3201 1060.479
3202 1059.636
3203 1059.566
3204 1059.496
3205 1059.407
3206 1059.293
3207 1059.178
3208 1059.029
3209 1058.835
3210 1058.581
3211 1058.241
3212 1057.805
3213 1057.273
3214 1056.632
3215 1055.874
3216 1054.987
3217 1053.966
3218 1052.556
3219 1051.078
3220 1049.541
3221 1047.946
3222 1046.3
3223 1044.599
3224 1042.845
3225 1041.041
3226 1039.189
3227 1037.29
3228 1035.344
3229 1033.351
3230 1031.312
3231 1029.228
3232 1027.096
3233 1024.919
3234 1022.701
3235 1020.449
3236 1018.17
3237 1015.865
3238 1013.535
3239 1011.18
3240 1009.807
3241 1008.623
3242 1007.423
3243 1006.204
3244 1004.968
3245 1003.716
3246 1002.449
3247 1001.167
3248 999.8714
3249 998.5629
3250 997.2421
3251 995.9097
3252 994.5677
3253 993.6863
3254 993.3718
3255 993.0441
3256 992.7128
3257 992.4085
3258 992.1215
3259 991.8426
3260 991.5643
3261 991.2829
3262 990.996
3263 990.6601
3264 990.311
3265 989.9506
3266 989.5726
3267 989.1755
3268 988.7586
3269 988.3213
3270 987.8651
3271 987.3714
3272 986.8579
3273 986.4539
3274 986.6864
3275 987.3799
3276 988.0063
3277 988.5676
3278 989.0685
3279 989.5043
3280 989.8831
3281 990.2144
3282 990.5131
3283 990.7821
3284 991.0231
3285 991.2358
3286 991.4221
3287 991.5833
3288 991.7178
3289 991.8243
3290 991.8765
3291 991.8927
3292 991.9144
3293 991.9366
3294 991.9615
3295 991.9888
3296 992.0164
3297 992.0454
3298 992.0744
3299 992.1017
3300 992.174
3301 992.4403
3302 992.731
3303 993.0447
3304 993.3826
3305 993.7436
3306 994.1196
3307 994.5268
3308 994.8981
3309 995.2258
3310 995.5065
3311 995.7393
3312 995.9221
3313 996.0497
3314 996.1246
3315 996.1481
3316 996.1194
3317 996.0383
3318 995.9048
3319 995.719
3320 995.4847
3321 995.2009
3322 994.8666
3323 994.4813
3324 995.0009
3325 995.5634
3326 996.0827
3327 996.557
3328 996.9824
3329 997.3525
3330 997.6661
3331 997.9355
3332 998.1428
3333 998.2836
3334 998.2578
3335 998.144
3336 997.9465
3337 997.6638
3338 997.2994
3339 996.8508
3340 996.3149
3341 995.6902
3342 994.9748
3343 994.2891
3344 994.2418
3345 994.1284
3346 993.9473
3347 993.6978
3348 993.3798
3349 992.9911
3350 992.5311
3351 992.0012
3352 991.4035
3353 990.7439
3354 990.0241
3355 989.2423
3356 988.4017
3357 987.5034
3358 986.5496
3359 985.552
3360 984.5071
3361 983.3948
3362 982.2283
3363 981.0095
3364 979.7416
3365 978.4274
3366 977.0709
3367 975.6766
3368 974.2487
3369 973.1552
3370 972.246
3371 971.3013
3372 970.4949
3373 970.3034
3374 970.0739
3375 969.8027
3376 969.486
3377 969.1165
3378 968.6931
3379 968.215
3380 967.6876
3381 967.1242
3382 966.5258
3383 965.8944
3384 965.4893
3385 965.2443
3386 964.9629
3387 964.6397
3388 964.27
3389 963.8539
3390 963.3922
3391 962.8544
3392 962.2711
3393 961.6445
3394 960.9792
3395 960.2787
3396 959.5226
3397 958.7157
3398 957.8609
3399 957.3321
3400 956.9954
3401 956.6423
3402 956.2693
3403 955.8738
3404 955.454
3405 955.0082
3406 954.5369
3407 954.0399
3408 953.5172
3409 952.9689
3410 952.5514
3411 952.8132
3412 953.04
3413 953.2309
3414 953.3835
3415 953.4121
3416 953.441
3417 953.4754
3418 953.5157
3419 953.5546
3420 953.5986
3421 953.6472
3422 953.6986
3423 953.7503
3424 953.7973
3425 953.8353
3426 953.8589
3427 953.8632
3428 953.8428
3429 953.7933
3430 953.6747
3431 953.5147
3432 953.3149
3433 953.0779
3434 952.8058
3435 952.4991
3436 952.1601
3437 951.7924
3438 951.3982
3439 950.9774
3440 950.53
3441 950.0487
3442 949.5347
3443 948.9863
3444 948.4039
3445 948.005
3446 948.157
3447 948.287
3448 948.3942
3449 948.4778
3450 948.5363
3451 948.5686
3452 948.5781
3453 948.5685
3454 948.5375
3455 948.4829
3456 948.4026
3457 948.2945
3458 948.1574
3459 947.9871
3460 947.785
3461 947.5239
3462 947.235
3463 946.917
3464 946.5704
3465 946.1938
3466 945.7859
3467 945.3458
3468 944.8793
3469 944.3876
3470 943.8729
3471 943.3372
3472 942.7803
3473 942.2015
3474 941.6
3475 940.9742
3476 940.3218
3477 939.6459
3478 938.9471
3479 938.2247
3480 937.4781
3481 936.7092
3482 935.9169
3483 935.1013
3484 934.2621
3485 933.3997
3486 932.515
3487 931.6083
3488 930.6801
3489 930.1183
3490 929.9095
3491 929.6777
3492 929.4192
3493 929.1386
3494 928.8367
3495 928.5141
3496 928.1718
3497 927.8096
3498 927.4299
3499 927.0323
3500 926.6182
3501 926.1877
3502 925.741
3503 925.2777
3504 924.7979
3505 924.2998
3506 923.7843
3507 923.2512
3508 922.7005
3509 922.1304
3510 921.538
3511 920.9245
3512 920.2913
3513 919.6392
3514 918.9683
3515 918.2795
3516 917.5734
3517 916.8506
3518 916.1129
3519 915.361
3520 914.5956
3521 913.8181
3522 913.0306
3523 912.2413
3524 911.4488
3525 910.6514
3526 909.8477
3527 910.2982
3528 911.564
3529 914.0358
3530 916.782
3531 919.496
3532 922.1707
3533 924.8
3534 927.3785
3535 929.8998
3536 932.3594
3537 934.7527
3538 937.0748
3539 939.3213
3540 941.4888
3541 943.5751
3542 945.5765
3543 947.4895
3544 949.3099
3545 951.0376
3546 952.6713
3547 954.2125
3548 955.6602
3549 957.0178
3550 958.2883
3551 959.4675
3552 960.5624
3553 961.567
3554 962.4839
3555 963.3151
3556 964.0623
3557 964.7272
3558 965.302
3559 965.7883
3560 966.1859
3561 966.497
3562 966.7204
3563 969.1549
3564 971.5813
3565 973.8584
3566 975.9815
3567 977.944
3568 979.7379
3569 981.366
3570 982.8228
3571 984.1035
3572 985.2029
3573 986.3419
3574 988.1255
3575 989.7358
3576 991.1652
3577 992.4103
3578 993.4688
3579 994.3351
3580 995.0076
3581 995.4603
3582 995.7018
3583 995.7287
3584 995.538
3585 995.1265
3586 994.4933
3587 993.6382
3588 992.5597
3589 991.2579
3590 989.7325
3591 987.9841
3592 986.0146
3593 983.826
3594 982.5787
3595 981.165
3596 979.5578
3597 977.7582
3598 975.7675
3599 973.5875
3600 971.2195
3601 968.6664
3602 965.9315
3603 963.0191
3604 960.4232
3605 957.8295
3606 955.0919
3607 952.8131
3608 953.4496
3609 953.9614
3610 954.3622
3611 954.6788
3612 954.9341
3613 955.15
3614 955.3293
3615 955.481
3616 955.5993
3617 955.6796
3618 955.7171
3619 955.7136
3620 955.6774
3621 955.6226
3622 955.5254
3623 955.4153
3624 955.2912
3625 955.1503
3626 954.9924
3627 954.8103
3628 954.5978
3629 954.3519
3630 954.0701
3631 953.7553
3632 953.4081
3633 953.0302
3634 952.6241
3635 952.5579
3636 952.6528
3637 952.7346
3638 952.8019
3639 952.8573
3640 952.9016
3641 952.934
3642 952.9547
3643 952.964
3644 952.965
3645 952.9617
3646 952.9584
3647 952.9575
3648 952.9614
3649 952.9729
3650 952.9955
3651 953.0316
3652 953.0839
3653 953.1542
3654 953.2405
3655 953.3439
3656 953.4653
3657 953.6054
3658 953.7635
3659 953.9373
3660 954.1268
3661 954.3318
3662 954.5526
3663 954.7877
3664 955.0329
3665 955.2857
3666 955.5444
3667 955.8079
3668 956.0749
3669 956.3434
3670 956.6113
3671 956.8769
3672 957.1382
3673 957.3719
3674 957.5894
3675 957.7853
3676 957.9598
3677 958.1107
3678 958.235
3679 958.33
3680 958.3928
3681 958.4175
3682 958.405
3683 958.9984
3684 960.3791
3685 961.6902
3686 962.9332
3687 964.1078
3688 965.2103
3689 966.2414
3690 967.1997
3691 968.0853
3692 968.8945
3693 969.6271
3694 970.2816
3695 970.8566
3696 971.3385
3697 971.7376
3698 972.0537
3699 972.094
3700 972.1343
3701 972.184
3702 972.2442
3703 972.3026
3704 972.3711
3705 972.4498
3706 972.5371
3707 972.6302
3708 972.7207
3709 972.8001
3710 972.8613
3711 972.8959
3712 972.893
3713 972.8406
3714 972.7424
3715 972.6
3716 972.412
3717 972.1774
3718 971.8953
3719 971.5657
3720 971.188
3721 970.5717
3722 969.8752
3723 969.1022
3724 968.2567
3725 967.3436
3726 966.3683
3727 965.3348
3728 964.2468
3729 963.1085
3730 961.9238
3731 960.6973
3732 959.4336
3733 958.1348
3734 956.8035
3735 955.4442
3736 954.061
3737 952.6601
3738 951.249
3739 949.8318
3740 948.4146
3741 946.9695
3742 945.5247
3743 944.0836
3744 942.6463
3745 941.2184
3746 939.8076
3747 938.4144
3748 937.9326
3749 938.585
3750 939.0965
3751 939.4674
3752 939.6992
3753 939.793
3754 939.7498
3755 939.5726
3756 939.2705
3757 938.8448
3758 938.3766
3759 938.6235
3760 938.8655
3761 939.1038
3762 939.3385
3763 939.5706
3764 939.7969
3765 940.0146
3766 940.2234
3767 940.2402
3768 940.2581
3769 940.2812
3770 940.3104
3771 940.3395
3772 940.3751
3773 940.4174
3774 940.4664
3775 940.5223
3776 940.6667
3777 941.021
3778 941.3903
3779 941.7661
3780 942.139
3781 942.4988
3782 942.8151
3783 943.0885
3784 943.3199
3785 943.5091
3786 943.6563
3787 943.7614
3788 943.8244
3789 943.8475
3790 943.8295
3791 943.7692
3792 943.6653
3793 943.5173
3794 943.4689
3795 943.5445
3796 943.5802
3797 943.5755
3798 943.5303
3799 943.5242
3800 943.5185
3801 943.5115
3802 943.5034
3803 943.4934
3804 943.48
3805 943.4607
3806 943.4308
3807 943.3832
3808 943.3059
3809 943.1948
3810 943.0475
3811 942.8066
3812 942.5259
3813 942.6464
3814 943.5613
3815 944.4505
3816 945.3151
3817 946.1567
3818 946.9761
3819 947.7731
3820 948.5469
3821 949.2988
3822 950.035
3823 950.7559
3824 951.4609
3825 952.1498
3826 952.8223
3827 953.4799
3828 954.6821
3829 957.2106
3830 959.6776
3831 962.0773
3832 964.4064
3833 966.6628
3834 968.8444
3835 970.9494
3836 972.9761
3837 974.923
3838 976.7821
3839 978.5601
3840 980.2568
3841 982.3802
3842 984.3466
3843 986.1559
3844 987.8101
3845 989.3115
3846 990.661
3847 991.8616
3848 992.9153
3849 993.8248
3850 994.5925
3851 995.2198
3852 995.7101
3853 996.0631
3854 996.2853
3855 996.3786
3856 996.3463
3857 996.1914
3858 995.9173
3859 995.5262
3860 995.0206
3861 994.4014
3862 993.6709
3863 992.8322
3864 991.8873
3865 990.8401
3866 989.6943
3867 988.4537
3868 987.1227
3869 985.7056
3870 984.2055
3871 982.626
3872 980.9709
3873 979.244
3874 977.4479
3875 975.5858
3876 973.6605
3877 971.675
3878 969.6326
3879 967.5356
3880 965.3863
3881 963.1875
3882 960.9416
3883 958.6508
3884 956.3177
3885 953.945
3886 951.5348
3887 949.0893
3888 946.611
3889 944.1022
3890 941.5652
3891 939.0027
3892 936.4175
3893 933.8116
3894 931.1884
3895 928.5502
3896 925.8999
3897 923.2402
3898 920.5725
3899 917.8994
3900 915.2238
3901 912.5483
3902 909.8752
3903 907.2068
3904 906.2253
3905 906.2925
3906 906.3483
3907 906.3923
3908 906.4247
3909 906.4448
3910 906.4523
3911 906.4465
3912 906.4279
3913 906.3962
3914 906.3513
3915 906.2933
3916 906.2222
3917 906.1381
3918 906.0417
3919 905.9332
3920 905.812
3921 905.6765
3922 905.5244
3923 905.3549
3924 905.1693
3925 904.9675
3926 904.7495
3927 904.5155
3928 904.2693
3929 904.0134
3930 904.4415
3931 905.3473
3932 906.2299
3933 907.0892
3934 907.9257
3935 908.7394
3936 909.5259
3937 910.2903
3938 911.0305
3939 911.7459
3940 912.4363
3941 913.1031
3942 913.7469
3943 914.369
3944 914.9694
3945 915.5479
3946 916.1046
3947 916.6398
3948 917.1537
3949 917.6459
3950 918.116
3951 918.5629
3952 918.9855
3953 919.3833
3954 919.7557
3955 920.1025
3956 920.4239
3957 920.7199
3958 920.99
3959 921.232
3960 921.4452
3961 921.6293
3962 921.7825
3963 921.9039
3964 921.9931
3965 922.049
3966 922.0712
3967 922.0591
3968 922.0124
3969 921.9318
3970 921.8182
3971 921.6699
3972 921.489
3973 921.277
3974 921.0353
3975 920.7664
3976 920.4705
3977 920.1473
3978 919.7967
3979 919.4168
3980 919.0074
3981 918.5654
3982 918.0891
3983 917.5782
3984 917.0344
3985 916.4609
3986 915.8566
3987 915.2223
3988 914.5593
3989 913.8704
3990 913.1582
3991 912.4259
3992 911.6769
3993 910.9135
3994 910.136
3995 909.3409
3996 908.525
3997 907.6893
3998 906.8345
3999 906.1068
4000 905.789
