"cd-rfile"
"Iteration" "cd"
("Iteration" "cd")
1 0.9368317
2 0.939329
3 0.9390353
4 0.9371541
5 0.9344409
6 0.9316962
7 0.9289412
8 0.9263735
9 0.9239945
10 0.9218282
11 0.919835
12 0.9180442
13 0.9164587
14 0.9150876
15 0.9138886
16 0.9128397
17 0.9119436
18 0.9111828
19 0.9105573
20 0.9100218
21 0.9095566
22 0.9091635
23 0.9088432
24 0.9085897
25 0.9083952
26 0.9082401
27 0.9081075
28 0.9080086
29 0.907941
30 0.9078793
31 0.9078362
32 0.9078134
33 0.9077964
34 0.9077789
35 0.9077562
36 0.9077226
37 0.9076787
38 0.907621
39 0.9075476
40 0.9074583
41 0.9073525
42 0.9072255
43 0.9070753
44 0.9068984
45 0.9066947
46 0.9064654
47 0.9062086
48 0.9059249
49 0.9056122
50 0.905271
51 0.9049006
52 0.9045023
53 0.904075
54 0.9036217
55 0.9031387
56 0.9026296
57 0.9020933
58 0.901531
59 0.900943
60 0.9003298
61 0.8996909
62 0.8990306
63 0.8983459
64 0.8976405
65 0.896914
66 0.896167
67 0.8954017
68 0.8946166
69 0.8938144
70 0.8929957
71 0.8921612
72 0.8913112
73 0.8904463
74 0.8895671
75 0.8886741
76 0.8877695
77 0.8868527
78 0.8859249
79 0.8849878
80 0.884039
81 0.883081
82 0.882116
83 0.8811417
84 0.8801608
85 0.879173
86 0.8781798
87 0.87718
88 0.8761752
89 0.8751663
90 0.8741532
91 0.8731368
92 0.8721172
93 0.871095
94 0.8700712
95 0.8690445
96 0.8680171
97 0.8669884
98 0.8659592
99 0.864929
100 0.8638996
101 0.862873
102 0.8618426
103 0.8608085
104 0.8597701
105 0.8587302
106 0.8576887
107 0.8566456
108 0.8556016
109 0.8545592
110 0.8535165
111 0.8524765
112 0.8514386
113 0.8504038
114 0.8493727
115 0.8483449
116 0.8473229
117 0.8463054
118 0.8452932
119 0.8442867
120 0.8432865
121 0.8422922
122 0.8413055
123 0.8403265
124 0.8393549
125 0.8383918
126 0.8374355
127 0.8364889
128 0.8355507
129 0.834622
130 0.8337008
131 0.8327901
132 0.8318878
133 0.8309954
134 0.8301131
135 0.8292403
136 0.8283787
137 0.8275262
138 0.8266844
139 0.8258529
140 0.8250342
141 0.8242244
142 0.8234268
143 0.8226412
144 0.8218664
145 0.8211043
146 0.8203544
147 0.8196169
148 0.8188925
149 0.81818
150 0.817479
151 0.8167919
152 0.8161181
153 0.8154578
154 0.8148103
155 0.8141772
156 0.813558
157 0.812953
158 0.8123633
159 0.8117874
160 0.8112258
161 0.810679
162 0.8101482
163 0.8096334
164 0.8091329
165 0.8086495
166 0.8081822
167 0.8077304
168 0.8072958
169 0.8068789
170 0.8064777
171 0.8060941
172 0.8057281
173 0.8053792
174 0.8050485
175 0.804736
176 0.8044425
177 0.8041683
178 0.8039114
179 0.8036731
180 0.8034553
181 0.8032559
182 0.8030765
183 0.8029154
184 0.802775
185 0.8026545
186 0.8025538
187 0.8024717
188 0.8024108
189 0.8023691
190 0.8023484
191 0.802345
192 0.8023635
193 0.8024013
194 0.8024587
195 0.8025354
196 0.802632
197 0.8027478
198 0.8028825
199 0.8030353
200 0.8032094
201 0.8033988
202 0.8036082
203 0.8038352
204 0.8040818
205 0.8043445
206 0.8046251
207 0.8049223
208 0.8052372
209 0.8055679
210 0.8059147
211 0.8062769
212 0.8066547
213 0.807048
214 0.8074558
215 0.807877
216 0.8083138
217 0.8087637
218 0.8092261
219 0.8097033
220 0.8101912
221 0.8106934
222 0.8112067
223 0.8117328
224 0.8122695
225 0.8128175
226 0.8133765
227 0.8139455
228 0.8145257
229 0.8151155
230 0.8157152
231 0.8163235
232 0.8169401
233 0.8175657
234 0.8181988
235 0.8188402
236 0.8194885
237 0.8201432
238 0.8208054
239 0.8214735
240 0.8221478
241 0.8228279
242 0.8235134
243 0.8242041
244 0.824899
245 0.8255989
246 0.8263025
247 0.8270094
248 0.8277211
249 0.8284348
250 0.8291507
251 0.8298705
252 0.8305907
253 0.8313134
254 0.8320379
255 0.8327636
256 0.8334898
257 0.8342172
258 0.8349452
259 0.8356724
260 0.8364006
261 0.8371272
262 0.8378534
263 0.8385791
264 0.8393037
265 0.8400267
266 0.8407477
267 0.8414672
268 0.8421844
269 0.8428987
270 0.843611
271 0.8443198
272 0.8450263
273 0.8457295
274 0.846429
275 0.847124
276 0.8478153
277 0.8485032
278 0.8491864
279 0.8498662
280 0.8505397
281 0.851209
282 0.851874
283 0.8525329
284 0.8531878
285 0.8538365
286 0.854479
287 0.8551163
288 0.8557486
289 0.8563737
290 0.8569937
291 0.8576072
292 0.858214
293 0.8588141
294 0.8594087
295 0.8599973
296 0.8605781
297 0.8611529
298 0.8617211
299 0.8622825
300 0.862837
301 0.8633854
302 0.8639261
303 0.8644605
304 0.8649877
305 0.8655074
306 0.8660212
307 0.8665261
308 0.8670259
309 0.8675189
310 0.8680042
311 0.8684831
312 0.8689538
313 0.8694193
314 0.8698764
315 0.8703277
316 0.8707718
317 0.8712097
318 0.8716399
319 0.8720637
320 0.8724806
321 0.8728907
322 0.8732942
323 0.8736913
324 0.8740805
325 0.8744646
326 0.8748412
327 0.875212
328 0.8755761
329 0.8759344
330 0.8762861
331 0.8767469
332 0.8771957
333 0.8776341
334 0.8780603
335 0.8784767
336 0.8788825
337 0.8792774
338 0.879662
339 0.8800371
340 0.8804025
341 0.8807591
342 0.8811063
343 0.8814448
344 0.8817747
345 0.8820958
346 0.8824089
347 0.882714
348 0.8830108
349 0.8833008
350 0.883582
351 0.8838575
352 0.8841252
353 0.8843867
354 0.8846404
355 0.8848886
356 0.8851306
357 0.885366
358 0.8855959
359 0.8858199
360 0.8860386
361 0.886333
362 0.8866178
363 0.8868936
364 0.8871589
365 0.8874167
366 0.8876672
367 0.8879079
368 0.8881429
369 0.8883708
370 0.8885918
371 0.8888065
372 0.8890143
373 0.8892158
374 0.8894128
375 0.8896032
376 0.8897876
377 0.8899682
378 0.890143
379 0.8903131
380 0.8904779
381 0.8906385
382 0.8907952
383 0.8909463
384 0.8910946
385 0.8912377
386 0.8913766
387 0.8915123
388 0.8916436
389 0.8917721
390 0.8918964
391 0.8920572
392 0.8922109
393 0.8923592
394 0.8925021
395 0.8926398
396 0.8927736
397 0.8929021
398 0.8930262
399 0.8931473
400 0.8932635
401 0.8933762
402 0.8934863
403 0.8935941
404 0.893699
405 0.893802
406 0.8939015
407 0.8940004
408 0.8940982
409 0.8941947
410 0.8942901
411 0.8943849
412 0.8944795
413 0.8945734
414 0.8946695
415 0.8947639
416 0.8948596
417 0.8949555
418 0.8950529
419 0.8951501
420 0.8952489
421 0.8953493
422 0.8954506
423 0.8955526
424 0.8956563
425 0.8957617
426 0.8958672
427 0.8959751
428 0.8960836
429 0.8961934
430 0.8963049
431 0.8964176
432 0.8965321
433 0.8966478
434 0.8967644
435 0.8968821
436 0.8970011
437 0.8971212
438 0.8972424
439 0.8973641
440 0.8974861
441 0.8976086
442 0.897733
443 0.8978558
444 0.89798
445 0.8981038
446 0.8982273
447 0.8983511
448 0.8984741
449 0.8985971
450 0.8987193
451 0.8988797
452 0.8990385
453 0.8991935
454 0.8993461
455 0.8994961
456 0.8996415
457 0.8997836
458 0.8999225
459 0.9000571
460 0.9001868
461 0.9003124
462 0.9004324
463 0.9005479
464 0.9006569
465 0.9007595
466 0.9008561
467 0.9009469
468 0.9010311
469 0.9011069
470 0.9011769
471 0.9012388
472 0.9012931
473 0.9013407
474 0.9013809
475 0.9014133
476 0.9014379
477 0.9014561
478 0.901465
479 0.9014666
480 0.9014609
481 0.901433
482 0.9013901
483 0.9013323
484 0.9012604
485 0.9011776
486 0.9010827
487 0.9009776
488 0.9008625
489 0.9007394
490 0.900609
491 0.9004718
492 0.9003294
493 0.9001814
494 0.9000296
495 0.8998733
496 0.8997147
497 0.8995524
498 0.8993874
499 0.899221
500 0.8990533
501 0.8988837
502 0.8987122
503 0.8985407
504 0.8983669
505 0.8981921
506 0.8980158
507 0.8978394
508 0.8976609
509 0.8974811
510 0.897299
511 0.8971167
512 0.8969338
513 0.8967494
514 0.8965644
515 0.8963791
516 0.8961943
517 0.8960104
518 0.8958262
519 0.8956439
520 0.8954623
521 0.8952813
522 0.8951038
523 0.8949282
524 0.8947557
525 0.8945849
526 0.8944181
527 0.8942552
528 0.8940947
529 0.8939393
530 0.8937865
531 0.8936386
532 0.8934931
533 0.8933526
534 0.8932157
535 0.8930828
536 0.8929528
537 0.8928269
538 0.8927053
539 0.8925863
540 0.8924714
541 0.8923087
542 0.8921536
543 0.8920052
544 0.8918624
545 0.8917268
546 0.8915958
547 0.8914708
548 0.8913497
549 0.8912345
550 0.8911213
551 0.891108
552 0.8910951
553 0.8910796
554 0.8910611
555 0.8910434
556 0.8910212
557 0.8909954
558 0.8909632
559 0.8909237
560 0.8908775
561 0.8908255
562 0.8907682
563 0.890706
564 0.890639
565 0.8905666
566 0.8904973
567 0.8904294
568 0.8903621
569 0.8902973
570 0.8902335
571 0.8901505
572 0.8900729
573 0.8899999
574 0.8899319
575 0.8898696
576 0.8898127
577 0.8897626
578 0.8897192
579 0.8896822
580 0.8896526
581 0.8896294
582 0.8896135
583 0.8896055
584 0.8896057
585 0.889614
586 0.889631
587 0.8896562
588 0.8896894
589 0.8897308
590 0.8897805
591 0.8898405
592 0.8899075
593 0.8899826
594 0.8900647
595 0.8901541
596 0.8902502
597 0.8903502
598 0.8904557
599 0.8904651
600 0.8904741
601 0.8904865
602 0.8905026
603 0.8905239
604 0.8905516
605 0.890586
606 0.8906217
607 0.8906629
608 0.8907084
609 0.8907605
610 0.8908178
611 0.8908808
612 0.890949
613 0.8910225
614 0.8911024
615 0.8911871
616 0.8912781
617 0.8913676
618 0.891459
619 0.89155
620 0.8916404
621 0.8917308
622 0.8918208
623 0.8919104
624 0.8920007
625 0.8920887
626 0.8921766
627 0.8922648
628 0.8923516
629 0.8924376
630 0.8925233
631 0.8926416
632 0.8927584
633 0.892873
634 0.8929876
635 0.8931009
636 0.8932115
637 0.893321
638 0.8934274
639 0.8935299
640 0.8936286
641 0.8937224
642 0.8938118
643 0.8938959
644 0.8939756
645 0.8940503
646 0.8941194
647 0.8941821
648 0.8942404
649 0.8942937
650 0.8943422
651 0.8943874
652 0.8944263
653 0.8944607
654 0.8944919
655 0.8945178
656 0.8945392
657 0.8945564
658 0.8945707
659 0.8945799
660 0.8945852
661 0.8945873
662 0.8945867
663 0.8945823
664 0.8945752
665 0.8945653
666 0.894554
667 0.8945398
668 0.8945241
669 0.8945084
670 0.8944917
671 0.8944751
672 0.8944594
673 0.8944442
674 0.8944311
675 0.8944188
676 0.8944094
677 0.8944024
678 0.8943966
679 0.8943942
680 0.894394
681 0.8943959
682 0.8943996
683 0.8944064
684 0.8944154
685 0.8944254
686 0.8944384
687 0.8944522
688 0.8944678
689 0.8944832
690 0.8945003
691 0.8945169
692 0.8945341
693 0.8945493
694 0.8945655
695 0.8945798
696 0.8945929
697 0.8946042
698 0.8946143
699 0.8946218
700 0.8946283
701 0.8946309
702 0.8946321
703 0.8946309
704 0.8946266
705 0.8946199
706 0.8946111
707 0.8946008
708 0.8945873
709 0.8945719
710 0.8945554
711 0.894536
712 0.8945149
713 0.8944911
714 0.894466
715 0.8944399
716 0.8944107
717 0.89438
718 0.8943477
719 0.8943446
720 0.8943417
721 0.8943369
722 0.894331
723 0.894325
724 0.8943178
725 0.8943096
726 0.8942988
727 0.8942858
728 0.8942705
729 0.8942527
730 0.894232
731 0.8942095
732 0.8941841
733 0.8941572
734 0.8941194
735 0.8940839
736 0.8940468
737 0.8940103
738 0.8939751
739 0.8939399
740 0.8939071
741 0.893876
742 0.8938462
743 0.8938202
744 0.8937966
745 0.8937764
746 0.8937589
747 0.893745
748 0.8937348
749 0.8937267
750 0.8937216
751 0.8937201
752 0.8937196
753 0.8937241
754 0.8937309
755 0.8937405
756 0.893754
757 0.8937701
758 0.8937904
759 0.8938124
760 0.8938372
761 0.8938636
762 0.8938929
763 0.8939256
764 0.8939601
765 0.8939981
766 0.8940398
767 0.8940836
768 0.8941318
769 0.8941832
770 0.8942388
771 0.8942972
772 0.8943617
773 0.8944304
774 0.8945033
775 0.8945813
776 0.8946632
777 0.8947492
778 0.8948379
779 0.8949298
780 0.8950253
781 0.8951222
782 0.8952208
783 0.8953213
784 0.8954233
785 0.8955264
786 0.8956293
787 0.8957325
788 0.8958358
789 0.8959377
790 0.8960387
791 0.896138
792 0.8962353
793 0.8963303
794 0.8964248
795 0.896515
796 0.8966014
797 0.896686
798 0.8967668
799 0.896844
800 0.8969182
801 0.8969878
802 0.8970537
803 0.8971153
804 0.8971723
805 0.8972256
806 0.8972731
807 0.8973178
808 0.8973581
809 0.8973919
810 0.8974216
811 0.8974462
812 0.8974667
813 0.8974821
814 0.8974928
815 0.8974984
816 0.8974998
817 0.8974967
818 0.8974897
819 0.8974783
820 0.8974619
821 0.8974424
822 0.8974187
823 0.8973917
824 0.8973606
825 0.8973256
826 0.8972874
827 0.8972459
828 0.8972023
829 0.897155
830 0.8971058
831 0.8970526
832 0.8969989
833 0.8969418
834 0.8968849
835 0.8968255
836 0.8967637
837 0.8967019
838 0.8966382
839 0.8965746
840 0.8965096
841 0.8964459
842 0.8963811
843 0.896318
844 0.8962557
845 0.8961945
846 0.8961331
847 0.896075
848 0.8960174
849 0.8959622
850 0.8959083
851 0.8958572
852 0.8958084
853 0.895762
854 0.895718
855 0.8956778
856 0.8956396
857 0.8956054
858 0.8955734
859 0.8955445
860 0.8955187
861 0.8954966
862 0.8954779
863 0.8954613
864 0.8954481
865 0.8954393
866 0.8954321
867 0.895429
868 0.8954279
869 0.8954304
870 0.895436
871 0.895444
872 0.8954543
873 0.8954675
874 0.8954831
875 0.8955002
876 0.8955196
877 0.8955405
878 0.8955637
879 0.8955889
880 0.8956156
881 0.8956439
882 0.895673
883 0.895704
884 0.8957371
885 0.8957718
886 0.8958089
887 0.8958469
888 0.8958859
889 0.8959267
890 0.8959673
891 0.8960083
892 0.8960496
893 0.8960907
894 0.8961321
895 0.8961726
896 0.8962137
897 0.8962532
898 0.8962921
899 0.8963315
900 0.8963695
901 0.8964084
902 0.8964458
903 0.8964832
904 0.89652
905 0.8965563
906 0.8965923
907 0.8966271
908 0.8966617
909 0.896695
910 0.8967279
911 0.8967593
912 0.8967904
913 0.8968192
914 0.8968474
915 0.8968748
916 0.8968999
917 0.8969234
918 0.8969444
919 0.8969643
920 0.8969812
921 0.8969961
922 0.8970088
923 0.897019
924 0.8970267
925 0.8970308
926 0.8970326
927 0.8970325
928 0.8970288
929 0.8970224
930 0.8970151
931 0.8970037
932 0.8969898
933 0.8969734
934 0.8969546
935 0.8969331
936 0.8969103
937 0.8968841
938 0.8968559
939 0.896826
940 0.8967954
941 0.8967621
942 0.8967276
943 0.8966915
944 0.896655
945 0.896618
946 0.8965803
947 0.8965411
948 0.8965023
949 0.8964641
950 0.8964261
951 0.8963889
952 0.8963521
953 0.8963174
954 0.8962827
955 0.8962496
956 0.8962189
957 0.8961892
958 0.8961616
959 0.8961356
960 0.8961109
961 0.8960876
962 0.896066
963 0.8960457
964 0.8960264
965 0.8960075
966 0.89599
967 0.895972
968 0.8959547
969 0.8959374
970 0.8959197
971 0.8959024
972 0.8958832
973 0.8958645
974 0.8958458
975 0.895826
976 0.8958063
977 0.8957862
978 0.8957666
979 0.8957468
980 0.8957261
981 0.895707
982 0.8956875
983 0.8956695
984 0.8956518
985 0.8956354
986 0.89562
987 0.8956064
988 0.8955945
989 0.8955828
990 0.8955745
991 0.8955685
992 0.8955652
993 0.895564
994 0.895566
995 0.895571
996 0.8955786
997 0.8955892
998 0.8956022
999 0.8956189
1000 0.8956391
1001 0.8956612
1002 0.8956854
1003 0.895713
1004 0.8957419
1005 0.8957729
1006 0.8958055
1007 0.8958382
1008 0.8958725
1009 0.8959079
1010 0.8959427
1011 0.8959789
1012 0.8960146
1013 0.8960509
1014 0.8960872
1015 0.8961235
1016 0.89616
1017 0.8961973
1018 0.8962339
1019 0.896271
1020 0.8963077
1021 0.8963441
1022 0.8963807
1023 0.8964174
1024 0.8964531
1025 0.8964885
1026 0.8965228
1027 0.8965557
1028 0.8965892
1029 0.8966201
1030 0.8966492
1031 0.8966764
1032 0.8967026
1033 0.8967257
1034 0.8967461
1035 0.8967646
1036 0.89678
1037 0.8967927
1038 0.8968034
1039 0.8968118
1040 0.8968172
1041 0.8968195
1042 0.896819
1043 0.8968169
1044 0.896812
1045 0.8968041
1046 0.8967934
1047 0.8967795
1048 0.8967636
1049 0.8967448
1050 0.8967214
1051 0.8966967
1052 0.8966697
1053 0.8966387
1054 0.8966047
1055 0.8965696
1056 0.8965319
1057 0.8964914
1058 0.8964485
1059 0.8964046
1060 0.8963577
1061 0.896309
1062 0.8962599
1063 0.8962089
1064 0.8961565
1065 0.896103
1066 0.896049
1067 0.8959933
1068 0.8959374
1069 0.8958799
1070 0.8958231
1071 0.8957648
1072 0.895707
1073 0.895648
1074 0.8955883
1075 0.8955292
1076 0.8954692
1077 0.895408
1078 0.8953467
1079 0.895286
1080 0.8952244
1081 0.8951634
1082 0.895102
1083 0.8950419
1084 0.8949819
1085 0.8949248
1086 0.8948661
1087 0.8948098
1088 0.8947548
1089 0.8947012
1090 0.8946495
1091 0.8945995
1092 0.894552
1093 0.8945062
1094 0.8944632
1095 0.8944218
1096 0.8943835
1097 0.8943489
1098 0.8943183
1099 0.8942903
1100 0.8942664
1101 0.8942461
1102 0.8942307
1103 0.8942181
1104 0.8942113
1105 0.8942079
1106 0.8942102
1107 0.8942165
1108 0.8942279
1109 0.894244
1110 0.8942655
1111 0.894291
1112 0.8943214
1113 0.8943558
1114 0.8943944
1115 0.8944369
1116 0.8944834
1117 0.8945338
1118 0.8945872
1119 0.8946439
1120 0.8947061
1121 0.8947703
1122 0.8948392
1123 0.8949121
1124 0.8949879
1125 0.8950688
1126 0.8951525
1127 0.8952413
1128 0.8953337
1129 0.8954303
1130 0.8955311
1131 0.8956365
1132 0.8957443
1133 0.8958552
1134 0.8959684
1135 0.8960841
1136 0.8962004
1137 0.8963181
1138 0.8964362
1139 0.8965536
1140 0.89667
1141 0.8967359
1142 0.8968017
1143 0.8968668
1144 0.8969322
1145 0.8969966
1146 0.8970604
1147 0.8971236
1148 0.8971865
1149 0.897249
1150 0.89731
1151 0.8973705
1152 0.8974289
1153 0.8974862
1154 0.8975419
1155 0.8975959
1156 0.8976486
1157 0.8976994
1158 0.8977478
1159 0.897794
1160 0.8978374
1161 0.8978797
1162 0.8979189
1163 0.8979558
1164 0.8979898
1165 0.8980203
1166 0.8980492
1167 0.8980761
1168 0.8981006
1169 0.8981215
1170 0.8981404
1171 0.8981575
1172 0.8981716
1173 0.8981835
1174 0.8981925
1175 0.8981985
1176 0.8982045
1177 0.8982064
1178 0.8982052
1179 0.8982034
1180 0.8981984
1181 0.8981902
1182 0.8981801
1183 0.8981671
1184 0.8981511
1185 0.8981324
1186 0.898111
1187 0.8980869
1188 0.8980596
1189 0.8980282
1190 0.8979947
1191 0.8979568
1192 0.8979152
1193 0.8978713
1194 0.8978231
1195 0.8977724
1196 0.8977169
1197 0.8976579
1198 0.8975968
1199 0.897532
1200 0.8974649
1201 0.8973941
1202 0.8973222
1203 0.8972468
1204 0.8971696
1205 0.8970898
1206 0.8970094
1207 0.896926
1208 0.8968419
1209 0.8967571
1210 0.896671
1211 0.8965838
1212 0.8964971
1213 0.8964105
1214 0.8963237
1215 0.8962366
1216 0.8961507
1217 0.8960663
1218 0.8959816
1219 0.8958996
1220 0.8958167
1221 0.8957369
1222 0.8956591
1223 0.8955823
1224 0.8955078
1225 0.8954348
1226 0.8953644
1227 0.8952951
1228 0.8952284
1229 0.8951635
1230 0.895101
1231 0.8950398
1232 0.8949816
1233 0.8949238
1234 0.8948674
1235 0.8948129
1236 0.8947592
1237 0.8947069
1238 0.8946561
1239 0.8946058
1240 0.8945551
1241 0.8945067
1242 0.8944578
1243 0.8944094
1244 0.8943624
1245 0.8943142
1246 0.8942681
1247 0.8942218
1248 0.8941759
1249 0.8941311
1250 0.8940865
1251 0.8940418
1252 0.8939996
1253 0.8939576
1254 0.8939155
1255 0.893875
1256 0.8938356
1257 0.8937975
1258 0.8937615
1259 0.8937274
1260 0.8936946
1261 0.8936533
1262 0.8936164
1263 0.8935837
1264 0.8935561
1265 0.8935323
1266 0.8935125
1267 0.8934981
1268 0.8934887
1269 0.8934821
1270 0.8934793
1271 0.8934801
1272 0.8934845
1273 0.8934915
1274 0.8935024
1275 0.8935155
1276 0.893532
1277 0.8935516
1278 0.8935739
1279 0.8935979
1280 0.8936239
1281 0.8936533
1282 0.893685
1283 0.8937171
1284 0.893752
1285 0.8937885
1286 0.8938261
1287 0.893865
1288 0.8939049
1289 0.8939465
1290 0.893987
1291 0.8940381
1292 0.894089
1293 0.8941386
1294 0.894188
1295 0.8942352
1296 0.8942798
1297 0.8943224
1298 0.894362
1299 0.8943973
1300 0.8944296
1301 0.8944579
1302 0.8944815
1303 0.8945009
1304 0.8945156
1305 0.8945253
1306 0.8945301
1307 0.894533
1308 0.894531
1309 0.8945252
1310 0.8945168
1311 0.8945047
1312 0.8944904
1313 0.8944743
1314 0.8944576
1315 0.8944399
1316 0.8944229
1317 0.8944055
1318 0.8943902
1319 0.894379
1320 0.8943713
1321 0.8943676
1322 0.8943704
1323 0.8943788
1324 0.8943948
1325 0.8944185
1326 0.8944492
1327 0.8944879
1328 0.8945356
1329 0.8945906
1330 0.8946513
1331 0.894721
1332 0.8947966
1333 0.8948786
1334 0.8949661
1335 0.8950583
1336 0.8951554
1337 0.8952561
1338 0.8953603
1339 0.8954673
1340 0.8955768
1341 0.8956864
1342 0.8957968
1343 0.8959081
1344 0.8960176
1345 0.8961259
1346 0.8962332
1347 0.8963374
1348 0.8964381
1349 0.8965364
1350 0.896631
1351 0.8967223
1352 0.8968093
1353 0.8968912
1354 0.8969706
1355 0.8970438
1356 0.897114
1357 0.8971781
1358 0.8972374
1359 0.8972919
1360 0.8973404
1361 0.8973845
1362 0.8974229
1363 0.8974563
1364 0.8974841
1365 0.8975074
1366 0.8975245
1367 0.8975372
1368 0.8975442
1369 0.897546
1370 0.8975438
1371 0.8975359
1372 0.8975233
1373 0.897506
1374 0.8974842
1375 0.8974574
1376 0.897427
1377 0.8973922
1378 0.8973539
1379 0.8973126
1380 0.8972669
1381 0.8972195
1382 0.8971686
1383 0.8971155
1384 0.8970591
1385 0.8970012
1386 0.8969404
1387 0.8968775
1388 0.8968128
1389 0.8967456
1390 0.8966775
1391 0.8966077
1392 0.8965368
1393 0.8964641
1394 0.8963905
1395 0.8963168
1396 0.8962424
1397 0.896167
1398 0.8960931
1399 0.8960179
1400 0.8959442
1401 0.8958715
1402 0.8957985
1403 0.8957268
1404 0.895655
1405 0.895584
1406 0.895515
1407 0.8954465
1408 0.8953779
1409 0.8953112
1410 0.895244
1411 0.8951796
1412 0.8951147
1413 0.8950508
1414 0.8949879
1415 0.8949272
1416 0.8948656
1417 0.8948057
1418 0.8947465
1419 0.8946899
1420 0.8946329
1421 0.8945786
1422 0.8945261
1423 0.8944744
1424 0.8944256
1425 0.8943774
1426 0.8943339
1427 0.8942912
1428 0.8942516
1429 0.8942156
1430 0.8941814
1431 0.8941512
1432 0.8941231
1433 0.8940995
1434 0.8940783
1435 0.8940609
1436 0.8940472
1437 0.8940359
1438 0.8940292
1439 0.8940264
1440 0.8940261
1441 0.8940301
1442 0.894038
1443 0.8940476
1444 0.8940622
1445 0.8940799
1446 0.8941026
1447 0.8941271
1448 0.8941555
1449 0.8941882
1450 0.8942225
1451 0.8942611
1452 0.894302
1453 0.8943475
1454 0.8943954
1455 0.8944448
1456 0.8944974
1457 0.8945525
1458 0.8946083
1459 0.8946669
1460 0.8947276
1461 0.8947884
1462 0.8948511
1463 0.8949147
1464 0.8949792
1465 0.8950432
1466 0.8951085
1467 0.8951739
1468 0.8952383
1469 0.8953029
1470 0.8953664
1471 0.8954294
1472 0.8954916
1473 0.8955529
1474 0.8956122
1475 0.8956704
1476 0.8957287
1477 0.8957849
1478 0.8958392
1479 0.895893
1480 0.895945
1481 0.8959954
1482 0.8960451
1483 0.8960941
1484 0.8961409
1485 0.8961861
1486 0.8962298
1487 0.8962739
1488 0.8963149
1489 0.8963547
1490 0.8963931
1491 0.8964306
1492 0.8964658
1493 0.8964996
1494 0.8965328
1495 0.8965639
1496 0.8965934
1497 0.8966212
1498 0.8966478
1499 0.896672
1500 0.8966956
1501 0.8967177
1502 0.8967377
1503 0.8967572
1504 0.8967746
1505 0.8967909
1506 0.8968056
1507 0.8968199
1508 0.8968325
1509 0.896845
1510 0.8968551
1511 0.8968644
1512 0.8968724
1513 0.8968805
1514 0.8968868
1515 0.896893
1516 0.8968982
1517 0.8969017
1518 0.8969052
1519 0.8969069
1520 0.8969086
1521 0.8969088
1522 0.8969078
1523 0.8969057
1524 0.8969029
1525 0.8968977
1526 0.896893
1527 0.8968852
1528 0.8968769
1529 0.8968676
1530 0.8968564
1531 0.896843
1532 0.8968295
1533 0.8968149
1534 0.8967981
1535 0.89678
1536 0.8967611
1537 0.8967404
1538 0.8967193
1539 0.8966964
1540 0.8966714
1541 0.8966472
1542 0.8966219
1543 0.8965956
1544 0.8965671
1545 0.8965398
1546 0.8965119
1547 0.8964823
1548 0.8964533
1549 0.896424
1550 0.8963932
1551 0.8963636
1552 0.8963327
1553 0.896302
1554 0.896271
1555 0.8962405
1556 0.8962106
1557 0.8961806
1558 0.8961503
1559 0.8961216
1560 0.8960928
1561 0.8960633
1562 0.8960349
1563 0.8960071
1564 0.8959806
1565 0.8959538
1566 0.8959286
1567 0.8959038
1568 0.8958805
1569 0.8958578
1570 0.8958367
1571 0.8958158
1572 0.8957971
1573 0.8957793
1574 0.8957632
1575 0.8957477
1576 0.8957336
1577 0.8957209
1578 0.8957103
1579 0.8956991
1580 0.895689
1581 0.8956805
1582 0.8956732
1583 0.8956667
1584 0.8956602
1585 0.895655
1586 0.8956499
1587 0.8956448
1588 0.8956404
1589 0.895636
1590 0.8956311
1591 0.8956265
1592 0.8956226
1593 0.8956186
1594 0.8956139
1595 0.8956093
1596 0.8956049
1597 0.8956006
1598 0.8955951
1599 0.8955899
1600 0.8955846
1601 0.8955795
1602 0.8955742
1603 0.895569
1604 0.8955644
1605 0.8955592
1606 0.8955537
1607 0.8955496
1608 0.8955451
1609 0.895542
1610 0.8955384
1611 0.8955343
1612 0.8955323
1613 0.89553
1614 0.895529
1615 0.8955292
1616 0.8955286
1617 0.8955303
1618 0.895532
1619 0.8955346
1620 0.8955389
1621 0.895543
1622 0.8955485
1623 0.8955557
1624 0.8955624
1625 0.8955703
1626 0.8955804
1627 0.8955901
1628 0.8956002
1629 0.8956122
1630 0.8956243
1631 0.8956369
1632 0.8956503
1633 0.8956638
1634 0.8956786
1635 0.8956934
1636 0.8957087
1637 0.8957243
1638 0.89574
1639 0.8957558
1640 0.8957723
1641 0.8957889
1642 0.8958049
1643 0.8958219
1644 0.8958389
1645 0.895856
1646 0.8958725
1647 0.8958876
1648 0.8959051
1649 0.8959214
1650 0.8959375
1651 0.8959538
1652 0.8959686
1653 0.8959847
1654 0.8959998
1655 0.8960143
1656 0.8960283
1657 0.8960422
1658 0.8960564
1659 0.8960702
1660 0.8960829
1661 0.8960958
1662 0.8961077
1663 0.8961201
1664 0.8961322
1665 0.896143
1666 0.8961548
1667 0.8961653
1668 0.8961753
1669 0.8961865
1670 0.896195
1671 0.8962059
1672 0.8962148
1673 0.8962236
1674 0.8962325
1675 0.8962415
1676 0.8962497
1677 0.8962581
1678 0.896266
1679 0.8962742
1680 0.896282
1681 0.8962887
1682 0.8962963
1683 0.8963025
1684 0.8963092
1685 0.896315
1686 0.8963209
1687 0.8963262
1688 0.8963319
1689 0.8963367
1690 0.8963405
1691 0.8963453
1692 0.8963483
1693 0.8963516
1694 0.8963539
1695 0.8963559
1696 0.8963578
1697 0.8963583
1698 0.8963588
1699 0.89636
1700 0.8963591
1701 0.8963583
1702 0.896357
1703 0.8963557
1704 0.8963526
1705 0.8963497
1706 0.8963467
1707 0.8963433
1708 0.8963397
1709 0.8963353
1710 0.8963303
1711 0.8963249
1712 0.8963197
1713 0.8963146
1714 0.8963085
1715 0.8963019
1716 0.8962958
1717 0.8962889
1718 0.8962823
1719 0.8962749
1720 0.8962688
1721 0.896261
1722 0.896254
1723 0.8962466
1724 0.8962387
1725 0.8962308
1726 0.896224
1727 0.8962157
1728 0.8962075
1729 0.8962
1730 0.8961922
1731 0.8961839
1732 0.8961771
1733 0.8961703
1734 0.8961628
1735 0.8961552
1736 0.8961496
1737 0.896144
1738 0.8961379
1739 0.8961335
1740 0.8961288
1741 0.8961245
1742 0.8961205
1743 0.8961174
1744 0.8961153
1745 0.896113
1746 0.8961107
1747 0.8961092
1748 0.8961071
1749 0.8961076
1750 0.8961065
1751 0.8961065
1752 0.8961071
1753 0.8961073
1754 0.8961083
1755 0.8961086
1756 0.8961101
1757 0.8961114
1758 0.8961126
1759 0.8961145
1760 0.8961167
1761 0.8961183
1762 0.8961206
1763 0.8961231
1764 0.8961257
1765 0.8961288
1766 0.8961321
1767 0.8961345
1768 0.8961378
1769 0.8961406
1770 0.8961436
1771 0.8961475
1772 0.8961496
1773 0.8961536
1774 0.896157
1775 0.8961591
1776 0.8961622
1777 0.8961653
1778 0.8961677
1779 0.8961709
1780 0.896173
1781 0.896176
1782 0.8961785
1783 0.89618
1784 0.8961826
1785 0.896186
1786 0.8961869
1787 0.8961891
1788 0.8961911
1789 0.8961922
1790 0.8961945
1791 0.8961969
1792 0.8961979
1793 0.8961987
1794 0.8961998
1795 0.8962016
1796 0.8962021
1797 0.8962031
1798 0.8962039
1799 0.8962042
1800 0.8962045
1801 0.896205
1802 0.896205
1803 0.8962052
1804 0.8962052
1805 0.8962038
1806 0.8962047
1807 0.8962041
1808 0.8962035
1809 0.896203
1810 0.8962021
1811 0.8962014
1812 0.8962003
1813 0.8961992
1814 0.8961987
1815 0.8961984
1816 0.8961974
1817 0.8961961
1818 0.8961957
1819 0.8961945
1820 0.8961942
1821 0.8961928
1822 0.896192
1823 0.8961911
1824 0.89619
1825 0.8961896
1826 0.8961891
1827 0.8961888
1828 0.8961875
1829 0.8961873
1830 0.8961875
1831 0.8961872
1832 0.8961868
1833 0.8961861
1834 0.8961865
1835 0.8961865
1836 0.8961865
1837 0.8961862
1838 0.8961868
1839 0.896187
1840 0.8961869
1841 0.8961875
1842 0.896188
1843 0.8961883
1844 0.8961886
1845 0.8961896
1846 0.8961896
1847 0.8961904
1848 0.8961906
1849 0.8961918
1850 0.8961931
1851 0.8961932
1852 0.8961939
1853 0.8961951
1854 0.8961961
1855 0.8961976
1856 0.8961984
1857 0.8961989
1858 0.8962003
1859 0.896201
1860 0.8962016
1861 0.8962029
1862 0.8962041
1863 0.8962047
1864 0.896206
1865 0.8962067
1866 0.8962076
1867 0.896208
1868 0.8962085
1869 0.8962098
1870 0.8962103
1871 0.8962111
1872 0.8962117
1873 0.8962125
1874 0.8962132
1875 0.896214
1876 0.8962148
1877 0.8962148
1878 0.8962146
1879 0.8962148
1880 0.8962151
1881 0.8962153
1882 0.8962155
1883 0.8962162
1884 0.8962156
1885 0.8962148
1886 0.896215
1887 0.8962142
1888 0.8962138
1889 0.8962126
1890 0.8962123
1891 0.8962124
1892 0.8962108
1893 0.89621
1894 0.8962088
1895 0.896208
1896 0.8962067
1897 0.8962047
1898 0.8962041
1899 0.896203
1900 0.8962012
1901 0.8961999
1902 0.8961979
1903 0.8961965
1904 0.8961943
1905 0.8961929
1906 0.8961907
1907 0.8961884
1908 0.8961867
1909 0.8961847
1910 0.8961824
1911 0.896181
1912 0.8961787
1913 0.8961766
1914 0.8961742
1915 0.8961719
1916 0.8961691
1917 0.8961678
1918 0.8961653
1919 0.8961629
1920 0.8961604
1921 0.8961589
1922 0.8961571
1923 0.8961557
1924 0.8961532
1925 0.8961521
1926 0.8961498
1927 0.8961486
1928 0.8961472
1929 0.8961456
1930 0.8961438
1931 0.8961427
1932 0.8961412
1933 0.89614
1934 0.8961391
1935 0.8961384
1936 0.8961376
1937 0.8961371
1938 0.8961356
1939 0.8961353
1940 0.8961353
1941 0.8961344
1942 0.8961338
1943 0.8961333
1944 0.8961335
1945 0.8961331
1946 0.8961325
1947 0.8961324
1948 0.8961331
1949 0.8961334
1950 0.896134
1951 0.8961345
1952 0.8961349
1953 0.8961352
1954 0.8961356
1955 0.8961359
1956 0.8961367
1957 0.8961374
1958 0.8961384
1959 0.8961399
1960 0.8961405
1961 0.8961418
1962 0.8961428
1963 0.8961443
1964 0.8961452
1965 0.8961467
1966 0.8961481
1967 0.8961496
1968 0.8961508
1969 0.8961519
1970 0.8961532
1971 0.8961539
1972 0.8961555
1973 0.896157
1974 0.8961579
1975 0.8961592
1976 0.89616
1977 0.8961611
1978 0.8961623
1979 0.8961641
1980 0.8961649
1981 0.896167
1982 0.8961686
1983 0.8961691
1984 0.8961704
1985 0.8961713
1986 0.8961726
1987 0.8961735
1988 0.8961746
1989 0.8961757
1990 0.896176
1991 0.8961769
1992 0.8961779
1993 0.8961787
1994 0.8961794
1995 0.8961802
1996 0.8961803
1997 0.8961812
1998 0.8961813
1999 0.8961822
2000 0.8961824
