"cl-rfile"
"Iteration" "cl"
("Iteration" "cl")
3199 0.6173764
3200 0.6171657
3201 0.6165001
3202 0.615828
3203 0.615148
3204 0.6144612
3205 0.6137669
3206 0.6130668
3207 0.6123601
3208 0.6116483
3209 0.610931
3210 0.6102063
3211 0.6094776
3212 0.6087435
3213 0.6080042
3214 0.6072587
3215 0.6065106
3216 0.6057559
3217 0.604997
3218 0.6042337
3219 0.6034653
3220 0.602694
3221 0.6019195
3222 0.6011397
3223 0.6003569
3224 0.5995709
3225 0.5987815
3226 0.5979884
3227 0.597193
3228 0.5963942
3229 0.5955924
3230 0.5947875
3231 0.5939814
3232 0.593173
3233 0.5923623
3234 0.591549
3235 0.5907351
3236 0.589919
3237 0.5891005
3238 0.5882822
3239 0.5874609
3240 0.5866391
3241 0.5858155
3242 0.5849929
3243 0.5841684
3244 0.583343
3245 0.5825174
3246 0.5816905
3247 0.580864
3248 0.5800362
3249 0.579209
3250 0.5783814
3251 0.5775533
3252 0.5767255
3253 0.5758979
3254 0.5750706
3255 0.5742428
3256 0.5734156
3257 0.5725888
3258 0.5717623
3259 0.5709361
3260 0.5701113
3261 0.5692863
3262 0.5684624
3263 0.5676394
3264 0.5668166
3265 0.5659944
3266 0.5651742
3267 0.5643542
3268 0.5635356
3269 0.5627187
3270 0.5619024
3271 0.5610867
3272 0.5602736
3273 0.5594611
3274 0.5586494
3275 0.5578403
3276 0.5570321
3277 0.556226
3278 0.5561485
3279 0.5560678
3280 0.555967
3281 0.5558409
3282 0.555716
3283 0.555558
3284 0.5553604
3285 0.5551142
3286 0.5548064
3287 0.5544412
3288 0.5540295
3289 0.5535712
3290 0.5530649
3291 0.5525125
3292 0.5519146
3293 0.5513175
3294 0.5507205
3295 0.5501269
3296 0.5495328
3297 0.5489399
3298 0.5483494
3299 0.5477595
3300 0.5471714
3301 0.5465172
3302 0.5458636
3303 0.5452123
3304 0.5445623
3305 0.5439161
3306 0.5432705
3307 0.5426265
3308 0.5419853
3309 0.541346
3310 0.5407093
3311 0.5400739
3312 0.5394415
3313 0.538811
3314 0.5381838
3315 0.5375572
3316 0.5369335
3317 0.5363127
3318 0.5356948
3319 0.5350794
3320 0.5344664
3321 0.5338557
3322 0.5332477
3323 0.5326425
3324 0.5320406
3325 0.531441
3326 0.5308457
3327 0.5302515
3328 0.5296612
3329 0.5290722
3330 0.5284883
3331 0.5277953
3332 0.5271057
3333 0.5264205
3334 0.5257412
3335 0.525067
3336 0.5243964
3337 0.523732
3338 0.5230725
3339 0.5224179
3340 0.5217686
3341 0.5211255
3342 0.5204864
3343 0.5198525
3344 0.5192263
3345 0.5186055
3346 0.517989
3347 0.5173789
3348 0.5167753
3349 0.5161772
3350 0.5155854
3351 0.5149997
3352 0.5144211
3353 0.5138487
3354 0.5132827
3355 0.5127227
3356 0.5121706
3357 0.5116246
3358 0.5110856
3359 0.5105541
3360 0.5100291
3361 0.5093741
3362 0.5087317
3363 0.5080996
3364 0.5074825
3365 0.5068761
3366 0.5062835
3367 0.5057033
3368 0.5051382
3369 0.5045843
3370 0.5040458
3371 0.5035214
3372 0.5030103
3373 0.5025151
3374 0.5020338
3375 0.5015669
3376 0.5011141
3377 0.5006781
3378 0.5002571
3379 0.4998524
3380 0.499463
3381 0.4990896
3382 0.498733
3383 0.4983936
3384 0.4980709
3385 0.4977632
3386 0.4974742
3387 0.497202
3388 0.4969468
3389 0.4967108
3390 0.4964925
3391 0.4962448
3392 0.4960301
3393 0.4958492
3394 0.4957014
3395 0.4955879
3396 0.49551
3397 0.4954646
3398 0.4954554
3399 0.4954799
3400 0.4955385
3401 0.4956326
3402 0.495761
3403 0.4959242
3404 0.4961217
3405 0.4963552
3406 0.4966228
3407 0.4969216
3408 0.4972562
3409 0.4976229
3410 0.4980235
3411 0.4984551
3412 0.49892
3413 0.4994159
3414 0.4999425
3415 0.5004989
3416 0.5010868
3417 0.5017033
3418 0.5023487
3419 0.5030211
3420 0.5037199
3421 0.5046812
3422 0.5056824
3423 0.5067219
3424 0.5077978
3425 0.5089082
3426 0.5100529
3427 0.5112274
3428 0.5124318
3429 0.5136631
3430 0.5149211
3431 0.5162011
3432 0.5175046
3433 0.5188269
3434 0.5201662
3435 0.5215226
3436 0.5228916
3437 0.5242745
3438 0.5256674
3439 0.5270678
3440 0.5284768
3441 0.5298903
3442 0.5313066
3443 0.5327247
3444 0.534144
3445 0.535561
3446 0.5369752
3447 0.5383841
3448 0.5397879
3449 0.5411857
3450 0.5425735
3451 0.5439525
3452 0.5453197
3453 0.5466759
3454 0.5480188
3455 0.5493475
3456 0.5506614
3457 0.551959
3458 0.55324
3459 0.5545051
3460 0.5557506
3461 0.5569773
3462 0.5581846
3463 0.5593717
3464 0.5605386
3465 0.561684
3466 0.5628085
3467 0.5639105
3468 0.5649915
3469 0.5660487
3470 0.5670832
3471 0.5680949
3472 0.569084
3473 0.5700489
3474 0.5709901
3475 0.5719064
3476 0.5728008
3477 0.5736703
3478 0.5745165
3479 0.5753388
3480 0.5761377
3481 0.577098
3482 0.5780229
3483 0.5789089
3484 0.5790173
3485 0.5791212
3486 0.579244
3487 0.5793928
3488 0.5795724
3489 0.5797924
3490 0.5800607
3491 0.5803874
3492 0.5807849
3493 0.581265
3494 0.581797
3495 0.5823568
3496 0.5828972
3497 0.5834186
3498 0.5839198
3499 0.5844018
3500 0.5848651
3501 0.5853103
3502 0.585737
3503 0.5861456
3504 0.5865366
3505 0.58691
3506 0.587266
3507 0.5876053
3508 0.5879291
3509 0.5882367
3510 0.5885264
3511 0.5888957
3512 0.589235
3513 0.5895494
3514 0.5898359
3515 0.590099
3516 0.5903364
3517 0.5905511
3518 0.5907446
3519 0.590776
3520 0.5908045
3521 0.590837
3522 0.5908728
3523 0.5909149
3524 0.5909623
3525 0.5910209
3526 0.5910861
3527 0.5911621
3528 0.591248
3529 0.5913374
3530 0.5914202
3531 0.5914972
3532 0.591563
3533 0.5916203
3534 0.5916675
3535 0.5917079
3536 0.5917386
3537 0.5917625
3538 0.5917714
3539 0.5917778
3540 0.5917836
3541 0.5917909
3542 0.5917961
3543 0.5918027
3544 0.5918089
3545 0.5918147
3546 0.5918201
3547 0.5918242
3548 0.5918263
3549 0.5918273
3550 0.5918255
3551 0.59182
3552 0.5918223
3553 0.5918241
3554 0.5918247
3555 0.5918245
3556 0.5918249
3557 0.5918226
3558 0.5918215
3559 0.5918175
3560 0.5918117
3561 0.5918035
3562 0.5917915
3563 0.5917765
3564 0.5917603
3565 0.5917424
3566 0.5917249
3567 0.5917041
3568 0.5916828
3569 0.5916602
3570 0.5916361
3571 0.5916036
3572 0.5915698
3573 0.5915351
3574 0.5914977
3575 0.591459
3576 0.5914207
3577 0.5913805
3578 0.5913392
3579 0.5912967
3580 0.5912529
3581 0.5912095
3582 0.5911652
3583 0.59112
3584 0.5910742
3585 0.5910288
3586 0.5909817
3587 0.590978
3588 0.5909753
3589 0.5909703
3590 0.5909633
3591 0.590955
3592 0.590944
3593 0.5909293
3594 0.5909101
3595 0.5908888
3596 0.5908591
3597 0.5908262
3598 0.5907907
3599 0.5907546
3600 0.5907196
3601 0.5906731
3602 0.5906289
3603 0.5905846
3604 0.5905403
3605 0.5904975
3606 0.590456
3607 0.5904133
3608 0.5903721
3609 0.5903317
3610 0.5902931
3611 0.590254
3612 0.5902164
3613 0.5901788
3614 0.5901434
3615 0.5901078
3616 0.590074
3617 0.5900413
3618 0.5900098
3619 0.5899804
3620 0.5899509
3621 0.5899239
3622 0.5898976
3623 0.5898727
3624 0.589848
3625 0.5898257
3626 0.5898053
3627 0.5897861
3628 0.5897673
3629 0.5897519
3630 0.5897363
3631 0.5897219
3632 0.5897112
3633 0.5897009
3634 0.5896947
3635 0.5896919
3636 0.5896923
3637 0.5896958
3638 0.5897037
3639 0.5897123
3640 0.589726
3641 0.5897427
3642 0.5897632
3643 0.5897856
3644 0.5898113
3645 0.5898426
3646 0.5898767
3647 0.5899135
3648 0.5899534
3649 0.5899983
3650 0.5900452
3651 0.5900487
3652 0.5900524
3653 0.5900571
3654 0.5900639
3655 0.5900713
3656 0.5900832
3657 0.5900984
3658 0.5901128
3659 0.5901309
3660 0.5901505
3661 0.5901751
3662 0.5902027
3663 0.5902333
3664 0.5902669
3665 0.5903062
3666 0.5903501
3667 0.5903974
3668 0.5904514
3669 0.5905309
3670 0.5905368
3671 0.5905443
3672 0.5905529
3673 0.5905643
3674 0.5905791
3675 0.5905986
3676 0.5906233
3677 0.5906556
3678 0.5906959
3679 0.5907492
3680 0.590802
3681 0.5908596
3682 0.5909194
3683 0.5909817
3684 0.5910475
3685 0.5911167
3686 0.5911903
3687 0.5912661
3688 0.591344
3689 0.5914235
3690 0.591507
3691 0.5915919
3692 0.5916802
3693 0.5917699
3694 0.5918614
3695 0.5919556
3696 0.5920522
3697 0.5921505
3698 0.5922506
3699 0.5923523
3700 0.5924564
3701 0.5925624
3702 0.592671
3703 0.5927812
3704 0.5928937
3705 0.5930067
3706 0.5931227
3707 0.5932405
3708 0.5933601
3709 0.5934817
3710 0.5936457
3711 0.5938141
3712 0.5939847
3713 0.5941575
3714 0.5943332
3715 0.5945111
3716 0.5946916
3717 0.594875
3718 0.5950598
3719 0.5952485
3720 0.595438
3721 0.5956995
3722 0.5959651
3723 0.596234
3724 0.5965061
3725 0.5967823
3726 0.5970601
3727 0.5973425
3728 0.5976269
3729 0.5979158
3730 0.5982057
3731 0.5984987
3732 0.5987945
3733 0.599093
3734 0.5993925
3735 0.5996946
3736 0.5999985
3737 0.6003048
3738 0.6006116
3739 0.60092
3740 0.6012309
3741 0.6015422
3742 0.6018566
3743 0.6021721
3744 0.6024861
3745 0.6028031
3746 0.6031185
3747 0.6034381
3748 0.6037568
3749 0.6037888
3750 0.6038201
3751 0.6038582
3752 0.6039085
3753 0.6039704
3754 0.6040476
3755 0.604145
3756 0.6042681
3757 0.6044204
3758 0.6046127
3759 0.6048304
3760 0.6050717
3761 0.6054036
3762 0.6057361
3763 0.6060686
3764 0.6063995
3765 0.6067304
3766 0.607062
3767 0.6073923
3768 0.6077217
3769 0.6080516
3770 0.6083816
3771 0.6087093
3772 0.6090372
3773 0.6093641
3774 0.6096905
3775 0.6100172
3776 0.6103419
3777 0.6106631
3778 0.6109875
3779 0.6113083
3780 0.6116283
3781 0.612047
3782 0.6124613
3783 0.6128728
3784 0.6132818
3785 0.6136895
3786 0.6140923
3787 0.6144926
3788 0.6148905
3789 0.6152853
3790 0.6156774
3791 0.6160653
3792 0.6164498
3793 0.6168306
3794 0.6172078
3795 0.6175804
3796 0.6179506
3797 0.6183156
3798 0.6186762
3799 0.6190329
3800 0.6193842
3801 0.6197324
3802 0.620074
3803 0.6204128
3804 0.6207454
3805 0.621073
3806 0.6213946
3807 0.6217121
3808 0.6220229
3809 0.6223292
3810 0.6226286
3811 0.6226668
3812 0.6227019
3813 0.6227482
3814 0.6228063
3815 0.6228762
3816 0.6229638
3817 0.6230725
3818 0.6232052
3819 0.6233706
3820 0.6235734
3821 0.6237996
3822 0.6240404
3823 0.6242778
3824 0.6245098
3825 0.6247359
3826 0.6249567
3827 0.6251714
3828 0.6253822
3829 0.6255855
3830 0.6257837
3831 0.6259746
3832 0.6261613
3833 0.6263422
3834 0.6265167
3835 0.6266848
3836 0.6268477
3837 0.6270037
3838 0.6271529
3839 0.6272976
3840 0.627435
3841 0.627567
3842 0.6276917
3843 0.6278103
3844 0.6279224
3845 0.6280286
3846 0.6281283
3847 0.6282189
3848 0.6283073
3849 0.6283881
3850 0.6284619
3851 0.6285284
3852 0.6285906
3853 0.6286449
3854 0.6286939
3855 0.6287338
3856 0.6287711
3857 0.6288013
3858 0.6288247
3859 0.6288419
3860 0.6288539
3861 0.6288588
3862 0.62886
3863 0.628853
3864 0.6288415
3865 0.6288238
3866 0.6288006
3867 0.6287735
3868 0.6287377
3869 0.6287003
3870 0.6286556
3871 0.6286063
3872 0.6285524
3873 0.628493
3874 0.6284292
3875 0.6283606
3876 0.6282876
3877 0.6282104
3878 0.6282051
3879 0.6281994
3880 0.6281909
3881 0.62818
3882 0.6281657
3883 0.6281479
3884 0.628123
3885 0.6280928
3886 0.6280528
3887 0.6280013
3888 0.6279405
3889 0.6278702
3890 0.627798
3891 0.6277236
3892 0.6276486
3893 0.6275702
3894 0.6274909
3895 0.6274092
3896 0.6273254
3897 0.6272401
3898 0.627153
3899 0.6270655
3900 0.6269764
3901 0.6268745
3902 0.6267726
3903 0.6266698
3904 0.6265652
3905 0.626459
3906 0.6263503
3907 0.6262423
3908 0.6261326
3909 0.6260218
3910 0.62591
3911 0.6257964
3912 0.625682
3913 0.6255682
3914 0.6254519
3915 0.6253361
3916 0.6252207
3917 0.6251043
3918 0.6249869
3919 0.6248695
3920 0.6247526
3921 0.6246352
3922 0.6245176
3923 0.6244004
3924 0.6242834
3925 0.6241655
3926 0.6240488
3927 0.6239317
3928 0.6238167
3929 0.6237001
3930 0.6235834
3931 0.623448
3932 0.6233139
3933 0.6231801
3934 0.6230482
3935 0.6229155
3936 0.6227862
3937 0.6226564
3938 0.6225306
3939 0.6224045
3940 0.6222812
3941 0.6221592
3942 0.6220389
3943 0.6219202
3944 0.6218042
3945 0.6216905
3946 0.6215787
3947 0.6214686
3948 0.6213619
3949 0.6212567
3950 0.6211548
3951 0.6210551
3952 0.6209571
3953 0.6208625
3954 0.6207715
3955 0.6206815
3956 0.6205961
3957 0.6205124
3958 0.6204316
3959 0.6203551
3960 0.6202814
3961 0.6201935
3962 0.6201096
3963 0.6200318
3964 0.6199599
3965 0.6198931
3966 0.6198335
3967 0.6197778
3968 0.6197299
3969 0.6196861
3970 0.6196493
3971 0.6196187
3972 0.6195921
3973 0.6195723
3974 0.6195597
3975 0.6195511
3976 0.6195487
3977 0.619553
3978 0.6195623
3979 0.6195775
3980 0.6195989
3981 0.6196256
3982 0.6196572
3983 0.6196958
3984 0.6196985
3985 0.6197016
3986 0.6197052
3987 0.6197098
3988 0.619715
3989 0.6197225
3990 0.6197309
3991 0.6197441
3992 0.6197609
3993 0.619782
3994 0.6198078
3995 0.6198376
3996 0.6198742
3997 0.619916
3998 0.6199617
3999 0.6200093
4000 0.6200592
4001 0.6201121
4002 0.6201679
4003 0.6202257
4004 0.6202868
4005 0.620351
4006 0.6204168
4007 0.6204854
4008 0.6205567
4009 0.6206302
4010 0.6207064
4011 0.6207864
4012 0.6208678
4013 0.6209524
4014 0.6210393
4015 0.6211295
4016 0.6212519
4017 0.6213801
4018 0.6215104
4019 0.621646
4020 0.6217832
4021 0.6218001
4022 0.6218169
4023 0.6218382
4024 0.621865
4025 0.6218997
4026 0.6219413
4027 0.6219951
4028 0.622061
4029 0.6221464
4030 0.622255
4031 0.6223817
4032 0.6225224
4033 0.6226664
4034 0.6228127
4035 0.6229607
4036 0.6231115
4037 0.6232631
4038 0.6234179
4039 0.6235748
4040 0.6237324
4041 0.6238918
4042 0.624051
4043 0.6242121
4044 0.6243747
4045 0.624537
4046 0.6247017
4047 0.6248644
4048 0.6250304
4049 0.6251944
4050 0.6253598
4051 0.6255634
4052 0.6257667
4053 0.6259713
4054 0.6261746
4055 0.6261957
4056 0.6262167
4057 0.6262435
4058 0.6262757
4059 0.6263157
4060 0.6263656
4061 0.626415
4062 0.6264751
4063 0.6265439
4064 0.6266243
4065 0.6267126
4066 0.6268122
4067 0.6269222
4068 0.6270412
4069 0.6271706
4070 0.6273095
4071 0.6274585
4072 0.6276071
4073 0.6277549
4074 0.627903
4075 0.62805
4076 0.6281967
4077 0.6283437
4078 0.62849
4079 0.6286358
4080 0.6287797
4081 0.6289597
4082 0.6291364
4083 0.6293125
4084 0.6294882
4085 0.6296629
4086 0.6298348
4087 0.6300058
4088 0.6301749
4089 0.6303412
4090 0.6303614
4091 0.6303803
4092 0.6304021
4093 0.6304297
4094 0.6304632
4095 0.6305038
4096 0.6305545
4097 0.6306185
4098 0.6306947
4099 0.6307924
4100 0.6309007
4101 0.6310206
4102 0.6311374
4103 0.6312556
4104 0.6313708
4105 0.631487
4106 0.6316003
4107 0.6317137
4108 0.6318251
4109 0.6319366
4110 0.6320455
4111 0.6321706
4112 0.6322934
4113 0.6324154
4114 0.6325352
4115 0.6326547
4116 0.6327712
4117 0.6328866
4118 0.633001
4119 0.6331129
4120 0.6332235
4121 0.633333
4122 0.6334413
4123 0.6335482
4124 0.6336541
4125 0.6337575
4126 0.6338602
4127 0.633961
4128 0.6340607
4129 0.634074
4130 0.6340853
4131 0.6341003
4132 0.6341174
4133 0.6341376
4134 0.6341618
4135 0.6341915
4136 0.6342288
4137 0.6342738
4138 0.634331
4139 0.6343955
4140 0.6344661
4141 0.6345335
4142 0.6346025
4143 0.6346709
4144 0.6347389
4145 0.6348042
4146 0.6348709
4147 0.6349353
4148 0.6349996
4149 0.6350634
4150 0.6351274
4151 0.6351902
4152 0.6352513
4153 0.635312
4154 0.6353717
4155 0.6354308
4156 0.6354897
4157 0.6355463
4158 0.6356032
4159 0.6356595
4160 0.6357152
4161 0.63577
4162 0.6358244
4163 0.6358778
4164 0.6359311
4165 0.6359835
4166 0.6360344
4167 0.636085
4168 0.6361348
4169 0.636184
4170 0.6362333
4171 0.6362818
4172 0.6363293
4173 0.6363754
4174 0.6364207
4175 0.6364661
4176 0.6365111
4177 0.6365543
4178 0.636597
4179 0.6366404
4180 0.6366821
4181 0.6367222
4182 0.6367623
4183 0.6368017
4184 0.6368394
4185 0.6368753
4186 0.6369116
4187 0.6369464
4188 0.6369804
4189 0.6370125
4190 0.6370443
4191 0.6370757
4192 0.6371065
4193 0.6371352
4194 0.6371624
4195 0.6371903
4196 0.6372166
4197 0.637242
4198 0.6372661
4199 0.6372885
4200 0.6373096
4201 0.6373309
4202 0.637351
4203 0.6373692
4204 0.637386
4205 0.6374023
4206 0.6374166
4207 0.6374306
4208 0.6374436
4209 0.6374547
4210 0.6374638
4211 0.6374735
4212 0.6374806
4213 0.6374868
4214 0.6374907
4215 0.6374938
4216 0.6374947
4217 0.637495
4218 0.6374933
4219 0.6374897
4220 0.6374857
4221 0.6374793
4222 0.6374725
4223 0.6374638
4224 0.637453
4225 0.6374416
4226 0.6374279
4227 0.6374139
4228 0.6373979
4229 0.6373799
4230 0.6373616
4231 0.6373367
4232 0.6373104
4233 0.6372825
4234 0.6372531
4235 0.6372209
4236 0.6371863
4237 0.6371509
4238 0.6371136
4239 0.6370736
4240 0.6370338
4241 0.6369899
4242 0.636945
4243 0.6368978
4244 0.6368495
4245 0.6367993
4246 0.6367484
4247 0.6366941
4248 0.6366389
4249 0.6365817
4250 0.6365232
4251 0.6364635
4252 0.6364011
4253 0.6363377
4254 0.6362718
4255 0.6362055
4256 0.6361369
4257 0.6360663
4258 0.6359959
4259 0.6359224
4260 0.6358486
4261 0.6357567
4262 0.6356625
4263 0.6355675
4264 0.6354702
4265 0.6353709
4266 0.6352682
4267 0.6351645
4268 0.6350601
4269 0.6349529
4270 0.6348431
4271 0.6347324
4272 0.6346182
4273 0.6345021
4274 0.634385
4275 0.6342649
4276 0.6341426
4277 0.6340191
4278 0.6340083
4279 0.6339971
4280 0.6339821
4281 0.6339637
4282 0.6339447
4283 0.6339209
4284 0.6338903
4285 0.6338526
4286 0.6338039
4287 0.6337451
4288 0.6336797
4289 0.6336052
4290 0.6335228
4291 0.6334318
4292 0.6333303
4293 0.6332147
4294 0.6330958
4295 0.6329758
4296 0.6328555
4297 0.6327333
4298 0.6326095
4299 0.6324848
4300 0.6323587
4301 0.63223
4302 0.6321003
4303 0.6319703
4304 0.6318378
4305 0.6317036
4306 0.6315688
4307 0.6314309
4308 0.6314177
4309 0.6314051
4310 0.6313882
4311 0.6313682
4312 0.6313412
4313 0.6313082
4314 0.6312656
4315 0.6312122
4316 0.6311453
4317 0.6310596
4318 0.6309631
4319 0.6308557
4320 0.6307466
4321 0.6306323
4322 0.6305177
4323 0.6304016
4324 0.6302857
4325 0.6301689
4326 0.6300495
4327 0.6299306
4328 0.6298109
4329 0.6296903
4330 0.6295673
4331 0.6294438
4332 0.6293198
4333 0.6291947
4334 0.6290681
4335 0.6289411
4336 0.6288126
4337 0.6286836
4338 0.6285532
4339 0.6284221
4340 0.6282905
4341 0.6281568
4342 0.628022
4343 0.6278866
4344 0.6277504
4345 0.6277373
4346 0.6277238
4347 0.6277071
4348 0.6276866
4349 0.6276593
4350 0.6276274
4351 0.6275854
4352 0.6275326
4353 0.6274665
4354 0.6273839
4355 0.6272886
4356 0.6271829
4357 0.6270658
4358 0.6269497
4359 0.6268323
4360 0.6267138
4361 0.626596
4362 0.6264769
4363 0.6263575
4364 0.6262369
4365 0.6261162
4366 0.625995
4367 0.6258724
4368 0.62575
4369 0.6256261
4370 0.6255032
4371 0.6253791
4372 0.6252552
4373 0.6251298
4374 0.6250056
4375 0.62488
4376 0.6247533
4377 0.624627
4378 0.6244988
4379 0.6243718
4380 0.6242445
4381 0.6241158
4382 0.6239869
4383 0.6238592
4384 0.6237297
4385 0.6236001
4386 0.6234704
4387 0.6233404
4388 0.6232088
4389 0.6230786
4390 0.6229462
4391 0.6228126
4392 0.6226807
4393 0.6225481
4394 0.6224157
4395 0.6222822
4396 0.6221486
4397 0.6220157
4398 0.6218816
4399 0.6217461
4400 0.6216105
4401 0.6214762
4402 0.6213405
4403 0.6212042
4404 0.6210681
4405 0.6209322
4406 0.6207948
4407 0.6206579
4408 0.6205197
4409 0.6203808
4410 0.6202427
4411 0.6200548
4412 0.6198643
4413 0.6196743
4414 0.6194845
4415 0.6192946
4416 0.6191031
4417 0.6189123
4418 0.6187216
4419 0.6185314
4420 0.6183419
4421 0.6181516
4422 0.617961
4423 0.6177692
4424 0.6175783
4425 0.6173872
4426 0.6171958
4427 0.6170051
4428 0.6168146
4429 0.6166239
4430 0.6164351
4431 0.6162459
4432 0.6160565
4433 0.6158676
4434 0.6156792
4435 0.6154906
4436 0.6153031
4437 0.615115
4438 0.6149279
4439 0.6147399
4440 0.6145528
4441 0.6143282
4442 0.6141039
4443 0.6138812
4444 0.613659
4445 0.6134375
4446 0.6132174
4447 0.6129981
4448 0.6127807
4449 0.6125611
4450 0.6123445
4451 0.61213
4452 0.611917
4453 0.6117046
4454 0.6114936
4455 0.6112844
4456 0.6110755
4457 0.6108691
4458 0.6106644
4459 0.6104592
4460 0.6102563
4461 0.6100547
4462 0.6098547
4463 0.6096558
4464 0.6094578
4465 0.6094374
4466 0.6094174
4467 0.6093916
4468 0.6093607
4469 0.6093212
4470 0.6092717
4471 0.6092106
4472 0.6091351
4473 0.6090402
4474 0.6089229
4475 0.6087894
4476 0.6086459
4477 0.6084641
4478 0.6082857
4479 0.6081095
4480 0.6079349
4481 0.6077621
4482 0.6075908
4483 0.6074209
4484 0.6072518
4485 0.6070859
4486 0.6069217
4487 0.6067586
4488 0.6065969
4489 0.6064375
4490 0.6062803
4491 0.6061235
4492 0.6059683
4493 0.6058142
4494 0.6056609
4495 0.6055096
4496 0.6053598
4497 0.6052106
4498 0.6050628
4499 0.6049165
4500 0.6047719
4501 0.6045965
4502 0.6044227
4503 0.6044053
4504 0.6043879
4505 0.6043655
4506 0.6043388
4507 0.6043035
4508 0.6042609
4509 0.6042078
4510 0.6041406
4511 0.6040592
4512 0.603956
4513 0.6038393
4514 0.6037138
4515 0.6035889
4516 0.6034658
4517 0.603345
4518 0.6032246
4519 0.6031077
4520 0.6029915
4521 0.6028762
4522 0.6027621
4523 0.6026489
4524 0.6025383
4525 0.6024271
4526 0.602318
4527 0.6022099
4528 0.6021029
4529 0.6019965
4530 0.6018909
4531 0.6018474
4532 0.6018032
4533 0.6017599
4534 0.6017155
4535 0.6016715
4536 0.6016273
4537 0.6015836
4538 0.6015401
4539 0.6014967
4540 0.6014533
4541 0.6014106
4542 0.6013674
4543 0.6013252
4544 0.6012827
4545 0.6012409
4546 0.6012002
4547 0.6011588
4548 0.6011171
4549 0.6010758
4550 0.6010339
4551 0.6009933
4552 0.6009518
4553 0.6009127
4554 0.6008728
4555 0.6008335
4556 0.6007957
4557 0.6007572
4558 0.6007192
4559 0.6006812
4560 0.6006444
4561 0.6006376
4562 0.6006314
4563 0.600625
4564 0.6006178
4565 0.6006113
4566 0.6006047
4567 0.6005988
4568 0.6005927
4569 0.6005862
4570 0.6005797
4571 0.6005731
4572 0.6005669
4573 0.6005601
4574 0.6005539
4575 0.6005468
4576 0.6005403
4577 0.6005337
4578 0.6005279
4579 0.6005211
4580 0.6005149
4581 0.6005083
4582 0.6005022
4583 0.6004957
4584 0.6004891
4585 0.6004828
4586 0.6004763
4587 0.6004701
4588 0.6004637
4589 0.6004577
4590 0.6004511
4591 0.6004488
4592 0.6004469
4593 0.6004446
4594 0.6004423
4595 0.6004401
4596 0.6004383
4597 0.6004366
4598 0.6004345
4599 0.6004325
4600 0.6004307
4601 0.6004288
4602 0.6004267
4603 0.6004245
4604 0.6004222
4605 0.6004202
4606 0.6004179
4607 0.6004158
4608 0.6004139
4609 0.600388
4610 0.6003852
4611 0.6003828
4612 0.6003805
4613 0.6003783
4614 0.600376
4615 0.6003739
4616 0.6003718
4617 0.6003697
4618 0.6003673
4619 0.6003657
4620 0.6003638
4621 0.6003622
4622 0.600361
4623 0.6003597
4624 0.6003583
4625 0.6003571
4626 0.6003556
4627 0.6003544
4628 0.6003532
4629 0.6003519
4630 0.6003506
4631 0.6003497
4632 0.6003483
4633 0.6003469
4634 0.6003457
4635 0.6003446
4636 0.6003432
4637 0.600342
4638 0.6003409
4639 0.6003399
4640 0.6003385
4641 0.6003374
4642 0.600336
4643 0.6003345
4644 0.6003335
4645 0.6003321
4646 0.6003308
4647 0.6003291
4648 0.6003276
4649 0.6003264
4650 0.6003253
4651 0.6003239
4652 0.6003225
4653 0.6003212
4654 0.60032
4655 0.600319
4656 0.6003178
4657 0.6003164
4658 0.6003153
4659 0.6003139
4660 0.6003127
4661 0.6003115
4662 0.6003104
4663 0.6003093
4664 0.6003081
4665 0.600307
4666 0.6003059
4667 0.6003047
4668 0.6003034
4669 0.6003021
4670 0.6003009
4671 0.6003
4672 0.6002986
4673 0.6002969
4674 0.6002958
4675 0.6002944
4676 0.6002932
4677 0.6002923
4678 0.6002907
4679 0.6002894
4680 0.600288
4681 0.6002864
4682 0.6002852
4683 0.6002842
4684 0.6002829
4685 0.6002817
4686 0.6002802
4687 0.6002789
4688 0.6002775
4689 0.6002761
4690 0.6002751
4691 0.6002737
4692 0.6002728
4693 0.6002716
4694 0.60027
4695 0.6002688
4696 0.6002677
4697 0.6002666
4698 0.6002656
4699 0.6002644
4700 0.6002632
4701 0.6002619
4702 0.6002608
4703 0.6002598
4704 0.6002585
4705 0.6002572
4706 0.6002561
4707 0.600255
4708 0.6002539
4709 0.6002524
4710 0.6002516
4711 0.6002501
4712 0.6002491
4713 0.600248
4714 0.6002469
4715 0.6002458
4716 0.6002443
4717 0.600243
4718 0.6002419
4719 0.6002405
4720 0.6002394
4721 0.600238
4722 0.6002367
4723 0.6002353
4724 0.6002343
4725 0.6002333
4726 0.600232
4727 0.6002309
4728 0.6002297
4729 0.6002285
4730 0.6002272
4731 0.6002262
4732 0.6002249
4733 0.6002237
4734 0.6002222
4735 0.6002212
4736 0.6002199
4737 0.6002185
4738 0.6002173
4739 0.6002164
4740 0.6002156
4741 0.6002141
4742 0.6002126
4743 0.6002113
4744 0.6002101
4745 0.6002086
4746 0.6002074
4747 0.6002064
4748 0.6002049
4749 0.6002036
4750 0.6002027
4751 0.6002013
4752 0.6002
4753 0.6001988
4754 0.6001974
4755 0.6001964
4756 0.6001952
4757 0.6001942
4758 0.6001928
4759 0.6001916
4760 0.6001904
4761 0.6001893
4762 0.6001884
4763 0.6001875
4764 0.6001863
4765 0.6001851
4766 0.6001837
4767 0.6001825
4768 0.6001808
4769 0.6001796
4770 0.6001784
4771 0.600177
4772 0.600176
4773 0.6001748
4774 0.6001734
4775 0.6001722
4776 0.600171
4777 0.6001697
4778 0.6001688
4779 0.6001671
4780 0.600166
4781 0.6001645
4782 0.6001637
4783 0.6001627
4784 0.6001614
4785 0.6001604
4786 0.6001589
4787 0.6001579
4788 0.6001564
4789 0.6001548
4790 0.6001538
4791 0.6001527
4792 0.6001512
4793 0.60015
4794 0.6001487
4795 0.6001475
4796 0.6001461
4797 0.6001448
4798 0.6001436
4799 0.6001424
4800 0.6001411
4801 0.6001398
4802 0.6001387
4803 0.6001374
4804 0.6001362
4805 0.600135
4806 0.6001338
4807 0.6001325
4808 0.6001315
4809 0.60013
4810 0.6001288
4811 0.6001279
4812 0.6001266
4813 0.6001252
4814 0.6001243
4815 0.6001228
4816 0.6001214
4817 0.6001202
4818 0.6001189
4819 0.6001178
4820 0.6001167
4821 0.6001151
4822 0.6001142
4823 0.6001128
4824 0.6001117
4825 0.6001101
4826 0.6001091
4827 0.6001079
4828 0.6001066
4829 0.6001052
4830 0.6001038
4831 0.6001019
4832 0.6000995
4833 0.6000973
4834 0.600095
4835 0.600093
4836 0.6000912
4837 0.6000891
4838 0.6000872
4839 0.6000851
4840 0.6000834
4841 0.6000811
4842 0.6000789
4843 0.6000771
4844 0.6000752
4845 0.6000727
4846 0.6000706
4847 0.6000684
4848 0.6000664
4849 0.6000645
4850 0.6000624
4851 0.6000603
4852 0.6000583
4853 0.6000559
4854 0.600054
4855 0.6000525
4856 0.6000504
4857 0.6000482
4858 0.600046
4859 0.6000437
4860 0.6000421
4861 0.6000385
4862 0.6000348
4863 0.6000312
4864 0.6000274
4865 0.6000235
4866 0.6000198
4867 0.6000167
4868 0.6000123
4869 0.6000083
4870 0.6000049
4871 0.6000011
4872 0.5999975
4873 0.5999938
4874 0.59999
4875 0.5999861
4876 0.5999824
4877 0.5999791
4878 0.5999753
4879 0.5999712
4880 0.5999675
4881 0.5999643
4882 0.5999601
4883 0.5999565
4884 0.5999526
4885 0.5999486
4886 0.5999453
4887 0.5999414
4888 0.5999373
4889 0.5999338
4890 0.5999302
4891 0.5999265
4892 0.5999231
4893 0.5999196
4894 0.5999154
4895 0.5999119
4896 0.5999084
4897 0.5999048
4898 0.5999011
4899 0.5998973
4900 0.5998935
4901 0.5998896
4902 0.5998859
4903 0.5998816
4904 0.5998781
4905 0.5998746
4906 0.5998709
4907 0.5998666
4908 0.5998628
4909 0.5998591
4910 0.5998552
4911 0.5998518
4912 0.5998479
4913 0.599844
4914 0.5998403
4915 0.5998365
4916 0.599833
4917 0.599829
4918 0.5998255
4919 0.5998215
4920 0.5998178
4921 0.5998139
4922 0.5998107
4923 0.599807
4924 0.5998033
4925 0.5997996
4926 0.599796
4927 0.5997925
4928 0.5997885
4929 0.599785
4930 0.5997812
4931 0.5997773
4932 0.5997738
4933 0.5997704
4934 0.5997666
4935 0.5997626
4936 0.5997593
4937 0.5997556
4938 0.5997524
4939 0.5997478
4940 0.5997437
4941 0.5997399
4942 0.5997357
4943 0.599732
4944 0.5997277
4945 0.5997243
4946 0.5997209
4947 0.5997174
4948 0.5997135
4949 0.5997096
4950 0.5997064
4951 0.599705
4952 0.5997036
4953 0.5997025
4954 0.599701
4955 0.5996994
4956 0.5996978
4957 0.5996964
4958 0.5996951
4959 0.5996938
4960 0.5996923
4961 0.599691
4962 0.5996897
4963 0.599688
4964 0.5996866
4965 0.5996855
4966 0.5996843
4967 0.599683
4968 0.5996819
4969 0.5996804
4970 0.5996794
4971 0.5996779
4972 0.5996766
4973 0.5996755
4974 0.5996739
4975 0.5996727
4976 0.5996715
4977 0.5996704
4978 0.5996689
4979 0.5996675
4980 0.5996661
4981 0.599665
4982 0.5996637
4983 0.5996625
4984 0.599661
4985 0.59966
4986 0.5996591
4987 0.5996578
4988 0.5996564
4989 0.5996551
4990 0.5996538
4991 0.5996525
4992 0.5996509
4993 0.5996497
4994 0.5996486
4995 0.5996473
4996 0.5996464
4997 0.5996453
4998 0.599644
4999 0.5996428
5000 0.5996416
5001 0.5996402
5002 0.5996388
5003 0.5996376
5004 0.5996363
5005 0.5996349
5006 0.5996336
5007 0.5996322
5008 0.5996311
5009 0.5996299
5010 0.5996287
5011 0.599627
5012 0.5996256
5013 0.5996242
5014 0.5996228
5015 0.5996217
5016 0.5996204
5017 0.5996191
5018 0.5996177
5019 0.599616
5020 0.5996149
5021 0.5996138
5022 0.599613
5023 0.5996118
5024 0.5996103
5025 0.5996091
5026 0.5996077
5027 0.5996065
5028 0.5996051
5029 0.5996035
5030 0.5996025
5031 0.5996013
5032 0.5996
5033 0.599599
5034 0.5995978
5035 0.5995966
5036 0.5995954
5037 0.5995942
5038 0.599593
5039 0.5995914
5040 0.5995902
5041 0.5995887
5042 0.5995869
5043 0.5995855
5044 0.5995838
5045 0.5995821
5046 0.5995805
5047 0.599579
5048 0.599577
5049 0.5995752
5050 0.5995736
5051 0.5995721
5052 0.5995704
5053 0.5995688
5054 0.5995677
5055 0.599566
5056 0.5995645
5057 0.5995628
5058 0.5995613
5059 0.5995599
5060 0.5995585
5061 0.5995567
5062 0.599555
5063 0.5995535
5064 0.5995515
5065 0.5995496
5066 0.5995473
5067 0.5995452
5068 0.5995434
5069 0.5995417
5070 0.5995405
5071 0.5995376
5072 0.5995352
5073 0.5995321
5074 0.5995291
5075 0.5995263
5076 0.5995241
5077 0.5995213
5078 0.5995188
5079 0.5995165
5080 0.5995139
5081 0.5995112
5082 0.5995088
5083 0.5995064
5084 0.5995036
5085 0.5995013
5086 0.5994986
5087 0.5994958
5088 0.5994931
5089 0.5994906
5090 0.5994878
5091 0.5994855
5092 0.599483
5093 0.5994804
5094 0.5994781
5095 0.5994753
5096 0.5994731
5097 0.5994706
5098 0.5994682
5099 0.5994657
5100 0.5994629
5101 0.5994595
5102 0.5994562
5103 0.5994533
5104 0.5994491
5105 0.5994458
5106 0.5994425
5107 0.5994394
5108 0.5994366
5109 0.5994335
5110 0.5994302
5111 0.5994263
5112 0.5994227
5113 0.5994195
5114 0.5994164
5115 0.5994133
5116 0.5994102
5117 0.5994071
5118 0.5994033
5119 0.5993995
5120 0.5993957
5121 0.5993919
5122 0.5993887
5123 0.5993857
5124 0.5993824
5125 0.5993786
5126 0.5993752
5127 0.5993723
5128 0.599369
5129 0.5993659
5130 0.5993626
5131 0.5993579
5132 0.5993525
5133 0.5993474
5134 0.599342
5135 0.5993363
5136 0.5993316
5137 0.599326
5138 0.5993206
5139 0.5993154
5140 0.5993093
5141 0.5993037
5142 0.5992979
5143 0.5992921
5144 0.5992869
5145 0.599281
5146 0.5992761
5147 0.5992714
5148 0.5992655
5149 0.5992602
5150 0.599255
5151 0.5992501
5152 0.5992448
5153 0.5992393
5154 0.5992343
5155 0.5992291
5156 0.5992245
5157 0.5992189
5158 0.5992136
5159 0.5992084
5160 0.5992035
5161 0.5991951
5162 0.5991877
5163 0.5991795
5164 0.5991707
5165 0.5991629
5166 0.5991552
5167 0.5991476
5168 0.5991392
5169 0.5991321
5170 0.5991228
5171 0.5991142
5172 0.599106
5173 0.5990978
5174 0.5990894
5175 0.5990812
5176 0.5990729
5177 0.5990652
5178 0.5990571
5179 0.5990493
5180 0.5990414
5181 0.5990333
5182 0.5990252
5183 0.5990179
5184 0.5990102
5185 0.5990024
5186 0.5989951
5187 0.5989868
5188 0.5989799
5189 0.5989721
5190 0.5989641
5191 0.5989521
5192 0.5989404
5193 0.5989287
5194 0.5989161
5195 0.5989046
5196 0.598893
5197 0.5988806
5198 0.5988686
5199 0.5988564
5200 0.5988447
5201 0.5988321
5202 0.5988206
5203 0.5988089
5204 0.5987967
5205 0.5987846
5206 0.5987734
5207 0.5987615
5208 0.5987496
5209 0.5987377
5210 0.598727
5211 0.5987152
5212 0.598703
5213 0.5986914
5214 0.5986803
5215 0.5986683
5216 0.5986565
5217 0.5986447
5218 0.5986335
5219 0.5986218
5220 0.5986103
5221 0.5985908
5222 0.5985709
5223 0.5985512
5224 0.5985323
5225 0.5985118
5226 0.5984918
5227 0.5984729
5228 0.5984524
5229 0.5984328
5230 0.5984127
5231 0.5983933
5232 0.5983734
5233 0.5983537
5234 0.5983337
5235 0.5983128
5236 0.5982923
5237 0.5982716
5238 0.5982513
5239 0.5982302
5240 0.5982098
5241 0.5981895
5242 0.5981697
5243 0.5981483
5244 0.5981274
5245 0.5981061
5246 0.598085
5247 0.5980643
5248 0.5980433
5249 0.598022
5250 0.5980008
5251 0.5979639
5252 0.5979272
5253 0.5978892
5254 0.5978523
5255 0.5978154
5256 0.5977784
5257 0.5977404
5258 0.5977021
5259 0.5976639
5260 0.5976231
5261 0.5975834
5262 0.597544
5263 0.5975043
5264 0.5974646
5265 0.5974259
5266 0.5973887
5267 0.5973514
5268 0.5973166
5269 0.5972812
5270 0.5972471
5271 0.5972149
5272 0.5971821
5273 0.5971498
5274 0.5971183
5275 0.5970874
5276 0.597057
5277 0.5970272
5278 0.5969965
5279 0.5969675
5280 0.5969371
5281 0.5968854
5282 0.5968347
5283 0.5967829
5284 0.5967316
5285 0.5966793
5286 0.5966258
5287 0.5965714
5288 0.596516
5289 0.5964578
5290 0.5963989
5291 0.5963399
5292 0.5962799
5293 0.5962194
5294 0.5961586
5295 0.5960962
5296 0.5960323
5297 0.5959684
5298 0.5959057
5299 0.5958433
5300 0.5957824
5301 0.5957242
5302 0.5956672
5303 0.5956105
5304 0.595555
5305 0.5955497
5306 0.5955439
5307 0.5955371
5308 0.5955282
5309 0.5955173
5310 0.5955034
5311 0.595486
5312 0.595466
5313 0.5954402
5314 0.5954073
5315 0.5953711
5316 0.5953314
5317 0.5952791
5318 0.5952271
5319 0.5951748
5320 0.5951221
5321 0.5950691
5322 0.5950162
5323 0.5949635
5324 0.5949114
5325 0.5948586
5326 0.5948052
5327 0.5947512
5328 0.5946969
5329 0.5946456
5330 0.5945929
5331 0.5945411
5332 0.5944912
5333 0.5944428
5334 0.5943934
5335 0.594345
5336 0.5942981
5337 0.5942513
5338 0.5942053
5339 0.5941587
5340 0.5941138
5341 0.5940658
5342 0.5940185
5343 0.5939723
5344 0.5939267
5345 0.5938833
5346 0.5938395
5347 0.5937962
5348 0.5937546
5349 0.5937137
5350 0.5936741
5351 0.5936365
5352 0.5936002
5353 0.5935649
5354 0.5935298
5355 0.5934963
5356 0.5934641
5357 0.5934319
5358 0.5934014
5359 0.5933715
5360 0.5933414
5361 0.5933124
5362 0.5932848
5363 0.5932581
5364 0.5932325
5365 0.5932081
5366 0.5931859
5367 0.5931656
5368 0.5931469
5369 0.5931284
5370 0.5931122
5371 0.5930957
5372 0.5930808
5373 0.5930684
5374 0.5930562
5375 0.5930453
5376 0.593035
5377 0.5930264
5378 0.5930195
5379 0.5930128
5380 0.5930087
5381 0.593005
5382 0.5930032
5383 0.5930033
5384 0.5930037
5385 0.5930066
5386 0.5930097
5387 0.593015
5388 0.5930213
5389 0.5930278
5390 0.5930369
5391 0.5930469
5392 0.5930571
5393 0.5930681
5394 0.5930805
5395 0.5930932
5396 0.5931065
5397 0.593122
5398 0.5931367
5399 0.5931522
5400 0.5931691
5401 0.593186
5402 0.5932032
5403 0.5932219
5404 0.593242
5405 0.5932626
5406 0.5932832
5407 0.5933054
5408 0.5933286
5409 0.5933529
5410 0.593353
5411 0.5933534
5412 0.5933555
5413 0.5933573
5414 0.5933605
5415 0.5933653
5416 0.5933716
5417 0.5933798
5418 0.5933908
5419 0.5934045
5420 0.5934218
5421 0.5934424
5422 0.5934636
5423 0.5934857
5424 0.5935078
5425 0.5935314
5426 0.5935561
5427 0.5935807
5428 0.5936065
5429 0.5936326
5430 0.5936591
5431 0.5936869
5432 0.5937143
5433 0.5937417
5434 0.5937692
5435 0.593799
5436 0.5938295
5437 0.59386
5438 0.5938917
5439 0.5939234
5440 0.5939554
5441 0.5939881
5442 0.5939898
5443 0.5939929
5444 0.5939972
5445 0.5940019
5446 0.5940067
5447 0.5940149
5448 0.5940241
5449 0.5940334
5450 0.5940437
5451 0.594056
5452 0.5940701
5453 0.5940855
5454 0.594102
5455 0.5941197
5456 0.5941404
5457 0.5941616
5458 0.5941859
5459 0.5942112
5460 0.5942364
5461 0.5942651
5462 0.5942951
5463 0.5943246
5464 0.5943547
5465 0.5943852
5466 0.5944155
5467 0.5944468
5468 0.594477
5469 0.5945088
5470 0.5945401
5471 0.5945719
5472 0.5946037
5473 0.5946354
5474 0.5946674
5475 0.5946996
5476 0.5947316
5477 0.5947636
5478 0.5947949
5479 0.5948278
5480 0.5948604
5481 0.5948932
5482 0.5949268
5483 0.5949603
5484 0.5949938
5485 0.595027
5486 0.5950614
5487 0.5950954
5488 0.5951297
5489 0.5951643
5490 0.5952001
5491 0.5952362
5492 0.595272
5493 0.5953079
5494 0.5953443
5495 0.5953812
5496 0.5954193
5497 0.5954567
5498 0.595495
5499 0.5955327
5500 0.5955715
5501 0.5956095
5502 0.5956122
5503 0.5956159
5504 0.5956205
5505 0.5956267
5506 0.595634
5507 0.5956423
5508 0.5956537
5509 0.5956673
5510 0.5956854
5511 0.5957083
5512 0.5957339
5513 0.5957634
5514 0.5957918
5515 0.5958214
5516 0.5958503
5517 0.59588
5518 0.5959095
5519 0.5959396
5520 0.5959685
5521 0.5959985
5522 0.5960286
5523 0.5960589
5524 0.5960884
5525 0.5961179
5526 0.5961481
5527 0.5961784
5528 0.5962077
5529 0.5962383
5530 0.5962685
5531 0.5962979
5532 0.5963275
5533 0.5963582
5534 0.5963885
5535 0.5964189
5536 0.5964496
5537 0.5964797
5538 0.5965106
5539 0.5965411
5540 0.5965725
5541 0.5966038
5542 0.596635
5543 0.5966668
5544 0.5966685
5545 0.5966706
5546 0.5966735
5547 0.5966778
5548 0.5966836
5549 0.5966911
5550 0.596699
5551 0.5967079
5552 0.5967185
5553 0.5967308
5554 0.5967453
5555 0.5967611
5556 0.5967782
5557 0.5967974
5558 0.5968183
5559 0.596841
5560 0.5968639
5561 0.5968881
5562 0.5969118
5563 0.5969346
5564 0.5969583
5565 0.5969824
5566 0.5970064
5567 0.5970305
5568 0.5970545
5569 0.5970787
5570 0.5971024
5571 0.5971266
5572 0.5971501
5573 0.5971746
5574 0.5971984
5575 0.5972226
5576 0.5972471
5577 0.5972714
5578 0.5972955
5579 0.5973194
5580 0.5973441
5581 0.5973775
5582 0.5974106
5583 0.5974444
5584 0.5974774
5585 0.5975109
5586 0.5975451
5587 0.5975778
5588 0.5976118
5589 0.5976459
5590 0.5976797
5591 0.5976822
5592 0.5976849
5593 0.5976887
5594 0.5976936
5595 0.5976999
5596 0.5977076
5597 0.5977178
5598 0.5977302
5599 0.5977463
5600 0.5977661
5601 0.5977888
5602 0.5978132
5603 0.5978158
5604 0.5978178
5605 0.5978203
5606 0.5978242
5607 0.5978292
5608 0.5978347
5609 0.5978424
5610 0.5978506
5611 0.597859
5612 0.5978686
5613 0.5978791
5614 0.5978906
5615 0.597903
5616 0.5979163
5617 0.5979173
5618 0.5979187
5619 0.5979205
5620 0.5979228
5621 0.5979256
5622 0.5979296
5623 0.5979343
5624 0.5979403
5625 0.5979471
5626 0.5979559
5627 0.5979663
5628 0.5979774
5629 0.5979889
5630 0.5979896
5631 0.5979906
5632 0.5979919
5633 0.5979939
5634 0.5979956
5635 0.5979986
5636 0.5980019
5637 0.5980059
5638 0.5980113
5639 0.5980181
5640 0.598026
5641 0.5980268
5642 0.5980273
5643 0.5980281
5644 0.5980299
5645 0.5980317
5646 0.5980334
5647 0.5980366
5648 0.5980401
5649 0.5980438
5650 0.5980489
5651 0.5980542
5652 0.5980611
5653 0.598068
5654 0.5980743
5655 0.5980803
5656 0.5980868
5657 0.5980873
5658 0.598088
5659 0.5980889
5660 0.5980902
5661 0.5980916
5662 0.5980934
5663 0.5980951
5664 0.5980971
5665 0.5981001
5666 0.5981035
5667 0.5981073
5668 0.5981111
5669 0.598115
5670 0.5981191
5671 0.5981233
5672 0.5981274
5673 0.5981318
5674 0.5981355
5675 0.5981396
5676 0.5981447
5677 0.5981487
5678 0.5981534
5679 0.598158
5680 0.5981632
5681 0.5981683
5682 0.5981725
5683 0.5981767
5684 0.5981814
5685 0.5981863
5686 0.598191
5687 0.598196
5688 0.5982016
5689 0.598206
5690 0.5982108
5691 0.5982153
5692 0.5982202
5693 0.5982248
5694 0.5982294
5695 0.5982344
5696 0.5982385
5697 0.5982437
5698 0.5982483
5699 0.5982534
5700 0.5982582
5701 0.5982625
5702 0.5982674
5703 0.5982721
5704 0.5982765
5705 0.5982812
5706 0.5982863
5707 0.5982909
5708 0.5982959
5709 0.5983007
5710 0.5983054
5711 0.5983102
5712 0.5983167
5713 0.5983241
5714 0.5983313
5715 0.5983379
5716 0.5983444
5717 0.5983509
5718 0.5983574
5719 0.5983635
5720 0.59837
5721 0.5983771
5722 0.5983841
5723 0.5983908
5724 0.5983974
5725 0.5984039
5726 0.598411
5727 0.5984181
5728 0.5984245
5729 0.5984313
5730 0.5984382
5731 0.5984452
5732 0.598452
5733 0.5984596
5734 0.5984666
5735 0.5984737
5736 0.5984805
5737 0.5984874
5738 0.5984943
5739 0.5985017
5740 0.5985089
5741 0.5985157
5742 0.5985231
5743 0.5985301
5744 0.5985375
5745 0.5985442
5746 0.5985513
5747 0.5985582
5748 0.5985658
5749 0.5985726
5750 0.5985795
5751 0.5985863
5752 0.5985938
5753 0.5986012
5754 0.5986081
5755 0.5986151
5756 0.5986222
5757 0.5986296
5758 0.5986364
5759 0.5986439
5760 0.5986508
5761 0.5986603
5762 0.5986686
5763 0.5986775
5764 0.598686
5765 0.5986947
5766 0.5987034
5767 0.5987122
5768 0.5987204
5769 0.5987296
5770 0.5987384
5771 0.5987473
5772 0.5987559
5773 0.5987645
5774 0.5987731
5775 0.5987816
5776 0.5987912
5777 0.5987998
5778 0.5988082
5779 0.5988168
5780 0.5988262
5781 0.5988348
5782 0.5988436
5783 0.5988519
5784 0.598861
5785 0.5988697
5786 0.5988788
5787 0.5988874
5788 0.5988967
5789 0.5989057
5790 0.5989143
5791 0.5989249
5792 0.598935
5793 0.5989454
5794 0.5989564
5795 0.5989664
5796 0.5989761
5797 0.5989864
5798 0.5989965
5799 0.5990067
5800 0.5990165
5801 0.5990269
5802 0.5990377
5803 0.5990469
5804 0.5990567
5805 0.5990675
5806 0.5990774
5807 0.5990877
5808 0.5990982
5809 0.5991083
5810 0.5991181
5811 0.5991286
5812 0.5991389
5813 0.5991491
5814 0.5991589
5815 0.599169
5816 0.5991791
5817 0.5991892
5818 0.5991994
5819 0.59921
5820 0.5992195
5821 0.5992303
5822 0.5992417
5823 0.5992526
5824 0.5992636
5825 0.5992747
5826 0.599286
5827 0.5992979
5828 0.5993088
5829 0.5993201
5830 0.5993307
5831 0.5993422
5832 0.599353
5833 0.5993637
5834 0.5993745
5835 0.5993857
5836 0.5993968
5837 0.5994083
5838 0.5994186
5839 0.5994301
5840 0.5994409
5841 0.5994511
5842 0.5994623
5843 0.5994732
5844 0.5994844
5845 0.5994945
5846 0.5995051
5847 0.5995161
5848 0.599528
5849 0.5995387
5850 0.5995494
5851 0.5995613
5852 0.5995731
5853 0.5995851
5854 0.5995977
5855 0.5996102
5856 0.5996221
5857 0.5996346
5858 0.5996468
5859 0.5996596
5860 0.5996721
5861 0.5996849
5862 0.5996969
5863 0.5997093
5864 0.5997219
5865 0.5997348
5866 0.5997474
5867 0.599759
5868 0.5997717
5869 0.599785
5870 0.5997972
5871 0.5998099
5872 0.5998222
5873 0.5998351
5874 0.5998476
5875 0.5998605
5876 0.5998735
5877 0.5998859
5878 0.5998982
5879 0.599911
5880 0.5999243
5881 0.5999385
5882 0.5999522
5883 0.5999665
5884 0.5999805
5885 0.5999945
5886 0.6000087
5887 0.6000226
5888 0.6000368
5889 0.6000503
5890 0.6000648
5891 0.6000786
5892 0.6000935
5893 0.6001075
5894 0.6001215
5895 0.6001352
5896 0.6001493
5897 0.6001636
5898 0.6001779
5899 0.6001927
5900 0.6002066
5901 0.6002207
5902 0.6002359
5903 0.6002503
5904 0.600265
5905 0.6002808
5906 0.6002958
5907 0.6003109
5908 0.6003253
5909 0.6003402
5910 0.6003561
5911 0.6003715
5912 0.6003878
5913 0.600403
5914 0.6004191
5915 0.600435
5916 0.6004509
5917 0.600467
5918 0.6004839
5919 0.6004987
5920 0.6005152
5921 0.6005306
5922 0.6005468
5923 0.6005626
5924 0.6005793
5925 0.6005948
5926 0.6006113
5927 0.6006274
5928 0.6006428
5929 0.600659
5930 0.6006751
5931 0.6006917
5932 0.6007079
5933 0.6007245
5934 0.6007401
5935 0.6007568
5936 0.6007728
5937 0.6007896
5938 0.600805
5939 0.600822
5940 0.6008378
5941 0.6008549
5942 0.6008712
5943 0.6008876
5944 0.6009043
5945 0.6009206
5946 0.6009375
5947 0.6009546
5948 0.6009709
5949 0.6009873
5950 0.601004
5951 0.6010205
5952 0.6010365
5953 0.6010528
5954 0.6010695
5955 0.6010857
5956 0.6011027
5957 0.6011189
5958 0.6011345
5959 0.6011517
5960 0.6011679
5961 0.6011842
5962 0.6012002
5963 0.6012171
5964 0.6012337
5965 0.6012499
5966 0.6012671
5967 0.601283
5968 0.6012999
5969 0.6013168
5970 0.6013336
5971 0.60135
5972 0.6013665
5973 0.6013828
5974 0.6014
5975 0.6014165
5976 0.6014339
5977 0.6014504
5978 0.6014677
5979 0.6014849
5980 0.6015007
5981 0.6015172
5982 0.6015349
5983 0.6015517
5984 0.6015683
5985 0.6015851
5986 0.6016025
5987 0.6016202
5988 0.6016371
5989 0.6016542
5990 0.601671
5991 0.6016886
5992 0.6017045
5993 0.6017227
5994 0.6017401
5995 0.6017569
5996 0.6017746
5997 0.601792
5998 0.6018096
5999 0.601827
6000 0.6018447
6001 0.6018642
6002 0.6018835
6003 0.6019034
6004 0.6019239
6005 0.6019437
6006 0.6019635
6007 0.6019829
6008 0.6020035
6009 0.6020236
6010 0.6020438
6011 0.6020632
6012 0.602084
6013 0.6021035
6014 0.6021237
6015 0.6021441
6016 0.6021637
6017 0.6021848
6018 0.6022053
6019 0.6022252
6020 0.6022454
6021 0.602266
6022 0.6022868
6023 0.6023075
6024 0.6023282
6025 0.6023483
6026 0.6023691
6027 0.6023898
6028 0.6024104
6029 0.6024318
6030 0.6024529
6031 0.602475
6032 0.6024978
6033 0.6025215
6034 0.6025441
6035 0.6025673
6036 0.6025897
6037 0.602613
6038 0.6026362
6039 0.6026599
6040 0.6026831
6041 0.6027065
6042 0.6027301
6043 0.6027531
6044 0.6027774
6045 0.6028004
6046 0.6028247
6047 0.6028477
6048 0.6028713
6049 0.602896
6050 0.6029187
6051 0.6029426
6052 0.602967
6053 0.602991
6054 0.6030157
6055 0.6030391
6056 0.6030634
6057 0.6030877
6058 0.6031122
6059 0.6031366
6060 0.6031611
6061 0.6031871
6062 0.6032125
6063 0.603239
6064 0.6032655
6065 0.6032921
6066 0.603318
6067 0.603344
6068 0.6033708
6069 0.6033974
6070 0.603424
6071 0.6034513
6072 0.6034781
6073 0.6035044
6074 0.6035308
6075 0.6035587
6076 0.6035851
6077 0.6036125
6078 0.6036393
6079 0.6036673
6080 0.6036949
6081 0.6037223
6082 0.6037492
6083 0.6037766
6084 0.6038043
6085 0.603831
6086 0.6038594
6087 0.6038861
6088 0.6039136
6089 0.6039406
6090 0.6039683
6091 0.6039985
6092 0.6040289
6093 0.6040595
6094 0.6040902
6095 0.6041202
6096 0.604151
6097 0.6041818
6098 0.604212
6099 0.6042423
6100 0.6042728
6101 0.6043046
6102 0.6043347
6103 0.6043659
6104 0.6043974
6105 0.6044278
6106 0.6044592
6107 0.6044906
6108 0.6045215
6109 0.6045523
6110 0.6045834
6111 0.6046147
6112 0.6046464
6113 0.6046765
6114 0.6047083
6115 0.60474
6116 0.6047715
6117 0.6048026
6118 0.6048341
6119 0.6048661
6120 0.6048974
6121 0.6049293
6122 0.6049607
6123 0.6049926
6124 0.605024
6125 0.6050559
6126 0.6050881
6127 0.6051202
6128 0.6051525
6129 0.6051844
6130 0.6052173
6131 0.6052493
6132 0.6052814
6133 0.6053144
6134 0.6053473
6135 0.6053799
6136 0.6054134
6137 0.6054466
6138 0.60548
6139 0.6055124
6140 0.6055456
6141 0.6055782
6142 0.6056121
6143 0.6056449
6144 0.6056777
6145 0.6057104
6146 0.6057445
6147 0.6057773
6148 0.6058099
6149 0.6058431
6150 0.6058767
6151 0.6059107
6152 0.6059437
6153 0.6059773
6154 0.6060101
6155 0.6060441
6156 0.6060771
6157 0.60611
6158 0.6061444
6159 0.6061785
6160 0.6062119
6161 0.6062462
6162 0.6062806
6163 0.606315
6164 0.6063491
6165 0.6063834
6166 0.606418
6167 0.6064523
6168 0.6064875
6169 0.6065213
6170 0.6065563
6171 0.6065907
6172 0.6066255
6173 0.6066607
6174 0.6066952
6175 0.6067302
6176 0.6067652
6177 0.6067998
6178 0.6068348
6179 0.6068692
6180 0.6069049
6181 0.6069394
6182 0.6069753
6183 0.6070097
6184 0.6070446
6185 0.6070798
6186 0.6071147
6187 0.60715
6188 0.6071845
6189 0.6072196
6190 0.6072553
6191 0.6072897
6192 0.6073253
6193 0.6073604
6194 0.6073959
6195 0.6074309
6196 0.6074671
6197 0.6075028
6198 0.6075382
6199 0.607574
6200 0.6076093
6201 0.6076446
6202 0.6076809
6203 0.6077161
6204 0.6077521
6205 0.6077874
6206 0.6078231
6207 0.6078584
6208 0.6078937
6209 0.6079295
6210 0.6079651
6211 0.6080016
6212 0.6080369
6213 0.6080717
6214 0.6081075
6215 0.6081429
6216 0.6081783
6217 0.6082137
6218 0.6082485
6219 0.6082841
6220 0.6083199
6221 0.6083558
6222 0.6083909
6223 0.6084276
6224 0.6084636
6225 0.6084668
6226 0.6084704
6227 0.6084752
6228 0.6084813
6229 0.6084883
6230 0.6084965
6231 0.6085072
6232 0.6085208
6233 0.608538
6234 0.6085587
6235 0.6085842
6236 0.6086107
6237 0.608638
6238 0.6086646
6239 0.6086912
6240 0.6087183
6241 0.608745
6242 0.608772
6243 0.6087984
6244 0.6088256
6245 0.6088536
6246 0.6088793
6247 0.6089061
6248 0.6089329
6249 0.6089592
6250 0.6089863
6251 0.6090131
6252 0.6090394
6253 0.6090662
6254 0.609093
6255 0.6091195
6256 0.6091456
6257 0.6091721
6258 0.6091987
6259 0.6092252
6260 0.609252
6261 0.6092781
6262 0.6093048
6263 0.6093302
6264 0.609357
6265 0.6093834
6266 0.6094101
6267 0.609436
6268 0.6094622
6269 0.6094885
6270 0.6095142
6271 0.6095404
6272 0.6095665
6273 0.6095927
6274 0.6096182
6275 0.6096439
6276 0.6096703
6277 0.6096953
6278 0.6097217
6279 0.6097469
6280 0.6097728
6281 0.6097988
6282 0.6098251
6283 0.6098502
6284 0.6098762
6285 0.609902
6286 0.6099271
6287 0.6099526
6288 0.6099779
6289 0.6100034
6290 0.6100283
6291 0.6100543
6292 0.6100793
6293 0.6101044
6294 0.6101292
6295 0.6101546
6296 0.6101803
6297 0.6102054
6298 0.6102302
6299 0.6102327
6300 0.6102353
6301 0.6102381
6302 0.6102425
6303 0.6102477
6304 0.6102536
6305 0.61026
6306 0.6102669
6307 0.610276
6308 0.610286
6309 0.6102973
6310 0.6103088
6311 0.610323
6312 0.6103385
6313 0.6103545
6314 0.610371
6315 0.6103905
6316 0.6104105
6317 0.6104301
6318 0.610451
6319 0.6104711
6320 0.6104909
6321 0.6105113
6322 0.6105315
6323 0.6105514
6324 0.6105714
6325 0.6105912
6326 0.6106102
6327 0.61063
6328 0.6106497
6329 0.6106693
6330 0.6106892
6331 0.6107106
6332 0.6107328
6333 0.6107533
6334 0.6107751
6335 0.6107962
6336 0.6108175
6337 0.6108393
6338 0.6108606
6339 0.6108817
6340 0.6109029
6341 0.6109239
6342 0.6109452
6343 0.610966
6344 0.6109867
6345 0.6110073
6346 0.6110286
6347 0.6110492
6348 0.6110703
6349 0.6110904
6350 0.6111115
6351 0.6111315
6352 0.6111522
6353 0.6111728
6354 0.6111937
6355 0.6112143
6356 0.6112348
6357 0.6112548
6358 0.6112756
6359 0.611296
6360 0.6113159
6361 0.6113374
6362 0.6113589
6363 0.6113804
6364 0.6114016
6365 0.6114224
6366 0.6114441
6367 0.611465
6368 0.6114855
6369 0.6115062
6370 0.6115268
6371 0.6115481
6372 0.6115687
6373 0.6115894
6374 0.6116104
6375 0.6116315
6376 0.6116518
6377 0.6116723
6378 0.6116933
6379 0.6117133
6380 0.6117339
6381 0.6117541
6382 0.611774
6383 0.6117945
6384 0.611815
6385 0.6118346
6386 0.6118553
6387 0.6118758
6388 0.6118957
6389 0.6119154
6390 0.6119357
6391 0.6119559
6392 0.6119762
6393 0.6119953
6394 0.6120154
6395 0.612035
6396 0.6120552
6397 0.6120746
6398 0.6120946
6399 0.6121137
6400 0.6121337
6401 0.6121526
6402 0.6121724
6403 0.6121915
6404 0.6122114
6405 0.6122307
6406 0.6122494
6407 0.6122687
6408 0.6122884
6409 0.6123078
6410 0.6123264
6411 0.6123448
6412 0.6123647
6413 0.6123835
6414 0.6124033
6415 0.6124217
6416 0.6124406
6417 0.6124607
6418 0.612479
6419 0.6124976
6420 0.6125163
6421 0.6125348
6422 0.6125537
6423 0.6125713
6424 0.6125897
6425 0.6126091
6426 0.612627
6427 0.6126454
6428 0.6126639
6429 0.6126816
6430 0.6126993
6431 0.6127174
6432 0.6127353
6433 0.6127534
6434 0.6127714
6435 0.6127895
6436 0.6128072
6437 0.6128244
6438 0.6128418
6439 0.6128591
6440 0.6128766
6441 0.612894
6442 0.6129116
6443 0.6129285
6444 0.6129462
6445 0.6129627
6446 0.61298
6447 0.6129955
6448 0.6130121
6449 0.6130295
6450 0.6130462
6451 0.6130641
6452 0.6130814
6453 0.6130992
6454 0.613117
6455 0.6131344
6456 0.6131521
6457 0.613169
6458 0.6131864
6459 0.6132036
6460 0.6132206
6461 0.6132386
6462 0.6132552
6463 0.6132726
6464 0.6132896
6465 0.6133057
6466 0.6133232
6467 0.6133394
6468 0.6133564
6469 0.6133723
6470 0.613389
6471 0.6134052
6472 0.6134207
6473 0.6134371
6474 0.6134534
6475 0.6134693
6476 0.6134852
6477 0.6135008
6478 0.6135166
6479 0.6135322
6480 0.6135477
6481 0.6135632
6482 0.6135787
6483 0.6135947
6484 0.6136097
6485 0.6136249
6486 0.61364
6487 0.6136554
6488 0.6136702
6489 0.6136857
6490 0.6136999
6491 0.6137149
6492 0.6137291
6493 0.6137438
6494 0.613758
6495 0.6137731
6496 0.613787
6497 0.6138013
6498 0.6138158
6499 0.6138291
6500 0.6138436
6501 0.6138573
6502 0.6138703
6503 0.6138842
6504 0.6138982
6505 0.613912
6506 0.6139258
6507 0.6139269
6508 0.6139282
6509 0.6139297
6510 0.6139321
6511 0.6139348
6512 0.6139383
6513 0.6139421
6514 0.6139474
6515 0.6139539
6516 0.6139628
6517 0.6139718
6518 0.6139821
6519 0.6139925
6520 0.6140013
6521 0.6140121
6522 0.6140216
6523 0.614031
6524 0.6140409
6525 0.6140516
6526 0.6140608
6527 0.6140701
6528 0.6140803
6529 0.6140895
6530 0.6140994
6531 0.6141088
6532 0.6141179
6533 0.6141279
6534 0.6141368
6535 0.6141465
6536 0.6141555
6537 0.6141646
6538 0.6141739
6539 0.6141834
6540 0.6141924
6541 0.6142012
6542 0.6142106
6543 0.6142196
6544 0.6142291
6545 0.6142379
6546 0.6142469
6547 0.614256
6548 0.6142645
6549 0.6142735
6550 0.614282
6551 0.614291
6552 0.6142997
6553 0.6143084
6554 0.6143174
6555 0.6143264
6556 0.6143344
6557 0.614343
6558 0.6143522
6559 0.6143607
6560 0.6143693
6561 0.6143774
6562 0.6143864
6563 0.6143952
6564 0.6144034
6565 0.6144121
6566 0.61442
6567 0.6144285
6568 0.6144374
6569 0.6144456
6570 0.6144537
6571 0.6144625
6572 0.6144712
6573 0.6144801
6574 0.6144885
6575 0.6144978
6576 0.6145066
6577 0.614515
6578 0.6145241
6579 0.6145324
6580 0.6145406
6581 0.6145491
6582 0.6145576
6583 0.6145666
6584 0.6145746
6585 0.6145829
6586 0.6145911
6587 0.6145997
6588 0.614608
6589 0.6146162
6590 0.6146245
6591 0.6146332
6592 0.6146413
6593 0.6146489
6594 0.614657
6595 0.6146652
6596 0.6146731
6597 0.6146813
6598 0.614688
6599 0.6146968
6600 0.6147042
6601 0.6147124
6602 0.6147206
6603 0.6147286
6604 0.6147368
6605 0.6147444
6606 0.6147519
6607 0.6147592
6608 0.6147662
6609 0.6147739
6610 0.6147813
6611 0.6147889
6612 0.6147972
6613 0.6148046
6614 0.6148117
6615 0.6148203
6616 0.6148278
6617 0.6148354
6618 0.6148431
6619 0.6148511
6620 0.614859
6621 0.6148663
6622 0.6148737
6623 0.6148815
6624 0.6148894
6625 0.6148973
6626 0.6149044
6627 0.6149119
6628 0.6149203
6629 0.6149279
6630 0.614935
6631 0.6149424
6632 0.6149495
6633 0.6149577
6634 0.6149644
6635 0.614972
6636 0.6149802
6637 0.6149879
6638 0.6149952
6639 0.6150028
6640 0.6150107
6641 0.615018
6642 0.6150251
6643 0.6150329
6644 0.6150402
6645 0.615048
6646 0.6150556
6647 0.6150624
6648 0.6150701
6649 0.6150771
6650 0.6150849
6651 0.615092
6652 0.6150998
6653 0.6151061
6654 0.615114
6655 0.6151209
6656 0.6151277
6657 0.6151351
6658 0.6151425
6659 0.6151496
6660 0.6151566
6661 0.6151655
6662 0.6151727
6663 0.6151808
6664 0.6151891
6665 0.6151967
6666 0.6152049
6667 0.6152124
6668 0.6152208
6669 0.6152283
6670 0.6152364
6671 0.6152446
6672 0.615252
6673 0.6152602
6674 0.6152682
6675 0.6152756
6676 0.615284
6677 0.6152927
6678 0.6152998
6679 0.6153077
6680 0.6153156
6681 0.6153231
6682 0.6153318
6683 0.6153393
6684 0.6153474
6685 0.6153547
6686 0.6153628
6687 0.6153705
6688 0.6153778
6689 0.6153856
6690 0.6153937
6691 0.6154008
6692 0.6154088
6693 0.6154171
6694 0.6154248
6695 0.6154329
6696 0.6154408
6697 0.6154489
6698 0.6154567
6699 0.615465
6700 0.6154727
6701 0.6154805
6702 0.615488
6703 0.6154962
6704 0.6155046
6705 0.615512
6706 0.6155202
6707 0.6155287
6708 0.6155361
6709 0.6155445
6710 0.6155519
6711 0.6155601
6712 0.615568
6713 0.6155756
6714 0.6155842
6715 0.6155917
6716 0.6156
6717 0.6156083
6718 0.615616
6719 0.6156237
6720 0.6156322
6721 0.6156395
6722 0.6156476
6723 0.6156557
6724 0.6156632
6725 0.6156719
6726 0.6156793
6727 0.6156868
6728 0.6156948
6729 0.6157026
6730 0.6157107
6731 0.6157185
6732 0.6157264
6733 0.6157339
6734 0.6157414
6735 0.6157487
6736 0.6157565
6737 0.6157635
6738 0.6157708
6739 0.6157781
6740 0.6157855
6741 0.6157928
6742 0.6158014
6743 0.6158088
6744 0.615816
6745 0.6158243
6746 0.6158321
6747 0.6158407
6748 0.6158485
6749 0.6158565
6750 0.6158647
6751 0.6158729
6752 0.6158816
6753 0.6158901
6754 0.6158985
6755 0.6159065
6756 0.6159147
6757 0.6159225
6758 0.6159308
6759 0.6159391
6760 0.6159478
6761 0.6159564
6762 0.6159644
6763 0.6159725
6764 0.6159815
6765 0.6159897
6766 0.6159977
6767 0.6160064
6768 0.6160147
6769 0.6160232
6770 0.616032
6771 0.6160406
6772 0.6160489
6773 0.6160573
6774 0.6160656
6775 0.6160741
6776 0.6160824
6777 0.6160905
6778 0.616099
6779 0.6161075
6780 0.6161162
6781 0.616125
6782 0.6161348
6783 0.616144
6784 0.6161532
6785 0.6161627
6786 0.6161723
6787 0.6161816
6788 0.6161913
6789 0.6161994
6790 0.6162091
6791 0.6162184
6792 0.616227
6793 0.6162366
6794 0.6162453
6795 0.6162554
6796 0.6162644
6797 0.616273
6798 0.6162823
6799 0.6162913
6800 0.6163012
6801 0.6163098
6802 0.6163191
6803 0.6163284
6804 0.6163374
6805 0.6163464
6806 0.6163555
6807 0.616365
6808 0.6163734
6809 0.6163829
6810 0.6163918
6811 0.616402
6812 0.6164111
6813 0.6164208
6814 0.6164302
6815 0.6164397
6816 0.6164495
6817 0.6164592
6818 0.6164684
6819 0.6164783
6820 0.6164876
6821 0.6164972
6822 0.6165072
6823 0.6165163
6824 0.6165255
6825 0.6165352
6826 0.6165443
6827 0.6165531
6828 0.616563
6829 0.6165724
6830 0.6165817
6831 0.6165915
6832 0.6166012
6833 0.6166103
6834 0.6166193
6835 0.6166298
6836 0.6166384
6837 0.6166473
6838 0.6166578
6839 0.6166663
6840 0.6166748
6841 0.6166858
6842 0.6166959
6843 0.6167057
6844 0.6167157
6845 0.6167257
6846 0.6167265
6847 0.6167272
6848 0.6167285
6849 0.6167302
6850 0.6167316
6851 0.616734
6852 0.6167372
6853 0.6167411
6854 0.6167462
6855 0.6167519
6856 0.6167589
6857 0.6167597
6858 0.6167602
6859 0.6167608
6860 0.6167619
6861 0.6167637
6862 0.6167654
6863 0.6167676
6864 0.6167703
6865 0.6167736
6866 0.6167781
6867 0.6167829
6868 0.6167876
6869 0.6167927
6870 0.6167985
6871 0.6168037
6872 0.6168092
6873 0.6168152
6874 0.6168201
6875 0.6168258
6876 0.6168315
6877 0.6168373
6878 0.6168425
6879 0.6168475
6880 0.6168529
6881 0.6168581
6882 0.616863
6883 0.6168692
6884 0.6168743
6885 0.6168794
6886 0.6168849
6887 0.6168906
6888 0.6168957
6889 0.6169019
6890 0.6169069
6891 0.6169126
6892 0.6169179
6893 0.6169237
6894 0.6169282
6895 0.6169334
6896 0.6169391
6897 0.6169441
6898 0.6169499
6899 0.6169552
6900 0.6169605
6901 0.6169657
6902 0.6169703
6903 0.6169759
6904 0.6169806
6905 0.6169857
6906 0.6169909
6907 0.6169955
6908 0.6170004
6909 0.617006
6910 0.6170109
6911 0.617016
6912 0.6170203
6913 0.6170257
6914 0.6170302
6915 0.6170361
6916 0.6170413
6917 0.6170467
6918 0.6170517
6919 0.6170574
6920 0.6170624
6921 0.6170679
6922 0.6170731
6923 0.6170781
6924 0.6170828
6925 0.6170879
6926 0.6170936
6927 0.6170987
6928 0.6171036
6929 0.6171089
6930 0.6171141
6931 0.617119
6932 0.617124
6933 0.61713
6934 0.6171346
6935 0.6171401
6936 0.6171455
6937 0.6171504
6938 0.6171548
6939 0.6171604
6940 0.6171658
6941 0.6171713
6942 0.6171761
6943 0.6171811
6944 0.6171851
6945 0.6171913
6946 0.6171954
6947 0.6172004
6948 0.6172047
6949 0.6172104
6950 0.6172155
6951 0.6172211
6952 0.6172258
6953 0.617231
6954 0.6172364
6955 0.6172409
6956 0.6172455
6957 0.6172505
6958 0.6172552
6959 0.6172606
6960 0.6172653
6961 0.6172704
6962 0.6172754
6963 0.6172799
6964 0.6172843
6965 0.6172898
6966 0.6172951
6967 0.6173002
6968 0.617305
6969 0.6173103
6970 0.617314
6971 0.6173196
6972 0.617325
6973 0.6173299
6974 0.6173356
6975 0.6173404
6976 0.6173453
6977 0.6173505
6978 0.617355
6979 0.6173604
6980 0.6173656
6981 0.6173704
6982 0.6173754
6983 0.6173806
6984 0.617386
6985 0.6173906
6986 0.6173962
6987 0.6174014
6988 0.6174062
6989 0.6174115
6990 0.6174166
6991 0.617422
6992 0.6174273
6993 0.6174329
6994 0.6174378
6995 0.6174427
6996 0.6174482
6997 0.6174535
6998 0.617458
6999 0.6174632
7000 0.6174686
7001 0.6174746
7002 0.6174796
7003 0.6174849
7004 0.6174893
7005 0.6174955
7006 0.6175004
7007 0.6175055
7008 0.6175112
7009 0.6175151
7010 0.6175211
7011 0.6175262
7012 0.6175309
7013 0.6175367
7014 0.6175421
7015 0.6175468
7016 0.6175528
7017 0.6175582
7018 0.6175631
7019 0.6175681
7020 0.6175734
7021 0.6175786
7022 0.617583
7023 0.6175883
7024 0.6175935
7025 0.6175987
7026 0.6176039
7027 0.6176094
7028 0.6176142
7029 0.6176197
7030 0.6176255
7031 0.6176311
7032 0.6176367
7033 0.6176415
7034 0.6176471
7035 0.6176525
7036 0.6176575
7037 0.6176627
7038 0.6176678
7039 0.6176734
7040 0.6176789
7041 0.6176841
7042 0.6176899
7043 0.6176952
7044 0.617701
7045 0.617707
7046 0.6177124
7047 0.6177182
7048 0.6177234
7049 0.6177289
7050 0.6177348
7051 0.6177409
7052 0.6177466
7053 0.6177529
7054 0.6177583
7055 0.6177641
7056 0.6177705
7057 0.6177762
7058 0.6177825
7059 0.6177881
7060 0.617794
7061 0.6178001
7062 0.6178057
7063 0.6178118
7064 0.6178178
7065 0.6178231
7066 0.6178293
7067 0.6178353
7068 0.6178413
7069 0.6178476
7070 0.6178536
7071 0.6178601
7072 0.6178661
7073 0.6178716
7074 0.6178774
7075 0.6178838
7076 0.6178905
7077 0.6178961
7078 0.6179023
7079 0.6179088
7080 0.6179145
7081 0.6179211
7082 0.6179274
7083 0.6179345
7084 0.6179429
7085 0.6179489
7086 0.6179553
7087 0.6179618
7088 0.6179684
7089 0.6179757
7090 0.6179823
7091 0.6179892
7092 0.617996
7093 0.6180037
7094 0.6180097
7095 0.6180166
7096 0.6180242
7097 0.618031
7098 0.618037
7099 0.6180441
7100 0.6180512
7101 0.6180583
7102 0.6180657
7103 0.6180722
7104 0.6180798
7105 0.6180874
7106 0.6180944
7107 0.6181017
7108 0.6181091
7109 0.6181154
7110 0.6181229
7111 0.6181309
7112 0.6181385
7113 0.6181458
7114 0.6181537
7115 0.6181612
7116 0.618168
7117 0.6181758
7118 0.618184
7119 0.618192
7120 0.6181993
7121 0.6182069
7122 0.6182145
7123 0.6182221
7124 0.6182296
7125 0.618238
7126 0.6182462
7127 0.6182542
7128 0.618262
7129 0.6182702
7130 0.6182787
7131 0.6182866
7132 0.6182943
7133 0.6183023
7134 0.6183107
7135 0.6183189
7136 0.6183272
7137 0.6183357
7138 0.6183447
7139 0.6183526
7140 0.6183609
7141 0.6183686
7142 0.6183776
7143 0.6183861
7144 0.6183943
7145 0.6184029
7146 0.6184112
7147 0.6184195
7148 0.6184279
7149 0.6184369
7150 0.6184447
7151 0.6184537
7152 0.6184622
7153 0.6184708
7154 0.6184797
7155 0.6184875
7156 0.6184964
7157 0.6185052
7158 0.6185135
7159 0.6185223
7160 0.6185311
7161 0.61854
7162 0.618549
7163 0.6185576
7164 0.6185664
7165 0.6185751
7166 0.618584
7167 0.6185923
7168 0.6186017
7169 0.618611
7170 0.6186192
7171 0.6186283
7172 0.6186367
7173 0.618646
7174 0.6186542
7175 0.6186637
7176 0.6186723
7177 0.6186808
7178 0.6186897
7179 0.6186988
7180 0.6187075
7181 0.6187167
7182 0.6187254
7183 0.6187348
7184 0.6187435
7185 0.6187519
7186 0.6187614
7187 0.6187702
7188 0.6187794
7189 0.618788
7190 0.6187975
7191 0.618806
7192 0.6188154
7193 0.6188239
7194 0.6188329
7195 0.6188418
7196 0.6188501
7197 0.6188598
7198 0.6188685
7199 0.6188776
7200 0.6188865
7201 0.6188949
7202 0.618904
7203 0.6189132
7204 0.6189225
7205 0.6189315
7206 0.6189413
7207 0.6189504
7208 0.6189592
7209 0.6189683
7210 0.6189772
7211 0.6189862
7212 0.6189954
7213 0.6190044
7214 0.6190133
7215 0.6190224
7216 0.6190312
7217 0.6190406
7218 0.6190494
7219 0.6190583
7220 0.6190677
7221 0.6190759
7222 0.619085
7223 0.6190944
7224 0.619103
7225 0.6191111
7226 0.6191204
7227 0.6191293
7228 0.6191382
7229 0.6191465
7230 0.619156
7231 0.6191654
7232 0.6191745
7233 0.6191841
7234 0.619193
7235 0.6192022
7236 0.6192113
7237 0.6192201
7238 0.6192296
7239 0.6192387
7240 0.6192472
7241 0.6192555
7242 0.6192655
7243 0.6192747
7244 0.6192836
7245 0.619292
7246 0.6193005
7247 0.6193095
7248 0.6193184
7249 0.6193276
7250 0.6193362
7251 0.6193449
7252 0.6193535
7253 0.6193625
7254 0.6193707
7255 0.6193799
7256 0.6193889
7257 0.6193975
7258 0.6194063
7259 0.6194143
7260 0.6194234
7261 0.6194319
7262 0.6194406
7263 0.6194483
7264 0.6194568
7265 0.6194656
7266 0.6194739
7267 0.6194815
7268 0.6194897
7269 0.6194985
7270 0.6195074
7271 0.6195154
7272 0.6195242
7273 0.619532
7274 0.6195404
7275 0.6195489
7276 0.6195574
7277 0.6195649
7278 0.6195729
7279 0.6195809
7280 0.6195887
7281 0.6195964
7282 0.6196054
7283 0.6196131
7284 0.6196206
7285 0.619628
7286 0.6196364
7287 0.6196449
7288 0.6196526
7289 0.6196603
7290 0.6196687
7291 0.6196756
7292 0.6196835
7293 0.6196907
7294 0.6196982
7295 0.619706
7296 0.6197128
7297 0.6197204
7298 0.6197282
7299 0.619736
7300 0.6197433
7301 0.6197503
7302 0.6197573
7303 0.6197655
7304 0.6197727
7305 0.6197802
7306 0.6197876
7307 0.6197951
7308 0.6198024
7309 0.6198098
7310 0.6198168
7311 0.6198235
7312 0.6198313
7313 0.6198382
7314 0.6198454
7315 0.6198521
7316 0.6198595
7317 0.6198665
7318 0.6198741
7319 0.619881
7320 0.6198878
7321 0.6198945
7322 0.6199017
7323 0.6199098
7324 0.6199176
7325 0.6199244
7326 0.6199326
7327 0.619939
7328 0.6199459
7329 0.6199535
7330 0.6199604
7331 0.619967
7332 0.6199749
7333 0.6199811
7334 0.6199876
7335 0.6199946
7336 0.6200008
7337 0.6200066
7338 0.6200132
7339 0.6200202
7340 0.6200271
7341 0.6200323
7342 0.6200389
7343 0.6200445
7344 0.6200504
7345 0.6200569
7346 0.6200623
7347 0.6200673
7348 0.6200733
7349 0.6200792
7350 0.6200851
7351 0.6200902
7352 0.6200958
7353 0.620101
7354 0.6201056
7355 0.6201105
7356 0.6201167
7357 0.6201217
7358 0.6201268
7359 0.6201313
7360 0.6201358
7361 0.6201408
7362 0.6201456
7363 0.6201507
7364 0.6201545
7365 0.6201595
7366 0.6201636
7367 0.6201687
7368 0.6201724
7369 0.620177
7370 0.6201812
7371 0.6201847
7372 0.620189
7373 0.6201923
7374 0.6201965
7375 0.6202
7376 0.6202036
7377 0.6202074
7378 0.6202112
7379 0.6202147
7380 0.6202174
7381 0.6202208
7382 0.620224
7383 0.6202272
7384 0.6202298
7385 0.6202331
7386 0.6202371
7387 0.6202391
7388 0.6202421
7389 0.6202438
7390 0.6202475
7391 0.6202491
7392 0.620252
7393 0.620254
7394 0.6202568
7395 0.6202589
7396 0.6202608
7397 0.6202628
7398 0.6202644
7399 0.6202666
7400 0.6202689
7401 0.6202703
7402 0.6202716
7403 0.6202732
7404 0.6202759
7405 0.6202771
7406 0.6202778
7407 0.6202793
7408 0.6202807
7409 0.6202825
7410 0.6202835
7411 0.6202847
7412 0.6202857
7413 0.6202863
7414 0.6202878
7415 0.6202881
7416 0.6202897
7417 0.6202899
7418 0.6202905
7419 0.6202921
7420 0.6202927
7421 0.6202928
7422 0.6202932
7423 0.620294
7424 0.6202937
7425 0.6202947
7426 0.6202946
7427 0.6202947
7428 0.6202949
7429 0.6202947
7430 0.6202942
7431 0.620294
7432 0.6202939
7433 0.6202935
7434 0.6202931
7435 0.6202928
7436 0.6202918
7437 0.6202911
7438 0.6202908
7439 0.6202893
7440 0.6202896
7441 0.6202877
7442 0.6202867
7443 0.6202857
7444 0.6202853
7445 0.6202838
7446 0.6202823
7447 0.6202819
7448 0.6202797
7449 0.6202785
7450 0.6202764
7451 0.6202749
7452 0.6202731
7453 0.620271
7454 0.6202686
7455 0.620267
7456 0.6202651
7457 0.6202627
7458 0.6202594
7459 0.6202584
7460 0.6202551
7461 0.6202526
7462 0.6202499
7463 0.6202469
7464 0.6202441
7465 0.6202413
7466 0.6202379
7467 0.6202352
7468 0.6202317
7469 0.6202286
7470 0.6202252
7471 0.6202217
7472 0.6202174
7473 0.6202142
7474 0.6202095
7475 0.6202061
7476 0.6202019
7477 0.6201974
7478 0.6201928
7479 0.6201884
7480 0.6201839
7481 0.6201786
7482 0.6201736
7483 0.6201685
7484 0.6201635
7485 0.6201583
7486 0.6201531
7487 0.6201478
7488 0.6201423
7489 0.6201379
7490 0.620132
7491 0.6201253
7492 0.6201202
7493 0.6201138
7494 0.6201088
7495 0.6201023
7496 0.6200963
7497 0.6200905
7498 0.620085
7499 0.6200781
7500 0.6200719
7501 0.6200652
7502 0.6200577
7503 0.620051
7504 0.6200443
7505 0.6200363
7506 0.620029
7507 0.6200223
7508 0.6200144
7509 0.6200074
7510 0.6200003
7511 0.6199927
7512 0.6199855
7513 0.619977
7514 0.6199693
7515 0.6199619
7516 0.6199536
7517 0.6199462
7518 0.6199381
7519 0.6199304
7520 0.6199225
7521 0.6199144
7522 0.6199061
7523 0.6198978
7524 0.6198893
7525 0.6198809
7526 0.6198722
7527 0.6198635
7528 0.6198544
7529 0.6198463
7530 0.6198379
7531 0.6198283
7532 0.6198195
7533 0.6198107
7534 0.6198017
7535 0.6197934
7536 0.6197838
7537 0.6197744
7538 0.6197659
7539 0.6197563
7540 0.6197469
7541 0.6197376
7542 0.6197274
7543 0.6197182
7544 0.619708
7545 0.6196979
7546 0.6196885
7547 0.6196783
7548 0.6196686
7549 0.6196585
7550 0.6196488
7551 0.6196384
7552 0.6196373
7553 0.6196359
7554 0.6196352
7555 0.6196339
7556 0.6196319
7557 0.6196294
7558 0.6196262
7559 0.6196225
7560 0.6196179
7561 0.6196125
7562 0.6196057
7563 0.6195979
7564 0.6195899
7565 0.6195822
7566 0.6195747
7567 0.6195667
7568 0.6195586
7569 0.6195509
7570 0.6195434
7571 0.6195357
7572 0.6195276
7573 0.6195198
7574 0.619512
7575 0.6195041
7576 0.6194956
7577 0.6194878
7578 0.61948
7579 0.6194721
7580 0.6194633
7581 0.6194552
7582 0.6194471
7583 0.6194385
7584 0.6194299
7585 0.6194213
7586 0.6194137
7587 0.6194052
7588 0.6193967
7589 0.6193882
7590 0.6193805
7591 0.6193729
7592 0.6193639
7593 0.619356
7594 0.6193481
7595 0.6193394
7596 0.6193308
7597 0.6193224
7598 0.619314
7599 0.6193051
7600 0.6192974
7601 0.6192883
7602 0.6192796
7603 0.6192712
7604 0.6192629
7605 0.6192536
7606 0.6192454
7607 0.6192365
7608 0.6192281
