"cm-rfile"
"Iteration" "cm"
("Iteration" "cm")
3199 0.008665728
3200 0.009105937
3201 0.009599858
3202 0.01009423
3203 0.01059017
3204 0.01108547
3205 0.01157964
3206 0.01207286
3207 0.01256582
3208 0.0130564
3209 0.01354553
3210 0.01403336
3211 0.01452022
3212 0.01500553
3213 0.015489
3214 0.01597055
3215 0.01645148
3216 0.01693134
3217 0.01740823
3218 0.01788427
3219 0.0183583
3220 0.01883204
3221 0.01930308
3222 0.01977342
3223 0.02024205
3224 0.02070894
3225 0.02117466
3226 0.02163784
3227 0.02210013
3228 0.02256021
3229 0.02301897
3230 0.02347546
3231 0.02393055
3232 0.02438387
3233 0.02483515
3234 0.02528379
3235 0.02573011
3236 0.02617478
3237 0.02661736
3238 0.02705771
3239 0.02749609
3240 0.02793144
3241 0.02836477
3242 0.02879566
3243 0.02922361
3244 0.02964954
3245 0.03007231
3246 0.03049354
3247 0.03091091
3248 0.03132608
3249 0.03173841
3250 0.0321487
3251 0.03255586
3252 0.03295954
3253 0.03336142
3254 0.03375965
3255 0.0341558
3256 0.03454894
3257 0.03493936
3258 0.03532713
3259 0.0357118
3260 0.03609395
3261 0.03647327
3262 0.03684967
3263 0.03722287
3264 0.037594
3265 0.03796163
3266 0.03832713
3267 0.0386899
3268 0.03904909
3269 0.03940603
3270 0.03976002
3271 0.0401119
3272 0.04046065
3273 0.04080762
3274 0.04115148
3275 0.04149225
3276 0.04183103
3277 0.04216723
3278 0.04219404
3279 0.04222955
3280 0.04227369
3281 0.04232688
3282 0.04238051
3283 0.04244646
3284 0.04252872
3285 0.04263039
3286 0.04275793
3287 0.04290772
3288 0.04307641
3289 0.04326308
3290 0.04346929
3291 0.04369305
3292 0.0439353
3293 0.04417567
3294 0.04441427
3295 0.04465196
3296 0.0448883
3297 0.04512341
3298 0.04535674
3299 0.04558998
3300 0.04582119
3301 0.04607921
3302 0.04633424
3303 0.04658825
3304 0.04684019
3305 0.04709117
3306 0.04734098
3307 0.0475886
3308 0.04783455
3309 0.04808002
3310 0.04832333
3311 0.04856509
3312 0.04880606
3313 0.04904501
3314 0.04928321
3315 0.04951999
3316 0.04975521
3317 0.04998941
3318 0.05022264
3319 0.05045429
3320 0.05068445
3321 0.0509142
3322 0.05114263
3323 0.05136893
3324 0.05159497
3325 0.0518196
3326 0.05204334
3327 0.05226609
3328 0.05248789
3329 0.05270892
3330 0.05292831
3331 0.05319116
3332 0.05345113
3333 0.05370926
3334 0.0539668
3335 0.054222
3336 0.05447657
3337 0.05472924
3338 0.05498076
3339 0.05523164
3340 0.05548156
3341 0.05573021
3342 0.05597901
3343 0.05622576
3344 0.05647201
3345 0.05671701
3346 0.05696163
3347 0.05720527
3348 0.0574482
3349 0.0576903
3350 0.05793139
3351 0.05817259
3352 0.05841263
3353 0.05865199
3354 0.05889112
3355 0.05912902
3356 0.05936692
3357 0.05960409
3358 0.05984014
3359 0.06007626
3360 0.06031205
3361 0.06061738
3362 0.06092023
3363 0.06122264
3364 0.06152465
3365 0.06182645
3366 0.06212734
3367 0.06242742
3368 0.06272818
3369 0.06302836
3370 0.06332884
3371 0.06362925
3372 0.06393015
3373 0.06423212
3374 0.06453431
3375 0.0648372
3376 0.06514101
3377 0.06544567
3378 0.06575102
3379 0.0660575
3380 0.06636561
3381 0.06667472
3382 0.0669848
3383 0.06729669
3384 0.06760924
3385 0.0679232
3386 0.06823879
3387 0.06855598
3388 0.06887615
3389 0.06919749
3390 0.06952078
3391 0.06997135
3392 0.07042296
3393 0.07087842
3394 0.0713378
3395 0.07180166
3396 0.07227045
3397 0.07274388
3398 0.07322516
3399 0.0737121
3400 0.07420482
3401 0.07470588
3402 0.07521322
3403 0.07572741
3404 0.07624862
3405 0.07677796
3406 0.07731562
3407 0.0778616
3408 0.0784162
3409 0.07897955
3410 0.07955002
3411 0.08012871
3412 0.08071463
3413 0.08130823
3414 0.08191001
3415 0.08252162
3416 0.0831414
3417 0.08376912
3418 0.08440628
3419 0.08505211
3420 0.08570753
3421 0.0865809
3422 0.08746596
3423 0.0883641
3424 0.08927707
3425 0.09020385
3426 0.09114554
3427 0.09210279
3428 0.09307677
3429 0.09406678
3430 0.09507222
3431 0.09609271
3432 0.09712714
3433 0.09817636
3434 0.09924021
3435 0.1003178
3436 0.1014082
3437 0.1025121
3438 0.1036278
3439 0.1047552
3440 0.1058954
3441 0.1070456
3442 0.1082072
3443 0.1093787
3444 0.1105588
3445 0.1117478
3446 0.1129464
3447 0.1141524
3448 0.1153656
3449 0.1165842
3450 0.1178086
3451 0.1190386
3452 0.120272
3453 0.1215088
3454 0.1227486
3455 0.1239889
3456 0.1252316
3457 0.1264747
3458 0.1277188
3459 0.1289609
3460 0.1302022
3461 0.1314405
3462 0.1326783
3463 0.1339117
3464 0.1351409
3465 0.1363662
3466 0.1375854
3467 0.1387995
3468 0.1400066
3469 0.1412054
3470 0.1423991
3471 0.1435835
3472 0.1447601
3473 0.145928
3474 0.1470851
3475 0.1482344
3476 0.1493725
3477 0.1505004
3478 0.1516167
3479 0.1527201
3480 0.153812
3481 0.1551675
3482 0.1565028
3483 0.1578154
3484 0.1579559
3485 0.1580976
3486 0.1582709
3487 0.1584828
3488 0.1587437
3489 0.1590671
3490 0.1594659
3491 0.1599595
3492 0.160569
3493 0.1613201
3494 0.1621697
3495 0.1630841
3496 0.1639868
3497 0.1648757
3498 0.1657517
3499 0.1666134
3500 0.16746
3501 0.168293
3502 0.1691109
3503 0.1699132
3504 0.1706997
3505 0.1714722
3506 0.1722283
3507 0.1729693
3508 0.1736948
3509 0.1744042
3510 0.1750984
3511 0.1760302
3512 0.1769311
3513 0.1778013
3514 0.1786426
3515 0.1794538
3516 0.1802356
3517 0.1809881
3518 0.1817118
3519 0.1818062
3520 0.1818972
3521 0.182001
3522 0.1821242
3523 0.1822712
3524 0.1824511
3525 0.182668
3526 0.1829328
3527 0.1832535
3528 0.1836397
3529 0.1840684
3530 0.1845197
3531 0.1849568
3532 0.1853778
3533 0.1857852
3534 0.1861762
3535 0.1865523
3536 0.1869124
3537 0.1872565
3538 0.1873055
3539 0.1873522
3540 0.1874039
3541 0.1874634
3542 0.1875222
3543 0.1875923
3544 0.1876763
3545 0.187778
3546 0.1879016
3547 0.1880445
3548 0.1882014
3549 0.1883712
3550 0.188551
3551 0.1887417
3552 0.1887701
3553 0.1887965
3554 0.1888272
3555 0.1888621
3556 0.1889048
3557 0.1889558
3558 0.1890179
3559 0.1890933
3560 0.1891848
3561 0.1892956
3562 0.1894173
3563 0.1895471
3564 0.1896731
3565 0.1897945
3566 0.1899116
3567 0.1900246
3568 0.1901329
3569 0.1902385
3570 0.1903385
3571 0.1904548
3572 0.1905636
3573 0.1906661
3574 0.1907629
3575 0.1908531
3576 0.1909371
3577 0.1910146
3578 0.1910872
3579 0.1911523
3580 0.1912117
3581 0.1912657
3582 0.191314
3583 0.1913562
3584 0.1913913
3585 0.1914218
3586 0.1914468
3587 0.1914563
3588 0.1914632
3589 0.1914704
3590 0.1914768
3591 0.1914833
3592 0.19149
3593 0.1914975
3594 0.1915056
3595 0.1915125
3596 0.1915185
3597 0.1915236
3598 0.1915248
3599 0.191524
3600 0.1915209
3601 0.1915112
3602 0.1914961
3603 0.1914775
3604 0.1914545
3605 0.1914283
3606 0.1913965
3607 0.191361
3608 0.1913218
3609 0.1912792
3610 0.1912321
3611 0.1911806
3612 0.1911251
3613 0.1910672
3614 0.1910047
3615 0.1909394
3616 0.1908702
3617 0.1907966
3618 0.190721
3619 0.1906404
3620 0.190557
3621 0.1904704
3622 0.1903826
3623 0.1902908
3624 0.190196
3625 0.1900988
3626 0.189998
3627 0.1898944
3628 0.1897877
3629 0.1896795
3630 0.1895685
3631 0.1894173
3632 0.1892604
3633 0.1891016
3634 0.1889378
3635 0.1887713
3636 0.1886013
3637 0.1884264
3638 0.1882503
3639 0.1880696
3640 0.1878868
3641 0.1877007
3642 0.1875118
3643 0.1873213
3644 0.1871284
3645 0.1869317
3646 0.1867331
3647 0.1865339
3648 0.1863319
3649 0.1861266
3650 0.1859213
3651 0.1859014
3652 0.1858803
3653 0.1858546
3654 0.1858229
3655 0.1857831
3656 0.1857328
3657 0.1856703
3658 0.1856067
3659 0.185534
3660 0.1854517
3661 0.1853605
3662 0.1852587
3663 0.1851477
3664 0.1850255
3665 0.1848941
3666 0.1847526
3667 0.1846002
3668 0.184438
3669 0.1842095
3670 0.1841863
3671 0.1841638
3672 0.1841347
3673 0.1840986
3674 0.1840544
3675 0.1839986
3676 0.1839289
3677 0.1838418
3678 0.1837322
3679 0.1835956
3680 0.183458
3681 0.1833159
3682 0.1831704
3683 0.18302
3684 0.182867
3685 0.1827099
3686 0.1825485
3687 0.1823829
3688 0.182217
3689 0.1820499
3690 0.1818821
3691 0.1817119
3692 0.1815413
3693 0.1813714
3694 0.1811999
3695 0.1810266
3696 0.180853
3697 0.1806804
3698 0.1805074
3699 0.1803349
3700 0.1801624
3701 0.1799874
3702 0.1798141
3703 0.1796416
3704 0.1794683
3705 0.1792947
3706 0.1791224
3707 0.1789488
3708 0.178776
3709 0.1786035
3710 0.178377
3711 0.1781507
3712 0.177925
3713 0.1777014
3714 0.1774791
3715 0.1772575
3716 0.1770374
3717 0.1768181
3718 0.1766005
3719 0.1763839
3720 0.1761698
3721 0.1758869
3722 0.1756049
3723 0.1753262
3724 0.1750514
3725 0.174779
3726 0.174511
3727 0.1742464
3728 0.1739845
3729 0.1737276
3730 0.1734741
3731 0.1732247
3732 0.1729792
3733 0.1727379
3734 0.1724998
3735 0.1722669
3736 0.1720376
3737 0.171813
3738 0.171594
3739 0.1713779
3740 0.1711669
3741 0.1709609
3742 0.1707605
3743 0.170563
3744 0.1703712
3745 0.1701842
3746 0.1700031
3747 0.1698249
3748 0.1696537
3749 0.1696315
3750 0.1696108
3751 0.1695862
3752 0.1695577
3753 0.1695222
3754 0.1694806
3755 0.1694275
3756 0.1693647
3757 0.1692866
3758 0.1691918
3759 0.1690848
3760 0.168972
3761 0.1688249
3762 0.1686826
3763 0.1685457
3764 0.1684149
3765 0.1682891
3766 0.1681707
3767 0.1680563
3768 0.1679498
3769 0.1678487
3770 0.1677532
3771 0.1676648
3772 0.1675811
3773 0.1675064
3774 0.1674356
3775 0.1673722
3776 0.167315
3777 0.1672627
3778 0.167217
3779 0.1671779
3780 0.167145
3781 0.1671145
3782 0.167095
3783 0.1670836
3784 0.167082
3785 0.1670905
3786 0.1671081
3787 0.1671333
3788 0.167168
3789 0.1672136
3790 0.1672651
3791 0.1673251
3792 0.1673934
3793 0.1674688
3794 0.1675531
3795 0.1676448
3796 0.1677414
3797 0.1678459
3798 0.1679575
3799 0.1680745
3800 0.1681974
3801 0.1683267
3802 0.16846
3803 0.1685998
3804 0.1687433
3805 0.1688928
3806 0.1690452
3807 0.1692012
3808 0.1693615
3809 0.169523
3810 0.1696895
3811 0.1697066
3812 0.1697243
3813 0.169748
3814 0.1697771
3815 0.1698151
3816 0.1698629
3817 0.1699225
3818 0.1699987
3819 0.1700941
3820 0.1702173
3821 0.1703555
3822 0.1705119
3823 0.1706695
3824 0.1708274
3825 0.1709849
3826 0.1711436
3827 0.1713016
3828 0.1714596
3829 0.1716187
3830 0.1717741
3831 0.1719301
3832 0.1720842
3833 0.1722376
3834 0.1723887
3835 0.1725383
3836 0.1726852
3837 0.1728305
3838 0.172974
3839 0.1731159
3840 0.1732537
3841 0.1733894
3842 0.1735218
3843 0.1736511
3844 0.1737771
3845 0.1738995
3846 0.1740195
3847 0.1741362
3848 0.1742496
3849 0.1743587
3850 0.1744641
3851 0.1745666
3852 0.1746636
3853 0.1747577
3854 0.1748481
3855 0.1749342
3856 0.1750153
3857 0.1750927
3858 0.1751648
3859 0.175235
3860 0.1752994
3861 0.1753597
3862 0.1754154
3863 0.1754681
3864 0.1755153
3865 0.1755591
3866 0.1755987
3867 0.1756351
3868 0.1756665
3869 0.1756956
3870 0.1757209
3871 0.1757428
3872 0.1757601
3873 0.1757742
3874 0.1757852
3875 0.1757921
3876 0.1757965
3877 0.175797
3878 0.1757999
3879 0.1758022
3880 0.1758046
3881 0.1758053
3882 0.1758056
3883 0.1758046
3884 0.175804
3885 0.175802
3886 0.1757983
3887 0.1757931
3888 0.1757858
3889 0.1757763
3890 0.1757658
3891 0.1757547
3892 0.1757425
3893 0.1757283
3894 0.1757156
3895 0.1757001
3896 0.1756844
3897 0.1756659
3898 0.1756484
3899 0.1756291
3900 0.1756081
3901 0.1755832
3902 0.1755581
3903 0.1755334
3904 0.1755063
3905 0.1754781
3906 0.1754494
3907 0.1754202
3908 0.1753904
3909 0.1753611
3910 0.1753297
3911 0.1752982
3912 0.1752667
3913 0.175235
3914 0.1752033
3915 0.1751717
3916 0.175139
3917 0.1751079
3918 0.1750754
3919 0.1750445
3920 0.1750134
3921 0.174983
3922 0.1749527
3923 0.174922
3924 0.1748937
3925 0.1748666
3926 0.174838
3927 0.1748113
3928 0.1747852
3929 0.1747612
3930 0.1747367
3931 0.1747095
3932 0.1746855
3933 0.1746615
3934 0.174639
3935 0.1746186
3936 0.1745992
3937 0.174583
3938 0.1745659
3939 0.1745531
3940 0.1745391
3941 0.1745307
3942 0.1745225
3943 0.1745153
3944 0.1745119
3945 0.1745096
3946 0.1745098
3947 0.1745127
3948 0.1745173
3949 0.1745235
3950 0.1745315
3951 0.1745415
3952 0.1745551
3953 0.1745702
3954 0.1745871
3955 0.1746074
3956 0.1746294
3957 0.1746532
3958 0.174679
3959 0.174707
3960 0.1747379
3961 0.1747827
3962 0.1748304
3963 0.1748829
3964 0.1749384
3965 0.1749973
3966 0.1750605
3967 0.1751262
3968 0.1751963
3969 0.1752693
3970 0.1753465
3971 0.1754257
3972 0.175509
3973 0.1755958
3974 0.1756856
3975 0.1757781
3976 0.1758721
3977 0.1759705
3978 0.1760716
3979 0.1761738
3980 0.1762801
3981 0.1763868
3982 0.1764984
3983 0.1766111
3984 0.1766204
3985 0.1766303
3986 0.1766445
3987 0.1766606
3988 0.1766781
3989 0.1767002
3990 0.176728
3991 0.1767638
3992 0.1768085
3993 0.1768628
3994 0.1769248
3995 0.1769956
3996 0.1770736
3997 0.1771608
3998 0.1772496
3999 0.1773373
4000 0.1774278
4001 0.1775196
4002 0.1776133
4003 0.1777093
4004 0.1778048
4005 0.1779025
4006 0.1780028
4007 0.178103
4008 0.1782049
4009 0.1783084
4010 0.1784149
4011 0.1785227
4012 0.1786311
4013 0.1787411
4014 0.1788528
4015 0.1789664
4016 0.1791185
4017 0.1792738
4018 0.1794288
4019 0.1795873
4020 0.179745
4021 0.1797643
4022 0.1797834
4023 0.1798076
4024 0.1798396
4025 0.1798779
4026 0.1799275
4027 0.1799887
4028 0.1800647
4029 0.1801624
4030 0.180283
4031 0.1804241
4032 0.1805789
4033 0.1807345
4034 0.1808918
4035 0.1810491
4036 0.1812082
4037 0.1813675
4038 0.1815284
4039 0.1816886
4040 0.1818516
4041 0.1820147
4042 0.1821781
4043 0.18234
4044 0.1825045
4045 0.1826683
4046 0.1828322
4047 0.1829955
4048 0.183159
4049 0.1833218
4050 0.183484
4051 0.1836819
4052 0.1838789
4053 0.1840758
4054 0.1842703
4055 0.1842895
4056 0.184311
4057 0.1843359
4058 0.1843677
4059 0.1844071
4060 0.1844552
4061 0.1845039
4062 0.1845621
4063 0.1846297
4064 0.184706
4065 0.1847927
4066 0.1848878
4067 0.1849934
4068 0.1851068
4069 0.1852278
4070 0.1853583
4071 0.1854953
4072 0.1856328
4073 0.1857681
4074 0.1859007
4075 0.186033
4076 0.1861644
4077 0.1862938
4078 0.1864222
4079 0.1865478
4080 0.1866721
4081 0.1868212
4082 0.186969
4083 0.1871133
4084 0.187255
4085 0.1873939
4086 0.1875299
4087 0.1876614
4088 0.1877905
4089 0.1879161
4090 0.1879337
4091 0.1879494
4092 0.1879666
4093 0.1879886
4094 0.1880157
4095 0.1880478
4096 0.188086
4097 0.188134
4098 0.1881914
4099 0.1882619
4100 0.18834
4101 0.1884244
4102 0.1885069
4103 0.1885885
4104 0.1886686
4105 0.1887449
4106 0.1888209
4107 0.1888959
4108 0.1889672
4109 0.1890384
4110 0.1891081
4111 0.189186
4112 0.1892636
4113 0.1893373
4114 0.1894095
4115 0.1894807
4116 0.1895509
4117 0.1896171
4118 0.1896825
4119 0.1897475
4120 0.1898112
4121 0.1898748
4122 0.189936
4123 0.1899969
4124 0.1900563
4125 0.1901156
4126 0.1901722
4127 0.1902297
4128 0.1902852
4129 0.1902959
4130 0.1903048
4131 0.1903144
4132 0.1903249
4133 0.1903361
4134 0.1903515
4135 0.1903673
4136 0.1903875
4137 0.1904119
4138 0.1904443
4139 0.1904784
4140 0.1905161
4141 0.1905538
4142 0.1905918
4143 0.19063
4144 0.1906672
4145 0.1907047
4146 0.1907422
4147 0.1907793
4148 0.1908157
4149 0.1908518
4150 0.1908894
4151 0.1909259
4152 0.1909617
4153 0.1909975
4154 0.1910329
4155 0.1910688
4156 0.191104
4157 0.1911398
4158 0.1911746
4159 0.191211
4160 0.1912458
4161 0.191281
4162 0.1913168
4163 0.191351
4164 0.191386
4165 0.1914205
4166 0.1914551
4167 0.1914904
4168 0.1915251
4169 0.1915602
4170 0.1915953
4171 0.19163
4172 0.1916646
4173 0.1917002
4174 0.1917334
4175 0.191769
4176 0.1918022
4177 0.1918367
4178 0.1918705
4179 0.1919051
4180 0.1919394
4181 0.1919729
4182 0.1920074
4183 0.1920421
4184 0.1920756
4185 0.1921087
4186 0.192142
4187 0.192175
4188 0.1922072
4189 0.1922412
4190 0.1922733
4191 0.1923062
4192 0.1923387
4193 0.1923713
4194 0.192403
4195 0.1924348
4196 0.1924663
4197 0.1924974
4198 0.1925286
4199 0.1925588
4200 0.1925875
4201 0.192617
4202 0.1926464
4203 0.1926749
4204 0.1927018
4205 0.1927283
4206 0.192756
4207 0.1927804
4208 0.1928067
4209 0.192831
4210 0.1928547
4211 0.1928766
4212 0.1929002
4213 0.1929203
4214 0.1929413
4215 0.1929591
4216 0.1929781
4217 0.1929937
4218 0.1930094
4219 0.1930243
4220 0.1930381
4221 0.1930502
4222 0.1930611
4223 0.1930724
4224 0.1930822
4225 0.1930891
4226 0.1930953
4227 0.1931
4228 0.1931029
4229 0.1931063
4230 0.1931076
4231 0.1931073
4232 0.1931054
4233 0.1931016
4234 0.1930962
4235 0.1930889
4236 0.1930805
4237 0.1930706
4238 0.193058
4239 0.1930432
4240 0.1930269
4241 0.193011
4242 0.1929916
4243 0.1929705
4244 0.1929483
4245 0.1929234
4246 0.1928989
4247 0.1928704
4248 0.1928418
4249 0.1928107
4250 0.1927778
4251 0.1927426
4252 0.192706
4253 0.1926691
4254 0.1926293
4255 0.1925882
4256 0.1925465
4257 0.1925016
4258 0.1924573
4259 0.1924116
4260 0.1923649
4261 0.1923055
4262 0.1922447
4263 0.1921837
4264 0.1921186
4265 0.1920529
4266 0.1919872
4267 0.1919181
4268 0.1918494
4269 0.1917786
4270 0.1917053
4271 0.1916307
4272 0.1915546
4273 0.1914771
4274 0.1913975
4275 0.1913165
4276 0.1912357
4277 0.1911516
4278 0.191144
4279 0.1911376
4280 0.1911285
4281 0.1911162
4282 0.1911027
4283 0.1910861
4284 0.1910661
4285 0.1910409
4286 0.1910073
4287 0.1909679
4288 0.1909224
4289 0.1908719
4290 0.1908157
4291 0.1907542
4292 0.1906866
4293 0.1906071
4294 0.1905261
4295 0.1904464
4296 0.1903657
4297 0.190282
4298 0.1901977
4299 0.190113
4300 0.1900269
4301 0.1899386
4302 0.1898502
4303 0.18976
4304 0.1896681
4305 0.1895752
4306 0.1894804
4307 0.1893842
4308 0.1893748
4309 0.1893662
4310 0.189355
4311 0.1893406
4312 0.1893222
4313 0.1892992
4314 0.1892693
4315 0.1892325
4316 0.1891856
4317 0.1891253
4318 0.1890543
4319 0.1889785
4320 0.1888996
4321 0.1888175
4322 0.188735
4323 0.1886512
4324 0.1885651
4325 0.1884786
4326 0.1883916
4327 0.1883029
4328 0.1882135
4329 0.1881239
4330 0.1880311
4331 0.1879387
4332 0.1878433
4333 0.1877466
4334 0.1876486
4335 0.1875499
4336 0.1874506
4337 0.1873483
4338 0.1872446
4339 0.1871398
4340 0.1870333
4341 0.1869256
4342 0.1868157
4343 0.1867043
4344 0.1865922
4345 0.1865822
4346 0.1865719
4347 0.186559
4348 0.1865425
4349 0.1865215
4350 0.1864936
4351 0.1864595
4352 0.1864162
4353 0.1863614
4354 0.1862921
4355 0.1862108
4356 0.1861207
4357 0.1860201
4358 0.1859201
4359 0.1858189
4360 0.1857159
4361 0.1856119
4362 0.1855072
4363 0.1854013
4364 0.1852946
4365 0.1851855
4366 0.185076
4367 0.1849656
4368 0.1848537
4369 0.1847416
4370 0.1846281
4371 0.1845139
4372 0.1843974
4373 0.1842807
4374 0.184163
4375 0.1840442
4376 0.1839228
4377 0.1838008
4378 0.1836783
4379 0.1835551
4380 0.1834309
4381 0.1833053
4382 0.1831776
4383 0.1830503
4384 0.1829219
4385 0.1827923
4386 0.1826626
4387 0.1825299
4388 0.1823968
4389 0.1822614
4390 0.182123
4391 0.1819856
4392 0.1818478
4393 0.1817091
4394 0.1815689
4395 0.1814287
4396 0.1812862
4397 0.1811433
4398 0.1809968
4399 0.1808517
4400 0.1807022
4401 0.1805536
4402 0.1804043
4403 0.1802518
4404 0.1800989
4405 0.1799456
4406 0.1797897
4407 0.1796334
4408 0.1794743
4409 0.1793143
4410 0.1791542
4411 0.1789305
4412 0.1787042
4413 0.1784765
4414 0.1782466
4415 0.1780126
4416 0.1777773
4417 0.1775397
4418 0.1773005
4419 0.1770589
4420 0.1768159
4421 0.1765691
4422 0.1763196
4423 0.1760683
4424 0.1758156
4425 0.1755601
4426 0.1753013
4427 0.1750405
4428 0.1747787
4429 0.1745139
4430 0.1742481
4431 0.17398
4432 0.173709
4433 0.1734364
4434 0.1731611
4435 0.1728846
4436 0.1726043
4437 0.1723233
4438 0.1720386
4439 0.1717525
4440 0.1714644
4441 0.1711111
4442 0.170755
4443 0.1703971
4444 0.1700357
4445 0.1696717
4446 0.169305
4447 0.1689343
4448 0.1685609
4449 0.1681833
4450 0.1678044
4451 0.1674235
4452 0.167041
4453 0.1666559
4454 0.1662688
4455 0.1658781
4456 0.1654851
4457 0.1650906
4458 0.1646935
4459 0.1642936
4460 0.163891
4461 0.1634861
4462 0.1630791
4463 0.1626705
4464 0.1622606
4465 0.1622193
4466 0.1621791
4467 0.1621275
4468 0.1620635
4469 0.161983
4470 0.1618823
4471 0.1617564
4472 0.161599
4473 0.1614005
4474 0.1611516
4475 0.1608647
4476 0.1605511
4477 0.1601518
4478 0.1597534
4479 0.159353
4480 0.1589527
4481 0.1585502
4482 0.1581468
4483 0.157742
4484 0.1573366
4485 0.1569327
4486 0.1565266
4487 0.1561207
4488 0.1557142
4489 0.155308
4490 0.1549011
4491 0.1544933
4492 0.1540851
4493 0.1536752
4494 0.1532659
4495 0.1528566
4496 0.1524458
4497 0.1520347
4498 0.1516225
4499 0.151212
4500 0.1508009
4501 0.1502955
4502 0.1497905
4503 0.1497401
4504 0.14969
4505 0.149627
4506 0.1495481
4507 0.1494495
4508 0.1493253
4509 0.1491703
4510 0.1489768
4511 0.148736
4512 0.1484336
4513 0.1480869
4514 0.1477079
4515 0.1473299
4516 0.1469532
4517 0.1465771
4518 0.146202
4519 0.145829
4520 0.1454573
4521 0.1450859
4522 0.1447161
4523 0.1443466
4524 0.1439789
4525 0.1436105
4526 0.1432432
4527 0.1428784
4528 0.1425131
4529 0.1421503
4530 0.1417865
4531 0.1416344
4532 0.1414823
4533 0.1413303
4534 0.1411786
4535 0.1410268
4536 0.140874
4537 0.1407217
4538 0.1405703
4539 0.1404188
4540 0.1402681
4541 0.1401179
4542 0.1399674
4543 0.1398177
4544 0.1396668
4545 0.1395168
4546 0.1393685
4547 0.1392203
4548 0.1390699
4549 0.1389217
4550 0.1387719
4551 0.1386232
4552 0.1384761
4553 0.138329
4554 0.1381834
4555 0.1380377
4556 0.1378927
4557 0.1377472
4558 0.1376035
4559 0.1374586
4560 0.137315
4561 0.1372911
4562 0.1372661
4563 0.1372415
4564 0.137217
4565 0.1371919
4566 0.137168
4567 0.1371436
4568 0.1371187
4569 0.1370937
4570 0.137069
4571 0.1370442
4572 0.1370205
4573 0.136996
4574 0.1369704
4575 0.1369463
4576 0.1369218
4577 0.1368972
4578 0.1368722
4579 0.1368477
4580 0.1368231
4581 0.1367988
4582 0.1367751
4583 0.1367495
4584 0.1367247
4585 0.1367011
4586 0.1366766
4587 0.1366521
4588 0.1366277
4589 0.1366027
4590 0.1365787
4591 0.1365706
4592 0.1365628
4593 0.1365552
4594 0.1365473
4595 0.1365394
4596 0.1365317
4597 0.1365245
4598 0.1365162
4599 0.1365081
4600 0.1365005
4601 0.1364925
4602 0.1364844
4603 0.1364767
4604 0.1364686
4605 0.136461
4606 0.1364537
4607 0.1364456
4608 0.1364373
4609 0.1364545
4610 0.1364484
4611 0.1364419
4612 0.1364349
4613 0.1364272
4614 0.1364206
4615 0.1364137
4616 0.1364065
4617 0.1363992
4618 0.1363925
4619 0.1363863
4620 0.1363788
4621 0.1363749
4622 0.1363706
4623 0.1363661
4624 0.1363615
4625 0.1363574
4626 0.1363531
4627 0.1363489
4628 0.1363446
4629 0.13634
4630 0.1363361
4631 0.136332
4632 0.1363272
4633 0.1363227
4634 0.1363195
4635 0.1363155
4636 0.1363112
4637 0.1363068
4638 0.1363026
4639 0.136299
4640 0.1362946
4641 0.1362903
4642 0.1362859
4643 0.1362816
4644 0.1362775
4645 0.1362735
4646 0.1362694
4647 0.136265
4648 0.1362609
4649 0.136257
4650 0.1362531
4651 0.1362483
4652 0.1362442
4653 0.13624
4654 0.136236
4655 0.1362321
4656 0.1362278
4657 0.136224
4658 0.1362194
4659 0.1362156
4660 0.1362113
4661 0.1362072
4662 0.1362024
4663 0.1361985
4664 0.1361946
4665 0.1361904
4666 0.1361862
4667 0.136182
4668 0.1361779
4669 0.1361736
4670 0.1361693
4671 0.1361649
4672 0.1361609
4673 0.1361568
4674 0.1361526
4675 0.1361485
4676 0.1361442
4677 0.1361399
4678 0.136136
4679 0.1361312
4680 0.1361271
4681 0.1361227
4682 0.1361187
4683 0.1361146
4684 0.1361104
4685 0.1361063
4686 0.1361021
4687 0.1360982
4688 0.1360939
4689 0.1360898
4690 0.1360858
4691 0.1360818
4692 0.1360771
4693 0.1360734
4694 0.1360692
4695 0.136065
4696 0.1360606
4697 0.1360563
4698 0.1360521
4699 0.1360477
4700 0.1360437
4701 0.1360401
4702 0.1360358
4703 0.1360315
4704 0.1360277
4705 0.1360234
4706 0.1360194
4707 0.136015
4708 0.1360106
4709 0.1360063
4710 0.1360022
4711 0.135998
4712 0.1359944
4713 0.1359901
4714 0.1359859
4715 0.135981
4716 0.1359766
4717 0.1359723
4718 0.1359683
4719 0.1359641
4720 0.1359598
4721 0.1359556
4722 0.1359517
4723 0.1359475
4724 0.1359434
4725 0.1359396
4726 0.135936
4727 0.1359316
4728 0.1359272
4729 0.1359226
4730 0.1359187
4731 0.1359143
4732 0.1359107
4733 0.1359065
4734 0.1359018
4735 0.1358977
4736 0.1358931
4737 0.1358891
4738 0.1358852
4739 0.1358812
4740 0.1358769
4741 0.1358727
4742 0.1358685
4743 0.1358641
4744 0.1358601
4745 0.1358561
4746 0.1358517
4747 0.1358475
4748 0.1358427
4749 0.1358392
4750 0.1358344
4751 0.1358305
4752 0.1358266
4753 0.1358221
4754 0.1358177
4755 0.1358138
4756 0.1358095
4757 0.1358053
4758 0.1358009
4759 0.1357966
4760 0.1357928
4761 0.1357881
4762 0.1357843
4763 0.1357802
4764 0.1357763
4765 0.1357723
4766 0.1357678
4767 0.135764
4768 0.1357598
4769 0.1357553
4770 0.1357516
4771 0.1357475
4772 0.1357431
4773 0.1357392
4774 0.1357348
4775 0.1357303
4776 0.1357259
4777 0.1357221
4778 0.135718
4779 0.1357137
4780 0.1357094
4781 0.1357049
4782 0.1357009
4783 0.1356967
4784 0.1356925
4785 0.1356887
4786 0.135684
4787 0.13568
4788 0.1356756
4789 0.1356714
4790 0.1356671
4791 0.1356629
4792 0.1356592
4793 0.1356544
4794 0.1356502
4795 0.1356462
4796 0.1356418
4797 0.1356377
4798 0.1356335
4799 0.1356295
4800 0.1356255
4801 0.1356211
4802 0.1356165
4803 0.1356118
4804 0.135608
4805 0.1356036
4806 0.1355995
4807 0.1355951
4808 0.1355905
4809 0.1355866
4810 0.1355822
4811 0.135578
4812 0.1355741
4813 0.1355694
4814 0.1355653
4815 0.135561
4816 0.1355566
4817 0.1355524
4818 0.1355484
4819 0.1355441
4820 0.1355395
4821 0.1355353
4822 0.1355312
4823 0.1355266
4824 0.1355225
4825 0.1355184
4826 0.135514
4827 0.1355095
4828 0.1355052
4829 0.135501
4830 0.1354968
4831 0.1354897
4832 0.1354831
4833 0.135475
4834 0.1354677
4835 0.1354608
4836 0.1354533
4837 0.1354461
4838 0.1354393
4839 0.1354315
4840 0.1354244
4841 0.135417
4842 0.1354099
4843 0.1354029
4844 0.135396
4845 0.1353884
4846 0.1353814
4847 0.1353743
4848 0.135367
4849 0.1353597
4850 0.1353525
4851 0.1353451
4852 0.135338
4853 0.1353306
4854 0.1353236
4855 0.1353165
4856 0.1353086
4857 0.1353014
4858 0.1352944
4859 0.1352872
4860 0.1352801
4861 0.1352665
4862 0.1352539
4863 0.1352413
4864 0.1352283
4865 0.135216
4866 0.1352035
4867 0.1351905
4868 0.1351781
4869 0.1351654
4870 0.1351522
4871 0.1351399
4872 0.1351269
4873 0.1351141
4874 0.135101
4875 0.1350878
4876 0.135075
4877 0.1350628
4878 0.1350502
4879 0.1350371
4880 0.1350242
4881 0.1350118
4882 0.1349988
4883 0.1349851
4884 0.1349726
4885 0.1349598
4886 0.1349463
4887 0.1349341
4888 0.1349204
4889 0.134908
4890 0.1348954
4891 0.1348828
4892 0.1348693
4893 0.1348561
4894 0.1348425
4895 0.1348296
4896 0.1348163
4897 0.1348035
4898 0.1347907
4899 0.1347774
4900 0.1347646
4901 0.1347515
4902 0.1347381
4903 0.1347251
4904 0.1347114
4905 0.134698
4906 0.1346848
4907 0.134672
4908 0.1346589
4909 0.1346462
4910 0.134633
4911 0.1346195
4912 0.1346066
4913 0.1345931
4914 0.1345797
4915 0.1345669
4916 0.1345537
4917 0.1345406
4918 0.1345271
4919 0.1345144
4920 0.1345013
4921 0.1344884
4922 0.1344747
4923 0.1344614
4924 0.1344481
4925 0.1344349
4926 0.1344219
4927 0.1344084
4928 0.1343947
4929 0.1343821
4930 0.1343685
4931 0.1343547
4932 0.1343418
4933 0.1343286
4934 0.134316
4935 0.1343029
4936 0.1342898
4937 0.1342756
4938 0.1342629
4939 0.1342494
4940 0.1342364
4941 0.1342227
4942 0.1342093
4943 0.1341962
4944 0.1341827
4945 0.1341689
4946 0.1341554
4947 0.1341426
4948 0.134129
4949 0.1341156
4950 0.1341022
4951 0.1340982
4952 0.1340933
4953 0.1340889
4954 0.1340839
4955 0.1340791
4956 0.1340743
4957 0.1340697
4958 0.1340647
4959 0.1340597
4960 0.1340556
4961 0.1340505
4962 0.1340457
4963 0.1340412
4964 0.1340367
4965 0.1340326
4966 0.134028
4967 0.1340233
4968 0.134019
4969 0.1340142
4970 0.1340093
4971 0.1340046
4972 0.1340001
4973 0.1339952
4974 0.1339906
4975 0.1339862
4976 0.1339822
4977 0.1339773
4978 0.1339725
4979 0.1339677
4980 0.1339633
4981 0.1339588
4982 0.1339537
4983 0.1339497
4984 0.1339453
4985 0.1339405
4986 0.1339353
4987 0.1339307
4988 0.1339265
4989 0.1339221
4990 0.1339179
4991 0.133913
4992 0.1339085
4993 0.1339043
4994 0.1338992
4995 0.1338944
4996 0.1338895
4997 0.133885
4998 0.1338803
4999 0.1338759
5000 0.1338714
5001 0.1338671
5002 0.1338622
5003 0.1338578
5004 0.1338526
5005 0.1338478
5006 0.1338433
5007 0.1338386
5008 0.1338343
5009 0.13383
5010 0.1338253
5011 0.1338205
5012 0.133816
5013 0.1338112
5014 0.1338062
5015 0.133802
5016 0.1337972
5017 0.1337922
5018 0.1337876
5019 0.1337832
5020 0.1337786
5021 0.1337745
5022 0.1337696
5023 0.1337652
5024 0.1337611
5025 0.1337558
5026 0.1337514
5027 0.1337464
5028 0.133742
5029 0.1337375
5030 0.133733
5031 0.1337283
5032 0.1337238
5033 0.1337191
5034 0.1337145
5035 0.1337099
5036 0.1337057
5037 0.133701
5038 0.1336964
5039 0.1336917
5040 0.1336872
5041 0.133681
5042 0.1336753
5043 0.1336692
5044 0.1336636
5045 0.1336579
5046 0.1336522
5047 0.1336465
5048 0.1336402
5049 0.1336345
5050 0.1336289
5051 0.1336227
5052 0.133617
5053 0.1336113
5054 0.1336051
5055 0.1335995
5056 0.1335933
5057 0.1335878
5058 0.1335818
5059 0.1335756
5060 0.1335697
5061 0.1335642
5062 0.1335579
5063 0.1335521
5064 0.1335465
5065 0.1335406
5066 0.1335341
5067 0.1335277
5068 0.1335224
5069 0.1335161
5070 0.1335103
5071 0.1335001
5072 0.1334907
5073 0.1334817
5074 0.133472
5075 0.1334627
5076 0.1334531
5077 0.1334438
5078 0.1334337
5079 0.1334249
5080 0.1334154
5081 0.1334063
5082 0.1333966
5083 0.1333877
5084 0.1333779
5085 0.1333689
5086 0.1333596
5087 0.1333498
5088 0.1333411
5089 0.1333313
5090 0.1333216
5091 0.133312
5092 0.133303
5093 0.1332941
5094 0.1332847
5095 0.1332753
5096 0.1332655
5097 0.1332561
5098 0.1332465
5099 0.1332373
5100 0.133228
5101 0.1332161
5102 0.1332038
5103 0.1331921
5104 0.1331802
5105 0.1331684
5106 0.1331564
5107 0.1331446
5108 0.1331327
5109 0.1331214
5110 0.1331091
5111 0.1330975
5112 0.1330851
5113 0.1330734
5114 0.1330614
5115 0.1330493
5116 0.1330386
5117 0.1330266
5118 0.1330133
5119 0.1330007
5120 0.132989
5121 0.132977
5122 0.1329644
5123 0.1329527
5124 0.1329412
5125 0.1329288
5126 0.1329166
5127 0.1329048
5128 0.1328932
5129 0.1328812
5130 0.1328689
5131 0.1328498
5132 0.1328303
5133 0.1328108
5134 0.1327918
5135 0.1327722
5136 0.1327528
5137 0.1327336
5138 0.132715
5139 0.1326944
5140 0.1326744
5141 0.1326536
5142 0.1326341
5143 0.1326143
5144 0.1325947
5145 0.1325755
5146 0.1325557
5147 0.1325364
5148 0.1325177
5149 0.1324975
5150 0.1324781
5151 0.1324585
5152 0.1324397
5153 0.1324204
5154 0.1324012
5155 0.1323822
5156 0.1323627
5157 0.1323436
5158 0.1323241
5159 0.1323044
5160 0.1322853
5161 0.1322554
5162 0.1322243
5163 0.1321938
5164 0.1321631
5165 0.1321335
5166 0.1321038
5167 0.1320732
5168 0.1320424
5169 0.1320117
5170 0.1319806
5171 0.1319498
5172 0.1319188
5173 0.1318881
5174 0.1318574
5175 0.1318271
5176 0.131797
5177 0.1317669
5178 0.1317365
5179 0.1317068
5180 0.1316765
5181 0.1316464
5182 0.1316158
5183 0.1315866
5184 0.1315563
5185 0.1315264
5186 0.1314964
5187 0.1314667
5188 0.1314367
5189 0.1314066
5190 0.1313769
5191 0.1313297
5192 0.1312827
5193 0.1312358
5194 0.1311889
5195 0.1311421
5196 0.1310953
5197 0.1310486
5198 0.1310014
5199 0.1309549
5200 0.1309082
5201 0.1308612
5202 0.1308143
5203 0.1307676
5204 0.1307212
5205 0.1306751
5206 0.1306282
5207 0.1305816
5208 0.1305351
5209 0.130489
5210 0.1304426
5211 0.1303966
5212 0.13035
5213 0.1303044
5214 0.1302586
5215 0.1302124
5216 0.1301667
5217 0.1301208
5218 0.130074
5219 0.1300276
5220 0.1299817
5221 0.1299043
5222 0.129826
5223 0.129749
5224 0.1296706
5225 0.1295928
5226 0.1295155
5227 0.1294371
5228 0.1293604
5229 0.1292826
5230 0.1292049
5231 0.1291279
5232 0.1290503
5233 0.1289722
5234 0.1288942
5235 0.1288163
5236 0.1287383
5237 0.1286607
5238 0.1285828
5239 0.1285049
5240 0.1284271
5241 0.1283482
5242 0.1282706
5243 0.1281932
5244 0.1281151
5245 0.1280371
5246 0.1279595
5247 0.1278814
5248 0.1278025
5249 0.1277239
5250 0.1276456
5251 0.1275105
5252 0.127375
5253 0.1272402
5254 0.1271044
5255 0.1269691
5256 0.1268341
5257 0.1266985
5258 0.1265632
5259 0.1264267
5260 0.1262888
5261 0.1261524
5262 0.1260153
5263 0.1258793
5264 0.1257427
5265 0.1256074
5266 0.1254742
5267 0.1253418
5268 0.1252102
5269 0.1250804
5270 0.1249515
5271 0.1248233
5272 0.1246975
5273 0.1245705
5274 0.1244454
5275 0.1243204
5276 0.1241962
5277 0.1240726
5278 0.1239488
5279 0.123826
5280 0.1237041
5281 0.1234914
5282 0.1232819
5283 0.1230724
5284 0.1228635
5285 0.1226533
5286 0.1224432
5287 0.1222312
5288 0.1220188
5289 0.1218053
5290 0.1215903
5291 0.1213758
5292 0.1211598
5293 0.1209445
5294 0.1207296
5295 0.1205125
5296 0.1202949
5297 0.1200769
5298 0.119861
5299 0.1196457
5300 0.1194329
5301 0.1192212
5302 0.1190109
5303 0.1188035
5304 0.1185977
5305 0.1185769
5306 0.118556
5307 0.1185299
5308 0.1184972
5309 0.1184576
5310 0.1184069
5311 0.1183433
5312 0.1182658
5313 0.1181675
5314 0.1180457
5315 0.1179053
5316 0.1177546
5317 0.1175526
5318 0.1173507
5319 0.1171502
5320 0.1169491
5321 0.1167491
5322 0.1165483
5323 0.1163475
5324 0.1161485
5325 0.1159493
5326 0.1157489
5327 0.1155485
5328 0.1153482
5329 0.1151497
5330 0.114953
5331 0.1147564
5332 0.1145605
5333 0.1143671
5334 0.1141733
5335 0.1139811
5336 0.1137904
5337 0.1136001
5338 0.1134105
5339 0.113221
5340 0.1130328
5341 0.1128292
5342 0.1126282
5343 0.1124276
5344 0.1122283
5345 0.1120309
5346 0.1118351
5347 0.1116394
5348 0.1114456
5349 0.1112531
5350 0.1110632
5351 0.1108741
5352 0.1106873
5353 0.1105011
5354 0.1103174
5355 0.1101355
5356 0.1099541
5357 0.109774
5358 0.1095955
5359 0.1094173
5360 0.1092416
5361 0.1090673
5362 0.1088922
5363 0.1087207
5364 0.1085491
5365 0.1083808
5366 0.1082141
5367 0.1080495
5368 0.1078872
5369 0.1077276
5370 0.10757
5371 0.1073976
5372 0.1072262
5373 0.1070584
5374 0.1068924
5375 0.1067285
5376 0.1065666
5377 0.1064063
5378 0.1062493
5379 0.1060925
5380 0.105939
5381 0.1057871
5382 0.1056384
5383 0.1054922
5384 0.1053467
5385 0.105204
5386 0.105064
5387 0.104927
5388 0.1047913
5389 0.1046568
5390 0.1045255
5391 0.104395
5392 0.1042666
5393 0.1041398
5394 0.1040147
5395 0.1038912
5396 0.1037698
5397 0.1036497
5398 0.1035313
5399 0.1034135
5400 0.1032974
5401 0.1031828
5402 0.10307
5403 0.1029591
5404 0.1028502
5405 0.1027435
5406 0.1026368
5407 0.1025319
5408 0.102429
5409 0.1023272
5410 0.1023148
5411 0.102303
5412 0.1022892
5413 0.1022712
5414 0.1022506
5415 0.1022241
5416 0.1021916
5417 0.1021516
5418 0.1021017
5419 0.1020408
5420 0.1019717
5421 0.1018988
5422 0.1018266
5423 0.1017548
5424 0.1016842
5425 0.1016151
5426 0.1015474
5427 0.1014813
5428 0.1014151
5429 0.1013493
5430 0.1012842
5431 0.1012203
5432 0.1011562
5433 0.1010935
5434 0.101029
5435 0.1009674
5436 0.1009066
5437 0.100846
5438 0.1007852
5439 0.1007262
5440 0.1006664
5441 0.1006087
5442 0.1006018
5443 0.1005949
5444 0.1005878
5445 0.1005788
5446 0.1005667
5447 0.1005526
5448 0.1005341
5449 0.1005165
5450 0.1004956
5451 0.100472
5452 0.100447
5453 0.1004185
5454 0.1003892
5455 0.1003563
5456 0.1003212
5457 0.1002842
5458 0.1002456
5459 0.1002037
5460 0.1001622
5461 0.1001156
5462 0.1000696
5463 0.1000242
5464 0.0999777
5465 0.09993248
5466 0.09988614
5467 0.09984156
5468 0.09979651
5469 0.0997524
5470 0.09970795
5471 0.09966362
5472 0.09961964
5473 0.09957656
5474 0.09953355
5475 0.09949126
5476 0.09944674
5477 0.09940375
5478 0.0993613
5479 0.09931831
5480 0.09927633
5481 0.09923383
5482 0.0991925
5483 0.09915133
5484 0.09910937
5485 0.09906909
5486 0.09902848
5487 0.09898849
5488 0.09894831
5489 0.09890883
5490 0.09886899
5491 0.09882963
5492 0.09879172
5493 0.09875369
5494 0.09871554
5495 0.09867909
5496 0.09864153
5497 0.09860469
5498 0.09856866
5499 0.09853233
5500 0.09849656
5501 0.09846149
5502 0.09845716
5503 0.09845369
5504 0.09844942
5505 0.09844307
5506 0.0984363
5507 0.09842644
5508 0.09841514
5509 0.09840152
5510 0.09838425
5511 0.09836312
5512 0.0983387
5513 0.09831299
5514 0.09828699
5515 0.09826072
5516 0.09823584
5517 0.09820993
5518 0.09818515
5519 0.09816028
5520 0.09813568
5521 0.09811206
5522 0.09808715
5523 0.09806336
5524 0.09803836
5525 0.09801504
5526 0.09799179
5527 0.09796831
5528 0.09794489
5529 0.0979219
5530 0.0978993
5531 0.0978762
5532 0.09785359
5533 0.09783085
5534 0.09780923
5535 0.09778711
5536 0.09776567
5537 0.09774411
5538 0.09772314
5539 0.09770255
5540 0.09768219
5541 0.09766193
5542 0.09764142
5543 0.09762159
5544 0.09761906
5545 0.09761629
5546 0.09761314
5547 0.0976097
5548 0.0976062
5549 0.09760098
5550 0.0975961
5551 0.09758975
5552 0.09758291
5553 0.0975754
5554 0.09756651
5555 0.09755597
5556 0.09754528
5557 0.09753431
5558 0.09752236
5559 0.09750842
5560 0.09749538
5561 0.09748123
5562 0.09746745
5563 0.09745418
5564 0.09744049
5565 0.09742658
5566 0.09741411
5567 0.09740079
5568 0.09738854
5569 0.09737547
5570 0.0973625
5571 0.09735033
5572 0.09733761
5573 0.09732545
5574 0.0973129
5575 0.09730123
5576 0.09728967
5577 0.09727816
5578 0.09726644
5579 0.09725451
5580 0.09724316
5581 0.09722808
5582 0.09721351
5583 0.09719805
5584 0.09718394
5585 0.09717056
5586 0.09715679
5587 0.09714288
5588 0.09712976
5589 0.09711783
5590 0.0971045
5591 0.09710243
5592 0.09710091
5593 0.09709837
5594 0.09709586
5595 0.09709337
5596 0.09709002
5597 0.09708671
5598 0.09708051
5599 0.09707447
5600 0.09706691
5601 0.09705909
5602 0.09705012
5603 0.09704829
5604 0.09704736
5605 0.097046
5606 0.09704413
5607 0.09704221
5608 0.09704068
5609 0.09703664
5610 0.09703423
5611 0.0970303
5612 0.09702735
5613 0.09702268
5614 0.0970183
5615 0.09701296
5616 0.09700737
5617 0.09700643
5618 0.09700572
5619 0.09700476
5620 0.09700412
5621 0.09700302
5622 0.09700172
5623 0.09700014
5624 0.0969979
5625 0.09699588
5626 0.09699234
5627 0.09698871
5628 0.09698458
5629 0.09698064
5630 0.09697952
5631 0.09697939
5632 0.09697892
5633 0.09697763
5634 0.09697682
5635 0.09697614
5636 0.09697514
5637 0.09697335
5638 0.09697194
5639 0.09696914
5640 0.09696653
5641 0.09696592
5642 0.09696558
5643 0.09696495
5644 0.09696418
5645 0.09696373
5646 0.09696297
5647 0.09696271
5648 0.09696177
5649 0.09696015
5650 0.09695845
5651 0.09695718
5652 0.09695476
5653 0.09695256
5654 0.09695064
5655 0.09694842
5656 0.09694654
5657 0.09694621
5658 0.09694616
5659 0.0969454
5660 0.096945
5661 0.09694392
5662 0.09694366
5663 0.09694365
5664 0.0969433
5665 0.09694169
5666 0.09694052
5667 0.09694038
5668 0.0969385
5669 0.0969368
5670 0.09693543
5671 0.09693478
5672 0.09693307
5673 0.09693123
5674 0.09692972
5675 0.09692808
5676 0.09692682
5677 0.09692553
5678 0.0969236
5679 0.09692178
5680 0.09692072
5681 0.09691919
5682 0.0969178
5683 0.09691594
5684 0.09691522
5685 0.09691383
5686 0.09691231
5687 0.0969106
5688 0.09690945
5689 0.0969083
5690 0.09690669
5691 0.09690523
5692 0.09690376
5693 0.09690242
5694 0.09690087
5695 0.09689974
5696 0.09689794
5697 0.096896
5698 0.09689476
5699 0.09689315
5700 0.09689159
5701 0.09689064
5702 0.0968895
5703 0.09688801
5704 0.09688678
5705 0.09688479
5706 0.09688444
5707 0.09688202
5708 0.09688064
5709 0.09687925
5710 0.09687776
5711 0.09687694
5712 0.09687458
5713 0.09687247
5714 0.09687089
5715 0.09686904
5716 0.09686738
5717 0.09686573
5718 0.09686272
5719 0.09686209
5720 0.09685984
5721 0.09685713
5722 0.0968554
5723 0.09685344
5724 0.09685202
5725 0.09684955
5726 0.0968477
5727 0.09684622
5728 0.09684478
5729 0.09684262
5730 0.09684095
5731 0.09683999
5732 0.09683762
5733 0.09683642
5734 0.09683482
5735 0.09683363
5736 0.09683242
5737 0.09683044
5738 0.09682922
5739 0.09682829
5740 0.09682609
5741 0.09682522
5742 0.09682392
5743 0.09682301
5744 0.09682082
5745 0.09681969
5746 0.09681819
5747 0.096817
5748 0.09681566
5749 0.09681458
5750 0.09681334
5751 0.09681173
5752 0.09680995
5753 0.09680848
5754 0.09680731
5755 0.09680563
5756 0.09680431
5757 0.09680346
5758 0.09680165
5759 0.09680088
5760 0.09679913
5761 0.09679853
5762 0.09679683
5763 0.09679621
5764 0.09679426
5765 0.09679321
5766 0.09679163
5767 0.09679113
5768 0.09678927
5769 0.09678822
5770 0.09678712
5771 0.09678628
5772 0.09678546
5773 0.09678362
5774 0.09678253
5775 0.09678188
5776 0.09678004
5777 0.09677881
5778 0.0967775
5779 0.09677681
5780 0.09677595
5781 0.09677479
5782 0.09677393
5783 0.09677297
5784 0.09677179
5785 0.09677136
5786 0.09677024
5787 0.09676899
5788 0.09676881
5789 0.09676759
5790 0.09676658
5791 0.09676571
5792 0.09676521
5793 0.09676478
5794 0.09676384
5795 0.09676264
5796 0.09676207
5797 0.09676133
5798 0.09676077
5799 0.09675978
5800 0.09675898
5801 0.09675901
5802 0.09675811
5803 0.09675719
5804 0.09675695
5805 0.09675677
5806 0.09675564
5807 0.09675528
5808 0.09675457
5809 0.09675487
5810 0.09675376
5811 0.09675323
5812 0.09675264
5813 0.09675195
5814 0.09675161
5815 0.09675112
5816 0.09675027
5817 0.09675077
5818 0.09674993
5819 0.0967498
5820 0.09674932
5821 0.0967485
5822 0.09674928
5823 0.09674867
5824 0.09674822
5825 0.09674866
5826 0.09674814
5827 0.09674757
5828 0.09674748
5829 0.09674841
5830 0.09674712
5831 0.09674708
5832 0.09674745
5833 0.09674739
5834 0.09674683
5835 0.09674692
5836 0.09674679
5837 0.09674664
5838 0.09674736
5839 0.09674715
5840 0.0967476
5841 0.09674703
5842 0.09674706
5843 0.09674709
5844 0.09674701
5845 0.09674757
5846 0.09674755
5847 0.09674682
5848 0.09674668
5849 0.09674667
5850 0.09674712
5851 0.09674689
5852 0.0967476
5853 0.09674741
5854 0.09674864
5855 0.09674904
5856 0.09674926
5857 0.0967491
5858 0.09674978
5859 0.09675064
5860 0.09675138
5861 0.09675205
5862 0.09675323
5863 0.09675365
5864 0.09675415
5865 0.09675456
5866 0.09675576
5867 0.09675648
5868 0.09675594
5869 0.09675769
5870 0.09675781
5871 0.09675874
5872 0.09675872
5873 0.09675963
5874 0.09676147
5875 0.09676246
5876 0.09676398
5877 0.09676439
5878 0.0967653
5879 0.09676654
5880 0.09676854
5881 0.09676916
5882 0.09677052
5883 0.09677272
5884 0.09677334
5885 0.09677583
5886 0.09677738
5887 0.09677908
5888 0.0967812
5889 0.09678263
5890 0.09678426
5891 0.09678608
5892 0.09678722
5893 0.0967888
5894 0.0967911
5895 0.09679331
5896 0.0967954
5897 0.09679791
5898 0.0967993
5899 0.09680205
5900 0.09680455
5901 0.09680711
5902 0.09680899
5903 0.09681121
5904 0.09681404
5905 0.0968159
5906 0.09681886
5907 0.09682054
5908 0.09682377
5909 0.09682659
5910 0.09683016
5911 0.09683208
5912 0.09683535
5913 0.09683786
5914 0.09684068
5915 0.09684367
5916 0.09684674
5917 0.09684988
5918 0.09685244
5919 0.0968556
5920 0.09685823
5921 0.09686148
5922 0.09686454
5923 0.09686772
5924 0.09687158
5925 0.09687502
5926 0.09687744
5927 0.09688079
5928 0.09688349
5929 0.09688687
5930 0.09689021
5931 0.09689319
5932 0.09689659
5933 0.09689989
5934 0.09690359
5935 0.09690662
5936 0.09691008
5937 0.0969141
5938 0.09691764
5939 0.09692083
5940 0.09692438
5941 0.09692854
5942 0.09693302
5943 0.09693659
5944 0.09694044
5945 0.09694362
5946 0.09694776
5947 0.09695143
5948 0.09695546
5949 0.09695923
5950 0.09696353
5951 0.09696713
5952 0.09697093
5953 0.09697465
5954 0.09697828
5955 0.09698205
5956 0.09698527
5957 0.09698907
5958 0.09699301
5959 0.09699655
5960 0.0970003
5961 0.09700311
5962 0.09700716
5963 0.09701085
5964 0.09701485
5965 0.09701883
5966 0.0970225
5967 0.09702667
5968 0.09703051
5969 0.09703429
5970 0.09703754
5971 0.09704129
5972 0.09704535
5973 0.09704939
5974 0.09705421
5975 0.09705847
5976 0.09706257
5977 0.0970659
5978 0.0970703
5979 0.09707367
5980 0.09707682
5981 0.09708033
5982 0.09708499
5983 0.09708865
5984 0.09709223
5985 0.09709615
5986 0.09709961
5987 0.0971036
5988 0.09710789
5989 0.09711144
5990 0.09711635
5991 0.09712004
5992 0.09712348
5993 0.09712773
5994 0.09713133
5995 0.09713566
5996 0.09714016
5997 0.0971437
5998 0.09714847
5999 0.09715229
6000 0.09715618
6001 0.09716137
6002 0.09716621
6003 0.09717119
6004 0.09717527
6005 0.09718033
6006 0.09718508
6007 0.09718911
6008 0.09719393
6009 0.09719954
6010 0.09720399
6011 0.09720872
6012 0.0972139
6013 0.09721858
6014 0.09722314
6015 0.09722736
6016 0.09723178
6017 0.09723701
6018 0.09724181
6019 0.09724658
6020 0.09725131
6021 0.09725557
6022 0.09726142
6023 0.09726632
6024 0.09727062
6025 0.09727614
6026 0.09728036
6027 0.09728521
6028 0.09729011
6029 0.09729432
6030 0.09729915
6031 0.09730461
6032 0.09730951
6033 0.0973146
6034 0.09732065
6035 0.09732538
6036 0.09733012
6037 0.09733478
6038 0.0973404
6039 0.09734508
6040 0.09735024
6041 0.09735563
6042 0.09736124
6043 0.09736595
6044 0.09737096
6045 0.0973757
6046 0.09738065
6047 0.09738576
6048 0.09739129
6049 0.09739632
6050 0.09740107
6051 0.09740557
6052 0.09741103
6053 0.09741556
6054 0.09742078
6055 0.09742519
6056 0.09743039
6057 0.09743547
6058 0.09744087
6059 0.09744593
6060 0.09745096
6061 0.09745602
6062 0.09746188
6063 0.09746668
6064 0.09747239
6065 0.09747716
6066 0.09748217
6067 0.0974872
6068 0.09749269
6069 0.0974979
6070 0.09750333
6071 0.0975079
6072 0.09751299
6073 0.09751873
6074 0.09752394
6075 0.09752905
6076 0.09753395
6077 0.09753937
6078 0.09754457
6079 0.09754987
6080 0.09755465
6081 0.09755971
6082 0.09756587
6083 0.09757032
6084 0.0975742
6085 0.09757962
6086 0.09758469
6087 0.09758858
6088 0.0975935
6089 0.09759836
6090 0.0976025
6091 0.0976079
6092 0.09761271
6093 0.09761826
6094 0.0976235
6095 0.09762774
6096 0.09763333
6097 0.0976382
6098 0.09764375
6099 0.09764834
6100 0.09765263
6101 0.0976573
6102 0.09766223
6103 0.09766708
6104 0.09767089
6105 0.09767535
6106 0.09768
6107 0.0976843
6108 0.09768847
6109 0.09769188
6110 0.09769686
6111 0.09770119
6112 0.09770514
6113 0.09770931
6114 0.09771217
6115 0.09771644
6116 0.09771956
6117 0.09772316
6118 0.09772766
6119 0.09773189
6120 0.09773523
6121 0.09773894
6122 0.0977416
6123 0.09774466
6124 0.09774853
6125 0.09775158
6126 0.09775518
6127 0.09775828
6128 0.09776177
6129 0.09776577
6130 0.09776835
6131 0.09777267
6132 0.09777518
6133 0.09777884
6134 0.09778169
6135 0.09778576
6136 0.09778855
6137 0.09779184
6138 0.09779517
6139 0.09779819
6140 0.09780172
6141 0.0978042
6142 0.0978075
6143 0.09781041
6144 0.097813
6145 0.09781523
6146 0.09781834
6147 0.0978201
6148 0.09782209
6149 0.09782445
6150 0.0978274
6151 0.09782936
6152 0.09783053
6153 0.09783323
6154 0.09783497
6155 0.09783716
6156 0.09783796
6157 0.09783945
6158 0.09784105
6159 0.09784278
6160 0.09784522
6161 0.09784658
6162 0.09784751
6163 0.09784972
6164 0.0978516
6165 0.09785289
6166 0.09785494
6167 0.09785589
6168 0.09785744
6169 0.09785896
6170 0.09785987
6171 0.09786117
6172 0.09786179
6173 0.09786276
6174 0.09786496
6175 0.09786577
6176 0.0978664
6177 0.09786745
6178 0.09786773
6179 0.09786838
6180 0.09786921
6181 0.09786996
6182 0.09787004
6183 0.09786998
6184 0.09786993
6185 0.09786949
6186 0.09787013
6187 0.09786996
6188 0.09786958
6189 0.0978693
6190 0.09786941
6191 0.09786922
6192 0.09786899
6193 0.09786852
6194 0.09786811
6195 0.09786775
6196 0.09786715
6197 0.09786624
6198 0.09786592
6199 0.09786505
6200 0.09786417
6201 0.0978635
6202 0.09786235
6203 0.09786119
6204 0.09786027
6205 0.09785896
6206 0.09785789
6207 0.09785575
6208 0.09785369
6209 0.09785125
6210 0.09785105
6211 0.09784815
6212 0.09784596
6213 0.09784327
6214 0.0978412
6215 0.09783786
6216 0.09783534
6217 0.09783281
6218 0.09783009
6219 0.09782805
6220 0.09782477
6221 0.09782212
6222 0.0978196
6223 0.09781651
6224 0.09781249
6225 0.09781247
6226 0.0978121
6227 0.09781227
6228 0.09781187
6229 0.09781056
6230 0.09780924
6231 0.09780889
6232 0.09780771
6233 0.09780598
6234 0.09780455
6235 0.09780174
6236 0.09779906
6237 0.09779656
6238 0.09779399
6239 0.09779152
6240 0.09778849
6241 0.09778553
6242 0.09778275
6243 0.09777962
6244 0.09777639
6245 0.09777325
6246 0.09777037
6247 0.09776624
6248 0.09776289
6249 0.09776
6250 0.0977561
6251 0.09775238
6252 0.0977489
6253 0.09774493
6254 0.09774109
6255 0.09773779
6256 0.09773317
6257 0.09772914
6258 0.09772544
6259 0.09772085
6260 0.09771672
6261 0.09771205
6262 0.09770746
6263 0.09770291
6264 0.09769838
6265 0.09769394
6266 0.09768865
6267 0.09768378
6268 0.09767871
6269 0.09767369
6270 0.09766865
6271 0.09766341
6272 0.09765814
6273 0.09765354
6274 0.0976481
6275 0.09764236
6276 0.09763604
6277 0.09763032
6278 0.09762469
6279 0.09761915
6280 0.09761377
6281 0.09760747
6282 0.09760151
6283 0.09759493
6284 0.09758809
6285 0.09758207
6286 0.09757581
6287 0.09756837
6288 0.09756309
6289 0.09755603
6290 0.09754962
6291 0.09754147
6292 0.09753495
6293 0.09752812
6294 0.0975207
6295 0.09751346
6296 0.09750607
6297 0.09749889
6298 0.09749119
6299 0.09749062
6300 0.09749029
6301 0.09748916
6302 0.09748778
6303 0.09748635
6304 0.0974844
6305 0.09748238
6306 0.09748023
6307 0.09747838
6308 0.09747534
6309 0.09747242
6310 0.09746835
6311 0.09746426
6312 0.09745941
6313 0.09745403
6314 0.09744788
6315 0.09744282
6316 0.09743596
6317 0.09743033
6318 0.09742387
6319 0.09741653
6320 0.0974099
6321 0.09740257
6322 0.09739542
6323 0.09738862
6324 0.09738141
6325 0.09737401
6326 0.09736633
6327 0.09735918
6328 0.09735166
6329 0.09734478
6330 0.0973357
6331 0.09732807
6332 0.09731942
6333 0.09731121
6334 0.09730311
6335 0.09729374
6336 0.09728515
6337 0.09727765
6338 0.09726898
6339 0.09725855
6340 0.09724988
6341 0.09724104
6342 0.09723187
6343 0.09722114
6344 0.09721172
6345 0.09720308
6346 0.09719255
6347 0.09718362
6348 0.09717297
6349 0.0971636
6350 0.09715329
6351 0.0971439
6352 0.09713335
6353 0.09712385
6354 0.09711348
6355 0.0971039
6356 0.09709282
6357 0.09708332
6358 0.09707259
6359 0.09706241
6360 0.09705231
6361 0.0970398
6362 0.09702908
6363 0.097018
6364 0.09700638
6365 0.09699495
6366 0.09698325
6367 0.09697174
6368 0.09695987
6369 0.09694738
6370 0.09693537
6371 0.09692249
6372 0.09691053
6373 0.09689818
6374 0.09688595
6375 0.09687291
6376 0.09686118
6377 0.09684813
6378 0.09683494
6379 0.09682214
6380 0.09680919
6381 0.09679644
6382 0.09678244
6383 0.09676974
6384 0.09675662
6385 0.09674301
6386 0.0967299
6387 0.09671609
6388 0.09670274
6389 0.09668858
6390 0.09667461
6391 0.0966603
6392 0.09664609
6393 0.09663241
6394 0.09661734
6395 0.09660348
6396 0.09658842
6397 0.09657487
6398 0.09656034
6399 0.09654485
6400 0.09653027
6401 0.09651609
6402 0.09650122
6403 0.0964856
6404 0.09647094
6405 0.09645629
6406 0.09644038
6407 0.09642546
6408 0.09641029
6409 0.09639505
6410 0.09637968
6411 0.09636332
6412 0.09634757
6413 0.09633236
6414 0.09631656
6415 0.09630086
6416 0.0962851
6417 0.09626803
6418 0.09625199
6419 0.09623636
6420 0.09621973
6421 0.09620348
6422 0.09618728
6423 0.09617057
6424 0.09615447
6425 0.09613767
6426 0.09612069
6427 0.09610255
6428 0.09608693
6429 0.09606908
6430 0.09605195
6431 0.09603422
6432 0.09601764
6433 0.09599998
6434 0.0959829
6435 0.09596463
6436 0.09594733
6437 0.09592994
6438 0.09591181
6439 0.09589323
6440 0.09587536
6441 0.09585614
6442 0.09583828
6443 0.09581972
6444 0.09580116
6445 0.09578267
6446 0.09576455
6447 0.09574518
6448 0.09572633
6449 0.09570793
6450 0.09568799
6451 0.09566775
6452 0.09564705
6453 0.095626
6454 0.09560538
6455 0.09558542
6456 0.0955635
6457 0.09554207
6458 0.09552173
6459 0.09550022
6460 0.09547899
6461 0.09545788
6462 0.09543735
6463 0.09541563
6464 0.09539395
6465 0.09537194
6466 0.09535009
6467 0.09532857
6468 0.09530591
6469 0.09528387
6470 0.09526172
6471 0.09523957
6472 0.09521693
6473 0.09519465
6474 0.09517138
6475 0.09514935
6476 0.09512644
6477 0.09510261
6478 0.09508055
6479 0.09505677
6480 0.09503404
6481 0.09501085
6482 0.09498741
6483 0.09496433
6484 0.09494072
6485 0.09491754
6486 0.09489439
6487 0.09487087
6488 0.09484738
6489 0.09482227
6490 0.09479906
6491 0.0947751
6492 0.09475245
6493 0.09472717
6494 0.09470286
6495 0.09467893
6496 0.09465396
6497 0.09463017
6498 0.09460572
6499 0.09458022
6500 0.09455591
6501 0.09453069
6502 0.09450554
6503 0.09448088
6504 0.0944558
6505 0.09443045
6506 0.09440535
6507 0.09440239
6508 0.09439989
6509 0.09439705
6510 0.09439268
6511 0.09438812
6512 0.09438179
6513 0.09437415
6514 0.09436448
6515 0.09435318
6516 0.09433778
6517 0.09432018
6518 0.09430093
6519 0.09428263
6520 0.09426358
6521 0.09424447
6522 0.09422521
6523 0.09420545
6524 0.09418615
6525 0.09416694
6526 0.09414766
6527 0.09412871
6528 0.09410892
6529 0.0940899
6530 0.09406953
6531 0.09405077
6532 0.09403046
6533 0.09401115
6534 0.09399123
6535 0.0939715
6536 0.09395232
6537 0.09393267
6538 0.09391283
6539 0.09389286
6540 0.09387244
6541 0.09385274
6542 0.09383232
6543 0.09381209
6544 0.09379204
6545 0.09377222
6546 0.09375204
6547 0.09373232
6548 0.09371223
6549 0.09369291
6550 0.09367201
6551 0.09365207
6552 0.09363164
6553 0.09361171
6554 0.093591
6555 0.09357128
6556 0.09355105
6557 0.09353081
6558 0.09351078
6559 0.09349054
6560 0.09347028
6561 0.09344893
6562 0.09342948
6563 0.09340729
6564 0.0933882
6565 0.09336779
6566 0.09334698
6567 0.09332612
6568 0.09330599
6569 0.09328534
6570 0.09326467
6571 0.09324197
6572 0.09322044
6573 0.09319795
6574 0.09317513
6575 0.09315315
6576 0.09313098
6577 0.09310802
6578 0.09308581
6579 0.09306274
6580 0.09304103
6581 0.09301953
6582 0.09299609
6583 0.09297345
6584 0.09295052
6585 0.09292807
6586 0.0929053
6587 0.09288314
6588 0.09285977
6589 0.09283829
6590 0.09281512
6591 0.09279206
6592 0.09276989
6593 0.0927472
6594 0.09272502
6595 0.09270215
6596 0.09267874
6597 0.09265584
6598 0.09263305
6599 0.09261044
6600 0.09258817
6601 0.09256529
6602 0.09254259
6603 0.09251966
6604 0.09249665
6605 0.09247436
6606 0.09245212
6607 0.09242884
6608 0.09240548
6609 0.0923832
6610 0.09236003
6611 0.09233718
6612 0.0923143
6613 0.09229208
6614 0.09226909
6615 0.09224619
6616 0.09222295
6617 0.09220032
6618 0.09217785
6619 0.09215473
6620 0.09213279
6621 0.09211002
6622 0.09208689
6623 0.09206422
6624 0.09204134
6625 0.09201807
6626 0.09199604
6627 0.09197345
6628 0.09195054
6629 0.09192792
6630 0.09190489
6631 0.09188302
6632 0.09185955
6633 0.09183776
6634 0.09181493
6635 0.09179255
6636 0.09176975
6637 0.09174738
6638 0.09172484
6639 0.09170211
6640 0.09167885
6641 0.09165665
6642 0.09163453
6643 0.09161232
6644 0.09159017
6645 0.09156712
6646 0.09154495
6647 0.09152272
6648 0.09149995
6649 0.09147776
6650 0.0914546
6651 0.09143248
6652 0.09141052
6653 0.09138808
6654 0.09136554
6655 0.09134404
6656 0.09132201
6657 0.09129987
6658 0.0912763
6659 0.09125464
6660 0.09123275
6661 0.09120689
6662 0.0911823
6663 0.09115815
6664 0.09113283
6665 0.09110804
6666 0.09108303
6667 0.09105818
6668 0.09103324
6669 0.09100767
6670 0.09098416
6671 0.09096007
6672 0.09093484
6673 0.09091003
6674 0.09088643
6675 0.09086183
6676 0.09083749
6677 0.09081259
6678 0.0907887
6679 0.09076408
6680 0.09074048
6681 0.09071585
6682 0.09069168
6683 0.090667
6684 0.09064299
6685 0.09061959
6686 0.09059524
6687 0.09057016
6688 0.09054613
6689 0.09052288
6690 0.09049897
6691 0.0904742
6692 0.09044953
6693 0.0904249
6694 0.09040073
6695 0.0903767
6696 0.09035234
6697 0.09032769
6698 0.09030385
6699 0.09027947
6700 0.09025544
6701 0.09023099
6702 0.09020695
6703 0.09018305
6704 0.09015916
6705 0.09013555
6706 0.0901113
6707 0.09008791
6708 0.09006403
6709 0.09004044
6710 0.09001589
6711 0.08999236
6712 0.08996963
6713 0.08994533
6714 0.08992192
6715 0.08989856
6716 0.08987566
6717 0.08985177
6718 0.08982887
6719 0.08980525
6720 0.0897814
6721 0.08975825
6722 0.08973605
6723 0.08971222
6724 0.08968974
6725 0.08966591
6726 0.08964234
6727 0.08962009
6728 0.08959708
6729 0.08957446
6730 0.08955234
6731 0.08952874
6732 0.08950655
6733 0.0894841
6734 0.08946151
6735 0.08943914
6736 0.08941611
6737 0.08939252
6738 0.08937004
6739 0.08934765
6740 0.08932488
6741 0.08930291
6742 0.08928017
6743 0.08925787
6744 0.08923657
6745 0.08921312
6746 0.08919229
6747 0.08917037
6748 0.08914852
6749 0.08912735
6750 0.08910571
6751 0.08908269
6752 0.08905901
6753 0.08903601
6754 0.0890139
6755 0.08899121
6756 0.08896802
6757 0.08894579
6758 0.08892318
6759 0.08890087
6760 0.08887758
6761 0.08885609
6762 0.08883439
6763 0.08881173
6764 0.08878911
6765 0.08876708
6766 0.08874572
6767 0.08872355
6768 0.08870142
6769 0.08867935
6770 0.08865795
6771 0.08863594
6772 0.08861414
6773 0.0885927
6774 0.08857176
6775 0.08854941
6776 0.08852732
6777 0.0885057
6778 0.08848529
6779 0.08846268
6780 0.08844204
6781 0.08841753
6782 0.08839456
6783 0.08837038
6784 0.08834681
6785 0.08832364
6786 0.08830011
6787 0.08827658
6788 0.08825222
6789 0.08822905
6790 0.08820521
6791 0.08818287
6792 0.08815938
6793 0.08813637
6794 0.08811253
6795 0.08808898
6796 0.08806622
6797 0.08804377
6798 0.0880205
6799 0.08799847
6800 0.08797509
6801 0.08795191
6802 0.08792993
6803 0.0879074
6804 0.08788494
6805 0.08786216
6806 0.08784004
6807 0.08781686
6808 0.08779463
6809 0.08777233
6810 0.08774988
6811 0.08772568
6812 0.08770286
6813 0.08767956
6814 0.08765591
6815 0.08763233
6816 0.08760942
6817 0.08758637
6818 0.08756215
6819 0.08754014
6820 0.08751666
6821 0.08749402
6822 0.08747136
6823 0.08744762
6824 0.08742557
6825 0.08740058
6826 0.0873782
6827 0.08735547
6828 0.08733217
6829 0.08730989
6830 0.08728696
6831 0.08726396
6832 0.08724204
6833 0.08721976
6834 0.08719738
6835 0.08717526
6836 0.08715252
6837 0.08713016
6838 0.08710843
6839 0.08708634
6840 0.08706433
6841 0.08704031
6842 0.08701596
6843 0.08699204
6844 0.08696806
6845 0.08694384
6846 0.08694165
6847 0.08693944
6848 0.08693618
6849 0.08693241
6850 0.08692767
6851 0.08692145
6852 0.08691508
6853 0.08690511
6854 0.08689356
6855 0.08687855
6856 0.08686369
6857 0.08686177
6858 0.08685975
6859 0.08685755
6860 0.08685435
6861 0.08685067
6862 0.08684641
6863 0.08684082
6864 0.0868342
6865 0.0868244
6866 0.08681445
6867 0.08680229
6868 0.08678747
6869 0.086774
6870 0.08676031
6871 0.08674718
6872 0.08673386
6873 0.08672063
6874 0.08670679
6875 0.08669372
6876 0.08667988
6877 0.08666692
6878 0.08665358
6879 0.08663949
6880 0.0866264
6881 0.08661247
6882 0.08660004
6883 0.08658668
6884 0.0865739
6885 0.08656061
6886 0.08654665
6887 0.08653326
6888 0.08651964
6889 0.08650723
6890 0.08649316
6891 0.08648065
6892 0.08646706
6893 0.08645374
6894 0.08644106
6895 0.08642848
6896 0.08641538
6897 0.08640272
6898 0.08638921
6899 0.08637576
6900 0.08636224
6901 0.08634876
6902 0.08633672
6903 0.08632306
6904 0.08631042
6905 0.08629691
6906 0.08628325
6907 0.08626933
6908 0.08625647
6909 0.08624479
6910 0.08623116
6911 0.0862183
6912 0.08620538
6913 0.0861925
6914 0.08617938
6915 0.08616618
6916 0.08615298
6917 0.08614025
6918 0.08612746
6919 0.08611436
6920 0.08610247
6921 0.08608928
6922 0.08607587
6923 0.08606382
6924 0.08605084
6925 0.08603773
6926 0.08602463
6927 0.08601227
6928 0.08599927
6929 0.08598641
6930 0.0859735
6931 0.08596093
6932 0.08594791
6933 0.08593521
6934 0.08592289
6935 0.08591034
6936 0.08589747
6937 0.08588512
6938 0.08587211
6939 0.08586004
6940 0.08584666
6941 0.08583475
6942 0.08582212
6943 0.08580892
6944 0.08579668
6945 0.08578353
6946 0.08577115
6947 0.08575766
6948 0.08574506
6949 0.08573209
6950 0.08571939
6951 0.08570613
6952 0.0856943
6953 0.08568272
6954 0.08566997
6955 0.08565646
6956 0.08564457
6957 0.08563145
6958 0.08561826
6959 0.08560589
6960 0.08559365
6961 0.08558132
6962 0.08556876
6963 0.08555592
6964 0.08554456
6965 0.08553193
6966 0.08551904
6967 0.08550635
6968 0.08549498
6969 0.08548148
6970 0.08546849
6971 0.08545649
6972 0.08544365
6973 0.08543184
6974 0.08541958
6975 0.08540701
6976 0.08539471
6977 0.08538231
6978 0.08537018
6979 0.08535729
6980 0.0853453
6981 0.08533315
6982 0.08532097
6983 0.08530869
6984 0.08529679
6985 0.08528471
6986 0.08527248
6987 0.08526049
6988 0.08524895
6989 0.08523597
6990 0.08522416
6991 0.08521245
6992 0.0852003
6993 0.08518874
6994 0.08517638
6995 0.08516365
6996 0.0851523
6997 0.08514065
6998 0.08512796
6999 0.08511672
7000 0.08510468
7001 0.08509278
7002 0.08508009
7003 0.08506878
7004 0.08505706
7005 0.08504516
7006 0.08503411
7007 0.08502215
7008 0.08501059
7009 0.08499862
7010 0.08498651
7011 0.08497409
7012 0.08496279
7013 0.0849511
7014 0.08493955
7015 0.08492634
7016 0.08491533
7017 0.08490342
7018 0.08489176
7019 0.08487923
7020 0.08486781
7021 0.08485609
7022 0.08484431
7023 0.0848325
7024 0.0848207
7025 0.08480956
7026 0.08479678
7027 0.08478507
7028 0.08477412
7029 0.08476163
7030 0.08475009
7031 0.08473855
7032 0.08472759
7033 0.08471581
7034 0.0847045
7035 0.0846922
7036 0.08468114
7037 0.08466941
7038 0.08465718
7039 0.08464627
7040 0.08463477
7041 0.0846241
7042 0.08461169
7043 0.08460019
7044 0.08458893
7045 0.08457784
7046 0.08456708
7047 0.08455524
7048 0.08454416
7049 0.08453266
7050 0.08452162
7051 0.08450919
7052 0.08449779
7053 0.08448563
7054 0.08447386
7055 0.08446199
7056 0.08445003
7057 0.08443882
7058 0.08442707
7059 0.08441566
7060 0.08440457
7061 0.0843921
7062 0.08438022
7063 0.08436851
7064 0.08435665
7065 0.08434525
7066 0.08433285
7067 0.08432127
7068 0.08431061
7069 0.08429854
7070 0.08428594
7071 0.08427502
7072 0.08426359
7073 0.08425273
7074 0.08424088
7075 0.08422932
7076 0.08421752
7077 0.08420581
7078 0.08419488
7079 0.08418299
7080 0.08417142
7081 0.08415905
7082 0.08414675
7083 0.08413457
7084 0.08412093
7085 0.08410839
7086 0.08409641
7087 0.08408447
7088 0.08407247
7089 0.08405922
7090 0.08404738
7091 0.08403454
7092 0.08402277
7093 0.08401095
7094 0.08399881
7095 0.08398537
7096 0.08397382
7097 0.08396196
7098 0.08394981
7099 0.08393783
7100 0.08392522
7101 0.08391367
7102 0.083901
7103 0.08388892
7104 0.08387713
7105 0.08386502
7106 0.08385341
7107 0.08384021
7108 0.08382875
7109 0.08381716
7110 0.0838048
7111 0.08379277
7112 0.08378076
7113 0.08376776
7114 0.08375608
7115 0.08374362
7116 0.08373132
7117 0.08371932
7118 0.08370638
7119 0.08369424
7120 0.08368208
7121 0.08367044
7122 0.08365817
7123 0.08364537
7124 0.08363374
7125 0.08362202
7126 0.08361056
7127 0.08359842
7128 0.08358599
7129 0.08357377
7130 0.08356183
7131 0.08355039
7132 0.08353917
7133 0.08352656
7134 0.08351479
7135 0.08350322
7136 0.08349225
7137 0.08348022
7138 0.08346792
7139 0.08345716
7140 0.08344524
7141 0.08343432
7142 0.08342217
7143 0.08341038
7144 0.0833988
7145 0.08338794
7146 0.08337638
7147 0.08336513
7148 0.08335345
7149 0.08334199
7150 0.08333081
7151 0.08331989
7152 0.083308
7153 0.08329662
7154 0.08328536
7155 0.08327371
7156 0.0832627
7157 0.08325036
7158 0.08323886
7159 0.08322848
7160 0.0832172
7161 0.08320514
7162 0.08319405
7163 0.08318238
7164 0.08317163
7165 0.08315945
7166 0.08314932
7167 0.08313724
7168 0.08312652
7169 0.08311587
7170 0.08310435
7171 0.0830929
7172 0.0830816
7173 0.08307029
7174 0.08305895
7175 0.08304807
7176 0.08303703
7177 0.08302612
7178 0.08301429
7179 0.08300293
7180 0.08299179
7181 0.08298051
7182 0.08296946
7183 0.0829578
7184 0.08294668
7185 0.08293574
7186 0.08292485
7187 0.08291389
7188 0.08290272
7189 0.08289126
7190 0.08288039
7191 0.08286915
7192 0.08285771
7193 0.08284771
7194 0.08283681
7195 0.08282466
7196 0.0828134
7197 0.08280166
7198 0.08279128
7199 0.08278036
7200 0.08276907
7201 0.0827577
7202 0.08274748
7203 0.08273649
7204 0.08272421
7205 0.08271325
7206 0.08270246
7207 0.08269163
7208 0.08268039
7209 0.08267014
7210 0.08265878
7211 0.08264758
7212 0.08263732
7213 0.08262519
7214 0.08261439
7215 0.08260324
7216 0.08259283
7217 0.08258144
7218 0.08256974
7219 0.08255909
7220 0.0825486
7221 0.08253755
7222 0.08252649
7223 0.08251499
7224 0.08250441
7225 0.08249367
7226 0.08248226
7227 0.08247132
7228 0.08245984
7229 0.08244871
7230 0.0824381
7231 0.08242686
7232 0.08241627
7233 0.08240501
7234 0.08239421
7235 0.08238321
7236 0.08237185
7237 0.08236064
7238 0.08234937
7239 0.0823385
7240 0.08232782
7241 0.08231749
7242 0.08230526
7243 0.08229489
7244 0.08228464
7245 0.08227295
7246 0.08226264
7247 0.08225062
7248 0.08223955
7249 0.08222859
7250 0.08221783
7251 0.08220647
7252 0.08219542
7253 0.08218451
7254 0.08217235
7255 0.08216137
7256 0.08215065
7257 0.08213986
7258 0.08212832
7259 0.08211705
7260 0.08210563
7261 0.08209414
7262 0.08208362
7263 0.08207266
7264 0.08206113
7265 0.08204924
7266 0.08203835
7267 0.08202603
7268 0.08201513
7269 0.08200508
7270 0.08199295
7271 0.08198229
7272 0.08197021
7273 0.08195897
7274 0.08194782
7275 0.08193661
7276 0.08192492
7277 0.08191376
7278 0.08190195
7279 0.08189008
7280 0.08187865
7281 0.08186667
7282 0.08185557
7283 0.0818444
7284 0.08183184
7285 0.08182155
7286 0.08181117
7287 0.0817983
7288 0.08178651
7289 0.08177502
7290 0.08176324
7291 0.08175167
7292 0.08174052
7293 0.08172872
7294 0.08171627
7295 0.08170512
7296 0.08169247
7297 0.08168069
7298 0.08166915
7299 0.08165782
7300 0.08164608
7301 0.08163429
7302 0.08162206
7303 0.08161065
7304 0.08159868
7305 0.08158676
7306 0.08157425
7307 0.08156322
7308 0.08155098
7309 0.08153956
7310 0.08152778
7311 0.08151492
7312 0.08150354
7313 0.08149163
7314 0.08147907
7315 0.08146662
7316 0.08145397
7317 0.0814423
7318 0.08143021
7319 0.08141834
7320 0.08140655
7321 0.08139259
7322 0.08138042
7323 0.08136729
7324 0.08135398
7325 0.0813408
7326 0.08132705
7327 0.08131336
7328 0.08130024
7329 0.08128648
7330 0.08127328
7331 0.08126033
7332 0.08124717
7333 0.08123334
7334 0.08121964
7335 0.08120684
7336 0.08119298
7337 0.08117856
7338 0.08116591
7339 0.08115259
7340 0.0811391
7341 0.08112492
7342 0.0811105
7343 0.08109728
7344 0.08108348
7345 0.0810701
7346 0.08105599
7347 0.08104205
7348 0.08102811
7349 0.08101435
7350 0.08100071
7351 0.08098651
7352 0.08097275
7353 0.08095877
7354 0.08094493
7355 0.08093043
7356 0.08091655
7357 0.08090248
7358 0.0808893
7359 0.08087445
7360 0.08086032
7361 0.08084573
7362 0.08083194
7363 0.08081792
7364 0.08080377
7365 0.08078902
7366 0.08077484
7367 0.0807604
7368 0.08074664
7369 0.0807315
7370 0.08071715
7371 0.08070314
7372 0.08068863
7373 0.08067389
7374 0.0806593
7375 0.08064562
7376 0.08063052
7377 0.08061602
7378 0.08060203
7379 0.08058647
7380 0.0805731
7381 0.08055749
7382 0.08054218
7383 0.08052776
7384 0.08051331
7385 0.08049817
7386 0.08048312
7387 0.08046815
7388 0.080453
7389 0.08043826
7390 0.08042365
7391 0.0804088
7392 0.08039398
7393 0.08037818
7394 0.08036359
7395 0.08034848
7396 0.08033349
7397 0.08031761
7398 0.08030258
7399 0.08028764
7400 0.08027267
7401 0.08025778
7402 0.08024253
7403 0.08022745
7404 0.08021208
7405 0.08019616
7406 0.08018168
7407 0.08016576
7408 0.08015057
7409 0.08013562
7410 0.08012109
7411 0.08010355
7412 0.08008745
7413 0.08007169
7414 0.0800547
7415 0.0800385
7416 0.08002124
7417 0.08000466
7418 0.07998823
7419 0.07997212
7420 0.07995421
7421 0.07993726
7422 0.07992096
7423 0.0799043
7424 0.07988708
7425 0.07987141
7426 0.07985386
7427 0.07983729
7428 0.07982068
7429 0.07980395
7430 0.07978733
7431 0.07977097
7432 0.07975421
7433 0.07973779
7434 0.07972022
7435 0.07970431
7436 0.07968668
7437 0.07967057
7438 0.07965259
7439 0.07963528
7440 0.07961842
7441 0.07960176
7442 0.07958189
7443 0.07956503
7444 0.07954638
7445 0.07952843
7446 0.07951
7447 0.07949215
7448 0.07947256
7449 0.07945495
7450 0.07943716
7451 0.07941841
7452 0.07940026
7453 0.07938103
7454 0.07936234
7455 0.07934455
7456 0.0793259
7457 0.07930745
7458 0.07928861
7459 0.07927103
7460 0.07925228
7461 0.07923318
7462 0.07921471
7463 0.07919651
7464 0.07917812
7465 0.0791596
7466 0.07914099
7467 0.0791221
7468 0.0791031
7469 0.07908491
7470 0.07906649
7471 0.07904653
7472 0.07902648
7473 0.07900654
7474 0.07898668
7475 0.07896558
7476 0.0789452
7477 0.07892617
7478 0.07890625
7479 0.07888567
7480 0.0788665
7481 0.07884566
7482 0.07882549
7483 0.07880524
7484 0.07878504
7485 0.07876471
7486 0.0787444
7487 0.07872406
7488 0.07870376
7489 0.07868338
7490 0.07866315
7491 0.07864287
7492 0.07862335
7493 0.07860284
7494 0.07858295
7495 0.0785624
7496 0.07854173
7497 0.07852168
7498 0.07850198
7499 0.07848118
7500 0.07846174
7501 0.07843979
7502 0.07841816
7503 0.07839621
7504 0.07837451
7505 0.07835303
7506 0.0783308
7507 0.0783101
7508 0.0782875
7509 0.07826611
7510 0.07824524
7511 0.07822387
7512 0.0782022
7513 0.07818023
7514 0.0781581
7515 0.07813629
7516 0.0781148
7517 0.07809242
7518 0.07807124
7519 0.07804995
7520 0.07802812
7521 0.07800671
7522 0.07798519
7523 0.07796303
7524 0.07794128
7525 0.07791943
7526 0.07789786
7527 0.07787646
7528 0.0778547
7529 0.07783259
7530 0.0778093
7531 0.07778813
7532 0.07776657
7533 0.07774421
7534 0.0777225
7535 0.07770093
7536 0.0776787
7537 0.07765666
7538 0.0776344
7539 0.07761218
7540 0.07759103
7541 0.07756899
7542 0.07754634
7543 0.07752424
7544 0.07750208
7545 0.07747959
7546 0.07745731
7547 0.07743575
7548 0.07741287
7549 0.07739105
7550 0.07736877
7551 0.07734685
7552 0.07734448
7553 0.07734256
7554 0.07733995
7555 0.07733674
7556 0.07733247
7557 0.07732647
7558 0.07731955
7559 0.07731187
7560 0.07730077
7561 0.07728811
7562 0.07727247
7563 0.07725579
7564 0.07723875
7565 0.07722203
7566 0.0772053
7567 0.07718906
7568 0.07717136
7569 0.07715523
7570 0.07713812
7571 0.0771208
7572 0.07710393
7573 0.07708733
7574 0.07707065
7575 0.07705308
7576 0.07703697
7577 0.07702009
7578 0.07700232
7579 0.0769859
7580 0.07696894
7581 0.07695095
7582 0.07693462
7583 0.07691725
7584 0.07690084
7585 0.07688402
7586 0.07686653
7587 0.07684956
7588 0.07683246
7589 0.07681492
7590 0.07679868
7591 0.07678173
7592 0.07676446
7593 0.07674739
7594 0.07673085
7595 0.07671353
7596 0.07669681
7597 0.07667846
7598 0.07666168
7599 0.07664519
7600 0.07662788
7601 0.07661048
7602 0.07659255
7603 0.07657532
7604 0.07655869
7605 0.07654129
7606 0.07652387
7607 0.07650603
7608 0.07648789
