"p_max-rfile"
"Iteration" "p_max"
("Iteration" "p_max")
3199 338485.8
3200 338532.6
3201 338501.8
3202 338467.1
3203 338428.8
3204 338386.8
3205 338341.5
3206 338293
3207 338241.3
3208 338186.6
3209 338128.9
3210 338068.3
3211 338004.9
3212 337938.8
3213 337870
3214 337798.7
3215 337724.8
3216 337648.3
3217 337569.4
3218 337488.1
3219 337404.4
3220 337318.3
3221 337229.9
3222 337139.2
3223 337046.2
3224 336950.8
3225 336853.2
3226 336753.3
3227 336651.2
3228 336546.8
3229 336440
3230 336331.1
3231 336219.8
3232 336106.1
3233 335990.2
3234 335872
3235 335751.4
3236 335628.4
3237 335503.1
3238 335375.3
3239 335245.1
3240 335112.4
3241 334977.3
3242 334839.7
3243 334699.6
3244 334562.2
3245 334431.2
3246 334295.4
3247 334157.4
3248 334016.8
3249 333873.9
3250 333728.4
3251 333580.5
3252 333462.1
3253 333367.8
3254 333271.2
3255 333172
3256 333070.3
3257 332966.2
3258 332859.3
3259 332750
3260 332637.9
3261 332523.3
3262 332405.9
3263 332285.8
3264 332163
3265 332037.4
3266 331909
3267 331777.8
3268 331643.9
3269 331507
3270 331367.3
3271 331224.7
3272 331079.1
3273 330930.6
3274 330779.2
3275 330624.7
3276 330467.3
3277 330306.8
3278 330143.4
3279 330128
3280 330112.4
3281 330092.7
3282 330067.8
3283 330042.8
3284 330011.3
3285 329971.6
3286 329921.5
3287 329858.4
3288 329782.7
3289 329696.1
3290 329598.4
3291 329489.1
3292 329368
3293 329234.5
3294 329099.3
3295 328962.4
3296 328823.7
3297 328683.2
3298 328541
3299 328397
3300 328251.2
3301 328103.7
3302 327936.4
3303 327766.8
3304 327595.1
3305 327421.1
3306 327244.8
3307 327066.3
3308 326885.6
3309 326702.5
3310 326517.2
3311 326329.7
3312 326139.9
3313 325947.8
3314 325753.3
3315 325556.6
3316 325357.6
3317 325156.3
3318 324952.7
3319 324746.7
3320 324538.4
3321 324327.7
3322 324114.5
3323 323899
3324 323681.1
3325 323460.7
3326 323237.8
3327 323012.4
3328 322784.7
3329 322554.7
3330 322322.1
3331 322086.6
3332 321800.5
3333 321510.5
3334 321216.6
3335 320919.2
3336 320618.4
3337 320314.3
3338 320007.2
3339 319697.2
3340 319384.2
3341 319068.3
3342 318749.6
3343 318428
3344 318103.6
3345 317776.3
3346 317446.2
3347 317113.2
3348 316777.2
3349 316438.4
3350 316096.7
3351 315752
3352 315404.4
3353 315053.8
3354 314700.3
3355 314343.9
3356 313984.5
3357 313622.1
3358 313256.7
3359 312888.4
3360 312517.1
3361 312142.7
3362 311657.1
3363 311166.3
3364 310670.4
3365 310169.4
3366 309663.4
3367 309152.3
3368 308636.2
3369 308115.1
3370 307589
3371 307058
3372 306522.1
3373 305981.2
3374 305435.5
3375 304884.8
3376 304329.3
3377 303768.9
3378 303203.8
3379 302633.9
3380 302059.2
3381 301479.9
3382 300895.8
3383 300306.8
3384 299732.3
3385 299208.5
3386 298680.1
3387 298147.2
3388 297609.8
3389 297068
3390 296521.8
3391 295971.3
3392 295215.4
3393 294451.3
3394 293679.1
3395 292899
3396 292111
3397 291315.3
3398 290512
3399 289701.3
3400 288883.1
3401 288057.7
3402 287225.1
3403 286385.5
3404 285538.8
3405 284685.4
3406 283825.3
3407 282958.4
3408 282085.1
3409 281205.3
3410 280319.3
3411 279427.1
3412 278528.7
3413 277624.3
3414 276714
3415 275796.4
3416 274873.3
3417 273944.9
3418 273011.3
3419 272072.4
3420 271128.4
3421 270179.3
3422 268945.9
3423 267704.1
3424 266454.2
3425 265196.5
3426 263931.3
3427 262659
3428 261379.8
3429 260094.1
3430 258802
3431 257503.8
3432 256199.8
3433 254890.2
3434 253575.2
3435 252255.2
3436 250930.3
3437 249600.6
3438 248323.8
3439 247052.8
3440 245777.5
3441 244498.4
3442 243211.5
3443 241918.3
3444 240620.9
3445 239319.7
3446 238014.8
3447 236706.4
3448 236502.7
3449 236833.5
3450 237152.5
3451 237459.6
3452 237753.9
3453 238035.3
3454 238303.3
3455 238557.8
3456 238798.5
3457 239025.3
3458 239237.9
3459 239436.3
3460 239620.4
3461 240006.1
3462 240964.4
3463 241902.9
3464 242821.3
3465 243719.1
3466 244595.9
3467 245472.8
3468 246353.7
3469 247210.5
3470 248042.7
3471 248850.4
3472 249633.3
3473 250391.3
3474 251124.5
3475 251832.9
3476 252516.5
3477 253175.3
3478 253809.6
3479 254419.5
3480 255005.1
3481 255566.8
3482 256227.9
3483 256851.6
3484 257438.7
3485 257507.6
3486 257575.2
3487 257656.9
3488 257756.3
3489 257877.5
3490 258025.1
3491 258204.5
3492 258421.3
3493 258680.9
3494 258988.3
3495 259321.8
3496 259665
3497 260040.5
3498 260422.8
3499 260786.3
3500 261130.8
3501 261456.4
3502 261763.3
3503 262051.7
3504 262321.7
3505 262573.7
3506 262807.8
3507 263024.6
3508 263224.3
3509 263407.2
3510 263573.8
3511 263724.4
3512 263889.6
3513 264026.8
3514 264137.6
3515 264222.9
3516 264284
3517 264321.7
3518 264336.8
3519 264330.4
3520 264344
3521 264355.2
3522 264364.9
3523 264373.2
3524 264379.9
3525 264384.4
3526 264385.4
3527 264380.6
3528 264366.3
3529 264336.8
3530 264290.3
3531 264226.5
3532 264153.5
3533 264075
3534 263990.7
3535 263897.1
3536 263791
3537 263671.2
3538 263538
3539 263528.4
3540 263517.9
3541 263503.4
3542 263484.3
3543 263464.5
3544 263438.8
3545 263405.3
3546 263361.6
3547 263304.8
3548 263234.6
3549 263152.5
3550 263057.5
3551 262948.9
3552 262825.8
3553 262813.9
3554 262802
3555 262786.6
3556 262767
3557 262742
3558 262710.3
3559 262669.7
3560 262618
3561 262551.7
3562 262466.5
3563 262366.1
3564 262253.5
3565 262138.8
3566 262021.9
3567 261905.9
3568 261808.8
3569 261707.8
3570 261604.6
3571 261499.2
3572 261363.7
3573 261225.8
3574 261085.9
3575 260944.3
3576 260801.4
3577 260655.6
3578 260507.3
3579 260356.8
3580 260203.8
3581 260048.6
3582 259891.2
3583 259731.9
3584 259570.6
3585 259407.8
3586 259243.5
3587 259077.8
3588 259063.1
3589 259048
3590 259028.4
3591 259003.4
3592 258971.8
3593 258931.9
3594 258881.6
3595 258818.4
3596 258739
3597 258639
3598 258523.6
3599 258396.9
3600 258270
3601 258143
3602 257983.5
3603 257852.1
3604 257719.8
3605 257586.8
3606 257453
3607 257318.6
3608 257183.6
3609 257048.1
3610 256912.1
3611 256775.8
3612 256639.1
3613 256502.2
3614 256365.1
3615 256227.9
3616 256090.6
3617 255953.3
3618 255816.1
3619 255679
3620 255542
3621 255405.3
3622 255269
3623 255133
3624 254997.5
3625 254862.6
3626 254728.2
3627 254594.6
3628 254460.8
3629 254325.9
3630 254191.9
3631 254442.9
3632 254792.1
3633 255143.7
3634 255497.6
3635 255853.5
3636 256211.2
3637 256570.7
3638 256931.6
3639 257293.8
3640 257657.1
3641 258021.4
3642 258419.2
3643 258840.5
3644 259263.3
3645 259688.3
3646 260115.9
3647 260545.8
3648 260977.7
3649 261411.5
3650 261846.8
3651 262283.5
3652 262328.6
3653 262373.4
3654 262429
3655 262498.2
3656 262584.4
3657 262692
3658 262826.5
3659 262961.1
3660 263115.3
3661 263289.1
3662 263482.5
3663 263695.6
3664 263928.3
3665 264180.7
3666 264452.5
3667 264743.8
3668 265054.3
3669 265384.1
3670 265840.8
3671 265887.9
3672 265934.8
3673 265993.1
3674 266065.6
3675 266155.9
3676 266268.5
3677 266409
3678 266584.2
3679 266802.5
3680 267074.3
3681 267345.6
3682 267623.2
3683 267907
3684 268196.9
3685 268492.6
3686 268794.1
3687 269101.2
3688 269413.7
3689 269724.6
3690 270036.1
3691 270347.9
3692 270659.9
3693 270971.9
3694 271284
3695 271594
3696 271902.8
3697 272210.3
3698 272516.4
3699 272821
3700 273123
3701 273422.9
3702 273720.7
3703 274016.2
3704 274309.3
3705 274600
3706 274888
3707 275173.4
3708 275456
3709 275735.8
3710 276012.5
3711 276370.8
3712 276722.3
3713 277067
3714 277404.7
3715 277735.2
3716 278058.5
3717 278374.3
3718 278682.5
3719 278983.1
3720 279276
3721 279560.9
3722 279925.6
3723 280275.2
3724 280609.5
3725 280928.5
3726 281232.2
3727 281520.3
3728 281792.9
3729 282050.1
3730 282412
3731 282792.7
3732 283158.2
3733 283508.5
3734 283843.4
3735 284162.8
3736 284466.7
3737 284754.9
3738 285027.5
3739 285284.1
3740 285525.1
3741 285750.1
3742 285959.3
3743 286152.6
3744 286330.1
3745 286491.6
3746 286637.3
3747 286767.1
3748 286881.3
3749 287070.2
3750 287096.2
3751 287122.2
3752 287154.4
3753 287194.5
3754 287243.9
3755 287304.6
3756 287378.9
3757 287468.9
3758 287577.1
3759 287705
3760 287843.1
3761 287984
3762 288154.6
3763 288307.1
3764 288441.8
3765 288558.9
3766 288658.7
3767 288741.6
3768 288807.9
3769 288858
3770 288892.5
3771 288911.7
3772 288916.2
3773 288906.5
3774 288883.2
3775 288846.6
3776 288797.4
3777 288736.1
3778 288663.9
3779 288581.2
3780 288488.5
3781 288386.1
3782 288233
3783 288064.9
3784 287882.9
3785 287688.1
3786 287481.3
3787 287263.6
3788 287035.7
3789 286798.4
3790 286552.5
3791 286298.7
3792 286037.5
3793 285769.8
3794 285495.9
3795 285216.7
3796 285052.7
3797 284953.1
3798 284847
3799 284734.9
3800 284617.3
3801 284494.9
3802 284368
3803 284237.1
3804 284102.6
3805 283964.8
3806 283824.2
3807 283681
3808 283535.5
3809 283388
3810 283238.7
3811 283087.6
3812 283069.8
3813 283051.9
3814 283029.6
3815 283001.7
3816 282966.8
3817 282922.9
3818 282867.8
3819 282798.7
3820 282711.7
3821 282602
3822 282474.9
3823 282334.3
3824 282192.3
3825 282066.7
3826 282059.6
3827 282051.5
3828 282042.3
3829 282031.8
3830 282020.1
3831 282006.8
3832 281991.8
3833 281975.1
3834 281956.5
3835 281935.6
3836 281912.3
3837 281886.3
3838 281857.7
3839 281826.2
3840 281791.5
3841 281874.3
3842 282038.3
3843 282199.1
3844 282356.5
3845 282510.2
3846 282660
3847 282805.6
3848 282946.6
3849 283082.8
3850 283213.9
3851 283339.6
3852 283459.7
3853 283573.7
3854 283681.5
3855 283782.8
3856 283877.2
3857 283964.5
3858 284044.4
3859 284116.8
3860 284181.2
3861 284237.5
3862 284285.4
3863 284324.6
3864 284355.1
3865 284376.5
3866 284388.8
3867 284391.6
3868 284384.9
3869 284367.9
3870 284340.4
3871 284302.7
3872 284254.6
3873 284195.9
3874 284126.5
3875 284046.3
3876 283955.2
3877 283853.1
3878 283739.8
3879 283729.7
3880 283719.7
3881 283706.9
3882 283690.6
3883 283669.8
3884 283643
3885 283608.2
3886 283562.7
3887 283502.5
3888 283422
3889 283323.2
3890 283207.6
3891 283085.3
3892 282956.3
3893 282820.8
3894 282678.7
3895 282530
3896 282375
3897 282213.6
3898 282045.9
3899 281872.1
3900 281692.2
3901 281506.3
3902 281295
3903 281076.8
3904 280978.9
3905 281004.6
3906 281081
3907 281150
3908 281211.4
3909 281265.2
3910 281311.3
3911 281349.6
3912 281380.2
3913 281402.8
3914 281417.5
3915 281424.3
3916 281423.3
3917 281414.5
3918 281397.9
3919 281373.5
3920 281341.3
3921 281301.3
3922 281253.4
3923 281197.6
3924 281133.9
3925 281062.3
3926 280982.8
3927 280895.5
3928 280800.3
3929 280697.4
3930 280586.6
3931 280468.1
3932 280314.4
3933 280149.4
3934 279972.8
3935 279784.9
3936 279585.9
3937 279375.8
3938 279154.7
3939 278923
3940 278680.7
3941 278428.2
3942 278165.7
3943 277893.5
3944 277611.9
3945 277321.3
3946 277157.7
3947 276985.9
3948 276803.9
3949 276611.7
3950 276409.3
3951 276197.2
3952 275975.5
3953 275744.3
3954 275503.9
3955 275254.5
3956 274996.7
3957 274731.2
3958 274458
3959 274177.5
3960 274132.5
3961 274164.3
3962 274204.2
3963 274243.7
3964 274282.8
3965 274321.3
3966 274359.4
3967 274396.9
3968 274433.9
3969 274470.3
3970 274506.2
3971 274541.6
3972 274576.3
3973 274610.5
3974 274644.1
3975 274677
3976 274727.9
3977 274809.7
3978 274890.6
3979 274970.5
3980 275049.5
3981 275127.4
3982 275204.3
3983 275280.3
3984 275355.3
3985 275362.1
3986 275369.2
3987 275378.5
3988 275390.4
3989 275402.3
3990 275417.4
3991 275436.3
3992 275459.9
3993 275489.1
3994 275523.5
3995 275561.9
3996 275604.1
3997 275649.8
3998 275699
3999 275747.3
4000 275795.1
4001 275842.6
4002 275889.7
4003 275936.2
4004 275982
4005 276027.3
4006 276071.7
4007 276115.7
4008 276159
4009 276201.9
4010 276244.4
4011 276286.4
4012 276328
4013 276369.5
4014 276412.3
4015 276454.9
4016 276497
4017 276550.8
4018 276603.4
4019 276654.6
4020 276704.3
4021 276752.5
4022 276759.9
4023 276767
4024 276775.1
4025 276784.7
4026 276796.3
4027 276810.4
4028 276827.8
4029 276848.9
4030 276874.6
4031 276905.9
4032 276940.9
4033 276977.8
4034 277013.6
4035 277048.1
4036 277081.4
4037 277113.4
4038 277144
4039 277173.1
4040 277200.7
4041 277228
4042 277285.4
4043 277341.2
4044 277395.3
4045 277447.8
4046 277498.7
4047 277547.9
4048 277595.3
4049 277641.1
4050 277685.1
4051 277727.4
4052 277776.4
4053 277823
4054 277867.3
4055 277911.2
4056 277917.4
4057 277923.3
4058 277930.1
4059 277938.1
4060 277947.7
4061 277959.2
4062 277970.6
4063 277983.8
4064 277998.9
4065 278015.7
4066 278034.1
4067 278053.8
4068 278074.8
4069 278096.7
4070 278119.4
4071 278144.3
4072 278191.2
4073 278236.7
4074 278280.9
4075 278323.7
4076 278365.3
4077 278405.6
4078 278444.5
4079 278482.3
4080 278518.7
4081 278554
4082 278595.1
4083 278634.3
4084 278671.6
4085 278706.8
4086 278739.8
4087 278770.3
4088 278798.4
4089 278824.3
4090 278847.7
4091 278851
4092 278854.4
4093 278858.4
4094 278863.2
4095 278868.8
4096 278875.5
4097 278883.5
4098 278892.7
4099 278903.4
4100 278915.6
4101 278928.1
4102 278940.2
4103 278951
4104 278960.6
4105 278968.8
4106 278975.5
4107 278980.8
4108 278984.5
4109 278986.7
4110 278987.4
4111 278986.6
4112 278982.9
4113 278977.3
4114 278969.7
4115 278960.1
4116 278948.5
4117 278934.9
4118 278919.4
4119 278901.9
4120 278882.5
4121 278861.2
4122 278838
4123 278812.9
4124 278786
4125 278757.3
4126 278748.8
4127 278748.1
4128 278745.4
4129 278740.6
4130 278740
4131 278739.4
4132 278738.8
4133 278738
4134 278737.2
4135 278735.9
4136 278734
4137 278731.3
4138 278727.2
4139 278721.2
4140 278713.2
4141 278703.3
4142 278692.4
4143 278680.6
4144 278667.8
4145 278654.2
4146 278639.9
4147 278624.8
4148 278609
4149 278592.5
4150 278575.4
4151 278557.6
4152 278539.2
4153 278520.2
4154 278500.5
4155 278480.3
4156 278459.3
4157 278437.8
4158 278415.6
4159 278392.7
4160 278369.1
4161 278344.9
4162 278320.1
4163 278294.5
4164 278268.3
4165 278241.6
4166 278214.1
4167 278185.7
4168 278156.5
4169 278126.3
4170 278095.1
4171 278063.1
4172 278029.9
4173 277995.8
4174 277960.6
4175 277924.3
4176 277886.9
4177 277848.5
4178 277808.9
4179 277768.3
4180 277726.5
4181 277683.6
4182 277639.6
4183 277594.4
4184 277548.1
4185 277500.6
4186 277451.9
4187 277402.1
4188 277351
4189 277298.8
4190 277245.2
4191 277190.3
4192 277133.8
4193 277075.7
4194 277016.1
4195 276954.9
4196 276892.3
4197 276828
4198 276762.4
4199 276695.4
4200 276627.3
4201 276559.4
4202 276490.2
4203 276419.6
4204 276347.6
4205 276274.3
4206 276199.7
4207 276123.7
4208 276046.4
4209 275967.8
4210 275887.9
4211 275806.6
4212 275724
4213 275640
4214 275554.6
4215 275467.9
4216 275379.9
4217 275290.5
4218 275199.8
4219 275107.7
4220 275014.3
4221 274919.5
4222 274823.4
4223 274726.9
4224 274630.1
4225 274533
4226 274435.6
4227 274337.8
4228 274239.8
4229 274141.3
4230 274042.4
4231 273943.1
4232 273825.5
4233 273707
4234 273585.8
4235 273462.2
4236 273338.5
4237 273214.1
4238 273087.6
4239 272959.4
4240 272829.5
4241 272698.5
4242 272566.5
4243 272433.8
4244 272300.9
4245 272167.9
4246 272034.8
4247 271901.6
4248 271767.9
4249 271634.9
4250 271502.6
4251 271370.9
4252 271239.8
4253 271109.2
4254 270978.9
4255 270849
4256 270719.3
4257 270589.6
4258 270460
4259 270330.3
4260 270200.5
4261 270070.6
4262 269915.3
4263 269759.8
4264 269604.2
4265 269448.4
4266 269292.7
4267 269137.1
4268 268981.7
4269 268826.7
4270 268672
4271 268517.8
4272 268364.1
4273 268227
4274 268264.9
4275 268300.7
4276 268334.4
4277 268366
4278 268395.6
4279 268399.9
4280 268404
4281 268408.7
4282 268414.3
4283 268419.7
4284 268426.2
4285 268433.9
4286 268443.2
4287 268454.1
4288 268466.4
4289 268479.5
4290 268493.1
4291 268507.1
4292 268521.2
4293 268535.1
4294 268549.3
4295 268562
4296 268573.4
4297 268583.4
4298 268592.3
4299 268599.9
4300 268606.3
4301 268611.6
4302 268615.8
4303 268618.8
4304 268620.7
4305 268621.3
4306 268620.6
4307 268618.7
4308 268622.1
4309 268624.3
4310 268626.7
4311 268629.8
4312 268633.8
4313 268638.9
4314 268645.2
4315 268653
4316 268662.4
4317 268673.8
4318 268687.3
4319 268702.3
4320 268717.7
4321 268732.5
4322 268747
4323 268760.9
4324 268773.9
4325 268786.3
4326 268798
4327 268809.1
4328 268819.7
4329 268829.8
4330 268839.3
4331 268848.3
4332 268856.8
4333 268864.8
4334 268872.3
4335 268879
4336 268885.3
4337 268890.7
4338 268895.4
4339 268899.3
4340 268902.2
4341 268904.1
4342 268905.1
4343 268905
4344 268903.9
4345 268901.8
4346 268902.7
4347 268903.3
4348 268903.7
4349 268903.8
4350 268903.7
4351 268903.3
4352 268902.6
4353 268901.4
4354 268899.5
4355 268896.6
4356 268892.7
4357 268887.8
4358 268881.7
4359 268875.1
4360 268867.8
4361 268859.9
4362 268851.5
4363 268842.4
4364 268832.7
4365 268822.4
4366 268811.5
4367 268800
4368 268787.8
4369 268775.1
4370 268761.7
4371 268747.7
4372 268732.9
4373 268717.6
4374 268701.5
4375 268684.8
4376 268667.4
4377 268649.3
4378 268630.4
4379 268610.8
4380 268590.4
4381 268569.2
4382 268547.3
4383 268524.5
4384 268501
4385 268476.6
4386 268451.4
4387 268425.3
4388 268404.2
4389 268392.1
4390 268378.9
4391 268364.7
4392 268349.3
4393 268332.9
4394 268315.3
4395 268296.4
4396 268276.5
4397 268255.4
4398 268233.2
4399 268209.9
4400 268185.6
4401 268160.3
4402 268134
4403 268106.8
4404 268078.6
4405 268049.6
4406 268019.7
4407 267989
4408 267957.6
4409 267925.3
4410 267892.3
4411 267858.6
4412 267810.4
4413 267761
4414 267710.1
4415 267657.9
4416 267604.4
4417 267549.5
4418 267493.3
4419 267435.6
4420 267376.5
4421 267315.8
4422 267253.4
4423 267189.1
4424 267123.2
4425 267055.5
4426 266986.3
4427 266915.5
4428 266867.3
4429 266819.6
4430 266770.4
4431 266719.7
4432 266667.5
4433 266614
4434 266559
4435 266502.7
4436 266445
4437 266386
4438 266325.6
4439 266263.9
4440 266200.9
4441 266136.6
4442 266055.6
4443 265972.5
4444 265887.4
4445 265800.1
4446 265710.8
4447 265619.3
4448 265525.8
4449 265430.2
4450 265332.4
4451 265232.5
4452 265130.8
4453 265027.4
4454 264922.4
4455 264815.5
4456 264706.7
4457 264595.8
4458 264482.7
4459 264367.4
4460 264249.6
4461 264129.4
4462 264006.8
4463 263881.7
4464 263754.1
4465 263624
4466 263612.9
4467 263601.2
4468 263585.9
4469 263566.2
4470 263540.9
4471 263508.7
4472 263467.6
4473 263415.3
4474 263348.7
4475 263263.7
4476 263164.1
4477 263082.9
4478 262977.3
4479 262869.1
4480 262758.4
4481 262645.3
4482 262529.7
4483 262411.6
4484 262291.2
4485 262168.3
4486 262043.2
4487 261915.8
4488 261786.2
4489 261654.4
4490 261520.5
4491 261384.3
4492 261245.4
4493 261103.4
4494 260958.4
4495 260810.5
4496 260660.1
4497 260536.9
4498 260412.1
4499 260282.4
4500 260148.2
4501 260009.8
4502 259835.5
4503 259657.1
4504 259637
4505 259617.4
4506 259593.6
4507 259564.2
4508 259527.7
4509 259482.3
4510 259425.9
4511 259355.8
4512 259268.5
4513 259159.5
4514 259034.2
4515 258896.4
4516 258757.7
4517 258618.2
4518 258477.8
4519 258336.3
4520 258193.9
4521 258050.3
4522 257905.6
4523 257759.7
4524 257612.7
4525 257464.4
4526 257315
4527 257164.4
4528 257012.6
4529 256859.7
4530 256705.6
4531 256550.4
4532 256485
4533 256419.4
4534 256353.8
4535 256288
4536 256222.2
4537 256156.1
4538 256090
4539 256023.7
4540 255957.2
4541 255894.3
4542 255840.4
4543 255786.4
4544 255732.2
4545 255677.8
4546 255623.2
4547 255568.3
4548 255513.4
4549 255458.2
4550 255402.9
4551 255347.4
4552 255291.7
4553 255235.9
4554 255179.9
4555 255123.7
4556 255067.4
4557 255011
4558 254954.5
4559 254897.8
4560 254841
4561 254784.1
4562 254774.6
4563 254765.2
4564 254755.7
4565 254746.1
4566 254736.5
4567 254726.9
4568 254717.3
4569 254707.7
4570 254698.1
4571 254688.4
4572 254678.7
4573 254669.1
4574 254659.4
4575 254649.7
4576 254640
4577 254630.3
4578 254620.6
4579 254610.9
4580 254601.2
4581 254591.5
4582 254581.7
4583 254572
4584 254562.3
4585 254552.6
4586 254542.8
4587 254533.1
4588 254523.3
4589 254513.6
4590 254503.8
4591 254494
4592 254491
4593 254487.9
4594 254484.8
4595 254481.6
4596 254478.5
4597 254475.4
4598 254472.3
4599 254469.2
4600 254466
4601 254462.9
4602 254459.8
4603 254456.7
4604 254453.5
4605 254450.4
4606 254447.3
4607 254444.1
4608 254441
4609 254437.9
4610 254424.5
4611 254421.3
4612 254418.2
4613 254415
4614 254411.9
4615 254408.7
4616 254405.6
4617 254402.4
4618 254399.3
4619 254396.1
4620 254392.9
4621 254389.8
4622 254387.8
4623 254385.9
4624 254384
4625 254382.1
4626 254380.1
4627 254378.2
4628 254376.3
4629 254374.4
4630 254372.4
4631 254370.5
4632 254368.6
4633 254366.6
4634 254364.7
4635 254362.8
4636 254360.9
4637 254359
4638 254357
4639 254355.1
4640 254353.1
4641 254351.2
4642 254349.3
4643 254347.3
4644 254345.3
4645 254343.4
4646 254341.5
4647 254339.5
4648 254337.6
4649 254335.6
4650 254333.7
4651 254331.7
4652 254329.8
4653 254327.8
4654 254325.9
4655 254323.9
4656 254322
4657 254320
4658 254318.1
4659 254316.1
4660 254314.2
4661 254312.3
4662 254310.3
4663 254308.5
4664 254306.9
4665 254305.3
4666 254303.7
4667 254302.1
4668 254300.5
4669 254299
4670 254297.4
4671 254295.8
4672 254294.2
4673 254292.6
4674 254291
4675 254289.4
4676 254287.9
4677 254286.3
4678 254284.7
4679 254283.1
4680 254281.5
4681 254279.9
4682 254278.3
4683 254276.8
4684 254275.2
4685 254273.6
4686 254272
4687 254270.4
4688 254268.8
4689 254267.2
4690 254265.7
4691 254264
4692 254262.4
4693 254260.8
4694 254259.2
4695 254257.6
4696 254256
4697 254254.4
4698 254252.8
4699 254251.2
4700 254249.6
4701 254248
4702 254246.4
4703 254244.8
4704 254243.2
4705 254241.5
4706 254239.9
4707 254238.3
4708 254236.7
4709 254235.1
4710 254233.5
4711 254231.9
4712 254230.3
4713 254228.7
4714 254227.1
4715 254225.5
4716 254223.9
4717 254222.3
4718 254220.7
4719 254219
4720 254217.4
4721 254215.8
4722 254214.2
4723 254212.6
4724 254211
4725 254209.4
4726 254207.8
4727 254206.2
4728 254204.6
4729 254203
4730 254201.4
4731 254199.8
4732 254198.1
4733 254196.5
4734 254194.9
4735 254193.3
4736 254191.7
4737 254190.1
4738 254188.5
4739 254186.9
4740 254185.3
4741 254183.7
4742 254182
4743 254180.4
4744 254178.8
4745 254177.2
4746 254175.6
4747 254173.9
4748 254172.3
4749 254170.7
4750 254169.1
4751 254167.5
4752 254165.8
4753 254164.2
4754 254162.6
4755 254161
4756 254159.3
4757 254157.7
4758 254156.1
4759 254154.5
4760 254152.8
4761 254151.2
4762 254149.6
4763 254148
4764 254146.3
4765 254144.7
4766 254143.1
4767 254141.5
4768 254139.9
4769 254138.2
4770 254136.6
4771 254135
4772 254133.4
4773 254131.8
4774 254130.1
4775 254128.5
4776 254126.9
4777 254125.3
4778 254123.6
4779 254122
4780 254120.4
4781 254118.8
4782 254117.1
4783 254115.5
4784 254113.9
4785 254112.3
4786 254110.7
4787 254109
4788 254107.4
4789 254105.8
4790 254104.1
4791 254102.5
4792 254100.9
4793 254099.2
4794 254097.6
4795 254095.9
4796 254094.3
4797 254092.6
4798 254091
4799 254089.3
4800 254087.7
4801 254086.1
4802 254084.4
4803 254082.8
4804 254081.1
4805 254079.5
4806 254077.8
4807 254076.2
4808 254074.5
4809 254072.9
4810 254071.3
4811 254069.6
4812 254068
4813 254066.3
4814 254064.7
4815 254063
4816 254061.4
4817 254059.8
4818 254058.1
4819 254056.5
4820 254054.8
4821 254053.2
4822 254051.5
4823 254049.9
4824 254048.3
4825 254046.6
4826 254045
4827 254043.3
4828 254041.7
4829 254040.1
4830 254038.4
4831 254036.8
4832 254034
4833 254031.3
4834 254028.5
4835 254025.8
4836 254023
4837 254020.3
4838 254017.5
4839 254014.7
4840 254012
4841 254009.2
4842 254006.4
4843 254003.7
4844 254000.9
4845 253998.2
4846 253995.4
4847 253992.6
4848 253989.8
4849 253987.1
4850 253984.3
4851 253981.5
4852 253978.7
4853 253976
4854 253973.2
4855 253970.4
4856 253967.6
4857 253964.8
4858 253962.1
4859 253959.3
4860 253956.5
4861 253953.7
4862 253948.9
4863 253944.1
4864 253939.2
4865 253934.4
4866 253929.6
4867 253924.7
4868 253919.9
4869 253915
4870 253910.2
4871 253905.3
4872 253900.4
4873 253895.6
4874 253890.8
4875 253885.9
4876 253881
4877 253876.2
4878 253871.3
4879 253866.4
4880 253861.6
4881 253856.7
4882 253851.8
4883 253847
4884 253842.1
4885 253837.2
4886 253832.3
4887 253827.5
4888 253822.6
4889 253817.7
4890 253812.8
4891 253807.8
4892 253802.9
4893 253797.9
4894 253793
4895 253788
4896 253783
4897 253778
4898 253773
4899 253768
4900 253763
4901 253758
4902 253752.9
4903 253747.9
4904 253742.8
4905 253737.7
4906 253732.6
4907 253727.5
4908 253722.4
4909 253717.3
4910 253712.2
4911 253707.1
4912 253701.9
4913 253696.8
4914 253691.6
4915 253686.4
4916 253681.2
4917 253676
4918 253670.8
4919 253665.6
4920 253660.4
4921 253655.1
4922 253649.9
4923 253644.6
4924 253639.4
4925 253634.1
4926 253628.8
4927 253623.5
4928 253618.2
4929 253612.9
4930 253607.5
4931 253602.2
4932 253596.9
4933 253591.5
4934 253586.1
4935 253580.8
4936 253575.4
4937 253570
4938 253564.6
4939 253559.2
4940 253553.8
4941 253548.4
4942 253543
4943 253537.5
4944 253532.1
4945 253526.6
4946 253521.2
4947 253515.7
4948 253510.2
4949 253504.8
4950 253499.3
4951 253493.8
4952 253491.8
4953 253489.8
4954 253487.9
4955 253485.9
4956 253484
4957 253482.1
4958 253480.2
4959 253478.3
4960 253476.3
4961 253474.5
4962 253472.6
4963 253470.7
4964 253468.8
4965 253466.9
4966 253465
4967 253463.1
4968 253461.2
4969 253459.3
4970 253457.4
4971 253455.5
4972 253453.6
4973 253451.7
4974 253449.8
4975 253447.9
4976 253446
4977 253444.1
4978 253442.2
4979 253440.3
4980 253438.4
4981 253436.5
4982 253434.5
4983 253432.6
4984 253430.7
4985 253428.8
4986 253426.9
4987 253425
4988 253423.1
4989 253421.2
4990 253419.2
4991 253417.3
4992 253415.4
4993 253413.5
4994 253411.6
4995 253409.7
4996 253407.8
4997 253405.8
4998 253403.9
4999 253402
5000 253400
5001 253398.1
5002 253396.2
5003 253394.2
5004 253392.3
5005 253390.4
5006 253388.4
5007 253386.5
5008 253384.5
5009 253382.6
5010 253380.7
5011 253378.8
5012 253376.8
5013 253374.9
5014 253372.9
5015 253371
5016 253369.1
5017 253367.1
5018 253365.2
5019 253363.3
5020 253361.3
5021 253359.4
5022 253357.4
5023 253355.5
5024 253353.5
5025 253351.6
5026 253349.6
5027 253347.7
5028 253345.8
5029 253343.8
5030 253341.8
5031 253339.9
5032 253337.9
5033 253335.9
5034 253334
5035 253332
5036 253330.1
5037 253328.1
5038 253326.1
5039 253324.2
5040 253322.2
5041 253320.2
5042 253317.8
5043 253315.3
5044 253312.8
5045 253310.3
5046 253307.9
5047 253305.4
5048 253302.9
5049 253300.4
5050 253297.9
5051 253295.4
5052 253292.9
5053 253290.4
5054 253287.9
5055 253285.3
5056 253282.8
5057 253280.3
5058 253277.8
5059 253275.3
5060 253272.8
5061 253270.3
5062 253267.8
5063 253265.3
5064 253262.8
5065 253260.3
5066 253257.8
5067 253255.2
5068 253252.7
5069 253250.2
5070 253247.7
5071 253245.1
5072 253241.1
5073 253237.2
5074 253233.1
5075 253229.1
5076 253225.1
5077 253221
5078 253217
5079 253213
5080 253208.9
5081 253204.9
5082 253200.8
5083 253196.7
5084 253192.6
5085 253188.6
5086 253184.5
5087 253180.5
5088 253176.4
5089 253172.3
5090 253168.3
5091 253164.2
5092 253160.2
5093 253156.1
5094 253152
5095 253148
5096 253143.9
5097 253139.9
5098 253135.8
5099 253131.8
5100 253127.7
5101 253123.7
5102 253118.7
5103 253113.6
5104 253108.5
5105 253103.5
5106 253098.5
5107 253093.4
5108 253088.3
5109 253083.3
5110 253078.2
5111 253073.2
5112 253068.1
5113 253063.1
5114 253058.1
5115 253053
5116 253048
5117 253043
5118 253037.9
5119 253032.9
5120 253027.9
5121 253022.9
5122 253017.9
5123 253012.9
5124 253007.9
5125 253002.9
5126 252997.9
5127 252992.9
5128 252988
5129 252983
5130 252978
5131 252973
5132 252965
5133 252957
5134 252949
5135 252941
5136 252932.9
5137 252924.9
5138 252916.9
5139 252908.8
5140 252900.8
5141 252892.8
5142 252884.8
5143 252876.9
5144 252868.9
5145 252860.9
5146 252853
5147 252845
5148 252837.2
5149 252829.3
5150 252821.4
5151 252813.5
5152 252805.6
5153 252797.8
5154 252789.9
5155 252782.1
5156 252774.3
5157 252766.5
5158 252758.7
5159 252750.9
5160 252743.2
5161 252735.4
5162 252723.3
5163 252711.1
5164 252699
5165 252686.8
5166 252674.7
5167 252662.7
5168 252650.6
5169 252638.6
5170 252626.6
5171 252614.6
5172 252602.6
5173 252590.7
5174 252578.8
5175 252566.9
5176 252555.1
5177 252543.3
5178 252531.5
5179 252519.7
5180 252508
5181 252496.3
5182 252484.6
5183 252473
5184 252461.3
5185 252449.7
5186 252438.2
5187 252426.6
5188 252415.1
5189 252403.6
5190 252392.1
5191 252380.6
5192 252362.5
5193 252344.5
5194 252326.5
5195 252316.8
5196 252323.8
5197 252330.7
5198 252337.6
5199 252344.6
5200 252351.6
5201 252358.6
5202 252365.5
5203 252372.5
5204 252379.6
5205 252386.6
5206 252393.6
5207 252400.7
5208 252407.7
5209 252414.8
5210 252421.9
5211 252429
5212 252436.1
5213 252443.2
5214 252450.3
5215 252457.5
5216 252464.6
5217 252471.8
5218 252479
5219 252486.2
5220 252493.4
5221 252500.6
5222 252512.8
5223 252525.1
5224 252537.5
5225 252549.9
5226 252562.3
5227 252574.8
5228 252587.3
5229 252599.8
5230 252612.4
5231 252625
5232 252637.6
5233 252650.3
5234 252663
5235 252675.8
5236 252688.6
5237 252701.4
5238 252714.3
5239 252727.2
5240 252740.1
5241 252753.1
5242 252766.1
5243 252779.2
5244 252792.2
5245 252805.3
5246 252818.5
5247 252831.6
5248 252844.8
5249 252858.1
5250 252871.3
5251 252884.6
5252 252907.8
5253 252931
5254 252954.4
5255 252977.9
5256 253001.5
5257 253025.2
5258 253048.9
5259 253072.8
5260 253096.8
5261 253120.8
5262 253145
5263 253169.2
5264 253193.5
5265 253217.9
5266 253242.4
5267 253267
5268 253291.6
5269 253316.4
5270 253341.2
5271 253366
5272 253391
5273 253416
5274 253441.1
5275 253466.3
5276 253491.6
5277 253516.9
5278 253542.3
5279 253567.8
5280 253593.3
5281 253619
5282 253663.7
5283 253708.6
5284 253753.8
5285 253799.3
5286 253845
5287 253891
5288 253937.2
5289 253983.7
5290 254030.4
5291 254077.3
5292 254124.5
5293 254171.9
5294 254219.5
5295 254267.4
5296 254315.5
5297 254363.8
5298 254412.3
5299 254461.1
5300 254510.2
5301 254559.5
5302 254609
5303 254658.8
5304 254708.9
5305 254759.3
5306 254763.4
5307 254767.7
5308 254773.4
5309 254780.7
5310 254790
5311 254801.8
5312 254816.7
5313 254835.5
5314 254859.2
5315 254889.1
5316 254923.8
5317 254962
5318 255014
5319 255066.3
5320 255119
5321 255172.2
5322 255225.8
5323 255279.9
5324 255334.5
5325 255389.5
5326 255444.8
5327 255500.5
5328 255556.5
5329 255612.9
5330 255669.7
5331 255752.9
5332 255839.3
5333 255926.6
5334 256014.9
5335 256104.2
5336 256194.3
5337 256285.3
5338 256377.1
5339 256469.8
5340 256563.4
5341 256657.8
5342 256761.4
5343 256866
5344 256971.7
5345 257078.3
5346 257186
5347 257294.6
5348 257404.1
5349 257514.6
5350 257626
5351 257738.4
5352 257851.5
5353 257965.6
5354 258080.4
5355 258196.1
5356 258312.5
5357 258429.7
5358 258547.5
5359 258666.1
5360 258785.4
5361 258905.2
5362 259025.7
5363 259146.6
5364 259268.1
5365 259390.1
5366 259512.5
5367 259635.3
5368 259758.4
5369 259881.8
5370 260005.5
5371 260129.5
5372 260268.4
5373 260407.4
5374 260546.5
5375 260685.6
5376 260824.7
5377 260963.6
5378 261102.3
5379 261240.8
5380 261379
5381 261516.9
5382 261654.3
5383 261791.3
5384 261927.8
5385 262063.7
5386 262199
5387 262333.8
5388 262467.8
5389 262601.1
5390 262733.6
5391 262865.4
5392 262996.4
5393 263126.5
5394 263255.8
5395 263384.2
5396 263511.7
5397 263638.3
5398 263763.9
5399 263888.7
5400 264012.4
5401 264135.3
5402 264257.1
5403 264377.9
5404 264497.8
5405 264616.7
5406 264734.6
5407 264851.6
5408 264967.6
5409 265082.6
5410 265196.8
5411 265207.1
5412 265217.7
5413 265231.4
5414 265248.8
5415 265270.9
5416 265298.6
5417 265333.3
5418 265376.8
5419 265430.9
5420 265498.2
5421 265575.1
5422 265658.6
5423 265741.6
5424 265823.8
5425 265905.6
5426 265986.7
5427 266067.3
5428 266147.3
5429 266226.7
5430 266305.6
5431 266384
5432 266461.9
5433 266539.3
5434 266616.3
5435 266692.7
5436 266768.8
5437 266844.3
5438 266919.6
5439 266994.3
5440 267068.7
5441 267142.7
5442 267216.3
5443 267223.7
5444 267231.1
5445 267240.3
5446 267251.9
5447 267266.3
5448 267284.4
5449 267306.9
5450 267329.5
5451 267355.2
5452 267384.2
5453 267416.4
5454 267451.7
5455 267490.1
5456 267531.7
5457 267576.4
5458 267624.1
5459 267674.8
5460 267728.6
5461 267782.1
5462 267842.5
5463 267902.7
5464 267962.7
5465 268022.5
5466 268082.1
5467 268141.5
5468 268200.6
5469 268259.6
5470 268318.5
5471 268377.1
5472 268435.6
5473 268493.9
5474 268552.1
5475 268610
5476 268667.9
5477 268725.6
5478 268783.2
5479 268840.6
5480 268897.9
5481 268955.1
5482 269012.1
5483 269069
5484 269125.8
5485 269182.5
5486 269239
5487 269295.4
5488 269351.8
5489 269407.9
5490 269464
5491 269520
5492 269575.8
5493 269631.5
5494 269687.2
5495 269742.7
5496 269798.1
5497 269853.4
5498 269908.6
5499 269963.7
5500 270018.7
5501 270073.5
5502 270128.3
5503 270134.3
5504 270140.2
5505 270147.4
5506 270156.3
5507 270167.1
5508 270180.7
5509 270197.5
5510 270218.4
5511 270244.4
5512 270276.9
5513 270314.1
5514 270354.7
5515 270395.3
5516 270435.9
5517 270476.4
5518 270516.8
5519 270557.2
5520 270597.5
5521 270637.7
5522 270677.8
5523 270717.9
5524 270757.9
5525 270797.8
5526 270837.6
5527 270877.3
5528 270916.9
5529 270956.4
5530 270995.8
5531 271035.1
5532 271074.3
5533 271113.3
5534 271152.3
5535 271191.2
5536 271229.9
5537 271268.5
5538 271307
5539 271345.4
5540 271383.6
5541 271421.8
5542 271459.5
5543 271496.8
5544 271533.8
5545 271537.4
5546 271541.1
5547 271545.7
5548 271551.5
5549 271558.8
5550 271567.8
5551 271576.9
5552 271587.8
5553 271600.7
5554 271615.3
5555 271631.8
5556 271650.1
5557 271670.2
5558 271692.1
5559 271715.8
5560 271741.2
5561 271768.3
5562 271795.4
5563 271822.3
5564 271848.8
5565 271874.7
5566 271899.8
5567 271924.3
5568 271947.9
5569 271970.8
5570 271992.8
5571 272013.9
5572 272034.1
5573 272053.4
5574 272071.8
5575 272089.3
5576 272105.8
5577 272121.5
5578 272136.3
5579 272150.1
5580 272163.1
5581 272175.1
5582 272191.9
5583 272207.1
5584 272220.7
5585 272232.9
5586 272243.8
5587 272253.4
5588 272261.9
5589 272269.3
5590 272275.8
5591 272281.4
5592 272275.9
5593 272271.9
5594 272274.3
5595 272281.2
5596 272289.6
5597 272299.9
5598 272312.6
5599 272328.4
5600 272348.1
5601 272372.5
5602 272400.5
5603 272431.1
5604 272434.8
5605 272438.3
5606 272442.5
5607 272447.6
5608 272453.7
5609 272461.3
5610 272470.8
5611 272480.2
5612 272491
5613 272503.1
5614 272516.5
5615 272531.3
5616 272547.4
5617 272564.8
5618 272567
5619 272569.3
5620 272571.8
5621 272574.9
5622 272578.7
5623 272583.4
5624 272589.2
5625 272596.3
5626 272605.3
5627 272616.4
5628 272629.2
5629 272643.1
5630 272657.1
5631 272658.8
5632 272660.5
5633 272662.4
5634 272664.7
5635 272667.5
5636 272671
5637 272675.3
5638 272680.6
5639 272687.3
5640 272695.6
5641 272705.1
5642 272706.3
5643 272707.5
5644 272708.9
5645 272710.6
5646 272712.7
5647 272715.3
5648 272718.5
5649 272722.5
5650 272727.5
5651 272733.6
5652 272740.7
5653 272748.5
5654 272756.3
5655 272764.1
5656 272771.8
5657 272779.7
5658 272780.7
5659 272781.7
5660 272782.8
5661 272784
5662 272785.6
5663 272787.5
5664 272790
5665 272792.9
5666 272796.6
5667 272801.2
5668 272805.8
5669 272810.6
5670 272815.5
5671 272820.3
5672 272825.3
5673 272830.3
5674 272835.5
5675 272840.8
5676 272846.1
5677 272851.5
5678 272857.1
5679 272862.7
5680 272868.4
5681 272874.1
5682 272879.8
5683 272885.5
5684 272891.3
5685 272897
5686 272902.8
5687 272908.5
5688 272914.3
5689 272920
5690 272925.8
5691 272931.5
5692 272937.3
5693 272943
5694 272948.8
5695 272954.5
5696 272960.3
5697 272965.9
5698 272971.7
5699 272977.4
5700 272983.1
5701 272988.8
5702 272994.6
5703 273000.3
5704 273006
5705 273011.7
5706 273017.4
5707 273023.1
5708 273028.8
5709 273034.5
5710 273040.2
5711 273045.8
5712 273051.6
5713 273059.5
5714 273067.5
5715 273075.4
5716 273083.4
5717 273091.4
5718 273099.3
5719 273107.3
5720 273115.3
5721 273123.2
5722 273131.2
5723 273139.1
5724 273147
5725 273155
5726 273162.9
5727 273170.8
5728 273178.7
5729 273186.6
5730 273194.4
5731 273202.3
5732 273210.2
5733 273218
5734 273225.9
5735 273233.7
5736 273241.6
5737 273249.4
5738 273256.8
5739 273263.7
5740 273270.6
5741 273277.5
5742 273284.4
5743 273291.3
5744 273298.2
5745 273305.1
5746 273311.9
5747 273318.8
5748 273325.6
5749 273332.4
5750 273339.3
5751 273346.1
5752 273352.9
5753 273359.7
5754 273366.5
5755 273373.2
5756 273380
5757 273386.8
5758 273393.5
5759 273400.3
5760 273407
5761 273413.8
5762 273421.9
5763 273430.1
5764 273438.2
5765 273446.3
5766 273454.3
5767 273462.4
5768 273470.4
5769 273478.5
5770 273486.5
5771 273494.5
5772 273502.5
5773 273510.5
5774 273518.4
5775 273526.4
5776 273534.3
5777 273542.3
5778 273550.3
5779 273558.1
5780 273566
5781 273573.9
5782 273581.8
5783 273589.7
5784 273597.5
5785 273605.3
5786 273613.2
5787 273621
5788 273628.8
5789 273636.6
5790 273644.4
5791 273652.2
5792 273661.1
5793 273670
5794 273678.9
5795 273687.7
5796 273696.6
5797 273705.4
5798 273714.2
5799 273723
5800 273731.8
5801 273740.6
5802 273749.3
5803 273758.1
5804 273766.8
5805 273775.5
5806 273784.2
5807 273792.9
5808 273801.6
5809 273810.3
5810 273819
5811 273827.6
5812 273836.3
5813 273844.9
5814 273853.5
5815 273862.1
5816 273870.7
5817 273879.3
5818 273887.9
5819 273896.5
5820 273905.1
5821 273913.6
5822 273922.9
5823 273932.2
5824 273941.5
5825 273950.7
5826 273960
5827 273969.2
5828 273978.4
5829 273987.6
5830 273996.8
5831 274006
5832 274015.2
5833 274024.4
5834 274033.6
5835 274042.8
5836 274051.9
5837 274061.1
5838 274070.2
5839 274079.4
5840 274088.6
5841 274097.7
5842 274106.9
5843 274116.1
5844 274125.2
5845 274134.4
5846 274143.6
5847 274152.8
5848 274161.9
5849 274171.1
5850 274180.3
5851 274189.5
5852 274199.8
5853 274210
5854 274220.3
5855 274230.5
5856 274240.8
5857 274251.1
5858 274261.3
5859 274271.6
5860 274281.9
5861 274292.2
5862 274302.6
5863 274312.9
5864 274323.3
5865 274333.6
5866 274344
5867 274354.4
5868 274364.8
5869 274375.3
5870 274385.7
5871 274396.1
5872 274406.6
5873 274417.1
5874 274427.6
5875 274438.1
5876 274448.7
5877 274459.3
5878 274469.8
5879 274480.5
5880 274491.1
5881 274501.8
5882 274513.3
5883 274524.9
5884 274536.5
5885 274548.1
5886 274559.7
5887 274571.4
5888 274583.1
5889 274594.8
5890 274606.6
5891 274618.3
5892 274630.2
5893 274642.1
5894 274654
5895 274665.9
5896 274677.8
5897 274689.8
5898 274701.9
5899 274714
5900 274726.1
5901 274738.3
5902 274750.4
5903 274762.7
5904 274775
5905 274787.3
5906 274799.6
5907 274812.1
5908 274824.5
5909 274836.9
5910 274849.5
5911 274862
5912 274875.2
5913 274888.4
5914 274901.8
5915 274915.1
5916 274928.5
5917 274941.9
5918 274955.4
5919 274969
5920 274982.6
5921 274996.3
5922 275010
5923 275023.8
5924 275037.6
5925 275051.5
5926 275065.4
5927 275079.4
5928 275093.5
5929 275107.6
5930 275121.8
5931 275136
5932 275150.3
5933 275164.7
5934 275179.1
5935 275193.6
5936 275208.2
5937 275222.8
5938 275237.4
5939 275252.1
5940 275266.9
5941 275281.8
5942 275296.8
5943 275311.8
5944 275326.8
5945 275342
5946 275357.2
5947 275372.5
5948 275387.9
5949 275403.3
5950 275418.8
5951 275436.4
5952 275454.1
5953 275471.8
5954 275489.5
5955 275507.3
5956 275525.2
5957 275543.1
5958 275561.1
5959 275579.1
5960 275597.2
5961 275615.3
5962 275633.5
5963 275651.8
5964 275670.1
5965 275688.5
5966 275706.9
5967 275725.4
5968 275744.1
5969 275762.7
5970 275781.4
5971 275800.3
5972 275819.2
5973 275838.1
5974 275857.1
5975 275876.2
5976 275895.4
5977 275914.6
5978 275934
5979 275953.4
5980 275972.9
5981 275992.4
5982 276012.1
5983 276031.8
5984 276051.5
5985 276071.4
5986 276091.3
5987 276111.1
5988 276130.8
5989 276150.4
5990 276169.8
5991 276189.1
5992 276208.3
5993 276227.3
5994 276246
5995 276264.6
5996 276283.1
5997 276301.3
5998 276319.4
5999 276337.3
6000 276354.9
6001 276372.3
6002 276391.7
6003 276410.8
6004 276429.6
6005 276448.2
6006 276466.6
6007 276484.7
6008 276502.6
6009 276520.2
6010 276537.6
6011 276554.7
6012 276571.6
6013 276588.3
6014 276604.8
6015 276621
6016 276637
6017 276652.8
6018 276668.3
6019 276683.2
6020 276697.7
6021 276711.9
6022 276726.1
6023 276740
6024 276753.8
6025 276767.4
6026 276780.8
6027 276794.2
6028 276807.3
6029 276820.3
6030 276833.2
6031 276845.9
6032 276860.4
6033 276874.6
6034 276888.7
6035 276902.6
6036 276916.4
6037 276930
6038 276943.6
6039 276957.1
6040 276970.6
6041 276983.9
6042 276997.2
6043 277010.4
6044 277023.7
6045 277036.8
6046 277050
6047 277063.1
6048 277076.2
6049 277089.3
6050 277102.5
6051 277115.6
6052 277128.8
6053 277141.9
6054 277155.1
6055 277168.4
6056 277181.7
6057 277195
6058 277208.3
6059 277221.8
6060 277235.2
6061 277248.8
6062 277263.6
6063 277278.4
6064 277293.3
6065 277308.3
6066 277323.3
6067 277338.4
6068 277353.6
6069 277368.8
6070 277384.2
6071 277399.6
6072 277415.1
6073 277430.6
6074 277446.3
6075 277462.1
6076 277477.9
6077 277493.9
6078 277509.9
6079 277526.1
6080 277542.4
6081 277558.7
6082 277575.1
6083 277591.6
6084 277608.3
6085 277625
6086 277641.8
6087 277658.7
6088 277675.8
6089 277692.8
6090 277710.1
6091 277727.4
6092 277746.4
6093 277765.6
6094 277784.5
6095 277803.1
6096 277821.4
6097 277839.4
6098 277857.1
6099 277874.5
6100 277891.5
6101 277908.3
6102 277924.6
6103 277940.7
6104 277956.4
6105 277971.8
6106 277986.8
6107 278001.5
6108 278015.9
6109 278029.9
6110 278043.7
6111 278057.1
6112 278070.1
6113 278082.9
6114 278095.3
6115 278107.5
6116 278119.4
6117 278139.8
6118 278167.3
6119 278195.3
6120 278223.8
6121 278252.8
6122 278282.2
6123 278312.2
6124 278342.8
6125 278373.8
6126 278405.4
6127 278437.6
6128 278470.3
6129 278503.6
6130 278537.4
6131 278571.9
6132 278606.8
6133 278642.3
6134 278678.4
6135 278715.1
6136 278752.2
6137 278789.9
6138 278828.1
6139 278866.8
6140 278906
6141 278945.7
6142 278985.8
6143 279026.4
6144 279067.4
6145 279108.8
6146 279150.6
6147 279192.8
6148 279235.3
6149 279278.2
6150 279321.3
6151 279364.8
6152 279408.5
6153 279452.5
6154 279496.7
6155 279541.1
6156 279585.6
6157 279630.3
6158 279675
6159 279719.8
6160 279764.7
6161 279809.8
6162 279855.3
6163 279900.9
6164 279946.9
6165 279993.2
6166 280039.7
6167 280086.5
6168 280133.5
6169 280180.8
6170 280228.3
6171 280276
6172 280324
6173 280372.1
6174 280420.5
6175 280469
6176 280517.6
6177 280566.4
6178 280615.5
6179 280664.6
6180 280713.8
6181 280763
6182 280812.4
6183 280861.8
6184 280911.2
6185 280960.7
6186 281009.9
6187 281059
6188 281108
6189 281156.9
6190 281205.7
6191 281254.4
6192 281302.9
6193 281351.3
6194 281399.4
6195 281447.4
6196 281495.2
6197 281542.7
6198 281590
6199 281637.1
6200 281683.8
6201 281730.3
6202 281776.6
6203 281822.5
6204 281868.1
6205 281913.4
6206 281958.3
6207 282002.9
6208 282047.2
6209 282091
6210 282134.5
6211 282177.7
6212 282220.4
6213 282262.8
6214 282304.7
6215 282346.2
6216 282387.3
6217 282428
6218 282468.3
6219 282508.2
6220 282547.6
6221 282586.6
6222 282625.2
6223 282663.3
6224 282701
6225 282738.3
6226 282743.9
6227 282749.2
6228 282755
6229 282761.6
6230 282769.5
6231 282779
6232 282790.5
6233 282804.7
6234 282822
6235 282843.4
6236 282867.7
6237 282894
6238 282920.2
6239 282946.2
6240 282972
6241 282997.7
6242 283023.1
6243 283048.3
6244 283073.3
6245 283098.1
6246 283122.7
6247 283146.9
6248 283171.1
6249 283194.9
6250 283218.5
6251 283241.9
6252 283265.1
6253 283288
6254 283310.7
6255 283333.2
6256 283355.4
6257 283377.4
6258 283399.1
6259 283420.7
6260 283442
6261 283463.1
6262 283484
6263 283504.7
6264 283525.1
6265 283545.3
6266 283565.3
6267 283585.2
6268 283604.8
6269 283624.2
6270 283643.4
6271 283662.3
6272 283681.1
6273 283699.7
6274 283718.1
6275 283736.3
6276 283754.3
6277 283772
6278 283789.6
6279 283807
6280 283824.2
6281 283841.2
6282 283858.1
6283 283874.7
6284 283891.2
6285 283907.4
6286 283923.5
6287 283939.4
6288 283955.2
6289 283970.7
6290 283986.1
6291 284001.3
6292 284016.3
6293 284031.1
6294 284045.8
6295 284060.3
6296 284074.6
6297 284088.8
6298 284102.8
6299 284116.6
6300 284117.9
6301 284119.3
6302 284120.9
6303 284123.1
6304 284125.8
6305 284129.2
6306 284132.5
6307 284136.5
6308 284141.2
6309 284146.6
6310 284152.6
6311 284159.3
6312 284166.6
6313 284174.5
6314 284183.1
6315 284192.2
6316 284201.8
6317 284212.2
6318 284222.4
6319 284232.6
6320 284242.7
6321 284252.7
6322 284262.5
6323 284272.2
6324 284281.8
6325 284291.3
6326 284300.8
6327 284310.1
6328 284319.3
6329 284328.5
6330 284337.5
6331 284346.5
6332 284356.1
6333 284365.7
6334 284375.1
6335 284384.4
6336 284393.6
6337 284402.7
6338 284411.7
6339 284420.6
6340 284429.3
6341 284438
6342 284446.6
6343 284455
6344 284463.4
6345 284471.6
6346 284479.8
6347 284487.8
6348 284495.8
6349 284503.7
6350 284511.4
6351 284519
6352 284526.7
6353 284534.2
6354 284541.5
6355 284548.8
6356 284556
6357 284563.1
6358 284570.2
6359 284577.1
6360 284583.9
6361 284590.7
6362 284597.8
6363 284604.8
6364 284611.6
6365 284618.4
6366 284625.1
6367 284631.7
6368 284638.2
6369 284644.6
6370 284650.9
6371 284657.1
6372 284663.3
6373 284669.3
6374 284675.3
6375 284681.2
6376 284687.1
6377 284692.8
6378 284698.4
6379 284704.1
6380 284709.6
6381 284715
6382 284720.4
6383 284725.7
6384 284730.9
6385 284736
6386 284741.1
6387 284746.1
6388 284751
6389 284755.9
6390 284760.7
6391 284765.4
6392 284770
6393 284774.7
6394 284779.2
6395 284783.7
6396 284788
6397 284792.4
6398 284796.7
6399 284800.8
6400 284805
6401 284809.1
6402 284813.1
6403 284817.1
6404 284821
6405 284824.9
6406 284828.7
6407 284832.4
6408 284836.1
6409 284839.8
6410 284843.4
6411 284846.9
6412 284850.4
6413 284853.9
6414 284857.2
6415 284860.6
6416 284863.8
6417 284867.1
6418 284870.3
6419 284873.4
6420 284876.5
6421 284879.6
6422 284882.6
6423 284885.5
6424 284888.5
6425 284891.3
6426 284894.2
6427 284897
6428 284899.7
6429 284902.4
6430 284905.1
6431 284907.7
6432 284910.3
6433 284912.9
6434 284915.3
6435 284917.8
6436 284920.3
6437 284922.7
6438 284925.1
6439 284927.4
6440 284929.7
6441 284932
6442 284934.2
6443 284936.4
6444 284938.6
6445 284940.8
6446 284942.8
6447 284944.9
6448 284946.9
6449 284948.9
6450 284950.9
6451 284952.9
6452 284955
6453 284957
6454 284959
6455 284961
6456 284962.9
6457 284964.8
6458 284966.7
6459 284968.5
6460 284970.3
6461 284972
6462 284973.6
6463 284975.3
6464 284976.9
6465 284978.5
6466 284980
6467 284981.4
6468 284982.9
6469 284984.3
6470 284985.6
6471 284986.9
6472 284988.1
6473 284989.4
6474 284990.6
6475 284991.7
6476 284992.8
6477 284993.8
6478 284994.8
6479 284995.7
6480 284996.6
6481 284997.4
6482 284998.2
6483 284998.9
6484 284999.5
6485 285000.1
6486 285000.7
6487 285001.2
6488 285001.6
6489 285002
6490 285002.3
6491 285002.5
6492 285002.7
6493 285002.8
6494 285002.9
6495 285002.8
6496 285002.7
6497 285002.6
6498 285002.3
6499 285002
6500 285001.6
6501 285001.1
6502 285000.6
6503 284999.9
6504 284999.2
6505 284998.4
6506 284997.6
6507 284996.7
6508 284996
6509 284995.5
6510 284995
6511 284994.6
6512 284994.3
6513 284993.9
6514 284993.5
6515 284993
6516 284992.5
6517 284991.9
6518 284991.2
6519 284990.3
6520 284989.3
6521 284988.3
6522 284987.2
6523 284986
6524 284984.8
6525 284983.4
6526 284982.1
6527 284980.7
6528 284979.2
6529 284977.7
6530 284976
6531 284974.4
6532 284972.7
6533 284970.9
6534 284969.1
6535 284967.2
6536 284965.3
6537 284963.3
6538 284961.2
6539 284959.1
6540 284957
6541 284954.8
6542 284952.4
6543 284950.1
6544 284947.7
6545 284945.3
6546 284942.8
6547 284940.2
6548 284937.5
6549 284934.8
6550 284932.1
6551 284929.3
6552 284926.4
6553 284923.5
6554 284920.5
6555 284917.4
6556 284914.3
6557 284911.1
6558 284907.9
6559 284904.6
6560 284901.3
6561 284897.9
6562 284894.4
6563 284890.9
6564 284887.3
6565 284883.6
6566 284879.9
6567 284876.2
6568 284872.3
6569 284868.4
6570 284864.4
6571 284860.4
6572 284856
6573 284851.6
6574 284847
6575 284842.4
6576 284837.8
6577 284833
6578 284828.2
6579 284823.3
6580 284818.3
6581 284813.2
6582 284808.1
6583 284802.8
6584 284797.6
6585 284792.3
6586 284786.8
6587 284781.3
6588 284775.8
6589 284770.1
6590 284764.4
6591 284758.7
6592 284752.8
6593 284746.9
6594 284740.9
6595 284734.8
6596 284728.7
6597 284722.4
6598 284716.2
6599 284709.8
6600 284703.4
6601 284696.9
6602 284690.3
6603 284683.8
6604 284677.1
6605 284670.3
6606 284663.5
6607 284656.6
6608 284649.6
6609 284642.6
6610 284635.5
6611 284628.3
6612 284621.1
6613 284613.8
6614 284606.4
6615 284598.9
6616 284591.4
6617 284583.9
6618 284576.2
6619 284568.5
6620 284560.7
6621 284552.9
6622 284545
6623 284537
6624 284529
6625 284520.9
6626 284512.7
6627 284504.5
6628 284496.2
6629 284487.8
6630 284479.4
6631 284470.9
6632 284462.4
6633 284453.8
6634 284445.1
6635 284436.4
6636 284427.6
6637 284418.7
6638 284409.8
6639 284400.8
6640 284391.7
6641 284382.6
6642 284373.4
6643 284364.1
6644 284354.8
6645 284345.5
6646 284336
6647 284326.4
6648 284316.8
6649 284307.2
6650 284297.5
6651 284287.8
6652 284277.9
6653 284268
6654 284258
6655 284248
6656 284237.9
6657 284227.7
6658 284217.5
6659 284207.2
6660 284196.8
6661 284186.4
6662 284174.7
6663 284162.8
6664 284150.8
6665 284138.8
6666 284126.7
6667 284114.4
6668 284102.1
6669 284089.7
6670 284077.5
6671 284065.3
6672 284067.2
6673 284072.8
6674 284078.5
6675 284084
6676 284089.4
6677 284094.8
6678 284100
6679 284105.1
6680 284110.1
6681 284114.9
6682 284119.6
6683 284124.2
6684 284128.6
6685 284132.9
6686 284137
6687 284141
6688 284144.8
6689 284148.5
6690 284152
6691 284155.3
6692 284158.5
6693 284161.5
6694 284164.3
6695 284166.9
6696 284169.3
6697 284171.5
6698 284173.6
6699 284175.4
6700 284177
6701 284178.4
6702 284179.6
6703 284180.6
6704 284181.4
6705 284181.9
6706 284182.3
6707 284182.4
6708 284182.4
6709 284182.1
6710 284181.6
6711 284180.9
6712 284180
6713 284178.8
6714 284177.5
6715 284175.9
6716 284174.1
6717 284172
6718 284169.8
6719 284167.3
6720 284164.6
6721 284161.7
6722 284158.6
6723 284155.3
6724 284151.8
6725 284147.9
6726 284144
6727 284139.8
6728 284135.3
6729 284130.7
6730 284125.8
6731 284120.8
6732 284115.5
6733 284110
6734 284104.2
6735 284098.3
6736 284092.2
6737 284085.8
6738 284079.1
6739 284072.3
6740 284065.2
6741 284058
6742 284050.5
6743 284042.8
6744 284034.8
6745 284026.7
6746 284018.3
6747 284009.7
6748 284000.9
6749 283991.8
6750 283982.6
6751 283973.2
6752 283963
6753 283952.6
6754 283942
6755 283931.2
6756 283920.2
6757 283908.9
6758 283897.4
6759 283885.8
6760 283873.8
6761 283861.7
6762 283849.4
6763 283836.8
6764 283824
6765 283811
6766 283797.7
6767 283784.2
6768 283770.5
6769 283756.5
6770 283742.4
6771 283728
6772 283713.3
6773 283698.5
6774 283683.3
6775 283668
6776 283652.4
6777 283636.6
6778 283620.6
6779 283604.3
6780 283587.7
6781 283570.9
6782 283551.8
6783 283532.3
6784 283512.5
6785 283492.4
6786 283472
6787 283451.3
6788 283430.3
6789 283409
6790 283387.4
6791 283365.5
6792 283343.3
6793 283320.7
6794 283297.9
6795 283274.8
6796 283251.3
6797 283227.6
6798 283203.6
6799 283179.3
6800 283154.7
6801 283129.7
6802 283104.5
6803 283079
6804 283053.2
6805 283027.1
6806 283000.7
6807 282974
6808 282947
6809 282919.7
6810 282892.1
6811 282864.3
6812 282834.4
6813 282804.2
6814 282773.6
6815 282742.7
6816 282711.6
6817 282680.1
6818 282648.3
6819 282616.2
6820 282583.9
6821 282551.2
6822 282518.2
6823 282484.9
6824 282451.3
6825 282417.5
6826 282383.4
6827 282349
6828 282314.3
6829 282279.4
6830 282244.1
6831 282208.6
6832 282172.9
6833 282136.8
6834 282100.6
6835 282064
6836 282027.2
6837 281990.2
6838 281952.9
6839 281915.4
6840 281877.6
6841 281839.6
6842 281797.7
6843 281755.5
6844 281713
6845 281670.3
6846 281627.3
6847 281623.1
6848 281618.9
6849 281613.6
6850 281606.9
6851 281598.6
6852 281588.2
6853 281575.1
6854 281558.6
6855 281538
6856 281512.1
6857 281482.2
6858 281478.9
6859 281475.7
6860 281471.6
6861 281466.6
6862 281460.2
6863 281452.2
6864 281442.2
6865 281429.7
6866 281414
6867 281394.3
6868 281371.6
6869 281346.6
6870 281321.6
6871 281296.5
6872 281271.3
6873 281246.1
6874 281220.8
6875 281195.4
6876 281170
6877 281144.4
6878 281118.8
6879 281093.2
6880 281067.5
6881 281041.7
6882 281015.8
6883 280989.9
6884 280963.9
6885 280937.9
6886 280911.8
6887 280885.6
6888 280859.4
6889 280833.1
6890 280806.8
6891 280780.3
6892 280753.9
6893 280727.4
6894 280700.8
6895 280674.2
6896 280647.6
6897 280620.8
6898 280594.1
6899 280567.3
6900 280540.3
6901 280513.4
6902 280486.5
6903 280459.4
6904 280432.4
6905 280405.3
6906 280378.1
6907 280350.9
6908 280323.7
6909 280296.4
6910 280269.1
6911 280241.7
6912 280214.3
6913 280186.9
6914 280159.4
6915 280131.9
6916 280104.3
6917 280076.7
6918 280049.1
6919 280021.5
6920 279993.8
6921 279966.1
6922 279938.3
6923 279910.5
6924 279882.8
6925 279854.9
6926 279827
6927 279799.1
6928 279771.2
6929 279743.2
6930 279715.3
6931 279687.3
6932 279659.2
6933 279631.2
6934 279603.1
6935 279575
6936 279546.9
6937 279518.8
6938 279490.6
6939 279462.5
6940 279434.3
6941 279406
6942 279377.8
6943 279349.6
6944 279321.4
6945 279293.1
6946 279264.8
6947 279236.5
6948 279208.3
6949 279180
6950 279151.6
6951 279123.3
6952 279095
6953 279066.6
6954 279038.3
6955 279009.9
6956 278981.6
6957 278953.2
6958 278924.8
6959 278896.4
6960 278868
6961 278839.7
6962 278811.3
6963 278782.9
6964 278754.5
6965 278726.1
6966 278697.8
6967 278669.4
6968 278641
6969 278612.6
6970 278584.3
6971 278555.9
6972 278527.5
6973 278499.1
6974 278470.8
6975 278442.4
6976 278414
6977 278385.7
6978 278357.3
6979 278329
6980 278300.7
6981 278272.3
6982 278244.1
6983 278215.8
6984 278187.4
6985 278159.2
6986 278130.9
6987 278102.7
6988 278074.4
6989 278046.2
6990 278017.9
6991 277989.7
6992 277961.5
6993 277933.3
6994 277905.2
6995 277877
6996 277848.9
6997 277820.8
6998 277792.7
6999 277764.6
7000 277736.5
7001 277708.4
7002 277680.4
7003 277652.4
7004 277624.4
7005 277596.4
7006 277568.4
7007 277540.4
7008 277512.5
7009 277484.6
7010 277456.7
7011 277428.8
7012 277400.9
7013 277373.1
7014 277345.3
7015 277317.5
7016 277289.7
7017 277262
7018 277234.3
7019 277206.5
7020 277178.8
7021 277151.1
7022 277123.5
7023 277095.8
7024 277068.2
7025 277040.6
7026 277013.1
7027 276985.5
7028 276958
7029 276930.5
7030 276903
7031 276875.6
7032 276848.1
7033 276820.7
7034 276793.3
7035 276766
7036 276738.6
7037 276711.3
7038 276684
7039 276656.7
7040 276629.4
7041 276602.2
7042 276575
7043 276547.8
7044 276520.6
7045 276493.5
7046 276466.3
7047 276439.2
7048 276412.2
7049 276385.1
7050 276358
7051 276331
7052 276302.7
7053 276274.4
7054 276246.1
7055 276217.8
7056 276189.5
7057 276161.3
7058 276133.1
7059 276104.9
7060 276076.8
7061 276048.7
7062 276020.6
7063 275992.5
7064 275964.4
7065 275936.3
7066 275908.3
7067 275880.3
7068 275852.3
7069 275824.3
7070 275796.4
7071 275768.4
7072 275740.5
7073 275712.6
7074 275684.7
7075 275656.9
7076 275629
7077 275601.2
7078 275573.3
7079 275545.6
7080 275517.8
7081 275490
7082 275459.8
7083 275429.6
7084 275399.4
7085 275369.2
7086 275339.1
7087 275308.9
7088 275278.8
7089 275248.7
7090 275218.6
7091 275188.5
7092 275158.4
7093 275128.3
7094 275098.3
7095 275068.2
7096 275038.2
7097 275008.1
7098 274978.1
7099 274948.1
7100 274918.1
7101 274888
7102 274858
7103 274828
7104 274797.9
7105 274767.9
7106 274737.8
7107 274707.8
7108 274677.8
7109 274647.7
7110 274617.7
7111 274587.6
7112 274556.6
7113 274525.6
7114 274494.5
7115 274463.5
7116 274432.4
7117 274401.4
7118 274370.3
7119 274339.2
7120 274308.1
7121 274276.9
7122 274245.8
7123 274214.6
7124 274183.4
7125 274152.2
7126 274121
7127 274089.7
7128 274058.4
7129 274027.1
7130 273995.7
7131 273964.3
7132 273932.9
7133 273901.5
7134 273870
7135 273838.5
7136 273806.9
7137 273775.4
7138 273743.8
7139 273712.1
7140 273680.4
7141 273648.7
7142 273616.9
7143 273585.1
7144 273553.2
7145 273521.3
7146 273489.3
7147 273457.4
7148 273425.3
7149 273393.2
7150 273361
7151 273328.8
7152 273296.5
7153 273264.2
7154 273231.8
7155 273199.3
7156 273166.8
7157 273134.2
7158 273101.6
7159 273068.9
7160 273036.2
7161 273003.3
7162 272970.4
7163 272937.4
7164 272904.4
7165 272871.3
7166 272838.1
7167 272804.8
7168 272771.5
7169 272738.1
7170 272704.6
7171 272671.1
7172 272637.4
7173 272603.7
7174 272569.8
7175 272535.9
7176 272501.9
7177 272467.8
7178 272433.6
7179 272399.3
7180 272365
7181 272330.5
7182 272295.9
7183 272261.3
7184 272226.5
7185 272191.6
7186 272156.6
7187 272121.5
7188 272086.3
7189 272051
7190 272015.5
7191 271980
7192 271944.3
7193 271908.6
7194 271872.7
7195 271836.6
7196 271800.5
7197 271764.2
7198 271727.8
7199 271691.2
7200 271654.6
7201 271617.8
7202 271580.8
7203 271543.8
7204 271506.6
7205 271469.2
7206 271431.7
7207 271394.1
7208 271356.3
7209 271318.4
7210 271280.4
7211 271242.2
7212 271203.8
7213 271165.3
7214 271126.7
7215 271087.8
7216 271048.9
7217 271009.8
7218 270970.5
7219 270931.1
7220 270891.5
7221 270851.8
7222 270811.8
7223 270771.8
7224 270731.6
7225 270691.3
7226 270650.8
7227 270610.1
7228 270569.3
7229 270528.4
7230 270487.3
7231 270446
7232 270404.6
7233 270363.1
7234 270321.4
7235 270279.5
7236 270237.6
7237 270195.4
7238 270153.2
7239 270110.7
7240 270068.2
7241 270025.4
7242 269982.5
7243 269939.5
7244 269896.3
7245 269853
7246 269809.5
7247 269765.8
7248 269722.1
7249 269678.1
7250 269634.1
7251 269589.8
7252 269545.4
7253 269500.9
7254 269456.2
7255 269411.4
7256 269366.4
7257 269321.4
7258 269276.1
7259 269230.7
7260 269185.2
7261 269139.5
7262 269093.6
7263 269047.7
7264 269001.5
7265 268955.3
7266 268908.9
7267 268862.3
7268 268815.7
7269 268768.8
7270 268721.9
7271 268674.8
7272 268627.5
7273 268580.2
7274 268532.6
7275 268485
7276 268437.2
7277 268389.3
7278 268341.3
7279 268293.1
7280 268244.8
7281 268196.4
7282 268147.8
7283 268099.1
7284 268050.3
7285 268001.4
7286 267952.3
7287 267903.2
7288 267853.8
7289 267804.4
7290 267754.9
7291 267705.2
7292 267655.4
7293 267605.5
7294 267555.5
7295 267505.3
7296 267455.1
7297 267404.8
7298 267354.3
7299 267303.7
7300 267253
7301 267202.2
7302 267151.3
7303 267100.3
7304 267052.1
7305 267006.5
7306 266960.8
7307 266914.9
7308 266869
7309 266822.9
7310 266776.7
7311 266730.3
7312 266683.9
7313 266637.2
7314 266590.5
7315 266543.6
7316 266496.5
7317 266449.3
7318 266402.1
7319 266354.7
7320 266307.1
7321 266259.5
7322 266207.2
7323 266154.9
7324 266102.3
7325 266049.7
7326 265996.9
7327 265944
7328 265890.9
7329 265837.7
7330 265784.3
7331 265730.8
7332 265677.2
7333 265623.4
7334 265569.5
7335 265515.4
7336 265461.3
7337 265407
7338 265352.6
7339 265298.1
7340 265243.5
7341 265188.8
7342 265133.9
7343 265078.9
7344 265023.8
7345 264968.6
7346 264913.3
7347 264857.9
7348 264802.4
7349 264746.8
7350 264691.1
7351 264635.3
7352 264579.5
7353 264523.5
7354 264467.5
7355 264411.3
7356 264355.1
7357 264298.8
7358 264242.5
7359 264186.1
7360 264129.6
7361 264073
7362 264016.3
7363 263959.7
7364 263902.9
7365 263852.7
7366 263807.1
7367 263761.6
7368 263716.2
7369 263671
7370 263625.9
7371 263581
7372 263536.2
7373 263491.6
7374 263447.1
7375 263402.7
7376 263358.5
7377 263314.5
7378 263270.6
7379 263226.9
7380 263183.4
7381 263140
7382 263096.8
7383 263053.8
7384 263010.9
7385 262968.3
7386 262925.8
7387 262883.5
7388 262841.3
7389 262799.4
7390 262757.7
7391 262716.2
7392 262674.8
7393 262633.7
7394 262592.7
7395 262552
7396 262511.5
7397 262471.1
7398 262431
7399 262391.2
7400 262351.5
7401 262312
7402 262272.8
7403 262233.8
7404 262195
7405 262156.5
7406 262118.1
7407 262080
7408 262042.2
7409 262004.6
7410 261967.2
7411 261930
7412 261890.5
7413 261851.2
7414 261812.2
7415 261773.4
7416 261735
7417 261696.9
7418 261659
7419 261621.4
7420 261584.2
7421 261547.2
7422 261510.5
7423 261474.2
7424 261438.1
7425 261402.4
7426 261366.9
7427 261331.8
7428 261297
7429 261262.5
7430 261228.3
7431 261194.4
7432 261160.8
7433 261127.5
7434 261094.6
7435 261062
7436 261029.7
7437 260997.7
7438 260966
7439 260934.7
7440 260903.7
7441 260873
7442 260840
7443 260807.5
7444 260775.3
7445 260743.6
7446 260712.2
7447 260681.2
7448 260650.6
7449 260620.3
7450 260590.5
7451 260561
7452 260531.9
7453 260503.1
7454 260474.8
7455 260446.8
7456 260419.3
7457 260392.1
7458 260365.3
7459 260338.8
7460 260312.8
7461 260287.1
7462 260261.8
7463 260236.9
7464 260212.3
7465 260188.2
7466 260164.4
7467 260141
7468 260117.9
7469 260095.3
7470 260072.9
7471 260051
7472 260027.9
7473 260005.2
7474 259983
7475 259961.1
7476 259939.7
7477 259918.7
7478 259898.1
7479 259877.9
7480 259858
7481 259838.7
7482 259819.6
7483 259801
7484 259782.8
7485 259765
7486 259747.5
7487 259730.5
7488 259713.8
7489 259697.5
7490 259681.5
7491 259665.9
7492 259650.7
7493 259635.8
7494 259621.3
7495 259607.1
7496 259593.3
7497 259579.8
7498 259566.7
7499 259553.9
7500 259541.4
7501 259529.2
7502 259516.7
7503 259504.5
7504 259492.6
7505 259481.1
7506 259470
7507 259459.1
7508 259448.6
7509 259438.4
7510 259428.5
7511 259418.9
7512 259409.7
7513 259400.7
7514 259391.9
7515 259383.5
7516 259375.4
7517 259367.5
7518 259359.9
7519 259352.5
7520 259345.4
7521 259338.5
7522 259331.9
7523 259325.5
7524 259319.3
7525 259313.3
7526 259307.6
7527 259302
7528 259296.7
7529 259291.5
7530 259286.5
7531 259281.7
7532 259277.1
7533 259272.6
7534 259268.3
7535 259264.2
7536 259260.2
7537 259256.3
7538 259252.6
7539 259249
7540 259245.6
7541 259242.3
7542 259239
7543 259235.9
7544 259232.9
7545 259230
7546 259227.1
7547 259224.3
7548 259221.7
7549 259219.1
7550 259216.5
7551 259214
7552 259211.6
7553 259211.4
7554 259211.1
7555 259210.8
7556 259210.4
7557 259209.9
7558 259209.3
7559 259208.6
7560 259207.7
7561 259206.6
7562 259205.2
7563 259203.6
7564 259201.9
7565 259200.2
7566 259198.6
7567 259196.9
7568 259195.3
7569 259193.7
7570 259192.1
7571 259190.5
7572 259188.9
7573 259187.3
7574 259185.7
7575 259184.8
7576 259194.4
7577 259204
7578 259213.7
7579 259223.2
7580 259232.8
7581 259242.3
7582 259251.9
7583 259261.3
7584 259270.8
7585 259280.2
7586 259289.6
7587 259298.9
7588 259308.2
7589 259317.4
7590 259326.6
7591 259335.7
7592 259344.8
7593 259353.8
7594 259362.7
7595 259371.6
7596 259380.4
7597 259389.1
7598 259397.8
7599 259406.4
7600 259414.9
7601 259423.3
7602 259431.6
7603 259439.9
7604 259448
7605 259456.1
7606 259464.1
7607 259472
7608 259479.8
