"t_max-rfile"
"Iteration" "t_max"
("Iteration" "t_max")
3199 1504.985
3200 1505.08
3201 1505.174
3202 1505.266
3203 1505.358
3204 1505.448
3205 1505.539
3206 1505.63
3207 1505.721
3208 1505.814
3209 1505.909
3210 1506.006
3211 1506.105
3212 1506.208
3213 1506.314
3214 1506.423
3215 1506.537
3216 1506.655
3217 1506.778
3218 1506.906
3219 1507.039
3220 1507.177
3221 1507.322
3222 1507.472
3223 1507.629
3224 1507.792
3225 1507.961
3226 1508.137
3227 1508.32
3228 1508.51
3229 1508.707
3230 1508.91
3231 1509.121
3232 1509.338
3233 1509.563
3234 1509.795
3235 1510.033
3236 1510.279
3237 1510.531
3238 1510.79
3239 1511.056
3240 1511.328
3241 1511.607
3242 1511.891
3243 1512.182
3244 1512.478
3245 1512.78
3246 1513.087
3247 1513.399
3248 1513.717
3249 1514.038
3250 1514.364
3251 1514.694
3252 1515.027
3253 1515.364
3254 1515.704
3255 1516.047
3256 1516.393
3257 1516.741
3258 1517.091
3259 1517.443
3260 1517.797
3261 1518.151
3262 1518.507
3263 1518.863
3264 1519.219
3265 1519.576
3266 1519.932
3267 1520.288
3268 1520.643
3269 1520.997
3270 1521.35
3271 1521.702
3272 1522.052
3273 1522.4
3274 1522.746
3275 1523.09
3276 1523.431
3277 1523.77
3278 1523.804
3279 1523.838
3280 1523.881
3281 1523.934
3282 1523.987
3283 1524.053
3284 1524.135
3285 1524.238
3286 1524.366
3287 1524.518
3288 1524.688
3289 1524.877
3290 1525.084
3291 1525.31
3292 1525.552
3293 1525.793
3294 1526.032
3295 1526.27
3296 1526.505
3297 1526.738
3298 1526.97
3299 1527.199
3300 1527.427
3301 1527.678
3302 1527.927
3303 1528.173
3304 1528.417
3305 1528.658
3306 1528.897
3307 1529.134
3308 1529.368
3309 1529.599
3310 1529.829
3311 1530.056
3312 1530.281
3313 1530.504
3314 1530.725
3315 1530.944
3316 1531.161
3317 1531.376
3318 1531.589
3319 1531.8
3320 1532.01
3321 1532.218
3322 1532.425
3323 1532.63
3324 1532.833
3325 1533.036
3326 1533.238
3327 1533.438
3328 1533.637
3329 1533.836
3330 1534.034
3331 1534.27
3332 1534.506
3333 1534.741
3334 1534.976
3335 1535.21
3336 1535.445
3337 1535.68
3338 1535.915
3339 1536.15
3340 1536.387
3341 1536.624
3342 1536.862
3343 1537.101
3344 1537.341
3345 1537.583
3346 1537.826
3347 1538.071
3348 1538.317
3349 1538.566
3350 1538.816
3351 1539.069
3352 1539.323
3353 1539.648
3354 1540.065
3355 1540.484
3356 1540.904
3357 1541.325
3358 1541.749
3359 1542.175
3360 1542.602
3361 1543.153
3362 1543.707
3363 1544.265
3364 1544.825
3365 1545.388
3366 1545.954
3367 1546.523
3368 1547.094
3369 1547.668
3370 1548.243
3371 1548.82
3372 1549.398
3373 1549.978
3374 1550.558
3375 1551.139
3376 1551.719
3377 1552.3
3378 1552.881
3379 1553.461
3380 1554.04
3381 1554.618
3382 1555.195
3383 1555.771
3384 1556.345
3385 1556.917
3386 1557.487
3387 1558.055
3388 1558.621
3389 1559.185
3390 1559.747
3391 1560.502
3392 1561.252
3393 1561.998
3394 1562.74
3395 1563.476
3396 1564.207
3397 1564.933
3398 1565.653
3399 1566.369
3400 1567.078
3401 1567.782
3402 1568.479
3403 1569.171
3404 1569.857
3405 1570.536
3406 1571.209
3407 1571.875
3408 1572.535
3409 1573.187
3410 1573.832
3411 1574.47
3412 1575.1
3413 1575.722
3414 1576.337
3415 1576.943
3416 1577.54
3417 1578.129
3418 1578.708
3419 1579.279
3420 1579.839
3421 1580.541
3422 1581.225
3423 1581.89
3424 1582.537
3425 1583.164
3426 1583.771
3427 1584.357
3428 1584.921
3429 1585.464
3430 1585.984
3431 1586.482
3432 1586.956
3433 1587.407
3434 1587.834
3435 1588.238
3436 1588.617
3437 1588.972
3438 1589.303
3439 1589.609
3440 1589.891
3441 1590.149
3442 1590.382
3443 1590.591
3444 1590.777
3445 1590.938
3446 1591.076
3447 1591.191
3448 1591.283
3449 1591.352
3450 1591.399
3451 1591.423
3452 1591.427
3453 1591.409
3454 1591.371
3455 1591.312
3456 1591.233
3457 1591.135
3458 1591.018
3459 1590.883
3460 1590.729
3461 1590.557
3462 1590.368
3463 1590.162
3464 1589.939
3465 1589.7
3466 1589.446
3467 1589.176
3468 1588.892
3469 1588.593
3470 1588.28
3471 1587.954
3472 1587.615
3473 1587.262
3474 1586.897
3475 1586.521
3476 1586.132
3477 1585.732
3478 1585.321
3479 1584.961
3480 1584.752
3481 1584.473
3482 1584.182
3483 1583.881
3484 1583.85
3485 1583.82
3486 1583.781
3487 1583.733
3488 1583.671
3489 1583.594
3490 1583.496
3491 1583.372
3492 1583.215
3493 1583.016
3494 1582.784
3495 1582.525
3496 1582.262
3497 1581.996
3498 1581.726
3499 1581.453
3500 1581.177
3501 1580.898
3502 1580.618
3503 1580.335
3504 1580.052
3505 1579.766
3506 1579.479
3507 1579.192
3508 1578.903
3509 1578.613
3510 1578.323
3511 1577.913
3512 1577.498
3513 1577.078
3514 1576.653
3515 1576.223
3516 1575.787
3517 1575.344
3518 1574.895
3519 1574.848
3520 1574.801
3521 1574.743
3522 1574.67
3523 1574.58
3524 1574.468
3525 1574.33
3526 1574.157
3527 1573.941
3528 1573.67
3529 1573.356
3530 1573.008
3531 1572.656
3532 1572.298
3533 1571.935
3534 1571.567
3535 1571.193
3536 1570.813
3537 1570.427
3538 1570.388
3539 1570.349
3540 1570.301
3541 1570.24
3542 1570.179
3543 1570.103
3544 1570.008
3545 1569.888
3546 1569.739
3547 1569.559
3548 1569.356
3549 1569.127
3550 1568.871
3551 1568.59
3552 1568.559
3553 1568.528
3554 1568.49
3555 1568.442
3556 1568.382
3557 1568.307
3558 1568.212
3559 1568.094
3560 1567.945
3561 1567.758
3562 1567.543
3563 1567.305
3564 1567.066
3565 1566.825
3566 1566.583
3567 1566.339
3568 1566.094
3569 1565.847
3570 1565.6
3571 1565.289
3572 1564.976
3573 1564.661
3574 1564.346
3575 1564.028
3576 1563.71
3577 1563.391
3578 1563.071
3579 1562.751
3580 1562.43
3581 1562.107
3582 1561.784
3583 1561.461
3584 1561.137
3585 1560.813
3586 1560.489
3587 1560.457
3588 1560.424
3589 1560.383
3590 1560.332
3591 1560.268
3592 1560.189
3593 1560.089
3594 1559.965
3595 1559.81
3596 1559.617
3597 1559.395
3598 1559.153
3599 1558.911
3600 1558.67
3601 1558.363
3602 1558.057
3603 1557.752
3604 1557.448
3605 1557.145
3606 1556.842
3607 1556.541
3608 1556.24
3609 1555.94
3610 1555.642
3611 1555.345
3612 1555.049
3613 1554.754
3614 1554.46
3615 1554.168
3616 1553.877
3617 1553.587
3618 1553.299
3619 1553.012
3620 1552.727
3621 1552.443
3622 1552.162
3623 1551.883
3624 1551.605
3625 1551.33
3626 1551.058
3627 1550.788
3628 1550.52
3629 1550.256
3630 1549.994
3631 1549.658
3632 1549.327
3633 1549.003
3634 1548.686
3635 1548.376
3636 1548.074
3637 1547.779
3638 1547.493
3639 1547.215
3640 1546.945
3641 1546.684
3642 1546.431
3643 1546.187
3644 1545.951
3645 1545.725
3646 1545.507
3647 1545.297
3648 1545.096
3649 1544.904
3650 1544.721
3651 1544.702
3652 1544.683
3653 1544.659
3654 1544.63
3655 1544.594
3656 1544.55
3657 1544.495
3658 1544.442
3659 1544.381
3660 1544.314
3661 1544.242
3662 1544.164
3663 1544.081
3664 1543.995
3665 1543.904
3666 1543.811
3667 1543.716
3668 1543.62
3669 1543.497
3670 1543.484
3671 1543.47
3672 1543.454
3673 1543.434
3674 1543.41
3675 1543.38
3676 1543.343
3677 1543.299
3678 1543.246
3679 1543.184
3680 1543.125
3681 1543.067
3682 1543.011
3683 1542.958
3684 1542.907
3685 1542.859
3686 1542.813
3687 1542.771
3688 1542.734
3689 1542.7
3690 1542.67
3691 1542.645
3692 1542.623
3693 1542.606
3694 1542.593
3695 1542.584
3696 1542.579
3697 1542.579
3698 1542.583
3699 1542.591
3700 1542.603
3701 1542.621
3702 1542.644
3703 1542.672
3704 1542.705
3705 1542.743
3706 1542.786
3707 1542.834
3708 1542.886
3709 1542.944
3710 1543.029
3711 1543.121
3712 1543.219
3713 1543.324
3714 1543.434
3715 1543.549
3716 1543.67
3717 1543.794
3718 1543.923
3719 1544.055
3720 1544.19
3721 1544.378
3722 1544.571
3723 1544.766
3724 1544.965
3725 1545.164
3726 1545.365
3727 1545.565
3728 1545.764
3729 1545.96
3730 1546.154
3731 1546.344
3732 1546.528
3733 1546.707
3734 1546.879
3735 1547.043
3736 1547.198
3737 1547.344
3738 1547.48
3739 1547.606
3740 1547.721
3741 1547.823
3742 1547.914
3743 1547.992
3744 1548.057
3745 1548.109
3746 1548.148
3747 1548.172
3748 1548.183
3749 1548.186
3750 1548.188
3751 1548.191
3752 1548.194
3753 1548.197
3754 1548.2
3755 1548.201
3756 1548.201
3757 1548.196
3758 1548.183
3759 1548.16
3760 1548.126
3761 1548.059
3762 1547.975
3763 1547.876
3764 1547.76
3765 1547.63
3766 1547.483
3767 1547.322
3768 1547.145
3769 1546.953
3770 1546.748
3771 1546.527
3772 1546.293
3773 1546.045
3774 1545.784
3775 1545.509
3776 1545.221
3777 1544.921
3778 1544.609
3779 1544.285
3780 1543.95
3781 1543.489
3782 1543.01
3783 1542.515
3784 1542.003
3785 1541.477
3786 1540.936
3787 1540.381
3788 1539.815
3789 1539.236
3790 1538.647
3791 1538.049
3792 1537.442
3793 1536.828
3794 1536.208
3795 1535.583
3796 1534.953
3797 1534.32
3798 1533.684
3799 1533.047
3800 1532.409
3801 1531.886
3802 1531.569
3803 1531.247
3804 1530.92
3805 1530.588
3806 1530.251
3807 1529.91
3808 1529.566
3809 1529.219
3810 1528.87
3811 1528.83
3812 1528.791
3813 1528.742
3814 1528.681
3815 1528.604
3816 1528.509
3817 1528.388
3818 1528.236
3819 1528.042
3820 1527.795
3821 1527.505
3822 1527.181
3823 1526.852
3824 1526.519
3825 1526.181
3826 1525.84
3827 1525.494
3828 1525.145
3829 1524.791
3830 1524.434
3831 1524.073
3832 1523.707
3833 1523.337
3834 1522.963
3835 1522.585
3836 1522.202
3837 1521.816
3838 1521.426
3839 1521.033
3840 1520.637
3841 1520.238
3842 1519.837
3843 1519.433
3844 1519.029
3845 1518.623
3846 1518.216
3847 1517.809
3848 1517.403
3849 1516.998
3850 1516.594
3851 1516.193
3852 1515.794
3853 1515.399
3854 1515.007
3855 1514.62
3856 1514.237
3857 1513.859
3858 1513.486
3859 1513.118
3860 1512.755
3861 1512.397
3862 1512.045
3863 1511.698
3864 1511.356
3865 1511.02
3866 1510.689
3867 1510.363
3868 1510.043
3869 1509.728
3870 1509.418
3871 1509.114
3872 1508.816
3873 1508.523
3874 1508.235
3875 1507.954
3876 1507.678
3877 1507.596
3878 1507.59
3879 1507.584
3880 1507.577
3881 1507.568
3882 1507.557
3883 1507.545
3884 1507.53
3885 1507.512
3886 1507.491
3887 1507.469
3888 1507.446
3889 1507.424
3890 1507.406
3891 1507.39
3892 1507.378
3893 1507.368
3894 1507.36
3895 1507.355
3896 1507.353
3897 1507.352
3898 1507.354
3899 1507.359
3900 1507.365
3901 1507.375
3902 1507.387
3903 1507.401
3904 1507.418
3905 1507.436
3906 1507.457
3907 1507.479
3908 1507.507
3909 1507.54
3910 1507.579
3911 1507.622
3912 1507.67
3913 1507.723
3914 1507.78
3915 1507.842
3916 1507.907
3917 1507.977
3918 1508.05
3919 1508.127
3920 1508.207
3921 1508.291
3922 1508.377
3923 1508.467
3924 1508.559
3925 1508.655
3926 1508.754
3927 1508.914
3928 1509.289
3929 1509.663
3930 1510.037
3931 1510.476
3932 1510.911
3933 1511.343
3934 1511.77
3935 1512.193
3936 1512.609
3937 1513.02
3938 1513.425
3939 1513.823
3940 1514.214
3941 1514.599
3942 1514.977
3943 1515.348
3944 1515.712
3945 1516.069
3946 1516.42
3947 1516.765
3948 1517.103
3949 1517.435
3950 1517.761
3951 1518.082
3952 1518.398
3953 1518.708
3954 1519.014
3955 1519.315
3956 1519.612
3957 1519.905
3958 1520.245
3959 1520.654
3960 1521.059
3961 1526.02
3962 1536.991
3963 1548.403
3964 1560.227
3965 1572.428
3966 1584.966
3967 1597.805
3968 1610.703
3969 1623.65
3970 1636.653
3971 1649.709
3972 1662.812
3973 1675.948
3974 1689.102
3975 1702.253
3976 1715.38
3977 1728.456
3978 1741.456
3979 1754.354
3980 1767.123
3981 1779.737
3982 1792.171
3983 1804.401
3984 1805.566
3985 1806.73
3986 1808.187
3987 1810.009
3988 1811.829
3989 1814.105
3990 1816.949
3991 1820.502
3992 1824.934
3993 1830.174
3994 1836.06
3995 1842.566
3996 1849.663
3997 1857.819
3998 1867.624
3999 1877.282
4000 1886.782
4001 1896.113
4002 1905.351
4003 1914.469
4004 1923.518
4005 1932.45
4006 1941.297
4007 1950.057
4008 1958.732
4009 1967.329
4010 1975.85
4011 1984.292
4012 1992.646
4013 2000.922
4014 2009.12
4015 2017.242
4016 2027.991
4017 2038.594
4018 2049.086
4019 2059.181
4020 2068.566
4021 2069.55
4022 2070.503
4023 2071.671
4024 2073.111
4025 2074.889
4026 2077.095
4027 2079.844
4028 2086.102
4029 2095.054
4030 2106.239
4031 2118.985
4032 2132.72
4033 2146.142
4034 2159.038
4035 2171.479
4036 2183.501
4037 2195.143
4038 2206.469
4039 2217.486
4040 2230.962
4041 2244.793
4042 2258.411
4043 2271.807
4044 2284.973
4045 2297.897
4046 2310.575
4047 2322.997
4048 2335.157
4049 2347.05
4050 2358.668
4051 2372.539
4052 2385.95
4053 2398.891
4054 2411.358
4055 2412.597
4056 2413.834
4057 2415.376
4058 2417.297
4059 2419.686
4060 2422.652
4061 2425.596
4062 2429.115
4063 2433.19
4064 2437.794
4065 2442.896
4066 2448.461
4067 2454.449
4068 2460.815
4069 2467.509
4070 2474.475
4071 2481.654
4072 2488.551
4073 2495.166
4074 2501.501
4075 2507.556
4076 2513.334
4077 2518.837
4078 2524.068
4079 2529.031
4080 2533.74
4081 2539.11
4082 2544.088
4083 2548.679
4084 2552.883
4085 2556.698
4086 2560.222
4087 2564.647
4088 2570.144
4089 2578.02
4090 2578.805
4091 2579.586
4092 2580.557
4093 2581.763
4094 2583.261
4095 2585.12
4096 2587.587
4097 2591.86
4098 2597.126
4099 2603.596
4100 2610.892
4101 2623.191
4102 2637.19
4103 2651.003
4104 2664.634
4105 2678.087
4106 2691.367
4107 2704.473
4108 2717.409
4109 2730.174
4110 2742.766
4111 2757.209
4112 2771.371
4113 2785.216
4114 2801.397
4115 2821.075
4116 2840.477
4117 2859.556
4118 2878.281
4119 2896.633
4120 2914.582
4121 2932.102
4122 2949.169
4123 2965.754
4124 2981.824
4125 2999.362
4126 3017.972
4127 3036.079
4128 3053.668
4129 3055.359
4130 3057.045
4131 3059.146
4132 3061.764
4133 3065.023
4134 3069.077
4135 3074.118
4136 3080.374
4137 3088.122
4138 3097.684
4139 3108.474
4140 3120.015
4141 3131.248
4142 3142.167
4143 3152.766
4144 3163.039
4145 3172.969
4146 3182.548
4147 3191.776
4148 3200.655
4149 3209.186
4150 3217.367
4151 3225.758
4152 3233.885
4153 3241.726
4154 3249.273
4155 3256.526
4156 3263.49
4157 3270.168
4158 3276.567
4159 3282.69
4160 3288.546
4161 3294.138
4162 3299.474
4163 3304.558
4164 3309.397
4165 3314.932
4166 3322.458
4167 3329.7
4168 3336.667
4169 3343.359
4170 3349.781
4171 3355.935
4172 3361.823
4173 3367.401
4174 3372.721
4175 3377.784
4176 3382.595
4177 3387.157
4178 3391.477
4179 3395.572
4180 3399.445
4181 3403.096
4182 3406.531
4183 3409.749
4184 3412.743
4185 3415.513
4186 3418.06
4187 3420.391
4188 3422.511
4189 3424.426
4190 3426.141
4191 3427.899
4192 3431.681
4193 3435.199
4194 3438.463
4195 3441.479
4196 3444.256
4197 3446.802
4198 3449.124
4199 3451.23
4200 3453.128
4201 3454.824
4202 3456.322
4203 3457.626
4204 3458.739
4205 3459.662
4206 3460.399
4207 3460.957
4208 3461.341
4209 3461.557
4210 3461.613
4211 3461.519
4212 3461.284
4213 3460.918
4214 3460.425
4215 3459.813
4216 3459.088
4217 3458.253
4218 3457.315
4219 3456.185
4220 3454.953
4221 3453.621
4222 3452.193
4223 3450.67
4224 3449.449
4225 3452.09
4226 3454.518
4227 3456.732
4228 3458.735
4229 3460.531
4230 3462.122
4231 3463.671
4232 3464.962
4233 3466.002
4234 3466.801
4235 3467.369
4236 3467.715
4237 3467.848
4238 3467.777
4239 3467.51
4240 3467.054
4241 3466.407
4242 3465.574
4243 3464.564
4244 3463.384
4245 3462.045
4246 3460.56
4247 3458.936
4248 3457.183
4249 3455.303
4250 3453.305
4251 3451.192
4252 3448.971
4253 3446.646
4254 3444.219
4255 3441.695
4256 3439.078
4257 3436.371
4258 3433.576
4259 3430.696
4260 3427.734
4261 3424.061
4262 3420.269
4263 3416.364
4264 3412.35
4265 3408.232
4266 3404.017
4267 3399.709
4268 3395.315
4269 3390.842
4270 3386.293
4271 3382.283
4272 3379.318
4273 3376.264
4274 3373.125
4275 3369.902
4276 3367.607
4277 3365.907
4278 3365.762
4279 3365.616
4280 3365.43
4281 3365.191
4282 3364.949
4283 3364.639
4284 3364.237
4285 3363.715
4286 3363.034
4287 3362.188
4288 3361.188
4289 3360.022
4290 3358.677
4291 3357.141
4292 3355.399
4293 3353.298
4294 3351.117
4295 3348.848
4296 3346.485
4297 3344.031
4298 3341.572
4299 3339.772
4300 3337.916
4301 3336.007
4302 3334.049
4303 3332.049
4304 3330.009
4305 3327.934
4306 3325.923
4307 3324.007
4308 3323.818
4309 3323.628
4310 3323.388
4311 3323.088
4312 3322.709
4313 3322.231
4314 3321.628
4315 3320.866
4316 3319.899
4317 3318.67
4318 3317.232
4319 3315.629
4320 3313.999
4321 3312.278
4322 3310.529
4323 3308.754
4324 3306.955
4325 3305.131
4326 3303.283
4327 3301.412
4328 3299.52
4329 3297.604
4330 3295.664
4331 3293.7
4332 3291.709
4333 3289.694
4334 3288.715
4335 3288.195
4336 3287.654
4337 3287.092
4338 3286.509
4339 3285.906
4340 3285.285
4341 3284.646
4342 3283.988
4343 3283.312
4344 3282.615
4345 3282.555
4346 3282.496
4347 3282.421
4348 3282.327
4349 3282.207
4350 3282.053
4351 3281.857
4352 3281.604
4353 3281.278
4354 3280.853
4355 3280.346
4356 3279.772
4357 3279.122
4358 3278.454
4359 3277.768
4360 3277.065
4361 3276.344
4362 3275.606
4363 3274.85
4364 3274.076
4365 3273.286
4366 3272.657
4367 3273.852
4368 3275.023
4369 3276.174
4370 3277.306
4371 3278.42
4372 3279.512
4373 3280.583
4374 3281.633
4375 3282.662
4376 3283.672
4377 3284.662
4378 3285.634
4379 3286.586
4380 3287.52
4381 3288.435
4382 3289.332
4383 3290.209
4384 3291.068
4385 3291.91
4386 3292.734
4387 3293.541
4388 3294.329
4389 3295.099
4390 3295.85
4391 3296.903
4392 3298.344
4393 3299.774
4394 3301.192
4395 3302.598
4396 3303.99
4397 3305.365
4398 3306.725
4399 3308.066
4400 3309.387
4401 3310.689
4402 3311.971
4403 3313.234
4404 3314.479
4405 3315.704
4406 3318.316
4407 3321.178
4408 3324.018
4409 3326.834
4410 3329.626
4411 3333.396
4412 3337.107
4413 3340.755
4414 3344.338
4415 3347.851
4416 3351.291
4417 3354.652
4418 3357.929
4419 3361.119
4420 3364.214
4421 3367.211
4422 3370.104
4423 3372.888
4424 3375.557
4425 3378.107
4426 3380.534
4427 3382.832
4428 3384.997
4429 3387.025
4430 3388.911
4431 3390.653
4432 3392.246
4433 3393.686
4434 3394.971
4435 3396.096
4436 3397.058
4437 3397.85
4438 3398.469
4439 3398.904
4440 3399.146
4441 3399.075
4442 3398.704
4443 3398.03
4444 3397.048
4445 3395.755
4446 3394.149
4447 3392.229
4448 3389.995
4449 3387.445
4450 3384.578
4451 3381.391
4452 3377.888
4453 3374.073
4454 3369.95
4455 3365.313
4456 3360.305
4457 3355.113
4458 3356
4459 3356.665
4460 3357.103
4461 3357.31
4462 3357.281
4463 3357.014
4464 3356.499
4465 3356.481
4466 3356.461
4467 3356.431
4468 3356.386
4469 3356.318
4470 3356.214
4471 3356.054
4472 3355.805
4473 3355.419
4474 3354.819
4475 3353.982
4476 3352.898
4477 3351.227
4478 3349.234
4479 3346.955
4480 3344.407
4481 3341.582
4482 3338.486
4483 3335.125
4484 3331.505
4485 3327.631
4486 3323.508
4487 3319.143
4488 3314.542
4489 3309.71
4490 3304.653
4491 3299.377
4492 3293.887
4493 3288.189
4494 3282.292
4495 3276.2
4496 3269.921
4497 3263.461
4498 3256.828
4499 3250.027
4500 3243.064
4501 3234.345
4502 3225.411
4503 3224.473
4504 3223.532
4505 3222.353
4506 3220.876
4507 3219.027
4508 3216.71
4509 3213.806
4510 3210.164
4511 3205.592
4512 3199.847
4513 3194.978
4514 3190.091
4515 3185.052
4516 3179.865
4517 3174.535
4518 3170.171
4519 3167.233
4520 3164.112
4521 3160.812
4522 3157.336
4523 3153.687
4524 3149.865
4525 3145.874
4526 3141.717
4527 3137.401
4528 3132.932
4529 3128.313
4530 3123.55
4531 3121.529
4532 3119.48
4533 3117.405
4534 3115.302
4535 3113.173
4536 3111.018
4537 3108.836
4538 3106.63
4539 3104.398
4540 3102.142
4541 3099.86
4542 3097.554
4543 3095.223
4544 3092.867
4545 3090.488
4546 3088.086
4547 3085.661
4548 3083.212
4549 3080.741
4550 3078.249
4551 3075.734
4552 3073.198
4553 3070.64
4554 3068.062
4555 3065.462
4556 3062.843
4557 3060.204
4558 3057.545
4559 3054.866
4560 3052.169
4561 3051.699
4562 3051.228
4563 3050.757
4564 3050.284
4565 3049.811
4566 3049.337
4567 3048.862
4568 3048.387
4569 3047.911
4570 3047.434
4571 3046.957
4572 3046.479
4573 3046.001
4574 3045.522
4575 3045.042
4576 3044.562
4577 3044.081
4578 3043.599
4579 3043.118
4580 3042.635
4581 3042.152
4582 3041.668
4583 3041.184
4584 3040.699
4585 3040.214
4586 3039.728
4587 3039.241
4588 3038.754
4589 3038.267
4590 3037.779
4591 3037.622
4592 3037.464
4593 3037.307
4594 3037.149
4595 3036.991
4596 3036.834
4597 3036.676
4598 3036.519
4599 3036.361
4600 3036.203
4601 3036.045
4602 3035.887
4603 3035.729
4604 3035.571
4605 3035.413
4606 3035.254
4607 3035.096
4608 3034.938
4609 3034.779
4610 3034.635
4611 3034.49
4612 3034.345
4613 3034.201
4614 3034.057
4615 3033.912
4616 3033.768
4617 3033.623
4618 3033.479
4619 3033.334
4620 3033.19
4621 3033.102
4622 3033.014
4623 3032.926
4624 3032.838
4625 3032.75
4626 3032.663
4627 3032.575
4628 3032.487
4629 3032.399
4630 3032.311
4631 3032.223
4632 3032.136
4633 3032.048
4634 3031.96
4635 3031.872
4636 3031.784
4637 3031.696
4638 3031.609
4639 3031.521
4640 3031.433
4641 3031.345
4642 3031.258
4643 3031.17
4644 3031.083
4645 3030.995
4646 3030.907
4647 3030.82
4648 3030.732
4649 3030.645
4650 3030.557
4651 3030.469
4652 3030.382
4653 3030.294
4654 3030.207
4655 3030.119
4656 3030.031
4657 3029.944
4658 3029.856
4659 3029.769
4660 3029.681
4661 3029.594
4662 3029.507
4663 3029.419
4664 3029.332
4665 3029.244
4666 3029.157
4667 3029.07
4668 3028.982
4669 3028.895
4670 3028.808
4671 3028.72
4672 3028.633
4673 3028.546
4674 3028.458
4675 3028.371
4676 3028.284
4677 3028.196
4678 3028.109
4679 3028.021
4680 3027.934
4681 3027.847
4682 3027.76
4683 3027.672
4684 3027.585
4685 3027.497
4686 3027.41
4687 3027.323
4688 3027.235
4689 3027.148
4690 3027.061
4691 3026.974
4692 3026.886
4693 3026.8
4694 3026.712
4695 3026.625
4696 3026.538
4697 3026.451
4698 3026.364
4699 3026.277
4700 3026.189
4701 3026.103
4702 3026.015
4703 3025.928
4704 3025.841
4705 3025.754
4706 3025.667
4707 3025.58
4708 3025.493
4709 3025.406
4710 3025.318
4711 3025.231
4712 3025.144
4713 3025.057
4714 3024.97
4715 3024.883
4716 3024.796
4717 3024.708
4718 3024.622
4719 3024.534
4720 3024.447
4721 3024.36
4722 3024.273
4723 3024.186
4724 3024.099
4725 3024.012
4726 3023.925
4727 3023.837
4728 3023.75
4729 3023.663
4730 3023.576
4731 3023.489
4732 3023.402
4733 3023.315
4734 3023.227
4735 3023.14
4736 3023.053
4737 3022.966
4738 3022.879
4739 3022.792
4740 3022.704
4741 3022.617
4742 3022.53
4743 3022.443
4744 3022.356
4745 3022.269
4746 3022.182
4747 3022.094
4748 3022.008
4749 3021.92
4750 3021.833
4751 3021.746
4752 3021.659
4753 3021.572
4754 3021.485
4755 3021.397
4756 3021.31
4757 3021.223
4758 3021.136
4759 3021.049
4760 3020.962
4761 3020.875
4762 3020.787
4763 3020.7
4764 3020.613
4765 3020.526
4766 3020.438
4767 3020.351
4768 3020.264
4769 3020.177
4770 3020.09
4771 3020.003
4772 3019.916
4773 3019.828
4774 3019.741
4775 3019.654
4776 3019.567
4777 3019.48
4778 3019.393
4779 3019.306
4780 3019.219
4781 3019.131
4782 3019.044
4783 3018.957
4784 3018.869
4785 3018.782
4786 3018.695
4787 3018.607
4788 3018.52
4789 3018.432
4790 3018.345
4791 3018.257
4792 3018.17
4793 3018.083
4794 3017.995
4795 3017.908
4796 3017.82
4797 3017.733
4798 3017.646
4799 3017.558
4800 3017.47
4801 3017.383
4802 3017.296
4803 3017.208
4804 3017.121
4805 3017.033
4806 3016.946
4807 3016.859
4808 3016.771
4809 3016.684
4810 3016.596
4811 3016.509
4812 3016.421
4813 3016.334
4814 3016.246
4815 3016.159
4816 3016.071
4817 3015.983
4818 3015.896
4819 3015.808
4820 3015.72
4821 3015.633
4822 3015.545
4823 3015.457
4824 3015.369
4825 3015.282
4826 3015.194
4827 3015.106
4828 3015.019
4829 3014.931
4830 3014.843
4831 3014.696
4832 3014.549
4833 3014.401
4834 3014.254
4835 3014.106
4836 3013.959
4837 3013.811
4838 3013.664
4839 3013.516
4840 3013.369
4841 3013.221
4842 3013.073
4843 3012.926
4844 3012.778
4845 3012.63
4846 3012.482
4847 3012.334
4848 3012.186
4849 3012.038
4850 3011.89
4851 3011.742
4852 3011.594
4853 3011.446
4854 3011.298
4855 3011.149
4856 3011.001
4857 3010.853
4858 3010.704
4859 3010.555
4860 3010.407
4861 3010.148
4862 3009.888
4863 3009.629
4864 3009.37
4865 3009.11
4866 3008.85
4867 3008.59
4868 3008.33
4869 3008.069
4870 3007.809
4871 3007.548
4872 3007.287
4873 3007.026
4874 3006.765
4875 3006.504
4876 3006.242
4877 3005.98
4878 3005.718
4879 3005.456
4880 3005.194
4881 3004.931
4882 3004.669
4883 3004.406
4884 3004.143
4885 3003.879
4886 3003.616
4887 3003.352
4888 3003.088
4889 3002.824
4890 3002.559
4891 3002.295
4892 3002.03
4893 3001.765
4894 3001.5
4895 3001.234
4896 3000.969
4897 3000.703
4898 3000.437
4899 3000.171
4900 2999.904
4901 2999.637
4902 2999.37
4903 2999.103
4904 2998.835
4905 2998.568
4906 2998.3
4907 2998.032
4908 2997.764
4909 2997.495
4910 2997.227
4911 2996.957
4912 2996.688
4913 2996.418
4914 2996.149
4915 2995.878
4916 2995.608
4917 2995.337
4918 2995.066
4919 2994.795
4920 2994.524
4921 2994.252
4922 2993.981
4923 2993.709
4924 2993.437
4925 2993.164
4926 2992.892
4927 2992.619
4928 2992.345
4929 2992.072
4930 2991.798
4931 2991.525
4932 2991.25
4933 2990.976
4934 2990.701
4935 2990.426
4936 2990.151
4937 2989.875
4938 2989.599
4939 2989.323
4940 2989.046
4941 2988.77
4942 2988.492
4943 2988.215
4944 2987.938
4945 2987.66
4946 2987.382
4947 2987.104
4948 2986.825
4949 2986.546
4950 2986.267
4951 2986.172
4952 2986.076
4953 2985.981
4954 2985.885
4955 2985.79
4956 2985.694
4957 2985.599
4958 2985.503
4959 2985.407
4960 2985.312
4961 2985.216
4962 2985.12
4963 2985.024
4964 2984.928
4965 2984.832
4966 2984.736
4967 2984.641
4968 2984.545
4969 2984.448
4970 2984.352
4971 2984.256
4972 2984.16
4973 2984.064
4974 2983.968
4975 2983.872
4976 2983.775
4977 2983.679
4978 2983.583
4979 2983.486
4980 2983.39
4981 2983.293
4982 2983.197
4983 2983.101
4984 2983.004
4985 2982.907
4986 2982.811
4987 2982.714
4988 2982.617
4989 2982.521
4990 2982.424
4991 2982.327
4992 2982.231
4993 2982.134
4994 2982.037
4995 2981.94
4996 2981.843
4997 2981.746
4998 2981.649
4999 2981.552
5000 2981.455
5001 2981.358
5002 2981.261
5003 2981.164
5004 2981.067
5005 2980.969
5006 2980.872
5007 2980.775
5008 2980.678
5009 2980.581
5010 2980.483
5011 2980.385
5012 2980.288
5013 2980.191
5014 2980.093
5015 2979.996
5016 2979.898
5017 2979.801
5018 2979.703
5019 2979.605
5020 2979.508
5021 2979.41
5022 2979.312
5023 2979.215
5024 2979.117
5025 2979.019
5026 2978.921
5027 2978.823
5028 2978.725
5029 2978.627
5030 2978.529
5031 2978.431
5032 2978.333
5033 2978.235
5034 2978.137
5035 2978.039
5036 2977.94
5037 2977.842
5038 2977.744
5039 2977.646
5040 2977.548
5041 2977.423
5042 2977.298
5043 2977.174
5044 2977.049
5045 2976.924
5046 2976.799
5047 2976.674
5048 2976.55
5049 2976.425
5050 2976.299
5051 2976.174
5052 2976.049
5053 2975.924
5054 2975.799
5055 2975.673
5056 2975.548
5057 2975.423
5058 2975.297
5059 2975.172
5060 2975.046
5061 2974.92
5062 2974.795
5063 2974.669
5064 2974.543
5065 2974.418
5066 2974.292
5067 2974.166
5068 2974.04
5069 2973.914
5070 2973.788
5071 2973.586
5072 2973.384
5073 2973.181
5074 2972.979
5075 2972.776
5076 2972.573
5077 2972.371
5078 2972.168
5079 2971.965
5080 2971.762
5081 2971.558
5082 2971.355
5083 2971.151
5084 2970.947
5085 2970.76
5086 2970.613
5087 2970.466
5088 2970.319
5089 2970.172
5090 2970.025
5091 2969.878
5092 2969.73
5093 2969.583
5094 2969.436
5095 2969.288
5096 2969.14
5097 2968.992
5098 2968.844
5099 2968.696
5100 2968.548
5101 2968.362
5102 2968.175
5103 2967.988
5104 2967.801
5105 2967.614
5106 2967.427
5107 2967.239
5108 2967.052
5109 2966.864
5110 2966.676
5111 2966.488
5112 2966.299
5113 2966.111
5114 2965.922
5115 2965.734
5116 2965.545
5117 2965.356
5118 2965.167
5119 2964.977
5120 2964.788
5121 2964.598
5122 2964.408
5123 2964.218
5124 2964.028
5125 2963.838
5126 2963.647
5127 2963.457
5128 2963.266
5129 2963.075
5130 2962.884
5131 2962.57
5132 2962.256
5133 2961.941
5134 2961.626
5135 2961.31
5136 2960.994
5137 2960.678
5138 2960.361
5139 2960.044
5140 2959.726
5141 2959.408
5142 2959.09
5143 2958.771
5144 2958.452
5145 2958.133
5146 2957.813
5147 2957.492
5148 2957.172
5149 2956.851
5150 2956.53
5151 2956.208
5152 2955.886
5153 2955.563
5154 2955.24
5155 2954.917
5156 2954.594
5157 2954.27
5158 2953.946
5159 2953.621
5160 2953.296
5161 2952.778
5162 2952.258
5163 2951.739
5164 2951.217
5165 2950.695
5166 2950.172
5167 2949.648
5168 2949.124
5169 2948.598
5170 2948.072
5171 2947.544
5172 2947.016
5173 2946.487
5174 2945.956
5175 2945.425
5176 2944.894
5177 2944.361
5178 2943.827
5179 2943.293
5180 2942.758
5181 2942.222
5182 2941.685
5183 2941.148
5184 2940.609
5185 2940.07
5186 2939.529
5187 2938.988
5188 2938.447
5189 2937.904
5190 2937.36
5191 2936.497
5192 2935.632
5193 2934.764
5194 2933.894
5195 2933.022
5196 2932.148
5197 2931.271
5198 2930.393
5199 2929.512
5200 2928.629
5201 2927.744
5202 2926.856
5203 2925.967
5204 2925.075
5205 2924.181
5206 2923.285
5207 2922.387
5208 2921.488
5209 2920.585
5210 2919.682
5211 2918.776
5212 2917.868
5213 2916.957
5214 2916.045
5215 2915.131
5216 2914.216
5217 2913.297
5218 2912.377
5219 2911.456
5220 2910.532
5221 2908.965
5222 2907.392
5223 2905.813
5224 2904.23
5225 2902.64
5226 2901.046
5227 2899.447
5228 2897.842
5229 2896.232
5230 2894.617
5231 2892.996
5232 2891.371
5233 2889.742
5234 2888.106
5235 2886.467
5236 2884.822
5237 2883.172
5238 2881.518
5239 2879.859
5240 2878.196
5241 2876.527
5242 2874.854
5243 2873.176
5244 2871.493
5245 2869.806
5246 2868.402
5247 2867.232
5248 2866.056
5249 2864.875
5250 2863.687
5251 2861.591
5252 2859.476
5253 2857.342
5254 2855.189
5255 2853.018
5256 2850.826
5257 2848.615
5258 2846.385
5259 2844.135
5260 2841.865
5261 2839.574
5262 2837.262
5263 2834.93
5264 2832.576
5265 2830.201
5266 2827.803
5267 2825.383
5268 2822.939
5269 2820.475
5270 2817.991
5271 2815.49
5272 2812.973
5273 2810.44
5274 2807.892
5275 2805.331
5276 2802.756
5277 2800.168
5278 2797.568
5279 2794.956
5280 2792.331
5281 2787.77
5282 2783.176
5283 2778.549
5284 2773.889
5285 2769.195
5286 2765.717
5287 2762.333
5288 2758.897
5289 2755.412
5290 2755.5
5291 2757.507
5292 2759.494
5293 2761.455
5294 2763.378
5295 2765.259
5296 2767.091
5297 2768.873
5298 2770.603
5299 2772.277
5300 2773.893
5301 2775.447
5302 2776.938
5303 2778.368
5304 2779.733
5305 2779.874
5306 2780.014
5307 2780.189
5308 2780.406
5309 2780.675
5310 2781.006
5311 2781.414
5312 2781.912
5313 2782.519
5314 2783.248
5315 2784.051
5316 2784.887
5317 2785.912
5318 2786.863
5319 2787.741
5320 2788.545
5321 2789.278
5322 2789.938
5323 2790.525
5324 2791.041
5325 2791.486
5326 2791.858
5327 2792.159
5328 2792.386
5329 2792.539
5330 2792.619
5331 2792.622
5332 2792.548
5333 2792.396
5334 2796.117
5335 2801.783
5336 2807.328
5337 2812.756
5338 2818.063
5339 2823.246
5340 2828.3
5341 2833.654
5342 2838.851
5343 2843.864
5344 2848.715
5345 2853.403
5346 2857.927
5347 2862.291
5348 2866.501
5349 2870.55
5350 2874.444
5351 2878.186
5352 2881.78
5353 2885.255
5354 2888.652
5355 2891.977
5356 2895.232
5357 2898.417
5358 2901.532
5359 2904.577
5360 2907.546
5361 2910.437
5362 2913.244
5363 2915.964
5364 2918.59
5365 2921.131
5366 2923.595
5367 2925.974
5368 2928.259
5369 2930.444
5370 2932.519
5371 2934.639
5372 2936.601
5373 2938.394
5374 2940.013
5375 2941.454
5376 2942.711
5377 2943.78
5378 2944.659
5379 2945.344
5380 2945.835
5381 2946.128
5382 2946.223
5383 2946.12
5384 2945.822
5385 2945.328
5386 2944.59
5387 2943.66
5388 2942.522
5389 2941.171
5390 2939.609
5391 2937.837
5392 2935.858
5393 2933.673
5394 2931.286
5395 2928.7
5396 2925.918
5397 2922.947
5398 2919.793
5399 2916.461
5400 2912.959
5401 2909.298
5402 2905.483
5403 2901.434
5404 2897.214
5405 2892.84
5406 2888.326
5407 2887.063
5408 2886.715
5409 2886.183
5410 2886.146
5411 2886.108
5412 2886.056
5413 2885.986
5414 2885.89
5415 2885.754
5416 2885.562
5417 2885.289
5418 2884.901
5419 2884.351
5420 2883.643
5421 2882.786
5422 2881.854
5423 2880.85
5424 2879.775
5425 2878.635
5426 2877.428
5427 2876.16
5428 2874.828
5429 2873.434
5430 2871.98
5431 2870.468
5432 2868.897
5433 2867.266
5434 2865.575
5435 2863.823
5436 2862.005
5437 2860.12
5438 2858.164
5439 2856.136
5440 2854.038
5441 2851.869
5442 2851.658
5443 2851.446
5444 2851.18
5445 2850.847
5446 2850.427
5447 2849.898
5448 2849.229
5449 2848.555
5450 2847.772
5451 2849.526
5452 2853.038
5453 2856.881
5454 2861.048
5455 2865.529
5456 2870.313
5457 2875.389
5458 2880.745
5459 2886.367
5460 2891.911
5461 2898.115
5462 2904.215
5463 2910.212
5464 2916.103
5465 2921.888
5466 2927.567
5467 2933.139
5468 2938.604
5469 2943.959
5470 2949.207
5471 2954.346
5472 2959.375
5473 2964.294
5474 2969.104
5475 2973.803
5476 2978.39
5477 2982.866
5478 2987.23
5479 2991.481
5480 2995.619
5481 2999.642
5482 3003.55
5483 3007.341
5484 3011.016
5485 3014.572
5486 3018.008
5487 3021.323
5488 3024.513
5489 3027.577
5490 3030.513
5491 3033.323
5492 3036.006
5493 3038.565
5494 3041.005
5495 3043.341
5496 3045.585
5497 3047.742
5498 3049.83
5499 3051.858
5500 3053.83
5501 3055.746
5502 3055.932
5503 3056.117
5504 3056.347
5505 3056.634
5506 3056.99
5507 3057.433
5508 3057.983
5509 3058.666
5510 3059.51
5511 3060.548
5512 3061.714
5513 3062.955
5514 3064.155
5515 3065.313
5516 3066.427
5517 3067.494
5518 3068.513
5519 3069.482
5520 3070.401
5521 3071.269
5522 3072.078
5523 3072.835
5524 3073.539
5525 3074.188
5526 3074.785
5527 3075.327
5528 3075.815
5529 3076.25
5530 3076.632
5531 3076.96
5532 3077.237
5533 3077.464
5534 3077.641
5535 3077.77
5536 3077.851
5537 3077.887
5538 3077.88
5539 3077.83
5540 3077.741
5541 3077.615
5542 3077.454
5543 3077.259
5544 3077.234
5545 3077.209
5546 3077.175
5547 3077.133
5548 3077.078
5549 3077.009
5550 3076.937
5551 3076.849
5552 3076.744
5553 3076.62
5554 3076.476
5555 3076.312
5556 3076.125
5557 3075.915
5558 3075.68
5559 3075.42
5560 3075.131
5561 3074.833
5562 3074.524
5563 3074.207
5564 3073.881
5565 3073.546
5566 3073.203
5567 3072.853
5568 3072.496
5569 3072.132
5570 3071.761
5571 3071.385
5572 3071.002
5573 3070.615
5574 3070.222
5575 3069.825
5576 3069.424
5577 3069.018
5578 3068.608
5579 3068.195
5580 3067.778
5581 3067.217
5582 3066.649
5583 3066.076
5584 3065.497
5585 3064.913
5586 3064.323
5587 3063.727
5588 3063.127
5589 3062.521
5590 3061.911
5591 3061.85
5592 3061.788
5593 3061.711
5594 3061.615
5595 3061.496
5596 3061.346
5597 3061.159
5598 3060.925
5599 3060.633
5600 3060.267
5601 3059.845
5602 3059.381
5603 3059.334
5604 3059.288
5605 3059.23
5606 3059.158
5607 3059.067
5608 3058.955
5609 3058.813
5610 3058.672
5611 3058.51
5612 3058.328
5613 3058.125
5614 3057.9
5615 3057.654
5616 3057.387
5617 3057.359
5618 3057.33
5619 3057.294
5620 3057.249
5621 3057.193
5622 3057.124
5623 3057.036
5624 3056.927
5625 3056.79
5626 3056.618
5627 3056.42
5628 3056.203
5629 3055.986
5630 3055.964
5631 3055.943
5632 3055.916
5633 3055.882
5634 3055.84
5635 3055.787
5636 3055.721
5637 3055.638
5638 3055.535
5639 3055.405
5640 3055.256
5641 3055.24
5642 3055.224
5643 3055.203
5644 3055.178
5645 3055.146
5646 3055.106
5647 3055.056
5648 3054.994
5649 3054.916
5650 3054.818
5651 3054.706
5652 3054.583
5653 3054.46
5654 3054.336
5655 3054.213
5656 3054.089
5657 3054.076
5658 3054.064
5659 3054.049
5660 3054.03
5661 3054.006
5662 3053.976
5663 3053.938
5664 3053.891
5665 3053.832
5666 3053.758
5667 3053.684
5668 3053.608
5669 3053.53
5670 3053.452
5671 3053.373
5672 3053.292
5673 3053.209
5674 3053.125
5675 3053.039
5676 3052.951
5677 3052.861
5678 3052.771
5679 3052.678
5680 3052.585
5681 3052.492
5682 3052.399
5683 3052.305
5684 3052.211
5685 3052.117
5686 3052.023
5687 3051.929
5688 3051.834
5689 3051.74
5690 3051.645
5691 3051.549
5692 3051.454
5693 3051.358
5694 3051.262
5695 3051.167
5696 3051.07
5697 3050.974
5698 3050.877
5699 3050.781
5700 3050.684
5701 3050.587
5702 3050.49
5703 3050.393
5704 3050.295
5705 3050.198
5706 3050.1
5707 3050.002
5708 3049.904
5709 3049.805
5710 3049.707
5711 3049.608
5712 3049.468
5713 3049.328
5714 3049.187
5715 3049.046
5716 3048.904
5717 3048.762
5718 3048.62
5719 3048.478
5720 3048.335
5721 3048.192
5722 3048.048
5723 3047.905
5724 3047.76
5725 3047.616
5726 3047.471
5727 3047.326
5728 3047.181
5729 3047.035
5730 3046.889
5731 3046.742
5732 3046.596
5733 3046.448
5734 3046.301
5735 3046.153
5736 3046.005
5737 3045.856
5738 3045.707
5739 3045.558
5740 3045.408
5741 3045.259
5742 3045.108
5743 3044.958
5744 3044.807
5745 3044.656
5746 3044.504
5747 3044.353
5748 3044.2
5749 3044.048
5750 3043.895
5751 3043.742
5752 3043.588
5753 3043.435
5754 3043.28
5755 3043.126
5756 3042.971
5757 3042.816
5758 3042.661
5759 3042.505
5760 3042.35
5761 3042.161
5762 3041.972
5763 3041.783
5764 3041.593
5765 3041.402
5766 3041.212
5767 3041.021
5768 3040.83
5769 3040.638
5770 3040.446
5771 3040.253
5772 3040.06
5773 3039.867
5774 3039.673
5775 3039.479
5776 3039.285
5777 3039.09
5778 3038.895
5779 3038.7
5780 3038.504
5781 3038.308
5782 3038.111
5783 3037.915
5784 3037.718
5785 3037.521
5786 3037.323
5787 3037.125
5788 3036.927
5789 3036.729
5790 3036.53
5791 3036.302
5792 3036.074
5793 3035.845
5794 3035.617
5795 3035.388
5796 3035.159
5797 3034.929
5798 3034.699
5799 3034.469
5800 3034.239
5801 3034.008
5802 3033.777
5803 3033.545
5804 3033.314
5805 3033.082
5806 3032.85
5807 3032.618
5808 3032.385
5809 3032.153
5810 3031.92
5811 3031.687
5812 3031.453
5813 3031.22
5814 3030.986
5815 3030.752
5816 3030.518
5817 3030.284
5818 3030.049
5819 3029.814
5820 3029.58
5821 3029.325
5822 3029.07
5823 3028.815
5824 3028.56
5825 3028.305
5826 3028.049
5827 3027.793
5828 3027.537
5829 3027.281
5830 3027.025
5831 3026.768
5832 3026.512
5833 3026.255
5834 3025.998
5835 3025.741
5836 3025.484
5837 3025.227
5838 3024.969
5839 3024.712
5840 3024.455
5841 3024.196
5842 3023.939
5843 3023.681
5844 3023.423
5845 3023.164
5846 3022.906
5847 3022.647
5848 3022.389
5849 3022.13
5850 3021.871
5851 3021.583
5852 3021.295
5853 3021.007
5854 3020.718
5855 3020.429
5856 3020.14
5857 3019.851
5858 3019.563
5859 3019.273
5860 3018.984
5861 3018.695
5862 3018.405
5863 3018.115
5864 3017.826
5865 3017.536
5866 3017.246
5867 3016.956
5868 3016.666
5869 3016.376
5870 3016.085
5871 3015.795
5872 3015.505
5873 3015.214
5874 3014.924
5875 3014.633
5876 3014.343
5877 3014.052
5878 3013.761
5879 3013.47
5880 3013.18
5881 3012.866
5882 3012.552
5883 3012.238
5884 3011.924
5885 3011.61
5886 3011.296
5887 3010.982
5888 3010.668
5889 3010.354
5890 3010.041
5891 3009.727
5892 3009.413
5893 3009.099
5894 3008.786
5895 3008.472
5896 3008.159
5897 3007.846
5898 3007.532
5899 3007.219
5900 3006.906
5901 3006.593
5902 3006.28
5903 3005.967
5904 3005.654
5905 3005.342
5906 3005.029
5907 3004.717
5908 3004.404
5909 3004.092
5910 3003.78
5911 3003.454
5912 3003.127
5913 3002.801
5914 3002.475
5915 3002.149
5916 3001.823
5917 3001.497
5918 3001.172
5919 3000.846
5920 3000.521
5921 3000.196
5922 2999.871
5923 2999.546
5924 2999.221
5925 2998.897
5926 2998.572
5927 2998.248
5928 2997.924
5929 2997.6
5930 2997.276
5931 2996.953
5932 2996.629
5933 2996.305
5934 2995.982
5935 2995.659
5936 2995.336
5937 2995.013
5938 2994.691
5939 2994.368
5940 2994.046
5941 2993.723
5942 2993.401
5943 2993.079
5944 2992.758
5945 2992.436
5946 2992.114
5947 2991.792
5948 2991.471
5949 2991.15
5950 2990.828
5951 2990.507
5952 2990.186
5953 2989.865
5954 2989.544
5955 2989.223
5956 2988.902
5957 2988.582
5958 2988.26
5959 2987.94
5960 2987.62
5961 2987.299
5962 2986.978
5963 2986.658
5964 2986.338
5965 2986.017
5966 2985.696
5967 2985.376
5968 2985.055
5969 2984.735
5970 2984.414
5971 2984.093
5972 2983.772
5973 2983.452
5974 2983.131
5975 2982.81
5976 2982.489
5977 2982.168
5978 2981.847
5979 2981.525
5980 2981.205
5981 2980.883
5982 2980.562
5983 2980.24
5984 2979.918
5985 2979.596
5986 2979.274
5987 2978.952
5988 2978.629
5989 2978.307
5990 2977.984
5991 2977.661
5992 2977.338
5993 2977.015
5994 2976.691
5995 2976.367
5996 2976.042
5997 2975.718
5998 2975.394
5999 2975.069
6000 2974.743
6001 2974.379
6002 2974.015
6003 2973.65
6004 2973.284
6005 2972.918
6006 2972.552
6007 2972.185
6008 2971.818
6009 2971.45
6010 2971.081
6011 2970.712
6012 2970.343
6013 2969.972
6014 2969.601
6015 2969.23
6016 2968.858
6017 2968.485
6018 2968.112
6019 2967.737
6020 2967.363
6021 2966.987
6022 2966.611
6023 2966.233
6024 2965.855
6025 2965.477
6026 2965.097
6027 2964.716
6028 2964.335
6029 2963.952
6030 2963.57
6031 2963.143
6032 2962.716
6033 2962.287
6034 2961.856
6035 2961.425
6036 2960.992
6037 2960.558
6038 2960.123
6039 2959.687
6040 2959.249
6041 2958.809
6042 2958.368
6043 2957.926
6044 2957.483
6045 2957.037
6046 2956.591
6047 2956.143
6048 2955.693
6049 2955.242
6050 2954.789
6051 2954.335
6052 2953.88
6053 2953.423
6054 2952.964
6055 2952.505
6056 2952.044
6057 2951.581
6058 2951.117
6059 2950.65
6060 2950.183
6061 2949.679
6062 2949.173
6063 2948.666
6064 2948.156
6065 2947.644
6066 2947.13
6067 2946.614
6068 2946.095
6069 2945.575
6070 2945.052
6071 2944.527
6072 2943.999
6073 2943.469
6074 2942.937
6075 2942.402
6076 2941.865
6077 2941.325
6078 2940.783
6079 2940.238
6080 2939.69
6081 2939.14
6082 2938.587
6083 2938.031
6084 2937.472
6085 2936.911
6086 2936.346
6087 2935.779
6088 2935.209
6089 2934.637
6090 2934.06
6091 2933.433
6092 2932.803
6093 2932.168
6094 2931.531
6095 2930.889
6096 2930.244
6097 2929.595
6098 2928.943
6099 2928.286
6100 2927.625
6101 2926.961
6102 2926.293
6103 2925.621
6104 2924.945
6105 2924.265
6106 2923.582
6107 2922.893
6108 2922.202
6109 2921.506
6110 2920.806
6111 2920.102
6112 2919.394
6113 2918.681
6114 2917.965
6115 2917.244
6116 2916.519
6117 2915.791
6118 2915.057
6119 2914.32
6120 2913.578
6121 2912.832
6122 2912.081
6123 2911.324
6124 2910.562
6125 2909.796
6126 2909.023
6127 2908.246
6128 2907.463
6129 2906.674
6130 2905.88
6131 2905.081
6132 2904.276
6133 2903.465
6134 2902.648
6135 2901.826
6136 2900.998
6137 2900.164
6138 2899.324
6139 2898.478
6140 2897.626
6141 2896.769
6142 2895.905
6143 2895.035
6144 2894.158
6145 2893.276
6146 2892.388
6147 2891.494
6148 2890.593
6149 2889.686
6150 2888.772
6151 2887.853
6152 2886.927
6153 2885.995
6154 2885.056
6155 2884.112
6156 2883.161
6157 2882.205
6158 2881.242
6159 2880.273
6160 2879.298
6161 2878.317
6162 2877.33
6163 2876.338
6164 2875.34
6165 2874.336
6166 2873.327
6167 2872.313
6168 2871.292
6169 2870.268
6170 2869.237
6171 2868.202
6172 2867.162
6173 2866.117
6174 2865.067
6175 2864.013
6176 2862.955
6177 2861.892
6178 2860.825
6179 2859.753
6180 2858.678
6181 2857.599
6182 2856.516
6183 2855.43
6184 2854.34
6185 2853.246
6186 2852.149
6187 2851.049
6188 2849.945
6189 2848.839
6190 2847.729
6191 2846.615
6192 2845.5
6193 2844.381
6194 2843.26
6195 2842.136
6196 2841.009
6197 2839.879
6198 2838.747
6199 2837.612
6200 2836.475
6201 2835.335
6202 2834.193
6203 2833.049
6204 2831.903
6205 2830.753
6206 2829.602
6207 2828.449
6208 2827.293
6209 2826.135
6210 2824.975
6211 2823.813
6212 2822.649
6213 2821.482
6214 2820.313
6215 2819.143
6216 2817.97
6217 2816.795
6218 2815.618
6219 2814.439
6220 2813.258
6221 2812.075
6222 2810.89
6223 2809.702
6224 2808.513
6225 2808.394
6226 2808.276
6227 2808.127
6228 2807.941
6229 2807.709
6230 2807.419
6231 2807.056
6232 2806.601
6233 2806.033
6234 2805.322
6235 2804.503
6236 2803.605
6237 2802.707
6238 2801.807
6239 2800.906
6240 2800.004
6241 2799.102
6242 2798.198
6243 2797.292
6244 2796.385
6245 2795.478
6246 2794.569
6247 2793.659
6248 2792.748
6249 2791.836
6250 2790.923
6251 2790.009
6252 2789.094
6253 2788.177
6254 2787.259
6255 2786.341
6256 2785.42
6257 2784.499
6258 2783.576
6259 2782.653
6260 2781.728
6261 2780.802
6262 2779.875
6263 2778.947
6264 2778.018
6265 2777.087
6266 2776.155
6267 2775.222
6268 2774.288
6269 2773.353
6270 2772.416
6271 2771.478
6272 2770.539
6273 2769.599
6274 2768.657
6275 2767.715
6276 2766.771
6277 2765.826
6278 2764.88
6279 2763.932
6280 2762.983
6281 2762.033
6282 2761.082
6283 2760.13
6284 2759.176
6285 2758.221
6286 2757.265
6287 2756.308
6288 2755.349
6289 2754.389
6290 2753.428
6291 2752.467
6292 2751.503
6293 2750.539
6294 2749.573
6295 2748.606
6296 2747.637
6297 2746.668
6298 2745.698
6299 2745.601
6300 2745.504
6301 2745.383
6302 2745.231
6303 2745.042
6304 2744.806
6305 2744.569
6306 2744.283
6307 2743.948
6308 2743.563
6309 2743.13
6310 2742.646
6311 2742.113
6312 2741.53
6313 2740.897
6314 2740.214
6315 2739.481
6316 2738.681
6317 2737.881
6318 2737.08
6319 2736.278
6320 2735.633
6321 2735.111
6322 2734.587
6323 2734.062
6324 2733.535
6325 2733.006
6326 2732.476
6327 2731.945
6328 2731.412
6329 2730.877
6330 2730.342
6331 2729.755
6332 2729.167
6333 2728.577
6334 2727.986
6335 2727.393
6336 2726.798
6337 2726.202
6338 2725.604
6339 2725.004
6340 2724.402
6341 2723.798
6342 2723.192
6343 2722.584
6344 2721.973
6345 2721.359
6346 2720.742
6347 2720.123
6348 2719.5
6349 2718.874
6350 2718.244
6351 2717.611
6352 2716.973
6353 2716.332
6354 2715.687
6355 2715.037
6356 2714.384
6357 2713.726
6358 2713.064
6359 2712.399
6360 2711.729
6361 2711.02
6362 2710.306
6363 2709.59
6364 2708.869
6365 2708.145
6366 2707.417
6367 2706.686
6368 2705.952
6369 2705.215
6370 2704.474
6371 2703.731
6372 2702.985
6373 2702.236
6374 2701.485
6375 2700.731
6376 2699.974
6377 2699.216
6378 2698.454
6379 2697.691
6380 2696.925
6381 2696.157
6382 2695.387
6383 2694.615
6384 2693.84
6385 2693.063
6386 2692.285
6387 2691.504
6388 2690.722
6389 2689.938
6390 2689.152
6391 2688.364
6392 2687.574
6393 2686.782
6394 2685.989
6395 2685.193
6396 2684.396
6397 2683.596
6398 2682.796
6399 2681.993
6400 2681.189
6401 2680.383
6402 2679.576
6403 2678.767
6404 2677.956
6405 2677.144
6406 2676.33
6407 2675.515
6408 2674.698
6409 2673.88
6410 2673.06
6411 2672.239
6412 2671.416
6413 2670.591
6414 2669.766
6415 2668.939
6416 2668.11
6417 2667.28
6418 2666.448
6419 2665.615
6420 2664.781
6421 2663.945
6422 2663.108
6423 2662.27
6424 2661.429
6425 2660.588
6426 2659.745
6427 2658.901
6428 2658.055
6429 2657.208
6430 2656.359
6431 2655.51
6432 2654.658
6433 2653.805
6434 2652.951
6435 2652.096
6436 2651.239
6437 2650.38
6438 2649.52
6439 2648.658
6440 2647.796
6441 2646.931
6442 2646.066
6443 2645.199
6444 2644.33
6445 2643.46
6446 2642.588
6447 2641.715
6448 2640.841
6449 2639.964
6450 2639.087
6451 2638.149
6452 2637.21
6453 2636.269
6454 2635.326
6455 2634.382
6456 2633.436
6457 2632.488
6458 2631.538
6459 2630.587
6460 2629.634
6461 2628.679
6462 2627.723
6463 2626.765
6464 2625.805
6465 2624.844
6466 2623.881
6467 2622.916
6468 2621.949
6469 2620.981
6470 2620.011
6471 2619.039
6472 2618.066
6473 2617.091
6474 2616.114
6475 2615.136
6476 2614.156
6477 2613.174
6478 2612.191
6479 2611.206
6480 2610.219
6481 2609.23
6482 2608.241
6483 2607.249
6484 2606.256
6485 2605.261
6486 2604.265
6487 2603.267
6488 2602.267
6489 2601.266
6490 2600.263
6491 2599.258
6492 2598.252
6493 2597.244
6494 2596.235
6495 2595.224
6496 2594.211
6497 2593.197
6498 2592.181
6499 2591.164
6500 2590.145
6501 2589.125
6502 2588.104
6503 2587.08
6504 2586.056
6505 2585.03
6506 2584.003
6507 2583.9
6508 2583.798
6509 2583.669
6510 2583.509
6511 2583.308
6512 2583.057
6513 2582.744
6514 2582.352
6515 2581.861
6516 2581.246
6517 2580.54
6518 2579.766
6519 2578.99
6520 2578.215
6521 2577.438
6522 2576.661
6523 2575.883
6524 2575.104
6525 2574.325
6526 2573.545
6527 2572.764
6528 2571.982
6529 2571.2
6530 2570.418
6531 2569.634
6532 2568.85
6533 2568.065
6534 2567.281
6535 2566.494
6536 2565.708
6537 2564.921
6538 2564.134
6539 2563.345
6540 2562.557
6541 2561.767
6542 2560.978
6543 2560.187
6544 2559.396
6545 2558.605
6546 2557.813
6547 2557.021
6548 2556.228
6549 2555.435
6550 2554.641
6551 2553.847
6552 2553.052
6553 2552.256
6554 2551.461
6555 2550.665
6556 2550.053
6557 2550.895
6558 2551.74
6559 2552.59
6560 2553.443
6561 2554.3
6562 2555.161
6563 2556.026
6564 2556.895
6565 2557.768
6566 2558.646
6567 2559.527
6568 2560.413
6569 2561.302
6570 2562.196
6571 2563.168
6572 2564.146
6573 2565.128
6574 2566.115
6575 2567.106
6576 2568.103
6577 2569.104
6578 2570.109
6579 2571.12
6580 2572.135
6581 2573.154
6582 2574.178
6583 2575.206
6584 2576.239
6585 2577.276
6586 2578.318
6587 2579.363
6588 2580.413
6589 2581.468
6590 2582.525
6591 2583.588
6592 2584.654
6593 2585.724
6594 2586.797
6595 2587.875
6596 2588.956
6597 2590.041
6598 2591.129
6599 2592.221
6600 2593.315
6601 2594.414
6602 2595.516
6603 2596.62
6604 2597.728
6605 2598.839
6606 2599.953
6607 2601.07
6608 2602.189
6609 2603.311
6610 2604.436
6611 2605.564
6612 2606.693
6613 2607.826
6614 2608.96
6615 2610.097
6616 2611.236
6617 2612.377
6618 2613.521
6619 2614.666
6620 2615.813
6621 2616.962
6622 2618.113
6623 2619.266
6624 2620.421
6625 2621.577
6626 2622.735
6627 2623.895
6628 2625.056
6629 2626.219
6630 2627.384
6631 2628.55
6632 2629.717
6633 2630.886
6634 2632.056
6635 2633.228
6636 2634.402
6637 2635.576
6638 2636.752
6639 2637.93
6640 2639.109
6641 2640.289
6642 2641.47
6643 2642.653
6644 2643.837
6645 2645.023
6646 2646.209
6647 2647.397
6648 2648.586
6649 2649.776
6650 2650.968
6651 2652.161
6652 2653.355
6653 2654.55
6654 2655.746
6655 2656.944
6656 2658.143
6657 2659.343
6658 2660.544
6659 2661.746
6660 2662.949
6661 2664.31
6662 2665.671
6663 2667.034
6664 2668.399
6665 2669.764
6666 2671.131
6667 2672.499
6668 2673.868
6669 2675.238
6670 2676.608
6671 2677.98
6672 2679.353
6673 2680.726
6674 2682.099
6675 2683.473
6676 2684.847
6677 2686.222
6678 2687.597
6679 2688.972
6680 2690.347
6681 2691.721
6682 2693.096
6683 2694.47
6684 2695.843
6685 2697.216
6686 2698.587
6687 2699.958
6688 2701.328
6689 2702.696
6690 2704.062
6691 2705.457
6692 2706.85
6693 2708.241
6694 2709.63
6695 2711.015
6696 2712.398
6697 2713.779
6698 2715.156
6699 2716.529
6700 2717.899
6701 2719.265
6702 2720.626
6703 2721.984
6704 2723.337
6705 2724.686
6706 2726.029
6707 2727.368
6708 2728.701
6709 2730.028
6710 2731.35
6711 2732.665
6712 2733.975
6713 2735.278
6714 2736.574
6715 2737.863
6716 2739.145
6717 2740.42
6718 2741.687
6719 2742.946
6720 2744.197
6721 2745.439
6722 2746.673
6723 2747.897
6724 2749.113
6725 2750.319
6726 2751.515
6727 2752.701
6728 2753.876
6729 2755.042
6730 2756.196
6731 2757.34
6732 2758.472
6733 2759.592
6734 2760.701
6735 2761.798
6736 2762.883
6737 2763.956
6738 2765.015
6739 2766.062
6740 2767.097
6741 2768.114
6742 2769.112
6743 2770.093
6744 2771.057
6745 2772.004
6746 2772.935
6747 2773.85
6748 2774.749
6749 2775.633
6750 2776.502
6751 2777.402
6752 2778.287
6753 2779.156
6754 2780.01
6755 2780.849
6756 2781.672
6757 2782.482
6758 2783.276
6759 2784.057
6760 2784.823
6761 2785.574
6762 2786.313
6763 2787.037
6764 2787.748
6765 2788.445
6766 2789.13
6767 2789.802
6768 2790.461
6769 2791.108
6770 2791.743
6771 2792.366
6772 2792.979
6773 2793.582
6774 2794.173
6775 2794.755
6776 2795.327
6777 2795.89
6778 2796.443
6779 2796.987
6780 2797.523
6781 2798.113
6782 2798.692
6783 2799.263
6784 2799.823
6785 2800.375
6786 2800.917
6787 2801.45
6788 2801.976
6789 2802.493
6790 2803.003
6791 2803.506
6792 2804.002
6793 2804.492
6794 2804.972
6795 2805.448
6796 2805.92
6797 2806.391
6798 2806.858
6799 2807.324
6800 2807.788
6801 2808.251
6802 2808.712
6803 2809.172
6804 2809.63
6805 2810.088
6806 2810.546
6807 2811.009
6808 2811.476
6809 2811.948
6810 2812.424
6811 2812.935
6812 2813.451
6813 2813.972
6814 2814.499
6815 2815.033
6816 2815.573
6817 2816.119
6818 2816.672
6819 2817.23
6820 2817.788
6821 2818.346
6822 2818.904
6823 2819.461
6824 2820.018
6825 2820.573
6826 2821.125
6827 2821.675
6828 2822.219
6829 2822.755
6830 2823.282
6831 2823.799
6832 2824.305
6833 2824.8
6834 2825.281
6835 2825.751
6836 2826.208
6837 2826.65
6838 2827.08
6839 2827.494
6840 2827.893
6841 2828.311
6842 2828.711
6843 2829.093
6844 2829.456
6845 2829.802
6846 2829.837
6847 2829.872
6848 2829.915
6849 2829.968
6850 2830.033
6851 2830.113
6852 2830.211
6853 2830.331
6854 2830.476
6855 2830.651
6856 2830.844
6857 2830.866
6858 2830.887
6859 2830.914
6860 2830.947
6861 2830.987
6862 2831.037
6863 2831.099
6864 2831.175
6865 2831.267
6866 2831.378
6867 2831.501
6868 2831.632
6869 2831.758
6870 2831.878
6871 2831.994
6872 2832.105
6873 2832.211
6874 2832.313
6875 2832.41
6876 2832.502
6877 2832.59
6878 2832.673
6879 2832.751
6880 2832.825
6881 2832.894
6882 2832.959
6883 2833.02
6884 2833.076
6885 2833.127
6886 2833.175
6887 2833.218
6888 2833.257
6889 2833.292
6890 2833.322
6891 2833.348
6892 2833.371
6893 2833.389
6894 2833.404
6895 2833.414
6896 2833.42
6897 2833.422
6898 2833.421
6899 2833.416
6900 2833.407
6901 2833.394
6902 2833.377
6903 2833.357
6904 2833.333
6905 2833.306
6906 2833.275
6907 2833.24
6908 2833.202
6909 2833.16
6910 2833.115
6911 2833.066
6912 2833.014
6913 2832.958
6914 2832.9
6915 2832.839
6916 2832.773
6917 2832.705
6918 2832.634
6919 2832.559
6920 2832.482
6921 2832.401
6922 2832.318
6923 2832.231
6924 2832.142
6925 2832.05
6926 2831.955
6927 2831.857
6928 2831.757
6929 2831.654
6930 2831.548
6931 2831.439
6932 2831.327
6933 2831.212
6934 2831.094
6935 2830.973
6936 2830.85
6937 2830.724
6938 2830.595
6939 2830.463
6940 2830.329
6941 2830.192
6942 2830.052
6943 2829.91
6944 2829.765
6945 2829.618
6946 2829.468
6947 2829.317
6948 2829.162
6949 2829.005
6950 2828.846
6951 2828.684
6952 2828.521
6953 2828.355
6954 2828.187
6955 2828.017
6956 2827.845
6957 2827.671
6958 2827.495
6959 2827.317
6960 2827.137
6961 2826.955
6962 2826.771
6963 2826.585
6964 2826.397
6965 2826.208
6966 2826.016
6967 2825.823
6968 2825.629
6969 2825.432
6970 2825.233
6971 2825.033
6972 2824.831
6973 2824.627
6974 2824.423
6975 2824.215
6976 2824.007
6977 2823.797
6978 2823.585
6979 2823.372
6980 2823.157
6981 2822.941
6982 2822.723
6983 2822.504
6984 2822.283
6985 2822.061
6986 2821.837
6987 2821.611
6988 2821.385
6989 2821.157
6990 2820.927
6991 2820.696
6992 2820.463
6993 2820.229
6994 2819.994
6995 2819.758
6996 2819.52
6997 2819.28
6998 2819.04
6999 2818.798
7000 2818.554
7001 2818.31
7002 2818.064
7003 2817.816
7004 2817.568
7005 2817.318
7006 2817.067
7007 2816.814
7008 2816.561
7009 2816.306
7010 2816.049
7011 2815.792
7012 2815.533
7013 2815.273
7014 2815.012
7015 2814.75
7016 2814.487
7017 2814.222
7018 2813.956
7019 2813.689
7020 2813.42
7021 2813.151
7022 2812.88
7023 2812.609
7024 2812.336
7025 2812.062
7026 2811.787
7027 2811.51
7028 2811.233
7029 2810.955
7030 2810.675
7031 2810.394
7032 2810.113
7033 2809.83
7034 2809.546
7035 2809.26
7036 2808.975
7037 2808.687
7038 2808.399
7039 2808.11
7040 2807.819
7041 2807.527
7042 2807.234
7043 2806.94
7044 2806.646
7045 2806.349
7046 2806.052
7047 2805.754
7048 2805.454
7049 2805.154
7050 2804.852
7051 2804.535
7052 2804.216
7053 2803.896
7054 2803.575
7055 2803.253
7056 2802.93
7057 2802.606
7058 2802.281
7059 2801.955
7060 2801.627
7061 2801.299
7062 2800.97
7063 2800.64
7064 2800.309
7065 2799.977
7066 2799.644
7067 2799.309
7068 2798.975
7069 2798.639
7070 2798.302
7071 2797.965
7072 2797.626
7073 2797.287
7074 2796.947
7075 2796.606
7076 2796.264
7077 2795.921
7078 2795.578
7079 2795.234
7080 2794.888
7081 2794.512
7082 2794.135
7083 2793.757
7084 2793.378
7085 2792.998
7086 2792.618
7087 2792.237
7088 2791.854
7089 2791.472
7090 2791.088
7091 2790.704
7092 2790.318
7093 2789.933
7094 2789.546
7095 2789.159
7096 2788.771
7097 2788.383
7098 2787.993
7099 2787.604
7100 2787.213
7101 2786.822
7102 2786.431
7103 2786.039
7104 2785.646
7105 2785.253
7106 2784.86
7107 2784.466
7108 2784.071
7109 2783.677
7110 2783.281
7111 2782.872
7112 2782.464
7113 2782.054
7114 2781.645
7115 2781.235
7116 2780.824
7117 2780.413
7118 2780.002
7119 2779.59
7120 2779.179
7121 2778.766
7122 2778.353
7123 2777.941
7124 2777.527
7125 2777.114
7126 2776.7
7127 2776.286
7128 2775.872
7129 2775.458
7130 2775.043
7131 2774.628
7132 2774.213
7133 2773.798
7134 2773.382
7135 2772.967
7136 2772.551
7137 2772.135
7138 2771.719
7139 2771.303
7140 2770.887
7141 2770.47
7142 2770.054
7143 2769.637
7144 2769.22
7145 2768.804
7146 2768.387
7147 2767.97
7148 2767.554
7149 2767.137
7150 2766.72
7151 2766.303
7152 2765.887
7153 2765.47
7154 2765.054
7155 2764.637
7156 2764.22
7157 2763.804
7158 2763.388
7159 2762.971
7160 2762.555
7161 2762.138
7162 2761.722
7163 2761.307
7164 2760.891
7165 2760.475
7166 2760.06
7167 2759.645
7168 2759.229
7169 2758.815
7170 2758.4
7171 2757.985
7172 2757.571
7173 2757.157
7174 2756.743
7175 2756.33
7176 2755.916
7177 2755.502
7178 2755.09
7179 2754.677
7180 2754.264
7181 2753.852
7182 2753.44
7183 2753.028
7184 2752.617
7185 2752.206
7186 2751.795
7187 2751.385
7188 2750.974
7189 2750.564
7190 2750.155
7191 2749.746
7192 2749.337
7193 2748.928
7194 2748.521
7195 2748.113
7196 2747.706
7197 2747.3
7198 2746.894
7199 2746.488
7200 2746.083
7201 2745.678
7202 2745.274
7203 2744.869
7204 2744.466
7205 2744.063
7206 2743.66
7207 2743.259
7208 2742.857
7209 2742.456
7210 2742.055
7211 2741.655
7212 2741.255
7213 2740.855
7214 2740.456
7215 2740.058
7216 2739.66
7217 2739.262
7218 2738.866
7219 2738.469
7220 2738.074
7221 2737.678
7222 2737.284
7223 2736.89
7224 2736.497
7225 2736.104
7226 2735.712
7227 2735.321
7228 2734.93
7229 2734.54
7230 2734.15
7231 2733.761
7232 2733.373
7233 2732.986
7234 2732.599
7235 2732.214
7236 2731.829
7237 2731.444
7238 2731.061
7239 2730.677
7240 2730.296
7241 2729.915
7242 2729.534
7243 2729.155
7244 2728.776
7245 2728.398
7246 2728.021
7247 2727.645
7248 2727.27
7249 2726.895
7250 2726.522
7251 2726.149
7252 2725.777
7253 2725.406
7254 2725.036
7255 2724.667
7256 2724.299
7257 2723.932
7258 2723.565
7259 2723.2
7260 2722.836
7261 2722.472
7262 2722.11
7263 2721.748
7264 2721.388
7265 2721.028
7266 2720.669
7267 2720.311
7268 2719.954
7269 2719.598
7270 2719.243
7271 2718.889
7272 2718.536
7273 2718.184
7274 2717.833
7275 2717.483
7276 2717.133
7277 2716.785
7278 2716.438
7279 2716.092
7280 2715.746
7281 2715.402
7282 2715.059
7283 2714.717
7284 2714.375
7285 2714.035
7286 2713.695
7287 2713.357
7288 2713.02
7289 2712.683
7290 2712.348
7291 2712.013
7292 2711.68
7293 2711.347
7294 2711.016
7295 2710.685
7296 2710.355
7297 2710.027
7298 2709.699
7299 2709.372
7300 2709.046
7301 2708.721
7302 2708.397
7303 2708.074
7304 2707.752
7305 2707.431
7306 2707.111
7307 2706.792
7308 2706.473
7309 2706.156
7310 2705.839
7311 2705.524
7312 2705.209
7313 2704.895
7314 2704.582
7315 2704.27
7316 2703.958
7317 2703.648
7318 2703.339
7319 2703.03
7320 2702.722
7321 2702.387
7322 2702.054
7323 2701.72
7324 2701.388
7325 2701.058
7326 2700.727
7327 2700.398
7328 2700.07
7329 2699.743
7330 2699.417
7331 2699.092
7332 2698.768
7333 2698.444
7334 2698.122
7335 2697.8
7336 2697.479
7337 2697.159
7338 2696.84
7339 2696.522
7340 2696.205
7341 2695.888
7342 2695.573
7343 2695.258
7344 2694.944
7345 2694.631
7346 2694.319
7347 2694.007
7348 2693.696
7349 2693.386
7350 2693.076
7351 2692.768
7352 2692.46
7353 2692.152
7354 2691.846
7355 2691.54
7356 2691.235
7357 2690.93
7358 2690.626
7359 2690.323
7360 2690.02
7361 2689.718
7362 2689.417
7363 2689.116
7364 2688.816
7365 2688.516
7366 2688.217
7367 2687.918
7368 2687.62
7369 2687.323
7370 2687.026
7371 2686.73
7372 2686.434
7373 2686.138
7374 2685.843
7375 2685.549
7376 2685.254
7377 2684.961
7378 2684.667
7379 2684.375
7380 2684.082
7381 2683.79
7382 2683.499
7383 2683.207
7384 2682.916
7385 2682.625
7386 2682.335
7387 2682.045
7388 2681.756
7389 2681.466
7390 2681.177
7391 2680.888
7392 2680.6
7393 2680.312
7394 2680.023
7395 2679.736
7396 2679.448
7397 2679.161
7398 2678.874
7399 2678.587
7400 2678.3
7401 2678.013
7402 2677.727
7403 2677.44
7404 2677.154
7405 2676.868
7406 2676.582
7407 2676.296
7408 2676.011
7409 2675.725
7410 2675.439
7411 2675.133
7412 2674.826
7413 2674.519
7414 2674.213
7415 2673.906
7416 2673.6
7417 2673.294
7418 2672.987
7419 2672.681
7420 2672.375
7421 2672.068
7422 2671.762
7423 2671.455
7424 2671.149
7425 2670.843
7426 2670.536
7427 2670.229
7428 2669.923
7429 2669.616
7430 2669.31
7431 2669.003
7432 2668.696
7433 2668.389
7434 2668.082
7435 2667.776
7436 2667.469
7437 2667.161
7438 2666.854
7439 2666.547
7440 2666.24
7441 2665.906
7442 2665.572
7443 2665.238
7444 2664.903
7445 2664.569
7446 2664.235
7447 2663.9
7448 2663.565
7449 2663.23
7450 2662.896
7451 2662.561
7452 2662.225
7453 2661.89
7454 2661.555
7455 2661.219
7456 2660.884
7457 2660.548
7458 2660.213
7459 2659.877
7460 2659.541
7461 2659.205
7462 2658.869
7463 2658.533
7464 2658.197
7465 2657.861
7466 2657.524
7467 2657.188
7468 2656.852
7469 2656.515
7470 2656.179
7471 2655.817
7472 2655.456
7473 2655.094
7474 2654.733
7475 2654.372
7476 2654.01
7477 2653.649
7478 2653.288
7479 2652.927
7480 2652.566
7481 2652.206
7482 2651.846
7483 2651.485
7484 2651.125
7485 2650.765
7486 2650.406
7487 2650.046
7488 2649.687
7489 2649.328
7490 2648.969
7491 2648.611
7492 2648.253
7493 2647.896
7494 2647.539
7495 2647.182
7496 2646.826
7497 2646.47
7498 2646.115
7499 2645.761
7500 2645.407
7501 2645.031
7502 2644.656
7503 2644.282
7504 2643.909
7505 2643.536
7506 2643.165
7507 2642.794
7508 2642.424
7509 2642.055
7510 2641.687
7511 2641.32
7512 2640.954
7513 2640.589
7514 2640.226
7515 2639.863
7516 2639.502
7517 2639.142
7518 2638.783
7519 2638.426
7520 2638.069
7521 2637.714
7522 2637.36
7523 2637.008
7524 2636.657
7525 2636.308
7526 2635.959
7527 2635.613
7528 2635.268
7529 2634.924
7530 2634.582
7531 2634.242
7532 2633.903
7533 2633.566
7534 2633.23
7535 2632.896
7536 2632.564
7537 2632.234
7538 2631.906
7539 2631.579
7540 2631.253
7541 2630.93
7542 2630.608
7543 2630.288
7544 2629.97
7545 2629.654
7546 2629.34
7547 2629.028
7548 2628.717
7549 2628.409
7550 2628.102
7551 2627.798
7552 2627.768
7553 2627.737
7554 2627.699
7555 2627.651
7556 2627.592
7557 2627.518
7558 2627.426
7559 2627.31
7560 2627.167
7561 2626.988
7562 2626.784
7563 2626.562
7564 2626.341
7565 2626.121
7566 2625.903
7567 2625.685
7568 2625.469
7569 2625.254
7570 2625.041
7571 2624.828
7572 2624.617
7573 2624.407
7574 2624.198
7575 2623.991
7576 2623.785
7577 2623.58
7578 2623.376
7579 2623.174
7580 2622.972
7581 2622.773
7582 2622.574
7583 2622.377
7584 2622.181
7585 2621.986
7586 2621.793
7587 2621.601
7588 2621.41
7589 2621.22
7590 2621.032
7591 2620.846
7592 2620.66
7593 2620.476
7594 2620.293
7595 2620.112
7596 2619.932
7597 2619.753
7598 2619.575
7599 2619.399
7600 2619.224
7601 2619.05
7602 2618.878
7603 2618.707
7604 2618.537
7605 2618.369
7606 2618.201
7607 2618.036
7608 2617.871
